<?xml version="1.0" encoding="UTF-8"?>
<coverage generated="1771328130663" clover="3.2.0">
  <project timestamp="1771328130663" name="All files">
    <metrics statements="125" coveredstatements="125" conditionals="80" coveredconditionals="77" methods="26" coveredmethods="26" elements="231" coveredelements="228" complexity="0" loc="125" ncloc="125" packages="1" files="3" classes="3"/>
    <file name="cache.ts" path="/home/ubuntu/.openclaw/workspace/projects/flipper-ai/src/lib/cache.ts">
      <metrics statements="31" coveredstatements="31" conditionals="23" coveredconditionals="22" methods="9" coveredmethods="9"/>
      <line num="22" count="1" type="stmt"/>
      <line num="23" count="17" type="stmt"/>
      <line num="28" count="17" type="cond" truecount="4" falsecount="0"/>
      <line num="29" count="17" type="cond" truecount="4" falsecount="0"/>
      <line num="33" count="25" type="stmt"/>
      <line num="34" count="25" type="cond" truecount="2" falsecount="0"/>
      <line num="35" count="16" type="cond" truecount="2" falsecount="0"/>
      <line num="36" count="3" type="stmt"/>
      <line num="37" count="3" type="stmt"/>
      <line num="40" count="13" type="stmt"/>
      <line num="41" count="13" type="stmt"/>
      <line num="42" count="13" type="stmt"/>
      <line num="47" count="25" type="stmt"/>
      <line num="49" count="25" type="cond" truecount="2" falsecount="0"/>
      <line num="50" count="3" type="stmt"/>
      <line num="51" count="3" type="cond" truecount="1" falsecount="1"/>
      <line num="53" count="25" type="stmt"/>
      <line num="60" count="2" type="stmt"/>
      <line num="64" count="2" type="stmt"/>
      <line num="68" count="1" type="stmt"/>
      <line num="72" count="3" type="stmt"/>
      <line num="79" count="1" type="stmt"/>
      <line num="82" count="1" type="stmt"/>
      <line num="85" count="1" type="stmt"/>
      <line num="96" count="1" type="stmt"/>
      <line num="100" count="2" type="stmt"/>
      <line num="101" count="4" type="stmt"/>
      <line num="102" count="4" type="cond" truecount="2" falsecount="0"/>
      <line num="103" count="3" type="stmt"/>
      <line num="104" count="3" type="stmt"/>
      <line num="105" count="3" type="stmt"/>
    </file>
    <file name="market-value-calculator.ts" path="/home/ubuntu/.openclaw/workspace/projects/flipper-ai/src/lib/market-value-calculator.ts">
      <metrics statements="61" coveredstatements="61" conditionals="25" coveredconditionals="24" methods="8" coveredmethods="8"/>
      <line num="10" count="1" type="stmt"/>
      <line num="31" count="1" type="stmt"/>
      <line num="37" count="11" type="stmt"/>
      <line num="38" count="11" type="stmt"/>
      <line num="40" count="11" type="stmt"/>
      <line num="59" count="11" type="cond" truecount="2" falsecount="0"/>
      <line num="61" count="3" type="stmt"/>
      <line num="65" count="57" type="stmt"/>
      <line num="66" count="8" type="stmt"/>
      <line num="69" count="55" type="stmt"/>
      <line num="70" count="8" type="stmt"/>
      <line num="71" count="8" type="stmt"/>
      <line num="72" count="8" type="stmt"/>
      <line num="73" count="8" type="stmt"/>
      <line num="74" count="8" type="stmt"/>
      <line num="75" count="8" type="stmt"/>
      <line num="76" count="8" type="stmt"/>
      <line num="79" count="57" type="cond" truecount="2" falsecount="0"/>
      <line num="80" count="8" type="stmt"/>
      <line num="83" count="8" type="stmt"/>
      <line num="84" count="8" type="stmt"/>
      <line num="85" count="8" type="stmt"/>
      <line num="86" count="55" type="stmt"/>
      <line num="89" count="8" type="stmt"/>
      <line num="92" count="8" type="stmt"/>
      <line num="93" count="8" type="stmt"/>
      <line num="94" count="8" type="stmt"/>
      <line num="96" count="8" type="cond" truecount="4" falsecount="0"/>
      <line num="97" count="1" type="stmt"/>
      <line num="98" count="7" type="cond" truecount="4" falsecount="0"/>
      <line num="99" count="2" type="stmt"/>
      <line num="102" count="8" type="stmt"/>
      <line num="120" count="8" type="stmt"/>
      <line num="130" count="1" type="stmt"/>
      <line num="131" count="7" type="cond" truecount="2" falsecount="0"/>
      <line num="132" count="6" type="stmt"/>
      <line num="142" count="1" type="stmt"/>
      <line num="145" count="6" type="stmt"/>
      <line num="149" count="5" type="cond" truecount="2" falsecount="0"/>
      <line num="150" count="1" type="stmt"/>
      <line num="154" count="4" type="stmt"/>
      <line num="156" count="4" type="cond" truecount="2" falsecount="0"/>
      <line num="158" count="2" type="stmt"/>
      <line num="162" count="2" type="stmt"/>
      <line num="168" count="2" type="stmt"/>
      <line num="177" count="2" type="stmt"/>
      <line num="188" count="1" type="stmt"/>
      <line num="192" count="3" type="cond" truecount="2" falsecount="0"/>
      <line num="194" count="3" type="stmt"/>
      <line num="200" count="3" type="stmt"/>
      <line num="201" count="3" type="stmt"/>
      <line num="202" count="3" type="stmt"/>
      <line num="204" count="3" type="stmt"/>
      <line num="205" count="3" type="stmt"/>
      <line num="206" count="3" type="stmt"/>
      <line num="207" count="2" type="cond" truecount="2" falsecount="0"/>
      <line num="208" count="1" type="stmt"/>
      <line num="210" count="1" type="stmt"/>
      <line num="213" count="1" type="stmt"/>
      <line num="214" count="1" type="stmt"/>
      <line num="218" count="3" type="stmt"/>
    </file>
    <file name="roi-calculator.ts" path="/home/ubuntu/.openclaw/workspace/projects/flipper-ai/src/lib/roi-calculator.ts">
      <metrics statements="33" coveredstatements="33" conditionals="32" coveredconditionals="31" methods="9" coveredmethods="9"/>
      <line num="26" count="1" type="stmt"/>
      <line num="31" count="1" type="stmt"/>
      <line num="39" count="12" type="stmt"/>
      <line num="41" count="12" type="cond" truecount="2" falsecount="0"/>
      <line num="42" count="2" type="stmt"/>
      <line num="45" count="10" type="cond" truecount="4" falsecount="0"/>
      <line num="46" count="10" type="cond" truecount="2" falsecount="0"/>
      <line num="48" count="10" type="stmt"/>
      <line num="49" count="10" type="stmt"/>
      <line num="51" count="10" type="stmt"/>
      <line num="52" count="10" type="stmt"/>
      <line num="54" count="10" type="cond" truecount="4" falsecount="0"/>
      <line num="55" count="10" type="cond" truecount="4" falsecount="0"/>
      <line num="57" count="10" type="stmt"/>
      <line num="58" count="10" type="stmt"/>
      <line num="60" count="10" type="stmt"/>
      <line num="63" count="10" type="cond" truecount="2" falsecount="0"/>
      <line num="67" count="10" type="stmt"/>
      <line num="82" count="1" type="stmt"/>
      <line num="94" count="3" type="cond" truecount="2" falsecount="0"/>
      <line num="95" count="1" type="stmt"/>
      <line num="109" count="4" type="stmt"/>
      <line num="114" count="4" type="stmt"/>
      <line num="115" count="4" type="cond" truecount="4" falsecount="0"/>
      <line num="116" count="4" type="cond" truecount="4" falsecount="0"/>
      <line num="117" count="4" type="stmt"/>
      <line num="118" count="2" type="stmt"/>
      <line num="119" count="2" type="stmt"/>
      <line num="120" count="2" type="cond" truecount="1" falsecount="1"/>
      <line num="121" count="4" type="stmt"/>
      <line num="122" count="4" type="stmt"/>
      <line num="123" count="2" type="stmt"/>
      <line num="125" count="2" type="stmt"/>
    </file>
  </project>
</coverage>
