TN:
SF:src/lib/cache.ts
FN:27,(anonymous_0)
FN:32,(anonymous_1)
FN:45,(anonymous_2)
FN:59,(anonymous_3)
FN:63,(anonymous_4)
FN:67,(anonymous_5)
FN:71,(anonymous_6)
FN:96,withCache
FN:100,(anonymous_8)
FNF:9
FNH:9
FNDA:17,(anonymous_0)
FNDA:25,(anonymous_1)
FNDA:25,(anonymous_2)
FNDA:2,(anonymous_3)
FNDA:2,(anonymous_4)
FNDA:1,(anonymous_5)
FNDA:3,(anonymous_6)
FNDA:2,withCache
FNDA:4,(anonymous_8)
DA:22,1
DA:23,17
DA:28,17
DA:29,17
DA:33,25
DA:34,25
DA:35,16
DA:36,3
DA:37,3
DA:40,13
DA:41,13
DA:42,13
DA:47,25
DA:49,25
DA:50,3
DA:51,3
DA:53,25
DA:60,2
DA:64,2
DA:68,1
DA:72,3
DA:79,1
DA:82,1
DA:85,1
DA:96,1
DA:100,2
DA:101,4
DA:102,4
DA:103,3
DA:104,3
DA:105,3
LF:31
LH:31
BRDA:27,0,0,1
BRDA:28,1,0,16
BRDA:28,1,1,1
BRDA:28,2,0,17
BRDA:28,2,1,17
BRDA:29,3,0,16
BRDA:29,3,1,1
BRDA:29,4,0,17
BRDA:29,4,1,17
BRDA:34,5,0,9
BRDA:34,5,1,16
BRDA:35,6,0,3
BRDA:35,6,1,13
BRDA:49,7,0,3
BRDA:49,7,1,22
BRDA:51,8,0,3
BRDA:51,8,1,0
BRDA:55,9,0,2
BRDA:55,9,1,23
BRDA:55,10,0,25
BRDA:55,10,1,25
BRDA:102,11,0,1
BRDA:102,11,1,3
BRF:23
BRH:22
end_of_record
TN:
SF:src/lib/market-value-calculator.ts
FN:31,calculateVerifiedMarketValue
FN:65,(anonymous_2)
FN:69,(anonymous_3)
FN:79,(anonymous_4)
FN:86,(anonymous_5)
FN:130,calculateTrueDiscount
FN:142,updateListingWithVerifiedValue
FN:188,batchUpdateVerifiedValues
FNF:8
FNH:8
FNDA:11,calculateVerifiedMarketValue
FNDA:57,(anonymous_2)
FNDA:55,(anonymous_3)
FNDA:57,(anonymous_4)
FNDA:55,(anonymous_5)
FNDA:7,calculateTrueDiscount
FNDA:6,updateListingWithVerifiedValue
FNDA:3,batchUpdateVerifiedValues
DA:10,1
DA:31,1
DA:37,11
DA:38,11
DA:40,11
DA:59,11
DA:61,3
DA:65,57
DA:66,8
DA:69,55
DA:70,8
DA:71,8
DA:72,8
DA:73,8
DA:74,8
DA:75,8
DA:76,8
DA:79,57
DA:80,8
DA:83,8
DA:84,8
DA:85,8
DA:86,55
DA:89,8
DA:92,8
DA:93,8
DA:94,8
DA:96,8
DA:97,1
DA:98,7
DA:99,2
DA:102,8
DA:120,8
DA:130,1
DA:131,7
DA:132,6
DA:142,1
DA:145,6
DA:149,5
DA:150,1
DA:154,4
DA:156,4
DA:158,2
DA:162,2
DA:168,2
DA:177,2
DA:188,1
DA:192,3
DA:194,3
DA:200,3
DA:201,3
DA:202,3
DA:204,3
DA:205,3
DA:206,3
DA:207,2
DA:208,1
DA:210,1
DA:213,1
DA:214,1
DA:218,3
LF:61
LH:61
BRDA:33,0,0,0
BRDA:34,1,0,10
BRDA:59,2,0,3
BRDA:59,2,1,8
BRDA:79,3,0,57
BRDA:79,3,1,56
BRDA:96,4,0,1
BRDA:96,4,1,7
BRDA:96,5,0,8
BRDA:96,5,1,1
BRDA:98,6,0,2
BRDA:98,6,1,5
BRDA:98,7,0,7
BRDA:98,7,1,5
BRDA:131,8,0,1
BRDA:131,8,1,6
BRDA:149,9,0,1
BRDA:149,9,1,4
BRDA:156,10,0,2
BRDA:156,10,1,2
BRDA:190,11,0,2
BRDA:192,12,0,1
BRDA:192,12,1,2
BRDA:207,13,0,1
BRDA:207,13,1,1
BRF:25
BRH:24
end_of_record
TN:
SF:src/lib/roi-calculator.ts
FN:31,calculateROI
FN:82,calculatePortfolioROI
FN:109,(anonymous_2)
FN:114,(anonymous_3)
FN:115,(anonymous_4)
FN:116,(anonymous_5)
FN:117,(anonymous_6)
FN:121,(anonymous_7)
FN:122,(anonymous_8)
FNF:9
FNH:9
FNDA:12,calculateROI
FNDA:3,calculatePortfolioROI
FNDA:4,(anonymous_2)
FNDA:4,(anonymous_3)
FNDA:4,(anonymous_4)
FNDA:4,(anonymous_5)
FNDA:4,(anonymous_6)
FNDA:4,(anonymous_7)
FNDA:4,(anonymous_8)
DA:26,1
DA:31,1
DA:39,12
DA:41,12
DA:42,2
DA:45,10
DA:46,10
DA:48,10
DA:49,10
DA:51,10
DA:52,10
DA:54,10
DA:55,10
DA:57,10
DA:58,10
DA:60,10
DA:63,10
DA:67,10
DA:82,1
DA:94,3
DA:95,1
DA:109,4
DA:114,4
DA:115,4
DA:116,4
DA:117,4
DA:118,2
DA:119,2
DA:120,2
DA:121,4
DA:122,4
DA:123,2
DA:125,2
LF:33
LH:33
BRDA:35,0,0,7
BRDA:38,1,0,11
BRDA:41,2,0,2
BRDA:41,2,1,10
BRDA:45,3,0,8
BRDA:45,3,1,2
BRDA:45,4,0,10
BRDA:45,4,1,10
BRDA:46,5,0,10
BRDA:46,5,1,10
BRDA:54,6,0,8
BRDA:54,6,1,2
BRDA:54,7,0,10
BRDA:54,7,1,10
BRDA:55,8,0,9
BRDA:55,8,1,1
BRDA:55,9,0,10
BRDA:55,9,1,9
BRDA:63,10,0,9
BRDA:63,10,1,1
BRDA:94,11,0,1
BRDA:94,11,1,2
BRDA:115,12,0,3
BRDA:115,12,1,1
BRDA:115,13,0,4
BRDA:115,13,1,4
BRDA:116,14,0,2
BRDA:116,14,1,2
BRDA:116,15,0,4
BRDA:116,15,1,4
BRDA:120,16,0,2
BRDA:120,16,1,0
BRF:32
BRH:31
end_of_record
