<?xml version="1.0" encoding="UTF-8"?>
<coverage generated="1771328642338" clover="3.2.0">
  <project timestamp="1771328642338" name="All files">
    <metrics statements="44" coveredstatements="44" conditionals="21" coveredconditionals="21" methods="13" coveredmethods="13" elements="78" coveredelements="78" complexity="0" loc="44" ncloc="44" packages="1" files="1" classes="1"/>
    <file name="email-service.ts" path="/home/ubuntu/.openclaw/workspace/projects/flipper-ai/src/lib/email-service.ts">
      <metrics statements="44" coveredstatements="44" conditionals="21" coveredconditionals="21" methods="13" coveredmethods="13"/>
      <line num="13" count="1" type="stmt"/>
      <line num="29" count="1" type="stmt"/>
      <line num="66" count="6" type="stmt"/>
      <line num="67" count="6" type="stmt"/>
      <line num="68" count="6" type="stmt"/>
      <line num="72" count="6" type="stmt"/>
      <line num="73" count="6" type="stmt"/>
      <line num="82" count="4" type="cond" truecount="2" falsecount="0"/>
      <line num="83" count="1" type="stmt"/>
      <line num="84" count="1" type="stmt"/>
      <line num="87" count="3" type="cond" truecount="4" falsecount="0"/>
      <line num="89" count="2" type="cond" truecount="2" falsecount="0"/>
      <line num="90" count="2" type="stmt"/>
      <line num="91" count="2" type="stmt"/>
      <line num="99" count="2" type="stmt"/>
      <line num="103" count="2" type="stmt"/>
      <line num="104" count="2" type="cond" truecount="2" falsecount="0"/>
      <line num="105" count="2" type="stmt"/>
      <line num="106" count="2" type="stmt"/>
      <line num="107" count="2" type="stmt"/>
      <line num="115" count="1" type="stmt"/>
      <line num="121" count="32" type="stmt"/>
      <line num="122" count="32" type="stmt"/>
      <line num="123" count="32" type="stmt"/>
      <line num="129" count="22" type="stmt"/>
      <line num="135" count="19" type="stmt"/>
      <line num="136" count="19" type="stmt"/>
      <line num="140" count="19" type="stmt"/>
      <line num="152" count="6" type="stmt"/>
      <line num="160" count="6" type="stmt"/>
      <line num="172" count="4" type="stmt"/>
      <line num="179" count="4" type="stmt"/>
      <line num="193" count="3" type="stmt"/>
      <line num="200" count="3" type="stmt"/>
      <line num="217" count="2" type="stmt"/>
      <line num="227" count="2" type="stmt"/>
      <line num="241" count="4" type="stmt"/>
      <line num="248" count="4" type="stmt"/>
      <line num="261" count="1" type="stmt"/>
      <line num="262" count="1" type="cond" truecount="3" falsecount="0"/>
      <line num="264" count="1" type="cond" truecount="2" falsecount="0"/>
      <line num="280" count="1" type="stmt"/>
      <line num="284" count="1" type="stmt"/>
      <line num="287" count="1" type="stmt"/>
    </file>
  </project>
</coverage>
