<?xml version="1.0" encoding="UTF-8"?>
<coverage generated="1771328660211" clover="3.2.0">
  <project timestamp="1771328660211" name="All files">
    <metrics statements="57" coveredstatements="57" conditionals="33" coveredconditionals="32" methods="6" coveredmethods="6" elements="96" coveredelements="95" complexity="0" loc="57" ncloc="57" packages="1" files="1" classes="1"/>
    <file name="listing-tracker.ts" path="/home/ubuntu/.openclaw/workspace/projects/flipper-ai/src/lib/listing-tracker.ts">
      <metrics statements="57" coveredstatements="57" conditionals="33" coveredconditionals="32" methods="6" coveredmethods="6"/>
      <line num="5" count="1" type="stmt"/>
      <line num="34" count="1" type="stmt"/>
      <line num="37" count="1" type="stmt"/>
      <line num="43" count="1" type="stmt"/>
      <line num="44" count="17" type="stmt"/>
      <line num="46" count="17" type="stmt"/>
      <line num="54" count="17" type="cond" truecount="2" falsecount="0"/>
      <line num="55" count="31" type="stmt"/>
      <line num="62" count="1" type="stmt"/>
      <line num="64" count="14" type="stmt"/>
      <line num="71" count="14" type="stmt"/>
      <line num="79" count="14" type="cond" truecount="2" falsecount="0"/>
      <line num="81" count="14" type="stmt"/>
      <line num="82" count="39" type="stmt"/>
      <line num="83" count="39" type="cond" truecount="2" falsecount="0"/>
      <line num="84" count="11" type="stmt"/>
      <line num="85" count="11" type="stmt"/>
      <line num="86" count="11" type="cond" truecount="4" falsecount="0"/>
      <line num="87" count="10" type="stmt"/>
      <line num="92" count="4" type="stmt"/>
      <line num="98" count="1" type="stmt"/>
      <line num="109" count="7" type="stmt"/>
      <line num="124" count="7" type="stmt"/>
      <line num="131" count="1" type="stmt"/>
      <line num="140" count="11" type="stmt"/>
      <line num="144" count="11" type="cond" truecount="2" falsecount="0"/>
      <line num="145" count="1" type="stmt"/>
      <line num="148" count="10" type="stmt"/>
      <line num="149" count="10" type="stmt"/>
      <line num="150" count="10" type="stmt"/>
      <line num="153" count="10" type="cond" truecount="4" falsecount="0"/>
      <line num="154" count="3" type="stmt"/>
      <line num="163" count="3" type="stmt"/>
      <line num="170" count="10" type="cond" truecount="5" falsecount="0"/>
      <line num="171" count="5" type="stmt"/>
      <line num="174" count="5" type="cond" truecount="2" falsecount="0"/>
      <line num="175" count="4" type="stmt"/>
      <line num="185" count="4" type="stmt"/>
      <line num="197" count="10" type="stmt"/>
      <line num="204" count="1" type="stmt"/>
      <line num="207" count="5" type="stmt"/>
      <line num="208" count="5" type="stmt"/>
      <line num="215" count="5" type="stmt"/>
      <line num="216" count="5" type="stmt"/>
      <line num="217" count="5" type="stmt"/>
      <line num="219" count="4" type="cond" truecount="2" falsecount="0"/>
      <line num="220" count="1" type="stmt"/>
      <line num="224" count="1" type="stmt"/>
      <line num="227" count="3" type="stmt"/>
      <line num="228" count="3" type="stmt"/>
      <line num="230" count="3" type="stmt"/>
      <line num="237" count="3" type="cond" truecount="2" falsecount="0"/>
      <line num="238" count="3" type="cond" truecount="2" falsecount="0"/>
      <line num="239" count="3" type="stmt"/>
      <line num="241" count="1" type="stmt"/>
      <line num="248" count="5" type="stmt"/>
      <line num="251" count="1" type="stmt"/>
    </file>
  </project>
</coverage>
