{"total": {"lines":{"total":57,"covered":57,"skipped":0,"pct":100},"statements":{"total":61,"covered":61,"skipped":0,"pct":100},"functions":{"total":6,"covered":6,"skipped":0,"pct":100},"branches":{"total":33,"covered":32,"skipped":0,"pct":96.96},"branchesTrue":{"total":0,"covered":0,"skipped":0,"pct":"Unknown"}}
,"/home/ubuntu/.openclaw/workspace/projects/flipper-ai/src/lib/listing-tracker.ts": {"lines":{"total":57,"covered":57,"skipped":0,"pct":100},"functions":{"total":6,"covered":6,"skipped":0,"pct":100},"statements":{"total":61,"covered":61,"skipped":0,"pct":100},"branches":{"total":33,"covered":32,"skipped":0,"pct":96.96}}
}
