TN:
SF:src/lib/listing-tracker.ts
FN:43,detectSoldStatus
FN:55,(anonymous_1)
FN:62,extractCurrentPrice
FN:98,getTrackableListings
FN:131,processListingCheck
FN:204,runTrackingCycle
FNF:6
FNH:6
FNDA:17,detectSoldStatus
FNDA:31,(anonymous_1)
FNDA:14,extractCurrentPrice
FNDA:7,getTrackableListings
FNDA:11,processListingCheck
FNDA:5,runTrackingCycle
DA:5,1
DA:34,1
DA:37,1
DA:43,1
DA:44,17
DA:46,17
DA:54,17
DA:55,31
DA:62,1
DA:64,14
DA:71,14
DA:79,14
DA:81,14
DA:82,39
DA:83,39
DA:84,11
DA:85,11
DA:86,11
DA:87,10
DA:92,4
DA:98,1
DA:109,7
DA:124,7
DA:131,1
DA:140,11
DA:144,11
DA:145,1
DA:148,10
DA:149,10
DA:150,10
DA:153,10
DA:154,3
DA:163,3
DA:170,10
DA:171,5
DA:174,5
DA:175,4
DA:185,4
DA:197,10
DA:204,1
DA:207,5
DA:208,5
DA:215,5
DA:216,5
DA:217,5
DA:219,4
DA:220,1
DA:224,1
DA:227,3
DA:228,3
DA:230,3
DA:237,3
DA:238,3
DA:239,3
DA:241,1
DA:248,5
DA:251,1
LF:57
LH:57
BRDA:54,0,0,17
BRDA:54,0,1,2
BRDA:79,1,0,14
BRDA:79,1,1,1
BRDA:83,2,0,11
BRDA:83,2,1,28
BRDA:86,3,0,10
BRDA:86,3,1,1
BRDA:86,4,0,11
BRDA:86,4,1,11
BRDA:144,5,0,1
BRDA:144,5,1,10
BRDA:153,6,0,3
BRDA:153,6,1,7
BRDA:153,7,0,10
BRDA:153,7,1,4
BRDA:170,8,0,5
BRDA:170,8,1,5
BRDA:170,9,0,10
BRDA:170,9,1,6
BRDA:170,9,2,6
BRDA:174,10,0,4
BRDA:174,10,1,1
BRDA:189,11,0,1
BRDA:189,11,1,3
BRDA:219,12,0,1
BRDA:219,12,1,3
BRDA:237,13,0,1
BRDA:237,13,1,2
BRDA:238,14,0,1
BRDA:238,14,1,2
BRDA:243,15,0,1
BRDA:243,15,1,0
BRF:33
BRH:32
end_of_record
