<?xml version="1.0" encoding="UTF-8"?>
<coverage generated="1771328502176" clover="3.2.0">
  <project timestamp="1771328502176" name="All files">
    <metrics statements="199" coveredstatements="198" conditionals="122" coveredconditionals="114" methods="36" coveredmethods="36" elements="357" coveredelements="348" complexity="0" loc="199" ncloc="199" packages="1" files="4" classes="4"/>
    <file name="auth.ts" path="/home/ubuntu/.openclaw/workspace/projects/flipper-ai/src/lib/auth.ts">
      <metrics statements="40" coveredstatements="40" conditionals="46" coveredconditionals="44" methods="7" coveredmethods="7"/>
      <line num="6" count="1" type="stmt"/>
      <line num="7" count="1" type="stmt"/>
      <line num="8" count="1" type="stmt"/>
      <line num="9" count="1" type="stmt"/>
      <line num="10" count="1" type="stmt"/>
      <line num="11" count="1" type="stmt"/>
      <line num="12" count="1" type="stmt"/>
      <line num="14" count="1" type="stmt"/>
      <line num="42" count="6" type="cond" truecount="10" falsecount="2"/>
      <line num="43" count="2" type="stmt"/>
      <line num="46" count="4" type="stmt"/>
      <line num="47" count="4" type="stmt"/>
      <line num="49" count="4" type="stmt"/>
      <line num="53" count="4" type="cond" truecount="4" falsecount="0"/>
      <line num="54" count="2" type="stmt"/>
      <line num="57" count="2" type="stmt"/>
      <line num="59" count="2" type="cond" truecount="2" falsecount="0"/>
      <line num="60" count="1" type="stmt"/>
      <line num="63" count="1" type="stmt"/>
      <line num="74" count="2" type="cond" truecount="2" falsecount="0"/>
      <line num="75" count="1" type="stmt"/>
      <line num="77" count="2" type="stmt"/>
      <line num="80" count="3" type="cond" truecount="4" falsecount="0"/>
      <line num="81" count="1" type="stmt"/>
      <line num="83" count="3" type="stmt"/>
      <line num="89" count="2" type="cond" truecount="2" falsecount="0"/>
      <line num="90" count="1" type="stmt"/>
      <line num="107" count="1" type="stmt"/>
      <line num="108" count="11" type="stmt"/>
      <line num="109" count="11" type="cond" truecount="10" falsecount="0"/>
      <line num="110" count="8" type="stmt"/>
      <line num="112" count="3" type="stmt"/>
      <line num="119" count="1" type="stmt"/>
      <line num="120" count="3" type="stmt"/>
      <line num="121" count="3" type="cond" truecount="8" falsecount="0"/>
      <line num="128" count="1" type="stmt"/>
      <line num="129" count="4" type="stmt"/>
      <line num="130" count="4" type="cond" truecount="2" falsecount="0"/>
      <line num="131" count="3" type="stmt"/>
      <line num="133" count="1" type="stmt"/>
    </file>
    <file name="email-service.ts" path="/home/ubuntu/.openclaw/workspace/projects/flipper-ai/src/lib/email-service.ts">
      <metrics statements="44" coveredstatements="44" conditionals="21" coveredconditionals="19" methods="13" coveredmethods="13"/>
      <line num="13" count="1" type="stmt"/>
      <line num="29" count="1" type="stmt"/>
      <line num="66" count="5" type="stmt"/>
      <line num="67" count="5" type="stmt"/>
      <line num="68" count="5" type="stmt"/>
      <line num="72" count="5" type="stmt"/>
      <line num="73" count="5" type="stmt"/>
      <line num="82" count="3" type="cond" truecount="2" falsecount="0"/>
      <line num="83" count="1" type="stmt"/>
      <line num="84" count="1" type="stmt"/>
      <line num="87" count="2" type="cond" truecount="3" falsecount="1"/>
      <line num="89" count="2" type="cond" truecount="2" falsecount="0"/>
      <line num="90" count="2" type="stmt"/>
      <line num="91" count="2" type="stmt"/>
      <line num="99" count="1" type="stmt"/>
      <line num="103" count="1" type="stmt"/>
      <line num="104" count="1" type="cond" truecount="1" falsecount="1"/>
      <line num="105" count="1" type="stmt"/>
      <line num="106" count="1" type="stmt"/>
      <line num="107" count="1" type="stmt"/>
      <line num="115" count="1" type="stmt"/>
      <line num="121" count="30" type="stmt"/>
      <line num="122" count="30" type="stmt"/>
      <line num="123" count="30" type="stmt"/>
      <line num="129" count="22" type="stmt"/>
      <line num="135" count="19" type="stmt"/>
      <line num="136" count="19" type="stmt"/>
      <line num="140" count="19" type="stmt"/>
      <line num="152" count="6" type="stmt"/>
      <line num="160" count="6" type="stmt"/>
      <line num="172" count="4" type="stmt"/>
      <line num="179" count="4" type="stmt"/>
      <line num="193" count="3" type="stmt"/>
      <line num="200" count="3" type="stmt"/>
      <line num="217" count="2" type="stmt"/>
      <line num="227" count="2" type="stmt"/>
      <line num="241" count="4" type="stmt"/>
      <line num="248" count="4" type="stmt"/>
      <line num="261" count="1" type="stmt"/>
      <line num="262" count="1" type="cond" truecount="3" falsecount="0"/>
      <line num="264" count="1" type="cond" truecount="2" falsecount="0"/>
      <line num="280" count="1" type="stmt"/>
      <line num="284" count="1" type="stmt"/>
      <line num="287" count="1" type="stmt"/>
    </file>
    <file name="listing-tracker.ts" path="/home/ubuntu/.openclaw/workspace/projects/flipper-ai/src/lib/listing-tracker.ts">
      <metrics statements="57" coveredstatements="57" conditionals="33" coveredconditionals="31" methods="6" coveredmethods="6"/>
      <line num="5" count="1" type="stmt"/>
      <line num="34" count="1" type="stmt"/>
      <line num="37" count="1" type="stmt"/>
      <line num="43" count="1" type="stmt"/>
      <line num="44" count="17" type="stmt"/>
      <line num="46" count="17" type="stmt"/>
      <line num="54" count="17" type="cond" truecount="2" falsecount="0"/>
      <line num="55" count="31" type="stmt"/>
      <line num="62" count="1" type="stmt"/>
      <line num="64" count="13" type="stmt"/>
      <line num="71" count="13" type="stmt"/>
      <line num="79" count="13" type="cond" truecount="1" falsecount="1"/>
      <line num="81" count="13" type="stmt"/>
      <line num="82" count="38" type="stmt"/>
      <line num="83" count="38" type="cond" truecount="2" falsecount="0"/>
      <line num="84" count="10" type="stmt"/>
      <line num="85" count="10" type="stmt"/>
      <line num="86" count="10" type="cond" truecount="4" falsecount="0"/>
      <line num="87" count="9" type="stmt"/>
      <line num="92" count="4" type="stmt"/>
      <line num="98" count="1" type="stmt"/>
      <line num="109" count="7" type="stmt"/>
      <line num="124" count="7" type="stmt"/>
      <line num="131" count="1" type="stmt"/>
      <line num="140" count="11" type="stmt"/>
      <line num="144" count="11" type="cond" truecount="2" falsecount="0"/>
      <line num="145" count="1" type="stmt"/>
      <line num="148" count="10" type="stmt"/>
      <line num="149" count="10" type="stmt"/>
      <line num="150" count="10" type="stmt"/>
      <line num="153" count="10" type="cond" truecount="4" falsecount="0"/>
      <line num="154" count="3" type="stmt"/>
      <line num="163" count="3" type="stmt"/>
      <line num="170" count="10" type="cond" truecount="5" falsecount="0"/>
      <line num="171" count="5" type="stmt"/>
      <line num="174" count="5" type="cond" truecount="2" falsecount="0"/>
      <line num="175" count="4" type="stmt"/>
      <line num="185" count="4" type="stmt"/>
      <line num="197" count="10" type="stmt"/>
      <line num="204" count="1" type="stmt"/>
      <line num="207" count="5" type="stmt"/>
      <line num="208" count="5" type="stmt"/>
      <line num="215" count="5" type="stmt"/>
      <line num="216" count="5" type="stmt"/>
      <line num="217" count="5" type="stmt"/>
      <line num="219" count="4" type="cond" truecount="2" falsecount="0"/>
      <line num="220" count="1" type="stmt"/>
      <line num="224" count="1" type="stmt"/>
      <line num="227" count="3" type="stmt"/>
      <line num="228" count="3" type="stmt"/>
      <line num="230" count="3" type="stmt"/>
      <line num="237" count="3" type="cond" truecount="2" falsecount="0"/>
      <line num="238" count="3" type="cond" truecount="2" falsecount="0"/>
      <line num="239" count="3" type="stmt"/>
      <line num="241" count="1" type="stmt"/>
      <line num="248" count="5" type="stmt"/>
      <line num="251" count="1" type="stmt"/>
    </file>
    <file name="monitoring.ts" path="/home/ubuntu/.openclaw/workspace/projects/flipper-ai/src/lib/monitoring.ts">
      <metrics statements="58" coveredstatements="57" conditionals="22" coveredconditionals="20" methods="10" coveredmethods="10"/>
      <line num="7" count="1" type="stmt"/>
      <line num="8" count="1" type="stmt"/>
      <line num="9" count="1" type="stmt"/>
      <line num="19" count="1" type="stmt"/>
      <line num="25" count="1" type="stmt"/>
      <line num="27" count="1" type="stmt"/>
      <line num="28" count="1" type="stmt"/>
      <line num="30" count="1" type="stmt"/>
      <line num="31" count="28" type="stmt"/>
      <line num="32" count="28" type="stmt"/>
      <line num="38" count="1" type="stmt"/>
      <line num="39" count="59" type="stmt"/>
      <line num="40" count="59" type="stmt"/>
      <line num="43" count="59" type="cond" truecount="2" falsecount="0"/>
      <line num="44" count="0" type="stmt"/>
      <line num="47" count="59" type="stmt"/>
      <line num="48" count="59" type="cond" truecount="2" falsecount="0"/>
      <line num="54" count="59" type="cond" truecount="2" falsecount="0"/>
      <line num="55" count="10" type="stmt"/>
      <line num="70" count="1" type="stmt"/>
      <line num="71" count="1" type="stmt"/>
      <line num="76" count="1" type="stmt"/>
      <line num="77" count="111" type="stmt"/>
      <line num="79" count="111" type="stmt"/>
      <line num="80" count="111" type="cond" truecount="2" falsecount="0"/>
      <line num="81" count="11" type="stmt"/>
      <line num="84" count="111" type="stmt"/>
      <line num="85" count="111" type="stmt"/>
      <line num="87" count="111" type="cond" truecount="2" falsecount="0"/>
      <line num="88" count="2" type="stmt"/>
      <line num="89" count="2" type="stmt"/>
      <line num="100" count="1" type="stmt"/>
      <line num="106" count="8" type="stmt"/>
      <line num="107" count="800" type="cond" truecount="1" falsecount="1"/>
      <line num="108" count="800" type="stmt"/>
      <line num="110" count="8" type="stmt"/>
      <line num="121" count="1" type="stmt"/>
      <line num="126" count="1" type="stmt"/>
      <line num="127" count="4" type="stmt"/>
      <line num="131" count="10" type="stmt"/>
      <line num="132" count="10" type="stmt"/>
      <line num="133" count="10" type="stmt"/>
      <line num="134" count="19" type="stmt"/>
      <line num="135" count="19" type="stmt"/>
      <line num="147" count="1" type="stmt"/>
      <line num="154" count="5" type="stmt"/>
      <line num="155" count="5" type="stmt"/>
      <line num="156" count="5" type="stmt"/>
      <line num="157" count="5" type="stmt"/>
      <line num="159" count="5" type="stmt"/>
      <line num="160" count="283" type="stmt"/>
      <line num="162" count="5" type="stmt"/>
      <line num="163" count="5" type="cond" truecount="4" falsecount="0"/>
      <line num="164" count="4" type="stmt"/>
      <line num="165" count="1" type="cond" truecount="3" falsecount="1"/>
      <line num="166" count="1" type="stmt"/>
      <line num="169" count="5" type="stmt"/>
      <line num="182" count="1" type="stmt"/>
    </file>
  </project>
</coverage>
