{"total": {"lines":{"total":199,"covered":198,"skipped":0,"pct":99.49},"statements":{"total":207,"covered":206,"skipped":0,"pct":99.51},"functions":{"total":36,"covered":36,"skipped":0,"pct":100},"branches":{"total":122,"covered":114,"skipped":0,"pct":93.44},"branchesTrue":{"total":0,"covered":0,"skipped":0,"pct":"Unknown"}}
,"/home/ubuntu/.openclaw/workspace/projects/flipper-ai/src/lib/auth.ts": {"lines":{"total":40,"covered":40,"skipped":0,"pct":100},"functions":{"total":7,"covered":7,"skipped":0,"pct":100},"statements":{"total":40,"covered":40,"skipped":0,"pct":100},"branches":{"total":46,"covered":44,"skipped":0,"pct":95.65}}
,"/home/ubuntu/.openclaw/workspace/projects/flipper-ai/src/lib/email-service.ts": {"lines":{"total":44,"covered":44,"skipped":0,"pct":100},"functions":{"total":13,"covered":13,"skipped":0,"pct":100},"statements":{"total":45,"covered":45,"skipped":0,"pct":100},"branches":{"total":21,"covered":19,"skipped":0,"pct":90.47}}
,"/home/ubuntu/.openclaw/workspace/projects/flipper-ai/src/lib/listing-tracker.ts": {"lines":{"total":57,"covered":57,"skipped":0,"pct":100},"functions":{"total":6,"covered":6,"skipped":0,"pct":100},"statements":{"total":61,"covered":61,"skipped":0,"pct":100},"branches":{"total":33,"covered":31,"skipped":0,"pct":93.93}}
,"/home/ubuntu/.openclaw/workspace/projects/flipper-ai/src/lib/monitoring.ts": {"lines":{"total":58,"covered":57,"skipped":0,"pct":98.27},"functions":{"total":10,"covered":10,"skipped":0,"pct":100},"statements":{"total":61,"covered":60,"skipped":0,"pct":98.36},"branches":{"total":22,"covered":20,"skipped":0,"pct":90.9}}
}
