TN:
SF:src/lib/auth.ts
FN:41,(anonymous_1)
FN:73,(anonymous_2)
FN:79,(anonymous_3)
FN:87,(anonymous_4)
FN:107,getCurrentUser
FN:119,getCurrentUserId
FN:128,requireAuth
FNF:7
FNH:7
FNDA:6,(anonymous_1)
FNDA:2,(anonymous_2)
FNDA:3,(anonymous_3)
FNDA:2,(anonymous_4)
FNDA:11,getCurrentUser
FNDA:3,getCurrentUserId
FNDA:4,requireAuth
DA:6,1
DA:7,1
DA:8,1
DA:9,1
DA:10,1
DA:11,1
DA:12,1
DA:14,1
DA:42,6
DA:43,2
DA:46,4
DA:47,4
DA:49,4
DA:53,4
DA:54,2
DA:57,2
DA:59,2
DA:60,1
DA:63,1
DA:74,2
DA:75,1
DA:77,2
DA:80,3
DA:81,1
DA:83,3
DA:89,2
DA:90,1
DA:107,1
DA:108,11
DA:109,11
DA:110,8
DA:112,3
DA:119,1
DA:120,3
DA:121,3
DA:128,1
DA:129,4
DA:130,4
DA:131,3
DA:133,1
LF:40
LH:40
BRDA:42,0,0,2
BRDA:42,0,1,4
BRDA:42,1,0,6
BRDA:42,1,1,5
BRDA:42,2,0,0
BRDA:42,2,1,6
BRDA:42,3,0,6
BRDA:42,3,1,6
BRDA:42,4,0,0
BRDA:42,4,1,5
BRDA:42,5,0,5
BRDA:42,5,1,5
BRDA:53,6,0,2
BRDA:53,6,1,2
BRDA:53,7,0,4
BRDA:53,7,1,3
BRDA:59,8,0,1
BRDA:59,8,1,1
BRDA:74,9,0,1
BRDA:74,9,1,1
BRDA:80,10,0,1
BRDA:80,10,1,2
BRDA:80,11,0,3
BRDA:80,11,1,2
BRDA:89,12,0,1
BRDA:89,12,1,1
BRDA:109,13,0,8
BRDA:109,13,1,3
BRDA:109,14,0,5
BRDA:109,14,1,6
BRDA:109,15,0,11
BRDA:109,15,1,11
BRDA:109,16,0,3
BRDA:109,16,1,8
BRDA:109,17,0,11
BRDA:109,17,1,8
BRDA:121,18,0,1
BRDA:121,18,1,2
BRDA:121,19,0,3
BRDA:121,19,1,3
BRDA:121,20,0,2
BRDA:121,20,1,1
BRDA:121,21,0,3
BRDA:121,21,1,1
BRDA:130,22,0,3
BRDA:130,22,1,1
BRF:46
BRH:44
end_of_record
TN:
SF:src/lib/email-service.ts
FN:63,(anonymous_0)
FN:71,(anonymous_1)
FN:98,(anonymous_2)
FN:120,(anonymous_3)
FN:128,(anonymous_4)
FN:134,(anonymous_5)
FN:139,(anonymous_6)
FN:148,(anonymous_7)
FN:171,(anonymous_8)
FN:190,(anonymous_9)
FN:211,(anonymous_10)
FN:238,(anonymous_11)
FN:260,createEmailService
FNF:13
FNH:13
FNDA:5,(anonymous_0)
FNDA:5,(anonymous_1)
FNDA:1,(anonymous_2)
FNDA:30,(anonymous_3)
FNDA:22,(anonymous_4)
FNDA:19,(anonymous_5)
FNDA:19,(anonymous_6)
FNDA:6,(anonymous_7)
FNDA:4,(anonymous_8)
FNDA:3,(anonymous_9)
FNDA:2,(anonymous_10)
FNDA:4,(anonymous_11)
FNDA:1,createEmailService
DA:13,1
DA:29,1
DA:66,5
DA:67,5
DA:68,5
DA:72,5
DA:73,5
DA:82,3
DA:83,1
DA:84,1
DA:87,2
DA:89,2
DA:90,2
DA:91,2
DA:99,1
DA:103,1
DA:104,1
DA:105,1
DA:106,1
DA:107,1
DA:115,1
DA:121,30
DA:122,30
DA:123,30
DA:129,22
DA:135,19
DA:136,19
DA:140,19
DA:152,6
DA:160,6
DA:172,4
DA:179,4
DA:193,3
DA:200,3
DA:217,2
DA:227,2
DA:241,4
DA:248,4
DA:261,1
DA:262,1
DA:264,1
DA:280,1
DA:284,1
DA:287,1
LF:44
LH:44
BRDA:75,0,0,1
BRDA:75,0,1,4
BRDA:82,1,0,1
BRDA:82,1,1,2
BRDA:87,2,0,0
BRDA:87,2,1,2
BRDA:87,3,0,2
BRDA:87,3,1,2
BRDA:89,4,0,1
BRDA:89,4,1,1
BRDA:104,5,0,0
BRDA:104,5,1,1
BRDA:221,6,0,1
BRDA:221,6,1,1
BRDA:221,7,0,2
BRDA:221,7,1,2
BRDA:262,8,0,1
BRDA:262,8,1,1
BRDA:262,8,2,1
BRDA:264,9,0,1
BRDA:264,9,1,1
BRF:21
BRH:19
end_of_record
TN:
SF:src/lib/listing-tracker.ts
FN:43,detectSoldStatus
FN:55,(anonymous_1)
FN:62,extractCurrentPrice
FN:98,getTrackableListings
FN:131,processListingCheck
FN:204,runTrackingCycle
FNF:6
FNH:6
FNDA:17,detectSoldStatus
FNDA:31,(anonymous_1)
FNDA:13,extractCurrentPrice
FNDA:7,getTrackableListings
FNDA:11,processListingCheck
FNDA:5,runTrackingCycle
DA:5,1
DA:34,1
DA:37,1
DA:43,1
DA:44,17
DA:46,17
DA:54,17
DA:55,31
DA:62,1
DA:64,13
DA:71,13
DA:79,13
DA:81,13
DA:82,38
DA:83,38
DA:84,10
DA:85,10
DA:86,10
DA:87,9
DA:92,4
DA:98,1
DA:109,7
DA:124,7
DA:131,1
DA:140,11
DA:144,11
DA:145,1
DA:148,10
DA:149,10
DA:150,10
DA:153,10
DA:154,3
DA:163,3
DA:170,10
DA:171,5
DA:174,5
DA:175,4
DA:185,4
DA:197,10
DA:204,1
DA:207,5
DA:208,5
DA:215,5
DA:216,5
DA:217,5
DA:219,4
DA:220,1
DA:224,1
DA:227,3
DA:228,3
DA:230,3
DA:237,3
DA:238,3
DA:239,3
DA:241,1
DA:248,5
DA:251,1
LF:57
LH:57
BRDA:54,0,0,17
BRDA:54,0,1,2
BRDA:79,1,0,13
BRDA:79,1,1,0
BRDA:83,2,0,10
BRDA:83,2,1,28
BRDA:86,3,0,9
BRDA:86,3,1,1
BRDA:86,4,0,10
BRDA:86,4,1,10
BRDA:144,5,0,1
BRDA:144,5,1,10
BRDA:153,6,0,3
BRDA:153,6,1,7
BRDA:153,7,0,10
BRDA:153,7,1,4
BRDA:170,8,0,5
BRDA:170,8,1,5
BRDA:170,9,0,10
BRDA:170,9,1,6
BRDA:170,9,2,6
BRDA:174,10,0,4
BRDA:174,10,1,1
BRDA:189,11,0,1
BRDA:189,11,1,3
BRDA:219,12,0,1
BRDA:219,12,1,3
BRDA:237,13,0,1
BRDA:237,13,1,2
BRDA:238,14,0,1
BRDA:238,14,1,2
BRDA:243,15,0,1
BRDA:243,15,1,0
BRF:33
BRH:31
end_of_record
TN:
SF:src/lib/monitoring.ts
FN:30,configureMonitoring
FN:38,recordError
FN:76,recordDbQuery
FN:100,getDbPerformanceSummary
FN:107,(anonymous_5)
FN:108,(anonymous_6)
FN:126,onAlert
FN:130,triggerAlert
FN:147,getSystemHealth
FN:160,(anonymous_10)
FNF:10
FNH:10
FNDA:28,configureMonitoring
FNDA:59,recordError
FNDA:111,recordDbQuery
FNDA:8,getDbPerformanceSummary
FNDA:800,(anonymous_5)
FNDA:800,(anonymous_6)
FNDA:4,onAlert
FNDA:10,triggerAlert
FNDA:5,getSystemHealth
FNDA:283,(anonymous_10)
DA:7,1
DA:8,1
DA:9,1
DA:19,1
DA:25,1
DA:27,1
DA:28,1
DA:30,1
DA:31,28
DA:32,28
DA:38,1
DA:39,59
DA:40,59
DA:43,59
DA:44,0
DA:47,59
DA:48,59
DA:54,59
DA:55,10
DA:70,1
DA:71,1
DA:76,1
DA:77,111
DA:79,111
DA:80,111
DA:81,11
DA:84,111
DA:85,111
DA:87,111
DA:88,2
DA:89,2
DA:100,1
DA:106,8
DA:107,800
DA:108,800
DA:110,8
DA:121,1
DA:126,1
DA:127,4
DA:131,10
DA:132,10
DA:133,10
DA:134,19
DA:135,19
DA:147,1
DA:154,5
DA:155,5
DA:156,5
DA:157,5
DA:159,5
DA:160,283
DA:162,5
DA:163,5
DA:164,4
DA:165,1
DA:166,1
DA:169,5
DA:182,1
LF:58
LH:57
BRDA:43,0,0,59
BRDA:43,0,1,59
BRDA:48,1,0,58
BRDA:48,1,1,1
BRDA:49,2,0,1
BRDA:49,2,1,58
BRDA:54,3,0,10
BRDA:54,3,1,49
BRDA:80,4,0,11
BRDA:80,4,1,100
BRDA:87,5,0,2
BRDA:87,5,1,109
BRDA:107,6,0,8
BRDA:107,6,1,0
BRDA:163,7,0,4
BRDA:163,7,1,1
BRDA:163,8,0,5
BRDA:163,8,1,2
BRDA:165,9,0,1
BRDA:165,9,1,0
BRDA:165,10,0,1
BRDA:165,10,1,1
BRF:22
BRH:20
end_of_record
