<?xml version="1.0" encoding="UTF-8"?>
<coverage generated="1771328346683" clover="3.2.0">
  <project timestamp="1771328346683" name="All files">
    <metrics statements="120" coveredstatements="106" conditionals="79" coveredconditionals="67" methods="29" coveredmethods="23" elements="228" coveredelements="196" complexity="0" loc="120" ncloc="120" packages="1" files="3" classes="3"/>
    <file name="email-templates.ts" path="/home/ubuntu/.openclaw/workspace/projects/flipper-ai/src/lib/email-templates.ts">
      <metrics statements="64" coveredstatements="50" conditionals="25" coveredconditionals="15" methods="16" coveredmethods="10"/>
      <line num="13" count="1" type="stmt"/>
      <line num="14" count="1" type="stmt"/>
      <line num="15" count="1" type="stmt"/>
      <line num="16" count="1" type="stmt"/>
      <line num="17" count="1" type="stmt"/>
      <line num="18" count="1" type="stmt"/>
      <line num="19" count="1" type="stmt"/>
      <line num="20" count="1" type="stmt"/>
      <line num="21" count="1" type="stmt"/>
      <line num="22" count="1" type="stmt"/>
      <line num="23" count="1" type="stmt"/>
      <line num="26" count="8" type="cond" truecount="1" falsecount="1"/>
      <line num="29" count="8" type="stmt"/>
      <line num="86" count="8" type="stmt"/>
      <line num="90" count="6" type="stmt"/>
      <line num="105" count="1" type="stmt"/>
      <line num="106" count="2" type="cond" truecount="2" falsecount="0"/>
      <line num="108" count="2" type="stmt"/>
      <line num="123" count="8" type="stmt"/>
      <line num="155" count="2" type="stmt"/>
      <line num="161" count="1" type="stmt"/>
      <line num="162" count="0" type="cond" truecount="0" falsecount="2"/>
      <line num="163" count="0" type="stmt"/>
      <line num="209" count="1" type="stmt"/>
      <line num="210" count="2" type="cond" truecount="2" falsecount="0"/>
      <line num="211" count="2" type="stmt"/>
      <line num="213" count="2" type="stmt"/>
      <line num="216" count="0" type="stmt"/>
      <line num="248" count="2" type="stmt"/>
      <line num="255" count="2" type="stmt"/>
      <line num="291" count="2" type="stmt"/>
      <line num="297" count="1" type="stmt"/>
      <line num="298" count="1" type="cond" truecount="1" falsecount="1"/>
      <line num="299" count="1" type="stmt"/>
      <line num="307" count="1" type="cond" truecount="1" falsecount="1"/>
      <line num="308" count="0" type="stmt"/>
      <line num="309" count="0" type="stmt"/>
      <line num="310" count="0" type="stmt"/>
      <line num="313" count="0" type="stmt"/>
      <line num="316" count="1" type="stmt"/>
      <line num="319" count="1" type="stmt"/>
      <line num="320" count="1" type="stmt"/>
      <line num="321" count="1" type="stmt"/>
      <line num="346" count="1" type="stmt"/>
      <line num="347" count="2" type="cond" truecount="2" falsecount="0"/>
      <line num="348" count="2" type="stmt"/>
      <line num="350" count="2" type="stmt"/>
      <line num="399" count="2" type="stmt"/>
      <line num="408" count="1" type="stmt"/>
      <line num="409" count="0" type="stmt"/>
      <line num="410" count="0" type="stmt"/>
      <line num="440" count="1" type="stmt"/>
      <line num="441" count="0" type="cond" truecount="0" falsecount="2"/>
      <line num="442" count="0" type="stmt"/>
      <line num="467" count="0" type="stmt"/>
      <line num="473" count="1" type="stmt"/>
      <line num="474" count="0" type="cond" truecount="0" falsecount="2"/>
      <line num="475" count="0" type="stmt"/>
      <line num="509" count="1" type="stmt"/>
      <line num="510" count="2" type="cond" truecount="2" falsecount="0"/>
      <line num="511" count="2" type="stmt"/>
      <line num="513" count="2" type="stmt"/>
      <line num="526" count="6" type="stmt"/>
      <line num="558" count="2" type="stmt"/>
    </file>
    <file name="env.ts" path="/home/ubuntu/.openclaw/workspace/projects/flipper-ai/src/lib/env.ts">
      <metrics statements="29" coveredstatements="29" conditionals="31" coveredconditionals="30" methods="9" coveredmethods="9"/>
      <line num="12" count="18" type="stmt"/>
      <line num="14" count="18" type="stmt"/>
      <line num="51" count="19" type="cond" truecount="2" falsecount="0"/>
      <line num="55" count="19" type="cond" truecount="2" falsecount="0"/>
      <line num="59" count="19" type="cond" truecount="2" falsecount="0"/>
      <line num="76" count="18" type="stmt"/>
      <line num="78" count="18" type="stmt"/>
      <line num="90" count="18" type="stmt"/>
      <line num="92" count="18" type="cond" truecount="2" falsecount="0"/>
      <line num="93" count="2" type="stmt"/>
      <line num="94" count="2" type="stmt"/>
      <line num="95" count="4" type="cond" truecount="3" falsecount="1"/>
      <line num="98" count="2" type="stmt"/>
      <line num="100" count="2" type="cond" truecount="2" falsecount="0"/>
      <line num="101" count="1" type="stmt"/>
      <line num="105" count="1" type="stmt"/>
      <line num="113" count="16" type="stmt"/>
      <line num="117" count="18" type="stmt"/>
      <line num="120" count="18" type="stmt"/>
      <line num="121" count="6" type="cond" truecount="3" falsecount="0"/>
      <line num="123" count="2" type="cond" truecount="2" falsecount="0"/>
      <line num="125" count="2" type="cond" truecount="2" falsecount="0"/>
      <line num="127" count="2" type="cond" truecount="2" falsecount="0"/>
      <line num="132" count="18" type="stmt"/>
      <line num="133" count="1" type="stmt"/>
      <line num="137" count="18" type="stmt"/>
      <line num="138" count="1" type="stmt"/>
      <line num="142" count="18" type="stmt"/>
      <line num="143" count="1" type="stmt"/>
    </file>
    <file name="posting-queue-processor.ts" path="/home/ubuntu/.openclaw/workspace/projects/flipper-ai/src/lib/posting-queue-processor.ts">
      <metrics statements="27" coveredstatements="27" conditionals="23" coveredconditionals="22" methods="4" coveredmethods="4"/>
      <line num="8" count="1" type="stmt"/>
      <line num="26" count="1" type="stmt"/>
      <line num="31" count="1" type="stmt"/>
      <line num="32" count="7" type="stmt"/>
      <line num="41" count="9" type="stmt"/>
      <line num="43" count="9" type="cond" truecount="2" falsecount="0"/>
      <line num="44" count="2" type="stmt"/>
      <line num="51" count="2" type="stmt"/>
      <line num="55" count="7" type="stmt"/>
      <line num="60" count="7" type="stmt"/>
      <line num="61" count="7" type="stmt"/>
      <line num="63" count="5" type="cond" truecount="2" falsecount="0"/>
      <line num="64" count="2" type="stmt"/>
      <line num="75" count="3" type="stmt"/>
      <line num="76" count="3" type="stmt"/>
      <line num="86" count="2" type="cond" truecount="2" falsecount="0"/>
      <line num="87" count="2" type="stmt"/>
      <line num="88" count="2" type="stmt"/>
      <line num="106" count="1" type="cond" truecount="1" falsecount="0"/>
      <line num="107" count="11" type="stmt"/>
      <line num="109" count="11" type="stmt"/>
      <line num="122" count="11" type="stmt"/>
      <line num="123" count="9" type="stmt"/>
      <line num="126" count="11" type="stmt"/>
      <line num="132" count="1" type="stmt"/>
      <line num="133" count="2" type="stmt"/>
      <line num="140" count="2" type="stmt"/>
    </file>
  </project>
</coverage>
