{"total": {"lines":{"total":120,"covered":106,"skipped":0,"pct":88.33},"statements":{"total":120,"covered":106,"skipped":0,"pct":88.33},"functions":{"total":29,"covered":23,"skipped":0,"pct":79.31},"branches":{"total":79,"covered":67,"skipped":0,"pct":84.81},"branchesTrue":{"total":0,"covered":0,"skipped":0,"pct":"Unknown"}}
,"/home/ubuntu/.openclaw/workspace/projects/flipper-ai/src/lib/email-templates.ts": {"lines":{"total":64,"covered":50,"skipped":0,"pct":78.12},"functions":{"total":16,"covered":10,"skipped":0,"pct":62.5},"statements":{"total":64,"covered":50,"skipped":0,"pct":78.12},"branches":{"total":25,"covered":15,"skipped":0,"pct":60}}
,"/home/ubuntu/.openclaw/workspace/projects/flipper-ai/src/lib/env.ts": {"lines":{"total":29,"covered":29,"skipped":0,"pct":100},"functions":{"total":9,"covered":9,"skipped":0,"pct":100},"statements":{"total":29,"covered":29,"skipped":0,"pct":100},"branches":{"total":31,"covered":30,"skipped":0,"pct":96.77}}
,"/home/ubuntu/.openclaw/workspace/projects/flipper-ai/src/lib/posting-queue-processor.ts": {"lines":{"total":27,"covered":27,"skipped":0,"pct":100},"functions":{"total":4,"covered":4,"skipped":0,"pct":100},"statements":{"total":27,"covered":27,"skipped":0,"pct":100},"branches":{"total":23,"covered":22,"skipped":0,"pct":95.65}}
}
