TN:
SF:src/lib/email-templates.ts
FN:25,baseLayout
FN:85,btn
FN:89,divider
FN:105,welcomeEmailHtml
FN:123,(anonymous_4)
FN:161,welcomeEmailText
FN:209,digestEmailHtml
FN:216,(anonymous_7)
FN:297,digestEmailText
FN:309,(anonymous_9)
FN:346,priceAlertEmailHtml
FN:408,priceAlertEmailText
FN:440,passwordResetEmailHtml
FN:473,passwordResetEmailText
FN:509,scanSummaryEmailHtml
FN:526,(anonymous_15)
FNF:16
FNH:10
FNDA:8,baseLayout
FNDA:8,btn
FNDA:6,divider
FNDA:2,welcomeEmailHtml
FNDA:8,(anonymous_4)
FNDA:0,welcomeEmailText
FNDA:2,digestEmailHtml
FNDA:0,(anonymous_7)
FNDA:1,digestEmailText
FNDA:0,(anonymous_9)
FNDA:2,priceAlertEmailHtml
FNDA:0,priceAlertEmailText
FNDA:0,passwordResetEmailHtml
FNDA:0,passwordResetEmailText
FNDA:2,scanSummaryEmailHtml
FNDA:6,(anonymous_15)
DA:13,1
DA:14,1
DA:15,1
DA:16,1
DA:17,1
DA:18,1
DA:19,1
DA:20,1
DA:21,1
DA:22,1
DA:23,1
DA:26,8
DA:29,8
DA:86,8
DA:90,6
DA:105,1
DA:106,2
DA:108,2
DA:123,8
DA:155,2
DA:161,1
DA:162,0
DA:163,0
DA:209,1
DA:210,2
DA:211,2
DA:213,2
DA:216,0
DA:248,2
DA:255,2
DA:291,2
DA:297,1
DA:298,1
DA:299,1
DA:307,1
DA:308,0
DA:309,0
DA:310,0
DA:313,0
DA:316,1
DA:319,1
DA:320,1
DA:321,1
DA:346,1
DA:347,2
DA:348,2
DA:350,2
DA:399,2
DA:408,1
DA:409,0
DA:410,0
DA:440,1
DA:441,0
DA:442,0
DA:467,0
DA:473,1
DA:474,0
DA:475,0
DA:509,1
DA:510,2
DA:511,2
DA:513,2
DA:526,6
DA:558,2
LF:64
LH:50
BRDA:26,0,0,8
BRDA:26,0,1,0
BRDA:85,1,0,6
BRDA:106,2,0,1
BRDA:106,2,1,1
BRDA:162,3,0,0
BRDA:162,3,1,0
BRDA:210,4,0,1
BRDA:210,4,1,1
BRDA:276,5,0,0
BRDA:276,5,1,2
BRDA:298,6,0,0
BRDA:298,6,1,1
BRDA:307,7,0,0
BRDA:307,7,1,1
BRDA:347,8,0,1
BRDA:347,8,1,1
BRDA:441,9,0,0
BRDA:441,9,1,0
BRDA:474,10,0,0
BRDA:474,10,1,0
BRDA:510,11,0,1
BRDA:510,11,1,1
BRDA:538,12,0,1
BRDA:538,12,1,1
BRF:25
BRH:15
end_of_record
TN:
SF:src/lib/env.ts
FN:51,(anonymous_0)
FN:55,(anonymous_1)
FN:59,(anonymous_2)
FN:75,parseEnv
FN:95,(anonymous_4)
FN:120,isOAuthConfigured
FN:132,isProduction
FN:137,isDevelopment
FN:142,isTest
FNF:9
FNH:9
FNDA:19,(anonymous_0)
FNDA:19,(anonymous_1)
FNDA:19,(anonymous_2)
FNDA:18,parseEnv
FNDA:4,(anonymous_4)
FNDA:6,isOAuthConfigured
FNDA:1,isProduction
FNDA:1,isDevelopment
FNDA:1,isTest
DA:12,18
DA:14,18
DA:51,19
DA:55,19
DA:59,19
DA:76,18
DA:78,18
DA:90,18
DA:92,18
DA:93,2
DA:94,2
DA:95,4
DA:98,2
DA:100,2
DA:101,1
DA:105,1
DA:113,16
DA:117,18
DA:120,18
DA:121,6
DA:123,2
DA:125,2
DA:127,2
DA:132,18
DA:133,1
DA:137,18
DA:138,1
DA:142,18
DA:143,1
LF:29
LH:29
BRDA:51,0,0,19
BRDA:51,0,1,18
BRDA:55,1,0,19
BRDA:55,1,1,19
BRDA:59,2,0,19
BRDA:59,2,1,19
BRDA:81,3,0,17
BRDA:81,3,1,1
BRDA:83,4,0,17
BRDA:83,4,1,16
BRDA:84,5,0,17
BRDA:84,5,1,16
BRDA:85,6,0,17
BRDA:85,6,1,15
BRDA:92,7,0,2
BRDA:92,7,1,16
BRDA:95,8,0,0
BRDA:95,8,1,4
BRDA:95,9,0,4
BRDA:95,9,1,4
BRDA:100,10,0,1
BRDA:100,10,1,1
BRDA:121,11,0,2
BRDA:121,11,1,2
BRDA:121,11,2,2
BRDA:123,12,0,2
BRDA:123,12,1,1
BRDA:125,13,0,2
BRDA:125,13,1,1
BRDA:127,14,0,2
BRDA:127,14,1,1
BRF:31
BRH:30
end_of_record
TN:
SF:src/lib/posting-queue-processor.ts
FN:31,registerPoster
FN:38,processItem
FN:106,processQueue
FN:132,getQueueStats
FNF:4
FNH:4
FNDA:7,registerPoster
FNDA:9,processItem
FNDA:11,processQueue
FNDA:2,getQueueStats
DA:8,1
DA:26,1
DA:31,1
DA:32,7
DA:41,9
DA:43,9
DA:44,2
DA:51,2
DA:55,7
DA:60,7
DA:61,7
DA:63,5
DA:64,2
DA:75,3
DA:76,3
DA:86,2
DA:87,2
DA:88,2
DA:106,1
DA:107,11
DA:109,11
DA:122,11
DA:123,9
DA:126,11
DA:132,1
DA:133,2
DA:140,2
LF:27
LH:27
BRDA:43,0,0,2
BRDA:43,0,1,7
BRDA:63,1,0,2
BRDA:63,1,1,3
BRDA:68,2,0,1
BRDA:68,2,1,1
BRDA:68,3,0,2
BRDA:68,3,1,2
BRDA:69,4,0,1
BRDA:69,4,1,1
BRDA:69,5,0,2
BRDA:69,5,1,2
BRDA:79,6,0,1
BRDA:79,6,1,2
BRDA:81,7,0,2
BRDA:81,7,1,1
BRDA:81,8,0,3
BRDA:81,8,1,3
BRDA:86,9,0,1
BRDA:86,9,1,1
BRDA:91,10,0,2
BRDA:91,10,1,0
BRDA:106,11,0,10
BRF:23
BRH:22
end_of_record
