<?xml version="1.0" encoding="UTF-8"?>
<coverage generated="1771327705498" clover="3.2.0">
  <project timestamp="1771327705498" name="All files">
    <metrics statements="71" coveredstatements="71" conditionals="58" coveredconditionals="54" methods="20" coveredmethods="20" elements="149" coveredelements="145" complexity="0" loc="71" ncloc="71" packages="1" files="1" classes="1"/>
    <file name="analytics-service.ts" path="/home/ubuntu/.openclaw/workspace/projects/flipper-ai/src/lib/analytics-service.ts">
      <metrics statements="71" coveredstatements="71" conditionals="58" coveredconditionals="54" methods="20" coveredmethods="20"/>
      <line num="7" count="1" type="stmt"/>
      <line num="8" count="1" type="stmt"/>
      <line num="65" count="31" type="cond" truecount="2" falsecount="0"/>
      <line num="66" count="4" type="stmt"/>
      <line num="67" count="4" type="stmt"/>
      <line num="68" count="4" type="cond" truecount="2" falsecount="0"/>
      <line num="69" count="4" type="stmt"/>
      <line num="70" count="4" type="stmt"/>
      <line num="71" count="4" type="stmt"/>
      <line num="74" count="4" type="stmt"/>
      <line num="76" count="27" type="stmt"/>
      <line num="79" count="1" type="stmt"/>
      <line num="83" count="17" type="stmt"/>
      <line num="89" count="17" type="cond" truecount="2" falsecount="0"/>
      <line num="90" count="15" type="stmt"/>
      <line num="93" count="17" type="stmt"/>
      <line num="99" count="17" type="stmt"/>
      <line num="100" count="18" type="cond" truecount="2" falsecount="0"/>
      <line num="102" count="18" type="stmt"/>
      <line num="109" count="18" type="stmt"/>
      <line num="111" count="18" type="stmt"/>
      <line num="130" count="18" type="stmt"/>
      <line num="131" count="18" type="cond" truecount="4" falsecount="0"/>
      <line num="132" count="18" type="cond" truecount="3" falsecount="1"/>
      <line num="133" count="17" type="stmt"/>
      <line num="134" count="18" type="stmt"/>
      <line num="135" count="17" type="cond" truecount="2" falsecount="0"/>
      <line num="136" count="17" type="cond" truecount="2" falsecount="0"/>
      <line num="137" count="18" type="stmt"/>
      <line num="140" count="18" type="stmt"/>
      <line num="141" count="17" type="stmt"/>
      <line num="142" count="17" type="stmt"/>
      <line num="143" count="17" type="cond" truecount="2" falsecount="0"/>
      <line num="144" count="13" type="stmt"/>
      <line num="148" count="17" type="stmt"/>
      <line num="149" count="17" type="cond" truecount="2" falsecount="0"/>
      <line num="150" count="17" type="cond" truecount="2" falsecount="0"/>
      <line num="153" count="17" type="stmt"/>
      <line num="154" count="17" type="stmt"/>
      <line num="155" count="18" type="stmt"/>
      <line num="156" count="18" type="cond" truecount="2" falsecount="0"/>
      <line num="157" count="13" type="stmt"/>
      <line num="162" count="18" type="stmt"/>
      <line num="163" count="18" type="stmt"/>
      <line num="164" count="18" type="stmt"/>
      <line num="166" count="18" type="cond" truecount="2" falsecount="0"/>
      <line num="167" count="13" type="stmt"/>
      <line num="168" count="13" type="cond" truecount="2" falsecount="0"/>
      <line num="169" count="1" type="stmt"/>
      <line num="174" count="13" type="stmt"/>
      <line num="175" count="13" type="cond" truecount="3" falsecount="1"/>
      <line num="176" count="13" type="stmt"/>
      <line num="177" count="13" type="stmt"/>
      <line num="180" count="17" type="stmt"/>
      <line num="183" count="17" type="stmt"/>
      <line num="184" count="17" type="stmt"/>
      <line num="185" count="18" type="cond" truecount="2" falsecount="0"/>
      <line num="186" count="18" type="cond" truecount="2" falsecount="0"/>
      <line num="187" count="18" type="stmt"/>
      <line num="189" count="17" type="stmt"/>
      <line num="190" count="14" type="stmt"/>
      <line num="191" count="18" type="stmt"/>
      <line num="192" count="18" type="cond" truecount="4" falsecount="0"/>
      <line num="193" count="18" type="stmt"/>
      <line num="194" count="14" type="cond" truecount="1" falsecount="1"/>
      <line num="195" count="18" type="stmt"/>
      <line num="196" count="14" type="cond" truecount="2" falsecount="0"/>
      <line num="197" count="13" type="stmt"/>
      <line num="199" count="14" type="stmt"/>
      <line num="208" count="1" type="stmt"/>
      <line num="210" count="17" type="stmt"/>
    </file>
  </project>
</coverage>
