TN:
SF:src/lib/analytics-service.ts
FN:64,toTrendPeriod
FN:79,getProfitLossAnalytics
FN:100,(anonymous_3)
FN:101,(anonymous_4)
FN:130,(anonymous_5)
FN:131,(anonymous_6)
FN:132,(anonymous_7)
FN:134,(anonymous_8)
FN:137,(anonymous_9)
FN:140,(anonymous_10)
FN:144,(anonymous_11)
FN:148,(anonymous_12)
FN:180,(anonymous_13)
FN:189,(anonymous_14)
FN:191,(anonymous_15)
FN:192,(anonymous_16)
FN:193,(anonymous_17)
FN:195,(anonymous_18)
FN:197,(anonymous_19)
FN:208,(anonymous_20)
FNF:20
FNH:20
FNDA:31,toTrendPeriod
FNDA:17,getProfitLossAnalytics
FNDA:18,(anonymous_3)
FNDA:18,(anonymous_4)
FNDA:18,(anonymous_5)
FNDA:18,(anonymous_6)
FNDA:18,(anonymous_7)
FNDA:18,(anonymous_8)
FNDA:18,(anonymous_9)
FNDA:18,(anonymous_10)
FNDA:13,(anonymous_11)
FNDA:5,(anonymous_12)
FNDA:1,(anonymous_13)
FNDA:14,(anonymous_14)
FNDA:18,(anonymous_15)
FNDA:18,(anonymous_16)
FNDA:18,(anonymous_17)
FNDA:18,(anonymous_18)
FNDA:13,(anonymous_19)
FNDA:1,(anonymous_20)
DA:7,1
DA:8,1
DA:65,31
DA:66,4
DA:67,4
DA:68,4
DA:69,4
DA:70,4
DA:71,4
DA:74,4
DA:76,27
DA:79,1
DA:83,17
DA:89,17
DA:90,15
DA:93,17
DA:99,17
DA:100,18
DA:102,18
DA:109,18
DA:111,18
DA:130,18
DA:131,18
DA:132,18
DA:133,17
DA:134,18
DA:135,17
DA:136,17
DA:137,18
DA:140,18
DA:141,17
DA:142,17
DA:143,17
DA:144,13
DA:148,17
DA:149,17
DA:150,17
DA:153,17
DA:154,17
DA:155,18
DA:156,18
DA:157,13
DA:162,18
DA:163,18
DA:164,18
DA:166,18
DA:167,13
DA:168,13
DA:169,1
DA:174,13
DA:175,13
DA:176,13
DA:177,13
DA:180,17
DA:183,17
DA:184,17
DA:185,18
DA:186,18
DA:187,18
DA:189,17
DA:190,14
DA:191,18
DA:192,18
DA:193,18
DA:194,14
DA:195,18
DA:196,14
DA:197,13
DA:199,14
DA:208,1
DA:210,17
LF:71
LH:71
BRDA:64,0,0,0
BRDA:65,1,0,4
BRDA:65,1,1,27
BRDA:68,2,0,1
BRDA:68,2,1,3
BRDA:81,3,0,13
BRDA:89,4,0,15
BRDA:89,4,1,2
BRDA:100,5,0,18
BRDA:100,5,1,18
BRDA:125,6,0,13
BRDA:125,6,1,5
BRDA:125,7,0,18
BRDA:125,7,1,18
BRDA:125,8,0,5
BRDA:125,8,1,13
BRDA:125,9,0,18
BRDA:125,9,1,13
BRDA:131,10,0,15
BRDA:131,10,1,3
BRDA:131,11,0,18
BRDA:131,11,1,15
BRDA:132,12,0,18
BRDA:132,12,1,0
BRDA:132,13,0,18
BRDA:132,13,1,18
BRDA:135,14,0,13
BRDA:135,14,1,4
BRDA:136,15,0,13
BRDA:136,15,1,4
BRDA:143,16,0,8
BRDA:143,16,1,9
BRDA:149,17,0,13
BRDA:149,17,1,4
BRDA:150,18,0,13
BRDA:150,18,1,4
BRDA:156,19,0,13
BRDA:156,19,1,5
BRDA:166,20,0,13
BRDA:166,20,1,5
BRDA:168,21,0,1
BRDA:168,21,1,12
BRDA:175,22,0,13
BRDA:175,22,1,0
BRDA:175,23,0,13
BRDA:175,23,1,13
BRDA:185,24,0,18
BRDA:185,24,1,1
BRDA:186,25,0,14
BRDA:186,25,1,4
BRDA:192,26,0,15
BRDA:192,26,1,3
BRDA:192,27,0,18
BRDA:192,27,1,15
BRDA:194,28,0,14
BRDA:194,28,1,0
BRDA:196,29,0,9
BRDA:196,29,1,5
BRF:58
BRH:54
end_of_record
