<?xml version="1.0" encoding="UTF-8"?>
<coverage generated="1771327707638" clover="3.2.0">
  <project timestamp="1771327707638" name="All files">
    <metrics statements="219" coveredstatements="84" conditionals="253" coveredconditionals="67" methods="34" coveredmethods="16" elements="506" coveredelements="167" complexity="0" loc="219" ncloc="219" packages="1" files="3" classes="3"/>
    <file name="claude-analyzer.ts" path="/home/ubuntu/.openclaw/workspace/projects/flipper-ai/src/lib/claude-analyzer.ts">
      <metrics statements="87" coveredstatements="0" conditionals="73" coveredconditionals="0" methods="11" coveredmethods="0"/>
      <line num="10" count="0" type="stmt"/>
      <line num="11" count="0" type="stmt"/>
      <line num="13" count="0" type="cond" truecount="0" falsecount="2"/>
      <line num="14" count="0" type="cond" truecount="0" falsecount="2"/>
      <line num="15" count="0" type="stmt"/>
      <line num="44" count="0" type="stmt"/>
      <line num="45" count="0" type="stmt"/>
      <line num="57" count="0" type="cond" truecount="0" falsecount="2"/>
      <line num="58" count="0" type="stmt"/>
      <line num="61" count="0" type="stmt"/>
      <line num="64" count="0" type="stmt"/>
      <line num="71" count="0" type="stmt"/>
      <line num="72" count="0" type="stmt"/>
      <line num="74" count="0" type="stmt"/>
      <line num="75" count="0" type="stmt"/>
      <line num="83" count="0" type="stmt"/>
      <line num="96" count="0" type="stmt"/>
      <line num="137" count="0" type="stmt"/>
      <line num="139" count="0" type="stmt"/>
      <line num="140" count="0" type="cond" truecount="0" falsecount="2"/>
      <line num="141" count="0" type="stmt"/>
      <line num="144" count="0" type="stmt"/>
      <line num="147" count="0" type="stmt"/>
      <line num="164" count="0" type="stmt"/>
      <line num="165" count="0" type="stmt"/>
      <line num="173" count="0" type="stmt"/>
      <line num="174" count="0" type="cond" truecount="0" falsecount="2"/>
      <line num="175" count="0" type="stmt"/>
      <line num="178" count="0" type="stmt"/>
      <line num="182" count="0" type="stmt"/>
      <line num="183" count="0" type="stmt"/>
      <line num="194" count="0" type="stmt"/>
      <line num="195" count="0" type="cond" truecount="0" falsecount="4"/>
      <line num="196" count="0" type="stmt"/>
      <line num="199" count="0" type="stmt"/>
      <line num="202" count="0" type="cond" truecount="0" falsecount="5"/>
      <line num="203" count="0" type="stmt"/>
      <line num="204" count="0" type="cond" truecount="0" falsecount="2"/>
      <line num="205" count="0" type="stmt"/>
      <line num="207" count="0" type="cond" truecount="0" falsecount="2"/>
      <line num="208" count="0" type="stmt"/>
      <line num="213" count="0" type="cond" truecount="0" falsecount="2"/>
      <line num="214" count="0" type="cond" truecount="0" falsecount="4"/>
      <line num="215" count="0" type="stmt"/>
      <line num="217" count="0" type="stmt"/>
      <line num="220" count="0" type="stmt"/>
      <line num="228" count="0" type="stmt"/>
      <line num="230" count="0" type="stmt"/>
      <line num="231" count="0" type="cond" truecount="0" falsecount="2"/>
      <line num="232" count="0" type="stmt"/>
      <line num="236" count="0" type="stmt"/>
      <line num="240" count="0" type="cond" truecount="0" falsecount="2"/>
      <line num="241" count="0" type="stmt"/>
      <line num="245" count="0" type="stmt"/>
      <line num="246" count="0" type="cond" truecount="0" falsecount="2"/>
      <line num="247" count="0" type="stmt"/>
      <line num="248" count="0" type="stmt"/>
      <line num="255" count="0" type="stmt"/>
      <line num="262" count="0" type="stmt"/>
      <line num="263" count="0" type="stmt"/>
      <line num="266" count="0" type="stmt"/>
      <line num="268" count="0" type="stmt"/>
      <line num="275" count="0" type="stmt"/>
      <line num="281" count="0" type="stmt"/>
      <line num="282" count="0" type="stmt"/>
      <line num="283" count="0" type="stmt"/>
      <line num="290" count="0" type="stmt"/>
      <line num="299" count="0" type="stmt"/>
      <line num="300" count="0" type="stmt"/>
      <line num="301" count="0" type="stmt"/>
      <line num="302" count="0" type="stmt"/>
      <line num="304" count="0" type="stmt"/>
      <line num="305" count="0" type="stmt"/>
      <line num="307" count="0" type="stmt"/>
      <line num="309" count="0" type="stmt"/>
      <line num="310" count="0" type="cond" truecount="0" falsecount="2"/>
      <line num="311" count="0" type="stmt"/>
      <line num="312" count="0" type="stmt"/>
      <line num="315" count="0" type="stmt"/>
      <line num="316" count="0" type="stmt"/>
      <line num="319" count="0" type="cond" truecount="0" falsecount="2"/>
      <line num="320" count="0" type="stmt"/>
      <line num="324" count="0" type="stmt"/>
      <line num="325" count="0" type="stmt"/>
      <line num="331" count="0" type="cond" truecount="0" falsecount="2"/>
      <line num="332" count="0" type="stmt"/>
      <line num="336" count="0" type="stmt"/>
    </file>
    <file name="description-generator.ts" path="/home/ubuntu/.openclaw/workspace/projects/flipper-ai/src/lib/description-generator.ts">
      <metrics statements="48" coveredstatements="0" conditionals="109" coveredconditionals="0" methods="7" coveredmethods="0"/>
      <line num="5" count="0" type="stmt"/>
      <line num="36" count="0" type="stmt"/>
      <line num="64" count="0" type="stmt"/>
      <line num="75" count="0" type="stmt"/>
      <line num="79" count="0" type="cond" truecount="0" falsecount="2"/>
      <line num="80" count="0" type="stmt"/>
      <line num="83" count="0" type="cond" truecount="0" falsecount="2"/>
      <line num="84" count="0" type="stmt"/>
      <line num="87" count="0" type="cond" truecount="0" falsecount="2"/>
      <line num="88" count="0" type="stmt"/>
      <line num="91" count="0" type="cond" truecount="0" falsecount="4"/>
      <line num="92" count="0" type="stmt"/>
      <line num="96" count="0" type="cond" truecount="0" falsecount="4"/>
      <line num="97" count="0" type="stmt"/>
      <line num="101" count="0" type="cond" truecount="0" falsecount="4"/>
      <line num="102" count="0" type="stmt"/>
      <line num="106" count="0" type="cond" truecount="0" falsecount="4"/>
      <line num="107" count="0" type="stmt"/>
      <line num="108" count="0" type="stmt"/>
      <line num="112" count="0" type="cond" truecount="0" falsecount="2"/>
      <line num="113" count="0" type="stmt"/>
      <line num="117" count="0" type="cond" truecount="0" falsecount="4"/>
      <line num="120" count="0" type="stmt"/>
      <line num="122" count="0" type="stmt"/>
      <line num="123" count="0" type="stmt"/>
      <line num="125" count="0" type="stmt"/>
      <line num="137" count="0" type="stmt"/>
      <line num="140" count="0" type="stmt"/>
      <line num="141" count="0" type="stmt"/>
      <line num="142" count="0" type="stmt"/>
      <line num="145" count="0" type="cond" truecount="0" falsecount="11"/>
      <line num="146" count="0" type="stmt"/>
      <line num="153" count="0" type="stmt"/>
      <line num="157" count="0" type="cond" truecount="0" falsecount="2"/>
      <line num="159" count="0" type="cond" truecount="0" falsecount="2"/>
      <line num="160" count="0" type="stmt"/>
      <line num="163" count="0" type="stmt"/>
      <line num="164" count="0" type="stmt"/>
      <line num="166" count="0" type="cond" truecount="0" falsecount="2"/>
      <line num="168" count="0" type="stmt"/>
      <line num="192" count="0" type="stmt"/>
      <line num="205" count="0" type="cond" truecount="0" falsecount="10"/>
      <line num="206" count="0" type="stmt"/>
      <line num="208" count="0" type="stmt"/>
      <line num="216" count="0" type="stmt"/>
      <line num="217" count="0" type="stmt"/>
      <line num="224" count="0" type="stmt"/>
      <line num="235" count="0" type="stmt"/>
    </file>
    <file name="report-service.ts" path="/home/ubuntu/.openclaw/workspace/projects/flipper-ai/src/lib/report-service.ts">
      <metrics statements="84" coveredstatements="84" conditionals="71" coveredconditionals="67" methods="16" coveredmethods="16"/>
      <line num="45" count="1" type="stmt"/>
      <line num="50" count="4" type="stmt"/>
      <line num="52" count="4" type="cond" truecount="5" falsecount="0"/>
      <line num="53" count="1" type="stmt"/>
      <line num="56" count="3" type="cond" truecount="2" falsecount="0"/>
      <line num="57" count="1" type="stmt"/>
      <line num="58" count="1" type="stmt"/>
      <line num="59" count="1" type="stmt"/>
      <line num="60" count="1" type="stmt"/>
      <line num="64" count="2" type="stmt"/>
      <line num="65" count="2" type="stmt"/>
      <line num="66" count="2" type="stmt"/>
      <line num="67" count="2" type="stmt"/>
      <line num="73" count="1" type="stmt"/>
      <line num="74" count="29" type="stmt"/>
      <line num="75" count="29" type="stmt"/>
      <line num="76" count="29" type="stmt"/>
      <line num="82" count="1" type="stmt"/>
      <line num="99" count="26" type="stmt"/>
      <line num="100" count="66" type="cond" truecount="2" falsecount="0"/>
      <line num="102" count="26" type="stmt"/>
      <line num="103" count="66" type="cond" truecount="2" falsecount="0"/>
      <line num="106" count="51" type="cond" truecount="3" falsecount="1"/>
      <line num="107" count="51" type="stmt"/>
      <line num="108" count="51" type="cond" truecount="4" falsecount="0"/>
      <line num="109" count="26" type="stmt"/>
      <line num="111" count="26" type="stmt"/>
      <line num="112" count="51" type="cond" truecount="7" falsecount="1"/>
      <line num="114" count="26" type="cond" truecount="2" falsecount="0"/>
      <line num="116" count="26" type="stmt"/>
      <line num="117" count="51" type="stmt"/>
      <line num="119" count="50" type="stmt"/>
      <line num="120" count="50" type="stmt"/>
      <line num="123" count="26" type="cond" truecount="2" falsecount="0"/>
      <line num="124" count="50" type="stmt"/>
      <line num="128" count="26" type="cond" truecount="2" falsecount="0"/>
      <line num="131" count="26" type="stmt"/>
      <line num="132" count="26" type="stmt"/>
      <line num="133" count="51" type="cond" truecount="4" falsecount="0"/>
      <line num="134" count="51" type="cond" truecount="4" falsecount="0"/>
      <line num="135" count="51" type="stmt"/>
      <line num="136" count="51" type="cond" truecount="7" falsecount="1"/>
      <line num="137" count="51" type="stmt"/>
      <line num="140" count="26" type="stmt"/>
      <line num="141" count="26" type="stmt"/>
      <line num="142" count="26" type="stmt"/>
      <line num="143" count="50" type="cond" truecount="2" falsecount="0"/>
      <line num="144" count="22" type="stmt"/>
      <line num="145" count="22" type="stmt"/>
      <line num="149" count="26" type="stmt"/>
      <line num="152" count="51" type="stmt"/>
      <line num="165" count="50" type="stmt"/>
      <line num="173" count="26" type="stmt"/>
      <line num="199" count="1" type="stmt"/>
      <line num="200" count="7" type="stmt"/>
      <line num="203" count="7" type="stmt"/>
      <line num="204" count="7" type="stmt"/>
      <line num="205" count="7" type="stmt"/>
      <line num="206" count="7" type="stmt"/>
      <line num="209" count="7" type="stmt"/>
      <line num="210" count="7" type="stmt"/>
      <line num="211" count="7" type="stmt"/>
      <line num="212" count="7" type="stmt"/>
      <line num="213" count="7" type="stmt"/>
      <line num="214" count="7" type="stmt"/>
      <line num="215" count="7" type="stmt"/>
      <line num="216" count="7" type="stmt"/>
      <line num="217" count="7" type="stmt"/>
      <line num="218" count="7" type="stmt"/>
      <line num="219" count="7" type="cond" truecount="4" falsecount="0"/>
      <line num="220" count="7" type="stmt"/>
      <line num="223" count="7" type="stmt"/>
      <line num="224" count="14" type="stmt"/>
      <line num="225" count="14" type="cond" truecount="2" falsecount="0"/>
      <line num="226" count="10" type="stmt"/>
      <line num="227" count="10" type="stmt"/>
      <line num="228" count="10" type="stmt"/>
      <line num="229" count="22" type="stmt"/>
      <line num="232" count="121" type="stmt"/>
      <line num="233" count="121" type="cond" truecount="4" falsecount="0"/>
      <line num="234" count="120" type="stmt"/>
      <line num="235" count="120" type="cond" truecount="2" falsecount="0"/>
      <line num="241" count="14" type="stmt"/>
      <line num="244" count="7" type="stmt"/>
    </file>
  </project>
</coverage>
