{"total": {"lines":{"total":219,"covered":84,"skipped":0,"pct":38.35},"statements":{"total":229,"covered":88,"skipped":0,"pct":38.42},"functions":{"total":34,"covered":16,"skipped":0,"pct":47.05},"branches":{"total":253,"covered":67,"skipped":0,"pct":26.48},"branchesTrue":{"total":0,"covered":0,"skipped":0,"pct":"Unknown"}}
,"/home/ubuntu/.openclaw/workspace/projects/flipper-ai/src/lib/claude-analyzer.ts": {"lines":{"total":87,"covered":0,"skipped":0,"pct":0},"functions":{"total":11,"covered":0,"skipped":0,"pct":0},"statements":{"total":91,"covered":0,"skipped":0,"pct":0},"branches":{"total":73,"covered":0,"skipped":0,"pct":0}}
,"/home/ubuntu/.openclaw/workspace/projects/flipper-ai/src/lib/description-generator.ts": {"lines":{"total":48,"covered":0,"skipped":0,"pct":0},"functions":{"total":7,"covered":0,"skipped":0,"pct":0},"statements":{"total":50,"covered":0,"skipped":0,"pct":0},"branches":{"total":109,"covered":0,"skipped":0,"pct":0}}
,"/home/ubuntu/.openclaw/workspace/projects/flipper-ai/src/lib/report-service.ts": {"lines":{"total":84,"covered":84,"skipped":0,"pct":100},"functions":{"total":16,"covered":16,"skipped":0,"pct":100},"statements":{"total":88,"covered":88,"skipped":0,"pct":100},"branches":{"total":71,"covered":67,"skipped":0,"pct":94.36}}
}
