TN:
SF:src/lib/claude-analyzer.ts
FN:13,(anonymous_1)
FN:43,getCachedAnalysis
FN:70,cacheAnalysis
FN:90,buildAnalysisPrompt
FN:136,parseClaudeResponse
FN:172,callClaudeAPI
FN:194,(anonymous_7)
FN:228,analyzeListing
FN:275,analyzeListingData
FN:290,batchAnalyzeListings
FN:320,(anonymous_11)
FNF:11
FNH:0
FNDA:0,(anonymous_1)
FNDA:0,getCachedAnalysis
FNDA:0,cacheAnalysis
FNDA:0,buildAnalysisPrompt
FNDA:0,parseClaudeResponse
FNDA:0,callClaudeAPI
FNDA:0,(anonymous_7)
FNDA:0,analyzeListing
FNDA:0,analyzeListingData
FNDA:0,batchAnalyzeListings
FNDA:0,(anonymous_11)
DA:10,0
DA:11,0
DA:13,0
DA:14,0
DA:15,0
DA:44,0
DA:45,0
DA:57,0
DA:58,0
DA:61,0
DA:64,0
DA:71,0
DA:72,0
DA:74,0
DA:75,0
DA:83,0
DA:96,0
DA:137,0
DA:139,0
DA:140,0
DA:141,0
DA:144,0
DA:147,0
DA:164,0
DA:165,0
DA:173,0
DA:174,0
DA:175,0
DA:178,0
DA:182,0
DA:183,0
DA:194,0
DA:195,0
DA:196,0
DA:199,0
DA:202,0
DA:203,0
DA:204,0
DA:205,0
DA:207,0
DA:208,0
DA:213,0
DA:214,0
DA:215,0
DA:217,0
DA:220,0
DA:228,0
DA:230,0
DA:231,0
DA:232,0
DA:236,0
DA:240,0
DA:241,0
DA:245,0
DA:246,0
DA:247,0
DA:248,0
DA:255,0
DA:262,0
DA:263,0
DA:266,0
DA:268,0
DA:275,0
DA:281,0
DA:282,0
DA:283,0
DA:290,0
DA:299,0
DA:300,0
DA:301,0
DA:302,0
DA:304,0
DA:305,0
DA:307,0
DA:309,0
DA:310,0
DA:311,0
DA:312,0
DA:315,0
DA:316,0
DA:319,0
DA:320,0
DA:324,0
DA:325,0
DA:331,0
DA:332,0
DA:336,0
LF:87
LH:0
BRDA:13,0,0,0
BRDA:13,0,1,0
BRDA:14,1,0,0
BRDA:14,1,1,0
BRDA:57,2,0,0
BRDA:57,2,1,0
BRDA:100,3,0,0
BRDA:100,3,1,0
BRDA:104,4,0,0
BRDA:104,4,1,0
BRDA:104,5,0,0
BRDA:104,5,1,0
BRDA:140,6,0,0
BRDA:140,6,1,0
BRDA:148,7,0,0
BRDA:148,7,1,0
BRDA:149,8,0,0
BRDA:149,8,1,0
BRDA:150,9,0,0
BRDA:150,9,1,0
BRDA:151,10,0,0
BRDA:151,10,1,0
BRDA:152,11,0,0
BRDA:152,11,1,0
BRDA:153,12,0,0
BRDA:153,12,1,0
BRDA:154,13,0,0
BRDA:154,13,1,0
BRDA:155,14,0,0
BRDA:155,14,1,0
BRDA:156,15,0,0
BRDA:156,15,1,0
BRDA:159,16,0,0
BRDA:159,16,1,0
BRDA:160,17,0,0
BRDA:160,17,1,0
BRDA:161,18,0,0
BRDA:161,18,1,0
BRDA:174,19,0,0
BRDA:174,19,1,0
BRDA:195,20,0,0
BRDA:195,20,1,0
BRDA:195,21,0,0
BRDA:195,21,1,0
BRDA:202,22,0,0
BRDA:202,22,1,0
BRDA:202,23,0,0
BRDA:202,23,1,0
BRDA:202,23,2,0
BRDA:204,24,0,0
BRDA:204,24,1,0
BRDA:207,25,0,0
BRDA:207,25,1,0
BRDA:213,26,0,0
BRDA:213,26,1,0
BRDA:214,27,0,0
BRDA:214,27,1,0
BRDA:214,28,0,0
BRDA:214,28,1,0
BRDA:231,29,0,0
BRDA:231,29,1,0
BRDA:240,30,0,0
BRDA:240,30,1,0
BRDA:246,31,0,0
BRDA:246,31,1,0
BRDA:310,32,0,0
BRDA:310,32,1,0
BRDA:319,33,0,0
BRDA:319,33,1,0
BRDA:327,34,0,0
BRDA:327,34,1,0
BRDA:331,35,0,0
BRDA:331,35,1,0
BRF:73
BRH:0
end_of_record
TN:
SF:src/lib/description-generator.ts
FN:75,generateAlgorithmicDescription
FN:97,(anonymous_2)
FN:137,generateDescriptionsForAllPlatforms
FN:141,(anonymous_4)
FN:145,(anonymous_5)
FN:153,generateLLMDescription
FN:224,fromIdentification
FNF:7
FNH:0
FNDA:0,generateAlgorithmicDescription
FNDA:0,(anonymous_2)
FNDA:0,generateDescriptionsForAllPlatforms
FNDA:0,(anonymous_4)
FNDA:0,(anonymous_5)
FNDA:0,generateLLMDescription
FNDA:0,fromIdentification
DA:5,0
DA:36,0
DA:64,0
DA:75,0
DA:79,0
DA:80,0
DA:83,0
DA:84,0
DA:87,0
DA:88,0
DA:91,0
DA:92,0
DA:96,0
DA:97,0
DA:101,0
DA:102,0
DA:106,0
DA:107,0
DA:108,0
DA:112,0
DA:113,0
DA:117,0
DA:120,0
DA:122,0
DA:123,0
DA:125,0
DA:137,0
DA:140,0
DA:141,0
DA:142,0
DA:145,0
DA:146,0
DA:153,0
DA:157,0
DA:159,0
DA:160,0
DA:163,0
DA:164,0
DA:166,0
DA:168,0
DA:192,0
DA:205,0
DA:206,0
DA:208,0
DA:216,0
DA:217,0
DA:224,0
DA:235,0
LF:48
LH:0
BRDA:77,0,0,0
BRDA:79,1,0,0
BRDA:79,1,1,0
BRDA:83,2,0,0
BRDA:83,2,1,0
BRDA:87,3,0,0
BRDA:87,3,1,0
BRDA:91,4,0,0
BRDA:91,4,1,0
BRDA:91,5,0,0
BRDA:91,5,1,0
BRDA:96,6,0,0
BRDA:96,6,1,0
BRDA:96,7,0,0
BRDA:96,7,1,0
BRDA:101,8,0,0
BRDA:101,8,1,0
BRDA:101,9,0,0
BRDA:101,9,1,0
BRDA:106,10,0,0
BRDA:106,10,1,0
BRDA:106,11,0,0
BRDA:106,11,1,0
BRDA:112,12,0,0
BRDA:112,12,1,0
BRDA:117,13,0,0
BRDA:117,13,1,0
BRDA:117,14,0,0
BRDA:117,14,1,0
BRDA:145,15,0,0
BRDA:145,15,1,0
BRDA:145,15,2,0
BRDA:145,16,0,0
BRDA:145,16,1,0
BRDA:145,17,0,0
BRDA:145,17,1,0
BRDA:145,18,0,0
BRDA:145,18,1,0
BRDA:145,19,0,0
BRDA:145,19,1,0
BRDA:155,20,0,0
BRDA:157,21,0,0
BRDA:157,21,1,0
BRDA:159,22,0,0
BRDA:159,22,1,0
BRDA:166,23,0,0
BRDA:166,23,1,0
BRDA:171,24,0,0
BRDA:171,24,1,0
BRDA:171,25,0,0
BRDA:171,25,1,0
BRDA:171,26,0,0
BRDA:171,26,1,0
BRDA:172,27,0,0
BRDA:172,27,1,0
BRDA:173,28,0,0
BRDA:173,28,1,0
BRDA:174,29,0,0
BRDA:174,29,1,0
BRDA:174,30,0,0
BRDA:174,30,1,0
BRDA:174,31,0,0
BRDA:174,31,1,0
BRDA:175,32,0,0
BRDA:175,32,1,0
BRDA:175,33,0,0
BRDA:175,33,1,0
BRDA:175,34,0,0
BRDA:175,34,1,0
BRDA:176,35,0,0
BRDA:176,35,1,0
BRDA:205,36,0,0
BRDA:205,36,1,0
BRDA:205,37,0,0
BRDA:205,37,1,0
BRDA:205,38,0,0
BRDA:205,38,1,0
BRDA:205,39,0,0
BRDA:205,39,1,0
BRDA:205,40,0,0
BRDA:205,40,1,0
BRDA:242,41,0,0
BRDA:242,41,1,0
BRDA:242,42,0,0
BRDA:242,42,1,0
BRDA:242,43,0,0
BRDA:242,43,1,0
BRDA:242,44,0,0
BRDA:242,44,1,0
BRDA:243,45,0,0
BRDA:243,45,1,0
BRDA:243,46,0,0
BRDA:243,46,1,0
BRDA:244,47,0,0
BRDA:244,47,1,0
BRDA:244,48,0,0
BRDA:244,48,1,0
BRDA:245,49,0,0
BRDA:245,49,1,0
BRDA:245,50,0,0
BRDA:245,50,1,0
BRDA:246,51,0,0
BRDA:246,51,1,0
BRDA:246,52,0,0
BRDA:246,52,1,0
BRDA:246,53,0,0
BRDA:246,53,1,0
BRDA:246,54,0,0
BRDA:246,54,1,0
BRF:109
BRH:0
end_of_record
TN:
SF:src/lib/report-service.ts
FN:45,getDateRange
FN:73,generateReportId
FN:82,buildReport
FN:100,(anonymous_3)
FN:103,(anonymous_4)
FN:106,(anonymous_5)
FN:107,(anonymous_6)
FN:108,(anonymous_7)
FN:112,(anonymous_8)
FN:117,(anonymous_9)
FN:118,(anonymous_10)
FN:124,(anonymous_11)
FN:152,(anonymous_12)
FN:165,(anonymous_13)
FN:199,reportToCSV
FN:231,(anonymous_15)
FNF:16
FNH:16
FNDA:4,getDateRange
FNDA:29,generateReportId
FNDA:26,buildReport
FNDA:66,(anonymous_3)
FNDA:66,(anonymous_4)
FNDA:51,(anonymous_5)
FNDA:51,(anonymous_6)
FNDA:51,(anonymous_7)
FNDA:51,(anonymous_8)
FNDA:51,(anonymous_9)
FNDA:50,(anonymous_10)
FNDA:50,(anonymous_11)
FNDA:51,(anonymous_12)
FNDA:50,(anonymous_13)
FNDA:7,reportToCSV
FNDA:121,(anonymous_15)
DA:45,1
DA:50,4
DA:52,4
DA:53,1
DA:56,3
DA:57,1
DA:58,1
DA:59,1
DA:60,1
DA:64,2
DA:65,2
DA:66,2
DA:67,2
DA:73,1
DA:74,29
DA:75,29
DA:76,29
DA:82,1
DA:99,26
DA:100,66
DA:102,26
DA:103,66
DA:106,51
DA:107,51
DA:108,51
DA:109,26
DA:111,26
DA:112,51
DA:114,26
DA:116,26
DA:117,51
DA:119,50
DA:120,50
DA:123,26
DA:124,50
DA:128,26
DA:131,26
DA:132,26
DA:133,51
DA:134,51
DA:135,51
DA:136,51
DA:137,51
DA:140,26
DA:141,26
DA:142,26
DA:143,50
DA:144,22
DA:145,22
DA:149,26
DA:152,51
DA:165,50
DA:173,26
DA:199,1
DA:200,7
DA:203,7
DA:204,7
DA:205,7
DA:206,7
DA:209,7
DA:210,7
DA:211,7
DA:212,7
DA:213,7
DA:214,7
DA:215,7
DA:216,7
DA:217,7
DA:218,7
DA:219,7
DA:220,7
DA:223,7
DA:224,14
DA:225,14
DA:226,10
DA:227,10
DA:228,10
DA:229,22
DA:232,121
DA:233,121
DA:234,120
DA:235,120
DA:241,14
DA:244,7
LF:84
LH:84
BRDA:52,0,0,1
BRDA:52,0,1,3
BRDA:52,1,0,4
BRDA:52,1,1,2
BRDA:52,1,2,1
BRDA:56,2,0,1
BRDA:56,2,1,2
BRDA:100,3,0,66
BRDA:100,3,1,52
BRDA:103,4,0,66
BRDA:103,4,1,66
BRDA:106,5,0,51
BRDA:106,5,1,0
BRDA:106,6,0,51
BRDA:106,6,1,51
BRDA:108,7,0,49
BRDA:108,7,1,2
BRDA:108,8,0,51
BRDA:108,8,1,49
BRDA:112,9,0,51
BRDA:112,9,1,0
BRDA:112,10,0,51
BRDA:112,10,1,51
BRDA:112,11,0,49
BRDA:112,11,1,2
BRDA:112,12,0,51
BRDA:112,12,1,49
BRDA:114,13,0,22
BRDA:114,13,1,4
BRDA:123,14,0,21
BRDA:123,14,1,5
BRDA:128,15,0,21
BRDA:128,15,1,5
BRDA:133,16,0,49
BRDA:133,16,1,2
BRDA:133,17,0,51
BRDA:133,17,1,49
BRDA:134,18,0,1
BRDA:134,18,1,50
BRDA:134,19,0,51
BRDA:134,19,1,51
BRDA:136,20,0,51
BRDA:136,20,1,0
BRDA:136,21,0,51
BRDA:136,21,1,51
BRDA:136,22,0,49
BRDA:136,22,1,2
BRDA:136,23,0,51
BRDA:136,23,1,49
BRDA:143,24,0,22
BRDA:143,24,1,28
BRDA:160,25,0,51
BRDA:160,25,1,0
BRDA:160,26,0,51
BRDA:160,26,1,51
BRDA:160,27,0,49
BRDA:160,27,1,2
BRDA:160,28,0,51
BRDA:160,28,1,49
BRDA:219,29,0,5
BRDA:219,29,1,2
BRDA:219,30,0,7
BRDA:219,30,1,5
BRDA:225,31,0,10
BRDA:225,31,1,4
BRDA:233,32,0,1
BRDA:233,32,1,120
BRDA:233,33,0,121
BRDA:233,33,1,120
BRDA:235,34,0,1
BRDA:235,34,1,119
BRF:71
BRH:67
end_of_record
