{"total": {"lines":{"total":89,"covered":89,"skipped":0,"pct":100},"statements":{"total":94,"covered":93,"skipped":0,"pct":98.93},"functions":{"total":10,"covered":10,"skipped":0,"pct":100},"branches":{"total":111,"covered":100,"skipped":0,"pct":90.09},"branchesTrue":{"total":0,"covered":0,"skipped":0,"pct":"Unknown"}}
,"/home/ubuntu/.openclaw/workspace/projects/flipper-ai/src/app/api/scraper/facebook/route.ts": {"lines":{"total":89,"covered":89,"skipped":0,"pct":100},"functions":{"total":10,"covered":10,"skipped":0,"pct":100},"statements":{"total":94,"covered":93,"skipped":0,"pct":98.93},"branches":{"total":111,"covered":100,"skipped":0,"pct":90.09}}
}
