TN:
SF:src/app/api/scraper/facebook/route.ts
FN:70,buildSearchParams
FN:109,getUserFacebookToken
FN:131,searchFacebookMarketplace
FN:138,(anonymous_4)
FN:161,formatLocation
FN:170,saveListingFromFacebookItem
FN:183,(anonymous_7)
FN:272,GET
FN:287,POST
FN:353,(anonymous_10)
FNF:10
FNH:10
FNDA:16,buildSearchParams
FNDA:3,getUserFacebookToken
FNDA:16,searchFacebookMarketplace
FNDA:52,(anonymous_4)
FNDA:20,formatLocation
FNDA:10,saveListingFromFacebookItem
FNDA:4,(anonymous_7)
FNDA:1,GET
FNDA:20,POST
FNDA:8,(anonymous_10)
DA:1,1
DA:2,1
DA:3,1
DA:4,1
DA:6,1
DA:7,1
DA:8,1
DA:10,1
DA:71,16
DA:77,16
DA:78,16
DA:81,16
DA:82,1
DA:85,16
DA:86,1
DA:90,16
DA:91,2
DA:92,2
DA:93,2
DA:95,2
DA:96,2
DA:98,2
DA:99,2
DA:103,16
DA:110,3
DA:112,3
DA:116,3
DA:119,2
DA:120,1
DA:121,1
DA:125,1
DA:135,16
DA:136,16
DA:138,16
DA:139,52
DA:141,16
DA:143,16
DA:149,16
DA:150,1
DA:151,1
DA:154,15
DA:155,15
DA:162,20
DA:163,6
DA:164,6
DA:171,10
DA:172,10
DA:173,10
DA:175,10
DA:183,10
DA:184,10
DA:185,10
DA:186,10
DA:188,10
DA:189,10
DA:196,10
DA:265,8
DA:272,1
DA:273,1
DA:287,1
DA:288,20
DA:289,20
DA:290,20
DA:291,1
DA:293,19
DA:295,19
DA:296,1
DA:300,18
DA:301,18
DA:302,3
DA:305,18
DA:306,2
DA:315,16
DA:316,16
DA:324,16
DA:335,16
DA:337,16
DA:340,15
DA:341,15
DA:342,12
DA:343,10
DA:344,8
DA:348,13
DA:353,8
DA:359,13
DA:367,3
DA:375,3
DA:378,3
DA:379,3
LF:89
LH:89
BRDA:74,0,0,16
BRDA:74,0,1,0
BRDA:74,1,0,16
BRDA:74,1,1,16
BRDA:77,2,0,16
BRDA:77,2,1,0
BRDA:81,3,0,1
BRDA:81,3,1,15
BRDA:85,4,0,1
BRDA:85,4,1,15
BRDA:90,5,0,2
BRDA:90,5,1,14
BRDA:90,6,0,16
BRDA:90,6,1,14
BRDA:92,7,0,2
BRDA:92,7,1,0
BRDA:95,8,0,2
BRDA:95,8,1,0
BRDA:98,9,0,2
BRDA:98,9,1,0
BRDA:110,10,0,0
BRDA:110,10,1,3
BRDA:116,11,0,1
BRDA:116,11,1,2
BRDA:119,12,0,1
BRDA:119,12,1,1
BRDA:149,13,0,1
BRDA:149,13,1,15
BRDA:155,14,0,14
BRDA:155,14,1,1
BRDA:155,15,0,15
BRDA:155,15,1,15
BRDA:162,16,0,14
BRDA:162,16,1,6
BRDA:164,17,0,4
BRDA:164,17,1,2
BRDA:171,18,0,10
BRDA:171,18,1,1
BRDA:172,19,0,10
BRDA:172,19,1,8
BRDA:173,20,0,10
BRDA:173,20,1,9
BRDA:173,20,2,1
BRDA:173,21,0,9
BRDA:173,21,1,0
BRDA:176,22,0,10
BRDA:176,22,1,0
BRDA:179,23,0,10
BRDA:179,23,1,8
BRDA:183,24,0,10
BRDA:183,24,1,7
BRDA:183,25,0,7
BRDA:183,25,1,3
BRDA:183,26,0,10
BRDA:183,26,1,10
BRDA:184,27,0,3
BRDA:184,27,1,7
BRDA:186,28,0,9
BRDA:186,28,1,1
BRDA:188,29,0,10
BRDA:188,29,1,7
BRDA:188,30,0,7
BRDA:188,30,1,3
BRDA:188,31,0,10
BRDA:188,31,1,10
BRDA:190,32,0,10
BRDA:190,32,1,0
BRDA:193,33,0,10
BRDA:193,33,1,7
BRDA:208,34,0,10
BRDA:208,34,1,6
BRDA:209,35,0,10
BRDA:209,35,1,0
BRDA:212,36,0,10
BRDA:212,36,1,8
BRDA:218,37,0,2
BRDA:218,37,1,8
BRDA:238,38,0,10
BRDA:238,38,1,0
BRDA:241,39,0,10
BRDA:241,39,1,8
BRDA:290,40,0,1
BRDA:290,40,1,19
BRDA:295,41,0,1
BRDA:295,41,1,18
BRDA:295,42,0,19
BRDA:295,42,1,18
BRDA:301,43,0,3
BRDA:301,43,1,15
BRDA:302,44,0,1
BRDA:302,44,1,2
BRDA:302,45,0,3
BRDA:302,45,1,1
BRDA:305,46,0,2
BRDA:305,46,1,16
BRDA:315,47,0,1
BRDA:315,47,1,15
BRDA:315,48,0,16
BRDA:315,48,1,16
BRDA:328,49,0,16
BRDA:328,49,1,15
BRDA:329,50,0,16
BRDA:329,50,1,15
BRDA:342,51,0,2
BRDA:342,51,1,10
BRDA:342,52,0,12
BRDA:342,52,1,11
BRDA:371,53,0,2
BRDA:371,53,1,1
BRDA:382,54,0,2
BRDA:382,54,1,1
BRF:111
BRH:100
end_of_record
