<?xml version="1.0" encoding="UTF-8"?>
<coverage generated="1771327825006" clover="3.2.0">
  <project timestamp="1771327825006" name="All files">
    <metrics statements="105" coveredstatements="104" conditionals="200" coveredconditionals="192" methods="14" coveredmethods="14" elements="319" coveredelements="310" complexity="0" loc="105" ncloc="105" packages="1" files="1" classes="1"/>
    <file name="route.ts" path="/home/ubuntu/.openclaw/workspace/projects/flipper-ai/src/app/api/scraper/ebay/route.ts">
      <metrics statements="105" coveredstatements="104" conditionals="200" coveredconditionals="192" methods="14" coveredmethods="14"/>
      <line num="1" count="1" type="stmt"/>
      <line num="2" count="1" type="stmt"/>
      <line num="3" count="1" type="stmt"/>
      <line num="4" count="1" type="stmt"/>
      <line num="5" count="1" type="stmt"/>
      <line num="8" count="1" type="cond" truecount="2" falsecount="0"/>
      <line num="9" count="1" type="cond" truecount="2" falsecount="0"/>
      <line num="10" count="1" type="stmt"/>
      <line num="11" count="1" type="stmt"/>
      <line num="13" count="1" type="stmt"/>
      <line num="22" count="1" type="stmt"/>
      <line num="72" count="86" type="stmt"/>
      <line num="73" count="86" type="cond" truecount="2" falsecount="0"/>
      <line num="74" count="43" type="stmt"/>
      <line num="76" count="86" type="cond" truecount="4" falsecount="0"/>
      <line num="77" count="6" type="cond" truecount="4" falsecount="0"/>
      <line num="78" count="6" type="cond" truecount="4" falsecount="0"/>
      <line num="79" count="6" type="stmt"/>
      <line num="81" count="86" type="cond" truecount="2" falsecount="0"/>
      <line num="82" count="4" type="stmt"/>
      <line num="84" count="86" type="stmt"/>
      <line num="91" count="86" type="stmt"/>
      <line num="92" count="86" type="cond" truecount="1" falsecount="1"/>
      <line num="93" count="0" type="stmt"/>
      <line num="96" count="86" type="stmt"/>
      <line num="97" count="86" type="stmt"/>
      <line num="98" count="516" type="cond" truecount="3" falsecount="1"/>
      <line num="99" count="516" type="stmt"/>
      <line num="103" count="86" type="stmt"/>
      <line num="111" count="82" type="cond" truecount="2" falsecount="0"/>
      <line num="112" count="2" type="stmt"/>
      <line num="113" count="2" type="stmt"/>
      <line num="116" count="80" type="stmt"/>
      <line num="120" count="43" type="stmt"/>
      <line num="128" count="40" type="cond" truecount="4" falsecount="0"/>
      <line num="132" count="43" type="stmt"/>
      <line num="140" count="40" type="cond" truecount="4" falsecount="0"/>
      <line num="144" count="48" type="cond" truecount="2" falsecount="0"/>
      <line num="145" count="46" type="stmt"/>
      <line num="150" count="46" type="cond" truecount="2" falsecount="0"/>
      <line num="154" count="24" type="cond" truecount="2" falsecount="0"/>
      <line num="155" count="23" type="cond" truecount="4" falsecount="0"/>
      <line num="156" count="23" type="cond" truecount="4" falsecount="0"/>
      <line num="157" count="23" type="cond" truecount="4" falsecount="0"/>
      <line num="158" count="22" type="cond" truecount="8" falsecount="0"/>
      <line num="162" count="24" type="cond" truecount="6" falsecount="0"/>
      <line num="163" count="24" type="cond" truecount="3" falsecount="0"/>
      <line num="165" count="24" type="cond" truecount="10" falsecount="1"/>
      <line num="167" count="24" type="stmt"/>
      <line num="176" count="24" type="stmt"/>
      <line num="177" count="24" type="cond" truecount="6" falsecount="0"/>
      <line num="178" count="24" type="cond" truecount="6" falsecount="0"/>
      <line num="179" count="24" type="cond" truecount="2" falsecount="0"/>
      <line num="183" count="24" type="stmt"/>
      <line num="184" count="24" type="cond" truecount="6" falsecount="0"/>
      <line num="187" count="24" type="stmt"/>
      <line num="192" count="24" type="cond" truecount="6" falsecount="0"/>
      <line num="193" count="24" type="stmt"/>
      <line num="200" count="24" type="stmt"/>
      <line num="202" count="22" type="cond" truecount="8" falsecount="0"/>
      <line num="205" count="24" type="cond" truecount="2" falsecount="0"/>
      <line num="206" count="24" type="stmt"/>
      <line num="207" count="24" type="cond" truecount="1" falsecount="1"/>
      <line num="209" count="24" type="stmt"/>
      <line num="280" count="24" type="stmt"/>
      <line num="284" count="40" type="cond" truecount="2" falsecount="0"/>
      <line num="286" count="8" type="stmt"/>
      <line num="288" count="9" type="cond" truecount="6" falsecount="0"/>
      <line num="289" count="9" type="cond" truecount="2" falsecount="0"/>
      <line num="290" count="7" type="stmt"/>
      <line num="303" count="8" type="cond" truecount="2" falsecount="0"/>
      <line num="305" count="6" type="stmt"/>
      <line num="310" count="6" type="stmt"/>
      <line num="313" count="1" type="stmt"/>
      <line num="314" count="2" type="cond" truecount="2" falsecount="0"/>
      <line num="315" count="2" type="stmt"/>
      <line num="326" count="1" type="stmt"/>
      <line num="327" count="49" type="stmt"/>
      <line num="328" count="49" type="cond" truecount="2" falsecount="0"/>
      <line num="329" count="1" type="stmt"/>
      <line num="332" count="48" type="stmt"/>
      <line num="333" count="48" type="stmt"/>
      <line num="334" count="48" type="cond" truecount="2" falsecount="0"/>
      <line num="335" count="1" type="stmt"/>
      <line num="337" count="47" type="stmt"/>
      <line num="338" count="47" type="cond" truecount="4" falsecount="0"/>
      <line num="339" count="3" type="stmt"/>
      <line num="342" count="44" type="cond" truecount="4" falsecount="0"/>
      <line num="343" count="44" type="stmt"/>
      <line num="349" count="44" type="stmt"/>
      <line num="360" count="43" type="stmt"/>
      <line num="361" count="43" type="stmt"/>
      <line num="366" count="40" type="stmt"/>
      <line num="367" count="40" type="stmt"/>
      <line num="368" count="27" type="cond" truecount="5" falsecount="0"/>
      <line num="369" count="24" type="stmt"/>
      <line num="370" count="24" type="stmt"/>
      <line num="373" count="40" type="stmt"/>
      <line num="378" count="40" type="stmt"/>
      <line num="383" count="24" type="stmt"/>
      <line num="389" count="40" type="stmt"/>
      <line num="397" count="3" type="stmt"/>
      <line num="405" count="3" type="stmt"/>
      <line num="408" count="4" type="stmt"/>
      <line num="409" count="4" type="stmt"/>
    </file>
  </project>
</coverage>
