{"total": {"lines":{"total":105,"covered":104,"skipped":0,"pct":99.04},"statements":{"total":112,"covered":111,"skipped":0,"pct":99.1},"functions":{"total":14,"covered":14,"skipped":0,"pct":100},"branches":{"total":200,"covered":192,"skipped":0,"pct":96},"branchesTrue":{"total":0,"covered":0,"skipped":0,"pct":"Unknown"}}
,"/home/ubuntu/.openclaw/workspace/projects/flipper-ai/src/app/api/scraper/ebay/route.ts": {"lines":{"total":105,"covered":104,"skipped":0,"pct":99.04},"functions":{"total":14,"covered":14,"skipped":0,"pct":100},"statements":{"total":112,"covered":111,"skipped":0,"pct":99.1},"branches":{"total":200,"covered":192,"skipped":0,"pct":96}}
}
