{"/home/ubuntu/.openclaw/workspace/projects/flipper-ai/src/app/api/scraper/craigslist/route.ts": {"path":"/home/ubuntu/.openclaw/workspace/projects/flipper-ai/src/app/api/scraper/craigslist/route.ts","statementMap":{"0":{"start":{"line":184,"column":0},"end":{"line":184,"column":7}},"1":{"start":{"line":520,"column":0},"end":{"line":520,"column":7}},"2":{"start":{"line":1,"column":0},"end":{"line":1,"column":56}},"3":{"start":{"line":2,"column":0},"end":{"line":2,"column":38}},"4":{"start":{"line":3,"column":0},"end":{"line":3,"column":30}},"5":{"start":{"line":4,"column":0},"end":{"line":4,"column":95}},"6":{"start":{"line":5,"column":0},"end":{"line":5,"column":52}},"7":{"start":{"line":6,"column":0},"end":{"line":6,"column":90}},"8":{"start":{"line":7,"column":0},"end":{"line":7,"column":76}},"9":{"start":{"line":8,"column":0},"end":{"line":8,"column":54}},"10":{"start":{"line":11,"column":31},"end":{"line":11,"column":33}},"11":{"start":{"line":26,"column":16},"end":{"line":26,"column":45}},"12":{"start":{"line":27,"column":2},"end":{"line":29,"column":3}},"13":{"start":{"line":28,"column":4},"end":{"line":28,"column":50}},"14":{"start":{"line":30,"column":2},"end":{"line":30,"column":11}},"15":{"start":{"line":35,"column":16},"end":{"line":35,"column":42}},"16":{"start":{"line":36,"column":2},"end":{"line":36,"column":32}},"17":{"start":{"line":40,"column":46},"end":{"line":52,"column":2}},"18":{"start":{"line":62,"column":18},"end":{"line":62,"column":59}},"19":{"start":{"line":63,"column":18},"end":{"line":66,"column":4}},"20":{"start":{"line":67,"column":15},"end":{"line":67,"column":38}},"21":{"start":{"line":69,"column":2},"end":{"line":180,"column":3}},"22":{"start":{"line":71,"column":20},"end":{"line":71,"column":56}},"23":{"start":{"line":72,"column":25},"end":{"line":72,"column":57}},"24":{"start":{"line":73,"column":25},"end":{"line":73,"column":46}},"25":{"start":{"line":75,"column":4},"end":{"line":75,"column":48}},"26":{"start":{"line":75,"column":15},"end":{"line":75,"column":48}},"27":{"start":{"line":76,"column":4},"end":{"line":76,"column":69}},"28":{"start":{"line":76,"column":18},"end":{"line":76,"column":69}},"29":{"start":{"line":77,"column":4},"end":{"line":77,"column":69}},"30":{"start":{"line":77,"column":18},"end":{"line":77,"column":69}},"31":{"start":{"line":79,"column":22},"end":{"line":79,"column":84}},"32":{"start":{"line":80,"column":4},"end":{"line":80,"column":47}},"33":{"start":{"line":82,"column":4},"end":{"line":82,"column":82}},"34":{"start":{"line":85,"column":4},"end":{"line":92,"column":9}},"35":{"start":{"line":91,"column":8},"end":{"line":91,"column":85}},"36":{"start":{"line":95,"column":21},"end":{"line":163,"column":6}},"37":{"start":{"line":102,"column":11},"end":{"line":102,"column":13}},"38":{"start":{"line":105,"column":24},"end":{"line":110,"column":8}},"39":{"start":{"line":112,"column":39},"end":{"line":112,"column":41}},"40":{"start":{"line":113,"column":6},"end":{"line":119,"column":7}},"41":{"start":{"line":114,"column":25},"end":{"line":114,"column":60}},"42":{"start":{"line":115,"column":8},"end":{"line":118,"column":9}},"43":{"start":{"line":116,"column":10},"end":{"line":116,"column":49}},"44":{"start":{"line":117,"column":10},"end":{"line":117,"column":16}},"45":{"start":{"line":122,"column":6},"end":{"line":124,"column":7}},"46":{"start":{"line":123,"column":8},"end":{"line":123,"column":78}},"47":{"start":{"line":126,"column":6},"end":{"line":160,"column":7}},"48":{"start":{"line":128,"column":8},"end":{"line":159,"column":9}},"49":{"start":{"line":130,"column":26},"end":{"line":131,"column":null}},"50":{"start":{"line":134,"column":12},"end":{"line":134,"column":88}},"51":{"start":{"line":137,"column":25},"end":{"line":137,"column":78}},"52":{"start":{"line":138,"column":22},"end":{"line":138,"column":40}},"53":{"start":{"line":141,"column":26},"end":{"line":141,"column":94}},"54":{"start":{"line":142,"column":24},"end":{"line":142,"column":58}},"55":{"start":{"line":145,"column":29},"end":{"line":146,"column":null}},"56":{"start":{"line":148,"column":27},"end":{"line":148,"column":83}},"57":{"start":{"line":151,"column":24},"end":{"line":151,"column":67}},"58":{"start":{"line":152,"column":27},"end":{"line":152,"column":43}},"59":{"start":{"line":154,"column":10},"end":{"line":156,"column":11}},"60":{"start":{"line":155,"column":12},"end":{"line":155,"column":66}},"61":{"start":{"line":162,"column":6},"end":{"line":162,"column":19}},"62":{"start":{"line":165,"column":4},"end":{"line":165,"column":53}},"63":{"start":{"line":168,"column":38},"end":{"line":175,"column":7}},"64":{"start":{"line":168,"column":62},"end":{"line":175,"column":6}},"65":{"start":{"line":177,"column":4},"end":{"line":177,"column":19}},"66":{"start":{"line":179,"column":4},"end":{"line":179,"column":26}},"67":{"start":{"line":185,"column":12},"end":{"line":185,"column":16}},"68":{"start":{"line":187,"column":2},"end":{"line":516,"column":3}},"69":{"start":{"line":188,"column":19},"end":{"line":188,"column":40}},"70":{"start":{"line":189,"column":4},"end":{"line":191,"column":5}},"71":{"start":{"line":190,"column":6},"end":{"line":190,"column":75}},"72":{"start":{"line":192,"column":17},"end":{"line":192,"column":37}},"73":{"start":{"line":193,"column":65},"end":{"line":193,"column":69}},"74":{"start":{"line":195,"column":4},"end":{"line":200,"column":5}},"75":{"start":{"line":196,"column":6},"end":{"line":199,"column":8}},"76":{"start":{"line":203,"column":4},"end":{"line":212,"column":7}},"77":{"start":{"line":215,"column":21},"end":{"line":220,"column":null}},"78":{"start":{"line":223,"column":4},"end":{"line":242,"column":5}},"79":{"start":{"line":225,"column":6},"end":{"line":233,"column":9}},"80":{"start":{"line":235,"column":6},"end":{"line":241,"column":9}},"81":{"start":{"line":246,"column":21},"end":{"line":246,"column":22}},"82":{"start":{"line":247,"column":29},"end":{"line":247,"column":30}},"83":{"start":{"line":248,"column":24},"end":{"line":248,"column":25}},"84":{"start":{"line":249,"column":23},"end":{"line":249,"column":24}},"85":{"start":{"line":257,"column":9},"end":{"line":257,"column":11}},"86":{"start":{"line":259,"column":19},"end":{"line":259,"column":47}},"87":{"start":{"line":260,"column":4},"end":{"line":260,"column":87}},"88":{"start":{"line":262,"column":4},"end":{"line":455,"column":5}},"89":{"start":{"line":263,"column":6},"end":{"line":454,"column":7}},"90":{"start":{"line":265,"column":8},"end":{"line":265,"column":38}},"91":{"start":{"line":265,"column":29},"end":{"line":265,"column":38}},"92":{"start":{"line":268,"column":33},"end":{"line":268,"column":85}},"93":{"start":{"line":271,"column":27},"end":{"line":276,"column":null}},"94":{"start":{"line":280,"column":26},"end":{"line":280,"column":31}},"95":{"start":{"line":281,"column":29},"end":{"line":281,"column":33}},"96":{"start":{"line":282,"column":25},"end":{"line":282,"column":29}},"97":{"start":{"line":283,"column":34},"end":{"line":283,"column":38}},"98":{"start":{"line":284,"column":49},"end":{"line":284,"column":53}},"99":{"start":{"line":285,"column":49},"end":{"line":285,"column":53}},"100":{"start":{"line":286,"column":29},"end":{"line":286,"column":34}},"101":{"start":{"line":289,"column":8},"end":{"line":333,"column":9}},"102":{"start":{"line":290,"column":10},"end":{"line":332,"column":11}},"103":{"start":{"line":292,"column":12},"end":{"line":297,"column":14}},"104":{"start":{"line":299,"column":12},"end":{"line":328,"column":13}},"105":{"start":{"line":301,"column":14},"end":{"line":304,"column":16}},"106":{"start":{"line":306,"column":14},"end":{"line":327,"column":15}},"107":{"start":{"line":308,"column":35},"end":{"line":308,"column":77}},"108":{"start":{"line":310,"column":16},"end":{"line":326,"column":17}},"109":{"start":{"line":312,"column":18},"end":{"line":317,"column":20}},"110":{"start":{"line":319,"column":18},"end":{"line":325,"column":19}},"111":{"start":{"line":320,"column":20},"end":{"line":320,"column":39}},"112":{"start":{"line":321,"column":20},"end":{"line":321,"column":82}},"113":{"start":{"line":322,"column":20},"end":{"line":322,"column":82}},"114":{"start":{"line":323,"column":20},"end":{"line":323,"column":72}},"115":{"start":{"line":324,"column":20},"end":{"line":324,"column":36}},"116":{"start":{"line":330,"column":12},"end":{"line":330,"column":82}},"117":{"start":{"line":338,"column":27},"end":{"line":342,"column":39}},"118":{"start":{"line":344,"column":8},"end":{"line":347,"column":9}},"119":{"start":{"line":345,"column":10},"end":{"line":345,"column":25}},"120":{"start":{"line":346,"column":10},"end":{"line":346,"column":19}},"121":{"start":{"line":350,"column":29},"end":{"line":354,"column":null}},"122":{"start":{"line":358,"column":28},"end":{"line":427,"column":10}},"123":{"start":{"line":430,"column":8},"end":{"line":440,"column":11}},"124":{"start":{"line":442,"column":8},"end":{"line":442,"column":21}},"125":{"start":{"line":443,"column":8},"end":{"line":443,"column":29}},"126":{"start":{"line":444,"column":8},"end":{"line":451,"column":11}},"127":{"start":{"line":453,"column":8},"end":{"line":453,"column":77}},"128":{"start":{"line":458,"column":4},"end":{"line":458,"column":31}},"129":{"start":{"line":461,"column":4},"end":{"line":471,"column":5}},"130":{"start":{"line":462,"column":6},"end":{"line":470,"column":9}},"131":{"start":{"line":473,"column":25},"end":{"line":475,"column":35}},"132":{"start":{"line":476,"column":20},"end":{"line":478,"column":88}},"133":{"start":{"line":480,"column":4},"end":{"line":491,"column":7}},"134":{"start":{"line":493,"column":4},"end":{"line":493,"column":43}},"135":{"start":{"line":496,"column":4},"end":{"line":505,"column":5}},"136":{"start":{"line":497,"column":6},"end":{"line":504,"column":9}},"137":{"start":{"line":507,"column":4},"end":{"line":515,"column":6}},"138":{"start":{"line":521,"column":2},"end":{"line":539,"column":5}}},"fnMap":{"0":{"name":"parsePrice","decl":{"start":{"line":25,"column":9},"end":{"line":25,"column":19}},"loc":{"start":{"line":25,"column":36},"end":{"line":31,"column":1}}},"1":{"name":"extractListingId","decl":{"start":{"line":34,"column":9},"end":{"line":34,"column":25}},"loc":{"start":{"line":34,"column":37},"end":{"line":37,"column":1}}},"2":{"name":"scrapeCraigslistWithPlaywright","decl":{"start":{"line":55,"column":15},"end":{"line":55,"column":45}},"loc":{"start":{"line":60,"column":19},"end":{"line":181,"column":1}}},"3":{"name":"(anonymous_4)","decl":{"start":{"line":90,"column":13},"end":{"line":90,"column":16}},"loc":{"start":{"line":90,"column":18},"end":{"line":92,"column":7}}},"4":{"name":"(anonymous_5)","decl":{"start":{"line":95,"column":41},"end":{"line":95,"column":44}},"loc":{"start":{"line":95,"column":46},"end":{"line":163,"column":5}}},"5":{"name":"(anonymous_6)","decl":{"start":{"line":168,"column":51},"end":{"line":168,"column":52}},"loc":{"start":{"line":168,"column":62},"end":{"line":175,"column":6}}},"6":{"name":"POST","decl":{"start":{"line":184,"column":22},"end":{"line":184,"column":26}},"loc":{"start":{"line":184,"column":47},"end":{"line":517,"column":1}}},"7":{"name":"GET","decl":{"start":{"line":520,"column":22},"end":{"line":520,"column":25}},"loc":{"start":{"line":520,"column":25},"end":{"line":540,"column":1}}}},"branchMap":{"0":{"loc":{"start":{"line":27,"column":2},"end":{"line":29,"column":3}},"type":"if","locations":[{"start":{"line":27,"column":2},"end":{"line":29,"column":3}},{"start":{},"end":{}}]},"1":{"loc":{"start":{"line":36,"column":9},"end":{"line":36,"column":31}},"type":"cond-expr","locations":[{"start":{"line":36,"column":17},"end":{"line":36,"column":25}},{"start":{"line":36,"column":28},"end":{"line":36,"column":31}}]},"2":{"loc":{"start":{"line":72,"column":25},"end":{"line":72,"column":57}},"type":"binary-expr","locations":[{"start":{"line":72,"column":25},"end":{"line":72,"column":48}},{"start":{"line":72,"column":52},"end":{"line":72,"column":57}}]},"3":{"loc":{"start":{"line":75,"column":4},"end":{"line":75,"column":48}},"type":"if","locations":[{"start":{"line":75,"column":4},"end":{"line":75,"column":48}},{"start":{},"end":{}}]},"4":{"loc":{"start":{"line":76,"column":4},"end":{"line":76,"column":69}},"type":"if","locations":[{"start":{"line":76,"column":4},"end":{"line":76,"column":69}},{"start":{},"end":{}}]},"5":{"loc":{"start":{"line":77,"column":4},"end":{"line":77,"column":69}},"type":"if","locations":[{"start":{"line":77,"column":4},"end":{"line":77,"column":69}},{"start":{},"end":{}}]},"6":{"loc":{"start":{"line":115,"column":8},"end":{"line":118,"column":9}},"type":"if","locations":[{"start":{"line":115,"column":8},"end":{"line":118,"column":9}},{"start":{},"end":{}}]},"7":{"loc":{"start":{"line":122,"column":6},"end":{"line":124,"column":7}},"type":"if","locations":[{"start":{"line":122,"column":6},"end":{"line":124,"column":7}},{"start":{},"end":{}}]},"8":{"loc":{"start":{"line":134,"column":12},"end":{"line":134,"column":88}},"type":"binary-expr","locations":[{"start":{"line":134,"column":12},"end":{"line":134,"column":38}},{"start":{"line":134,"column":42},"end":{"line":134,"column":82}},{"start":{"line":134,"column":86},"end":{"line":134,"column":88}}]},"9":{"loc":{"start":{"line":134,"column":12},"end":{"line":134,"column":38}},"type":"cond-expr","locations":[{"start":{"line":134,"column":30},"end":{"line":134,"column":32}},{"start":{"line":134,"column":30},"end":{"line":134,"column":38}}]},"10":{"loc":{"start":{"line":134,"column":12},"end":{"line":134,"column":32}},"type":"binary-expr","locations":[{"start":{"line":134,"column":12},"end":{"line":134,"column":32}},{"start":{"line":134,"column":30},"end":{"line":134,"column":32}}]},"11":{"loc":{"start":{"line":134,"column":12},"end":{"line":134,"column":30}},"type":"cond-expr","locations":[{"start":{"line":134,"column":19},"end":{"line":134,"column":21}},{"start":{"line":134,"column":12},"end":{"line":134,"column":30}}]},"12":{"loc":{"start":{"line":134,"column":12},"end":{"line":134,"column":21}},"type":"binary-expr","locations":[{"start":{"line":134,"column":12},"end":{"line":134,"column":21}},{"start":{"line":134,"column":12},"end":{"line":134,"column":21}}]},"13":{"loc":{"start":{"line":134,"column":42},"end":{"line":134,"column":82}},"type":"cond-expr","locations":[{"start":{"line":134,"column":74},"end":{"line":134,"column":76}},{"start":{"line":134,"column":74},"end":{"line":134,"column":82}}]},"14":{"loc":{"start":{"line":134,"column":42},"end":{"line":134,"column":76}},"type":"binary-expr","locations":[{"start":{"line":134,"column":42},"end":{"line":134,"column":76}},{"start":{"line":134,"column":74},"end":{"line":134,"column":76}}]},"15":{"loc":{"start":{"line":134,"column":42},"end":{"line":134,"column":74}},"type":"cond-expr","locations":[{"start":{"line":134,"column":63},"end":{"line":134,"column":65}},{"start":{"line":134,"column":63},"end":{"line":134,"column":74}}]},"16":{"loc":{"start":{"line":134,"column":42},"end":{"line":134,"column":65}},"type":"binary-expr","locations":[{"start":{"line":134,"column":42},"end":{"line":134,"column":65}},{"start":{"line":134,"column":63},"end":{"line":134,"column":65}}]},"17":{"loc":{"start":{"line":138,"column":22},"end":{"line":138,"column":40}},"type":"binary-expr","locations":[{"start":{"line":138,"column":22},"end":{"line":138,"column":34}},{"start":{"line":138,"column":38},"end":{"line":138,"column":40}}]},"18":{"loc":{"start":{"line":138,"column":22},"end":{"line":138,"column":34}},"type":"cond-expr","locations":[{"start":{"line":138,"column":28},"end":{"line":138,"column":30}},{"start":{"line":138,"column":22},"end":{"line":138,"column":34}}]},"19":{"loc":{"start":{"line":138,"column":22},"end":{"line":138,"column":30}},"type":"binary-expr","locations":[{"start":{"line":138,"column":22},"end":{"line":138,"column":30}},{"start":{"line":138,"column":22},"end":{"line":138,"column":30}}]},"20":{"loc":{"start":{"line":142,"column":24},"end":{"line":142,"column":58}},"type":"binary-expr","locations":[{"start":{"line":142,"column":24},"end":{"line":142,"column":50}},{"start":{"line":142,"column":54},"end":{"line":142,"column":58}}]},"21":{"loc":{"start":{"line":142,"column":24},"end":{"line":142,"column":50}},"type":"cond-expr","locations":[{"start":{"line":142,"column":42},"end":{"line":142,"column":44}},{"start":{"line":142,"column":42},"end":{"line":142,"column":50}}]},"22":{"loc":{"start":{"line":142,"column":24},"end":{"line":142,"column":44}},"type":"binary-expr","locations":[{"start":{"line":142,"column":24},"end":{"line":142,"column":44}},{"start":{"line":142,"column":42},"end":{"line":142,"column":44}}]},"23":{"loc":{"start":{"line":142,"column":24},"end":{"line":142,"column":42}},"type":"cond-expr","locations":[{"start":{"line":142,"column":31},"end":{"line":142,"column":33}},{"start":{"line":142,"column":24},"end":{"line":142,"column":42}}]},"24":{"loc":{"start":{"line":142,"column":24},"end":{"line":142,"column":33}},"type":"binary-expr","locations":[{"start":{"line":142,"column":24},"end":{"line":142,"column":33}},{"start":{"line":142,"column":24},"end":{"line":142,"column":33}}]},"25":{"loc":{"start":{"line":148,"column":27},"end":{"line":148,"column":83}},"type":"binary-expr","locations":[{"start":{"line":148,"column":27},"end":{"line":148,"column":77}},{"start":{"line":148,"column":81},"end":{"line":148,"column":83}}]},"26":{"loc":{"start":{"line":148,"column":27},"end":{"line":148,"column":77}},"type":"cond-expr","locations":[{"start":{"line":148,"column":48},"end":{"line":148,"column":50}},{"start":{"line":148,"column":48},"end":{"line":148,"column":77}}]},"27":{"loc":{"start":{"line":148,"column":27},"end":{"line":148,"column":50}},"type":"binary-expr","locations":[{"start":{"line":148,"column":27},"end":{"line":148,"column":50}},{"start":{"line":148,"column":48},"end":{"line":148,"column":50}}]},"28":{"loc":{"start":{"line":148,"column":27},"end":{"line":148,"column":48}},"type":"cond-expr","locations":[{"start":{"line":148,"column":37},"end":{"line":148,"column":39}},{"start":{"line":148,"column":27},"end":{"line":148,"column":48}}]},"29":{"loc":{"start":{"line":148,"column":27},"end":{"line":148,"column":39}},"type":"binary-expr","locations":[{"start":{"line":148,"column":27},"end":{"line":148,"column":39}},{"start":{"line":148,"column":27},"end":{"line":148,"column":39}}]},"30":{"loc":{"start":{"line":152,"column":27},"end":{"line":152,"column":43}},"type":"binary-expr","locations":[{"start":{"line":152,"column":27},"end":{"line":152,"column":37}},{"start":{"line":152,"column":41},"end":{"line":152,"column":43}}]},"31":{"loc":{"start":{"line":152,"column":27},"end":{"line":152,"column":37}},"type":"cond-expr","locations":[{"start":{"line":152,"column":32},"end":{"line":152,"column":34}},{"start":{"line":152,"column":27},"end":{"line":152,"column":37}}]},"32":{"loc":{"start":{"line":152,"column":27},"end":{"line":152,"column":34}},"type":"binary-expr","locations":[{"start":{"line":152,"column":27},"end":{"line":152,"column":34}},{"start":{"line":152,"column":27},"end":{"line":152,"column":34}}]},"33":{"loc":{"start":{"line":154,"column":10},"end":{"line":156,"column":11}},"type":"if","locations":[{"start":{"line":154,"column":10},"end":{"line":156,"column":11}},{"start":{},"end":{}}]},"34":{"loc":{"start":{"line":154,"column":14},"end":{"line":154,"column":58}},"type":"binary-expr","locations":[{"start":{"line":154,"column":14},"end":{"line":154,"column":19}},{"start":{"line":154,"column":23},"end":{"line":154,"column":26}},{"start":{"line":154,"column":30},"end":{"line":154,"column":58}}]},"35":{"loc":{"start":{"line":172,"column":16},"end":{"line":172,"column":41}},"type":"binary-expr","locations":[{"start":{"line":172,"column":16},"end":{"line":172,"column":29}},{"start":{"line":172,"column":33},"end":{"line":172,"column":41}}]},"36":{"loc":{"start":{"line":174,"column":17},"end":{"line":174,"column":60}},"type":"cond-expr","locations":[{"start":{"line":174,"column":33},"end":{"line":174,"column":48}},{"start":{"line":174,"column":51},"end":{"line":174,"column":60}}]},"37":{"loc":{"start":{"line":189,"column":4},"end":{"line":191,"column":5}},"type":"if","locations":[{"start":{"line":189,"column":4},"end":{"line":191,"column":5}},{"start":{},"end":{}}]},"38":{"loc":{"start":{"line":195,"column":4},"end":{"line":200,"column":5}},"type":"if","locations":[{"start":{"line":195,"column":4},"end":{"line":200,"column":5}},{"start":{},"end":{}}]},"39":{"loc":{"start":{"line":195,"column":8},"end":{"line":195,"column":30}},"type":"binary-expr","locations":[{"start":{"line":195,"column":8},"end":{"line":195,"column":17}},{"start":{"line":195,"column":21},"end":{"line":195,"column":30}}]},"40":{"loc":{"start":{"line":223,"column":4},"end":{"line":242,"column":5}},"type":"if","locations":[{"start":{"line":223,"column":4},"end":{"line":242,"column":5}},{"start":{},"end":{}}]},"41":{"loc":{"start":{"line":260,"column":32},"end":{"line":260,"column":83}},"type":"cond-expr","locations":[{"start":{"line":260,"column":41},"end":{"line":260,"column":50}},{"start":{"line":260,"column":53},"end":{"line":260,"column":83}}]},"42":{"loc":{"start":{"line":265,"column":8},"end":{"line":265,"column":38}},"type":"if","locations":[{"start":{"line":265,"column":8},"end":{"line":265,"column":38}},{"start":{},"end":{}}]},"43":{"loc":{"start":{"line":268,"column":60},"end":{"line":268,"column":84}},"type":"binary-expr","locations":[{"start":{"line":268,"column":60},"end":{"line":268,"column":76}},{"start":{"line":268,"column":80},"end":{"line":268,"column":84}}]},"44":{"loc":{"start":{"line":273,"column":10},"end":{"line":273,"column":34}},"type":"binary-expr","locations":[{"start":{"line":273,"column":10},"end":{"line":273,"column":26}},{"start":{"line":273,"column":30},"end":{"line":273,"column":34}}]},"45":{"loc":{"start":{"line":289,"column":8},"end":{"line":333,"column":9}},"type":"if","locations":[{"start":{"line":289,"column":8},"end":{"line":333,"column":9}},{"start":{},"end":{}}]},"46":{"loc":{"start":{"line":294,"column":14},"end":{"line":294,"column":38}},"type":"binary-expr","locations":[{"start":{"line":294,"column":14},"end":{"line":294,"column":30}},{"start":{"line":294,"column":34},"end":{"line":294,"column":38}}]},"47":{"loc":{"start":{"line":299,"column":12},"end":{"line":328,"column":13}},"type":"if","locations":[{"start":{"line":299,"column":12},"end":{"line":328,"column":13}},{"start":{},"end":{}}]},"48":{"loc":{"start":{"line":299,"column":16},"end":{"line":299,"column":67}},"type":"binary-expr","locations":[{"start":{"line":299,"column":16},"end":{"line":299,"column":30}},{"start":{"line":299,"column":34},"end":{"line":299,"column":67}}]},"49":{"loc":{"start":{"line":306,"column":14},"end":{"line":327,"column":15}},"type":"if","locations":[{"start":{"line":306,"column":14},"end":{"line":327,"column":15}},{"start":{},"end":{}}]},"50":{"loc":{"start":{"line":306,"column":18},"end":{"line":306,"column":57}},"type":"binary-expr","locations":[{"start":{"line":306,"column":18},"end":{"line":306,"column":28}},{"start":{"line":306,"column":32},"end":{"line":306,"column":57}}]},"51":{"loc":{"start":{"line":310,"column":16},"end":{"line":326,"column":17}},"type":"if","locations":[{"start":{"line":310,"column":16},"end":{"line":326,"column":17}},{"start":{},"end":{}}]},"52":{"loc":{"start":{"line":319,"column":18},"end":{"line":325,"column":19}},"type":"if","locations":[{"start":{"line":319,"column":18},"end":{"line":325,"column":19}},{"start":{},"end":{}}]},"53":{"loc":{"start":{"line":338,"column":27},"end":{"line":342,"column":39}},"type":"cond-expr","locations":[{"start":{"line":339,"column":12},"end":{"line":341,"column":57}},{"start":{"line":342,"column":12},"end":{"line":342,"column":39}}]},"54":{"loc":{"start":{"line":339,"column":12},"end":{"line":341,"column":57}},"type":"binary-expr","locations":[{"start":{"line":339,"column":12},"end":{"line":339,"column":26}},{"start":{"line":340,"column":12},"end":{"line":340,"column":40}},{"start":{"line":341,"column":12},"end":{"line":341,"column":57}}]},"55":{"loc":{"start":{"line":344,"column":8},"end":{"line":347,"column":9}},"type":"if","locations":[{"start":{"line":344,"column":8},"end":{"line":347,"column":9}},{"start":{},"end":{}}]},"56":{"loc":{"start":{"line":353,"column":10},"end":{"line":353,"column":91}},"type":"binary-expr","locations":[{"start":{"line":353,"column":10},"end":{"line":353,"column":31}},{"start":{"line":353,"column":35},"end":{"line":353,"column":91}}]},"57":{"loc":{"start":{"line":353,"column":35},"end":{"line":353,"column":77}},"type":"cond-expr","locations":[{"start":{"line":353,"column":54},"end":{"line":353,"column":56}},{"start":{"line":353,"column":35},"end":{"line":353,"column":77}}]},"58":{"loc":{"start":{"line":353,"column":35},"end":{"line":353,"column":56}},"type":"binary-expr","locations":[{"start":{"line":353,"column":35},"end":{"line":353,"column":56}},{"start":{"line":353,"column":35},"end":{"line":353,"column":56}}]},"59":{"loc":{"start":{"line":367,"column":21},"end":{"line":367,"column":75}},"type":"cond-expr","locations":[{"start":{"line":367,"column":38},"end":{"line":367,"column":68}},{"start":{"line":367,"column":71},"end":{"line":367,"column":75}}]},"60":{"loc":{"start":{"line":368,"column":20},"end":{"line":368,"column":64}},"type":"binary-expr","locations":[{"start":{"line":368,"column":20},"end":{"line":368,"column":44}},{"start":{"line":368,"column":48},"end":{"line":368,"column":64}}]},"61":{"loc":{"start":{"line":368,"column":20},"end":{"line":368,"column":44}},"type":"cond-expr","locations":[{"start":{"line":368,"column":34},"end":{"line":368,"column":36}},{"start":{"line":368,"column":20},"end":{"line":368,"column":44}}]},"62":{"loc":{"start":{"line":368,"column":20},"end":{"line":368,"column":36}},"type":"binary-expr","locations":[{"start":{"line":368,"column":20},"end":{"line":368,"column":36}},{"start":{"line":368,"column":20},"end":{"line":368,"column":36}}]},"63":{"loc":{"start":{"line":385,"column":17},"end":{"line":385,"column":72}},"type":"binary-expr","locations":[{"start":{"line":385,"column":17},"end":{"line":385,"column":52}},{"start":{"line":385,"column":56},"end":{"line":385,"column":72}}]},"64":{"loc":{"start":{"line":385,"column":17},"end":{"line":385,"column":52}},"type":"cond-expr","locations":[{"start":{"line":385,"column":36},"end":{"line":385,"column":38}},{"start":{"line":385,"column":17},"end":{"line":385,"column":52}}]},"65":{"loc":{"start":{"line":385,"column":17},"end":{"line":385,"column":38}},"type":"binary-expr","locations":[{"start":{"line":385,"column":17},"end":{"line":385,"column":38}},{"start":{"line":385,"column":17},"end":{"line":385,"column":38}}]},"66":{"loc":{"start":{"line":394,"column":27},"end":{"line":394,"column":56}},"type":"binary-expr","locations":[{"start":{"line":394,"column":27},"end":{"line":394,"column":48}},{"start":{"line":394,"column":52},"end":{"line":394,"column":56}}]},"67":{"loc":{"start":{"line":394,"column":27},"end":{"line":394,"column":48}},"type":"cond-expr","locations":[{"start":{"line":394,"column":41},"end":{"line":394,"column":43}},{"start":{"line":394,"column":27},"end":{"line":394,"column":48}}]},"68":{"loc":{"start":{"line":394,"column":27},"end":{"line":394,"column":43}},"type":"binary-expr","locations":[{"start":{"line":394,"column":27},"end":{"line":394,"column":43}},{"start":{"line":394,"column":27},"end":{"line":394,"column":43}}]},"69":{"loc":{"start":{"line":395,"column":27},"end":{"line":395,"column":56}},"type":"binary-expr","locations":[{"start":{"line":395,"column":27},"end":{"line":395,"column":48}},{"start":{"line":395,"column":52},"end":{"line":395,"column":56}}]},"70":{"loc":{"start":{"line":395,"column":27},"end":{"line":395,"column":48}},"type":"cond-expr","locations":[{"start":{"line":395,"column":41},"end":{"line":395,"column":43}},{"start":{"line":395,"column":27},"end":{"line":395,"column":48}}]},"71":{"loc":{"start":{"line":395,"column":27},"end":{"line":395,"column":43}},"type":"binary-expr","locations":[{"start":{"line":395,"column":27},"end":{"line":395,"column":43}},{"start":{"line":395,"column":27},"end":{"line":395,"column":43}}]},"72":{"loc":{"start":{"line":396,"column":29},"end":{"line":396,"column":60}},"type":"binary-expr","locations":[{"start":{"line":396,"column":29},"end":{"line":396,"column":52}},{"start":{"line":396,"column":56},"end":{"line":396,"column":60}}]},"73":{"loc":{"start":{"line":396,"column":29},"end":{"line":396,"column":52}},"type":"cond-expr","locations":[{"start":{"line":396,"column":43},"end":{"line":396,"column":45}},{"start":{"line":396,"column":29},"end":{"line":396,"column":52}}]},"74":{"loc":{"start":{"line":396,"column":29},"end":{"line":396,"column":45}},"type":"binary-expr","locations":[{"start":{"line":396,"column":29},"end":{"line":396,"column":45}},{"start":{"line":396,"column":29},"end":{"line":396,"column":45}}]},"75":{"loc":{"start":{"line":397,"column":31},"end":{"line":397,"column":64}},"type":"binary-expr","locations":[{"start":{"line":397,"column":31},"end":{"line":397,"column":56}},{"start":{"line":397,"column":60},"end":{"line":397,"column":64}}]},"76":{"loc":{"start":{"line":397,"column":31},"end":{"line":397,"column":56}},"type":"cond-expr","locations":[{"start":{"line":397,"column":45},"end":{"line":397,"column":47}},{"start":{"line":397,"column":31},"end":{"line":397,"column":56}}]},"77":{"loc":{"start":{"line":397,"column":31},"end":{"line":397,"column":47}},"type":"binary-expr","locations":[{"start":{"line":397,"column":31},"end":{"line":397,"column":47}},{"start":{"line":397,"column":31},"end":{"line":397,"column":47}}]},"78":{"loc":{"start":{"line":401,"column":28},"end":{"line":401,"column":61}},"type":"cond-expr","locations":[{"start":{"line":401,"column":41},"end":{"line":401,"column":54}},{"start":{"line":401,"column":57},"end":{"line":401,"column":61}}]},"79":{"loc":{"start":{"line":402,"column":26},"end":{"line":402,"column":56}},"type":"cond-expr","locations":[{"start":{"line":402,"column":39},"end":{"line":402,"column":49}},{"start":{"line":402,"column":52},"end":{"line":402,"column":56}}]},"80":{"loc":{"start":{"line":403,"column":31},"end":{"line":405,"column":18}},"type":"cond-expr","locations":[{"start":{"line":404,"column":14},"end":{"line":404,"column":65}},{"start":{"line":405,"column":14},"end":{"line":405,"column":18}}]},"81":{"loc":{"start":{"line":408,"column":28},"end":{"line":408,"column":73}},"type":"binary-expr","locations":[{"start":{"line":408,"column":28},"end":{"line":408,"column":65}},{"start":{"line":408,"column":69},"end":{"line":408,"column":73}}]},"82":{"loc":{"start":{"line":408,"column":28},"end":{"line":408,"column":65}},"type":"cond-expr","locations":[{"start":{"line":408,"column":47},"end":{"line":408,"column":49}},{"start":{"line":408,"column":28},"end":{"line":408,"column":65}}]},"83":{"loc":{"start":{"line":408,"column":28},"end":{"line":408,"column":49}},"type":"binary-expr","locations":[{"start":{"line":408,"column":28},"end":{"line":408,"column":49}},{"start":{"line":408,"column":28},"end":{"line":408,"column":49}}]},"84":{"loc":{"start":{"line":409,"column":23},"end":{"line":409,"column":63}},"type":"binary-expr","locations":[{"start":{"line":409,"column":23},"end":{"line":409,"column":55}},{"start":{"line":409,"column":59},"end":{"line":409,"column":63}}]},"85":{"loc":{"start":{"line":409,"column":23},"end":{"line":409,"column":55}},"type":"cond-expr","locations":[{"start":{"line":409,"column":42},"end":{"line":409,"column":44}},{"start":{"line":409,"column":23},"end":{"line":409,"column":55}}]},"86":{"loc":{"start":{"line":409,"column":23},"end":{"line":409,"column":44}},"type":"binary-expr","locations":[{"start":{"line":409,"column":23},"end":{"line":409,"column":44}},{"start":{"line":409,"column":23},"end":{"line":409,"column":44}}]},"87":{"loc":{"start":{"line":410,"column":30},"end":{"line":410,"column":77}},"type":"binary-expr","locations":[{"start":{"line":410,"column":30},"end":{"line":410,"column":69}},{"start":{"line":410,"column":73},"end":{"line":410,"column":77}}]},"88":{"loc":{"start":{"line":410,"column":30},"end":{"line":410,"column":69}},"type":"cond-expr","locations":[{"start":{"line":410,"column":49},"end":{"line":410,"column":51}},{"start":{"line":410,"column":30},"end":{"line":410,"column":69}}]},"89":{"loc":{"start":{"line":410,"column":30},"end":{"line":410,"column":51}},"type":"binary-expr","locations":[{"start":{"line":410,"column":30},"end":{"line":410,"column":51}},{"start":{"line":410,"column":30},"end":{"line":410,"column":51}}]},"90":{"loc":{"start":{"line":411,"column":28},"end":{"line":411,"column":73}},"type":"binary-expr","locations":[{"start":{"line":411,"column":28},"end":{"line":411,"column":65}},{"start":{"line":411,"column":69},"end":{"line":411,"column":73}}]},"91":{"loc":{"start":{"line":411,"column":28},"end":{"line":411,"column":65}},"type":"cond-expr","locations":[{"start":{"line":411,"column":47},"end":{"line":411,"column":49}},{"start":{"line":411,"column":28},"end":{"line":411,"column":65}}]},"92":{"loc":{"start":{"line":411,"column":28},"end":{"line":411,"column":49}},"type":"binary-expr","locations":[{"start":{"line":411,"column":28},"end":{"line":411,"column":49}},{"start":{"line":411,"column":28},"end":{"line":411,"column":49}}]},"93":{"loc":{"start":{"line":412,"column":28},"end":{"line":412,"column":78}},"type":"binary-expr","locations":[{"start":{"line":412,"column":28},"end":{"line":412,"column":70}},{"start":{"line":412,"column":74},"end":{"line":412,"column":78}}]},"94":{"loc":{"start":{"line":412,"column":28},"end":{"line":412,"column":70}},"type":"cond-expr","locations":[{"start":{"line":412,"column":47},"end":{"line":412,"column":49}},{"start":{"line":412,"column":28},"end":{"line":412,"column":70}}]},"95":{"loc":{"start":{"line":412,"column":28},"end":{"line":412,"column":49}},"type":"binary-expr","locations":[{"start":{"line":412,"column":28},"end":{"line":412,"column":49}},{"start":{"line":412,"column":28},"end":{"line":412,"column":49}}]},"96":{"loc":{"start":{"line":413,"column":27},"end":{"line":413,"column":76}},"type":"binary-expr","locations":[{"start":{"line":413,"column":27},"end":{"line":413,"column":68}},{"start":{"line":413,"column":72},"end":{"line":413,"column":76}}]},"97":{"loc":{"start":{"line":413,"column":27},"end":{"line":413,"column":68}},"type":"cond-expr","locations":[{"start":{"line":413,"column":46},"end":{"line":413,"column":48}},{"start":{"line":413,"column":27},"end":{"line":413,"column":68}}]},"98":{"loc":{"start":{"line":413,"column":27},"end":{"line":413,"column":48}},"type":"binary-expr","locations":[{"start":{"line":413,"column":27},"end":{"line":413,"column":48}},{"start":{"line":413,"column":27},"end":{"line":413,"column":48}}]},"99":{"loc":{"start":{"line":414,"column":26},"end":{"line":414,"column":69}},"type":"binary-expr","locations":[{"start":{"line":414,"column":26},"end":{"line":414,"column":61}},{"start":{"line":414,"column":65},"end":{"line":414,"column":69}}]},"100":{"loc":{"start":{"line":414,"column":26},"end":{"line":414,"column":61}},"type":"cond-expr","locations":[{"start":{"line":414,"column":45},"end":{"line":414,"column":47}},{"start":{"line":414,"column":26},"end":{"line":414,"column":61}}]},"101":{"loc":{"start":{"line":414,"column":26},"end":{"line":414,"column":47}},"type":"binary-expr","locations":[{"start":{"line":414,"column":26},"end":{"line":414,"column":47}},{"start":{"line":414,"column":26},"end":{"line":414,"column":47}}]},"102":{"loc":{"start":{"line":421,"column":24},"end":{"line":421,"column":55}},"type":"cond-expr","locations":[{"start":{"line":421,"column":38},"end":{"line":421,"column":48}},{"start":{"line":421,"column":51},"end":{"line":421,"column":55}}]},"103":{"loc":{"start":{"line":422,"column":30},"end":{"line":422,"column":69}},"type":"binary-expr","locations":[{"start":{"line":422,"column":30},"end":{"line":422,"column":61}},{"start":{"line":422,"column":65},"end":{"line":422,"column":69}}]},"104":{"loc":{"start":{"line":422,"column":30},"end":{"line":422,"column":61}},"type":"cond-expr","locations":[{"start":{"line":422,"column":49},"end":{"line":422,"column":51}},{"start":{"line":422,"column":30},"end":{"line":422,"column":61}}]},"105":{"loc":{"start":{"line":422,"column":30},"end":{"line":422,"column":51}},"type":"binary-expr","locations":[{"start":{"line":422,"column":30},"end":{"line":422,"column":51}},{"start":{"line":422,"column":30},"end":{"line":422,"column":51}}]},"106":{"loc":{"start":{"line":423,"column":29},"end":{"line":423,"column":67}},"type":"binary-expr","locations":[{"start":{"line":423,"column":29},"end":{"line":423,"column":59}},{"start":{"line":423,"column":63},"end":{"line":423,"column":67}}]},"107":{"loc":{"start":{"line":423,"column":29},"end":{"line":423,"column":59}},"type":"cond-expr","locations":[{"start":{"line":423,"column":48},"end":{"line":423,"column":50}},{"start":{"line":423,"column":29},"end":{"line":423,"column":59}}]},"108":{"loc":{"start":{"line":423,"column":29},"end":{"line":423,"column":50}},"type":"binary-expr","locations":[{"start":{"line":423,"column":29},"end":{"line":423,"column":50}},{"start":{"line":423,"column":29},"end":{"line":423,"column":50}}]},"109":{"loc":{"start":{"line":449,"column":20},"end":{"line":449,"column":39}},"type":"cond-expr","locations":[{"start":{"line":449,"column":34},"end":{"line":449,"column":37}},{"start":{"line":449,"column":34},"end":{"line":449,"column":39}}]},"110":{"loc":{"start":{"line":449,"column":20},"end":{"line":449,"column":37}},"type":"binary-expr","locations":[{"start":{"line":449,"column":20},"end":{"line":449,"column":37}},{"start":{"line":449,"column":34},"end":{"line":449,"column":37}}]},"111":{"loc":{"start":{"line":450,"column":20},"end":{"line":450,"column":69}},"type":"binary-expr","locations":[{"start":{"line":450,"column":20},"end":{"line":450,"column":39}},{"start":{"line":450,"column":43},"end":{"line":450,"column":69}}]},"112":{"loc":{"start":{"line":461,"column":4},"end":{"line":471,"column":5}},"type":"if","locations":[{"start":{"line":461,"column":4},"end":{"line":471,"column":5}},{"start":{},"end":{}}]},"113":{"loc":{"start":{"line":473,"column":25},"end":{"line":475,"column":35}},"type":"cond-expr","locations":[{"start":{"line":474,"column":8},"end":{"line":474,"column":46}},{"start":{"line":475,"column":8},"end":{"line":475,"column":35}}]},"114":{"loc":{"start":{"line":476,"column":20},"end":{"line":478,"column":88}},"type":"cond-expr","locations":[{"start":{"line":477,"column":8},"end":{"line":477,"column":133}},{"start":{"line":478,"column":8},"end":{"line":478,"column":88}}]},"115":{"loc":{"start":{"line":490,"column":13},"end":{"line":490,"column":20}},"type":"cond-expr","locations":[{"start":{"line":490,"column":16},"end":{"line":490,"column":18}},{"start":{"line":490,"column":13},"end":{"line":490,"column":20}}]},"116":{"loc":{"start":{"line":490,"column":13},"end":{"line":490,"column":18}},"type":"binary-expr","locations":[{"start":{"line":490,"column":13},"end":{"line":490,"column":18}},{"start":{"line":490,"column":13},"end":{"line":490,"column":18}}]},"117":{"loc":{"start":{"line":496,"column":4},"end":{"line":505,"column":5}},"type":"if","locations":[{"start":{"line":496,"column":4},"end":{"line":505,"column":5}},{"start":{},"end":{}}]},"118":{"loc":{"start":{"line":501,"column":24},"end":{"line":501,"column":80}},"type":"cond-expr","locations":[{"start":{"line":501,"column":49},"end":{"line":501,"column":62}},{"start":{"line":501,"column":65},"end":{"line":501,"column":80}}]},"119":{"loc":{"start":{"line":511,"column":15},"end":{"line":511,"column":71}},"type":"cond-expr","locations":[{"start":{"line":511,"column":40},"end":{"line":511,"column":53}},{"start":{"line":511,"column":56},"end":{"line":511,"column":71}}]},"120":{"loc":{"start":{"line":512,"column":15},"end":{"line":512,"column":22}},"type":"cond-expr","locations":[{"start":{"line":512,"column":18},"end":{"line":512,"column":20}},{"start":{"line":512,"column":15},"end":{"line":512,"column":22}}]},"121":{"loc":{"start":{"line":512,"column":15},"end":{"line":512,"column":20}},"type":"binary-expr","locations":[{"start":{"line":512,"column":15},"end":{"line":512,"column":20}},{"start":{"line":512,"column":15},"end":{"line":512,"column":20}}]}},"s":{"0":1,"1":1,"2":1,"3":1,"4":1,"5":1,"6":1,"7":1,"8":1,"9":1,"10":1,"11":20,"12":20,"13":19,"14":1,"15":20,"16":20,"17":1,"18":28,"19":27,"20":27,"21":27,"22":27,"23":27,"24":27,"25":27,"26":1,"27":27,"28":1,"29":27,"30":1,"31":27,"32":27,"33":27,"34":26,"35":1,"36":26,"37":0,"38":0,"39":0,"40":0,"41":0,"42":0,"43":0,"44":0,"45":0,"46":0,"47":0,"48":0,"49":0,"50":0,"51":0,"52":0,"53":0,"54":0,"55":0,"56":0,"57":0,"58":0,"59":0,"60":0,"61":0,"62":25,"63":25,"64":20,"65":25,"66":27,"67":32,"68":32,"69":32,"70":32,"71":1,"72":31,"73":31,"74":31,"75":3,"76":28,"77":28,"78":25,"79":7,"80":7,"81":18,"82":18,"83":18,"84":18,"85":18,"86":18,"87":18,"88":18,"89":20,"90":20,"91":2,"92":18,"93":18,"94":18,"95":18,"96":18,"97":18,"98":18,"99":18,"100":18,"101":18,"102":7,"103":7,"104":6,"105":4,"106":4,"107":3,"108":3,"109":2,"110":2,"111":2,"112":2,"113":2,"114":2,"115":2,"116":1,"117":18,"118":18,"119":5,"120":5,"121":13,"122":13,"123":13,"124":12,"125":12,"126":12,"127":1,"128":18,"129":18,"130":18,"131":18,"132":18,"133":18,"134":3,"135":3,"136":3,"137":3,"138":3},"f":{"0":20,"1":20,"2":28,"3":1,"4":0,"5":20,"6":32,"7":3},"b":{"0":[19,1],"1":[20,0],"2":[27,0],"3":[1,26],"4":[1,26],"5":[1,26],"6":[0,0],"7":[0,0],"8":[0,0,0],"9":[0,0],"10":[0,0],"11":[0,0],"12":[0,0],"13":[0,0],"14":[0,0],"15":[0,0],"16":[0,0],"17":[0,0],"18":[0,0],"19":[0,0],"20":[0,0],"21":[0,0],"22":[0,0],"23":[0,0],"24":[0,0],"25":[0,0],"26":[0,0],"27":[0,0],"28":[0,0],"29":[0,0],"30":[0,0],"31":[0,0],"32":[0,0],"33":[0,0],"34":[0,0,0],"35":[20,0],"36":[9,11],"37":[1,31],"38":[3,28],"39":[31,29],"40":[7,18],"41":[7,11],"42":[2,18],"43":[18,18],"44":[18,18],"45":[7,11],"46":[7,7],"47":[4,2],"48":[6,5],"49":[3,1],"50":[4,4],"51":[2,1],"52":[2,0],"53":[7,11],"54":[7,2,2],"55":[5,13],"56":[13,1],"57":[0,1],"58":[1,1],"59":[4,9],"60":[13,11],"61":[11,2],"62":[13,2],"63":[13,11],"64":[11,2],"65":[13,2],"66":[13,11],"67":[11,2],"68":[13,2],"69":[13,11],"70":[11,2],"71":[13,2],"72":[13,11],"73":[11,2],"74":[13,2],"75":[13,11],"76":[11,2],"77":[13,2],"78":[2,11],"79":[2,11],"80":[2,11],"81":[13,11],"82":[11,2],"83":[13,2],"84":[13,11],"85":[11,2],"86":[13,2],"87":[13,11],"88":[11,2],"89":[13,2],"90":[13,11],"91":[11,2],"92":[13,2],"93":[13,11],"94":[11,2],"95":[13,2],"96":[13,11],"97":[11,2],"98":[13,2],"99":[13,11],"100":[11,2],"101":[13,2],"102":[2,11],"103":[13,11],"104":[11,2],"105":[13,2],"106":[13,11],"107":[11,2],"108":[13,2],"109":[8,4],"110":[12,12],"111":[12,10],"112":[18,0],"113":[7,11],"114":[7,11],"115":[0,18],"116":[18,18],"117":[3,0],"118":[3,0],"119":[3,0],"120":[0,3],"121":[3,3]}}
}
