{"/home/ubuntu/.openclaw/workspace/projects/flipper-ai/src/app/api/scraper/offerup/route.ts": {"path":"/home/ubuntu/.openclaw/workspace/projects/flipper-ai/src/app/api/scraper/offerup/route.ts","statementMap":{"0":{"start":{"line":295,"column":0},"end":{"line":295,"column":7}},"1":{"start":{"line":548,"column":0},"end":{"line":548,"column":7}},"2":{"start":{"line":1,"column":0},"end":{"line":1,"column":56}},"3":{"start":{"line":2,"column":0},"end":{"line":2,"column":53}},"4":{"start":{"line":3,"column":0},"end":{"line":3,"column":30}},"5":{"start":{"line":4,"column":0},"end":{"line":4,"column":95}},"6":{"start":{"line":5,"column":0},"end":{"line":5,"column":54}},"7":{"start":{"line":6,"column":0},"end":{"line":6,"column":80}},"8":{"start":{"line":9,"column":28},"end":{"line":9,"column":32}},"9":{"start":{"line":10,"column":20},"end":{"line":10,"column":21}},"10":{"start":{"line":11,"column":27},"end":{"line":11,"column":32}},"11":{"start":{"line":27,"column":48},"end":{"line":42,"column":2}},"12":{"start":{"line":45,"column":27},"end":{"line":61,"column":2}},"13":{"start":{"line":65,"column":2},"end":{"line":65,"column":26}},"14":{"start":{"line":65,"column":17},"end":{"line":65,"column":26}},"15":{"start":{"line":67,"column":2},"end":{"line":67,"column":50}},"16":{"start":{"line":67,"column":41},"end":{"line":67,"column":50}},"17":{"start":{"line":68,"column":16},"end":{"line":68,"column":45}},"18":{"start":{"line":69,"column":2},"end":{"line":71,"column":3}},"19":{"start":{"line":70,"column":4},"end":{"line":70,"column":50}},"20":{"start":{"line":72,"column":2},"end":{"line":72,"column":11}},"21":{"start":{"line":78,"column":16},"end":{"line":78,"column":50}},"22":{"start":{"line":79,"column":2},"end":{"line":79,"column":29}},"23":{"start":{"line":79,"column":13},"end":{"line":79,"column":29}},"24":{"start":{"line":81,"column":19},"end":{"line":81,"column":43}},"25":{"start":{"line":82,"column":2},"end":{"line":82,"column":38}},"26":{"start":{"line":86,"column":0},"end":{"line":86,"column":36}},"27":{"start":{"line":93,"column":32},"end":{"line":93,"column":36}},"28":{"start":{"line":94,"column":2},"end":{"line":104,"column":3}},"29":{"start":{"line":94,"column":15},"end":{"line":94,"column":16}},"30":{"start":{"line":95,"column":4},"end":{"line":103,"column":5}},"31":{"start":{"line":96,"column":6},"end":{"line":96,"column":31}},"32":{"start":{"line":98,"column":6},"end":{"line":98,"column":76}},"33":{"start":{"line":99,"column":6},"end":{"line":99,"column":75}},"34":{"start":{"line":100,"column":6},"end":{"line":102,"column":7}},"35":{"start":{"line":101,"column":8},"end":{"line":101,"column":51}},"36":{"start":{"line":105,"column":2},"end":{"line":105,"column":18}},"37":{"start":{"line":116,"column":32},"end":{"line":116,"column":36}},"38":{"start":{"line":118,"column":2},"end":{"line":291,"column":3}},"39":{"start":{"line":119,"column":4},"end":{"line":126,"column":7}},"40":{"start":{"line":128,"column":20},"end":{"line":133,"column":6}},"41":{"start":{"line":136,"column":4},"end":{"line":138,"column":6}},"42":{"start":{"line":137,"column":6},"end":{"line":137,"column":19}},"43":{"start":{"line":139,"column":4},"end":{"line":139,"column":69}},"44":{"start":{"line":139,"column":54},"end":{"line":139,"column":67}},"45":{"start":{"line":140,"column":4},"end":{"line":140,"column":68}},"46":{"start":{"line":140,"column":53},"end":{"line":140,"column":66}},"47":{"start":{"line":142,"column":17},"end":{"line":142,"column":40}},"48":{"start":{"line":145,"column":25},"end":{"line":145,"column":59}},"49":{"start":{"line":146,"column":20},"end":{"line":146,"column":60}},"50":{"start":{"line":148,"column":25},"end":{"line":148,"column":46}},"51":{"start":{"line":149,"column":4},"end":{"line":149,"column":44}},"52":{"start":{"line":149,"column":15},"end":{"line":149,"column":44}},"53":{"start":{"line":150,"column":4},"end":{"line":150,"column":69}},"54":{"start":{"line":150,"column":18},"end":{"line":150,"column":69}},"55":{"start":{"line":151,"column":4},"end":{"line":151,"column":69}},"56":{"start":{"line":151,"column":18},"end":{"line":151,"column":69}},"57":{"start":{"line":152,"column":4},"end":{"line":152,"column":72}},"58":{"start":{"line":152,"column":32},"end":{"line":152,"column":72}},"59":{"start":{"line":154,"column":24},"end":{"line":154,"column":47}},"60":{"start":{"line":155,"column":4},"end":{"line":157,"column":5}},"61":{"start":{"line":156,"column":6},"end":{"line":156,"column":37}},"62":{"start":{"line":159,"column":4},"end":{"line":159,"column":55}},"63":{"start":{"line":161,"column":4},"end":{"line":166,"column":7}},"64":{"start":{"line":162,"column":6},"end":{"line":165,"column":9}},"65":{"start":{"line":169,"column":4},"end":{"line":169,"column":37}},"66":{"start":{"line":172,"column":4},"end":{"line":181,"column":9}},"67":{"start":{"line":180,"column":8},"end":{"line":180,"column":85}},"68":{"start":{"line":184,"column":24},"end":{"line":184,"column":44}},"69":{"start":{"line":185,"column":4},"end":{"line":191,"column":5}},"70":{"start":{"line":190,"column":6},"end":{"line":190,"column":87}},"71":{"start":{"line":194,"column":21},"end":{"line":271,"column":6}},"72":{"start":{"line":202,"column":11},"end":{"line":202,"column":13}},"73":{"start":{"line":205,"column":28},"end":{"line":210,"column":8}},"74":{"start":{"line":212,"column":39},"end":{"line":212,"column":41}},"75":{"start":{"line":213,"column":6},"end":{"line":219,"column":7}},"76":{"start":{"line":214,"column":25},"end":{"line":214,"column":60}},"77":{"start":{"line":215,"column":8},"end":{"line":218,"column":9}},"78":{"start":{"line":216,"column":10},"end":{"line":216,"column":49}},"79":{"start":{"line":217,"column":10},"end":{"line":217,"column":16}},"80":{"start":{"line":222,"column":6},"end":{"line":226,"column":7}},"81":{"start":{"line":223,"column":8},"end":{"line":225,"column":10}},"82":{"start":{"line":224,"column":18},"end":{"line":224,"column":69}},"83":{"start":{"line":228,"column":6},"end":{"line":268,"column":7}},"84":{"start":{"line":230,"column":8},"end":{"line":267,"column":9}},"85":{"start":{"line":232,"column":26},"end":{"line":233,"column":null}},"86":{"start":{"line":236,"column":12},"end":{"line":236,"column":93}},"87":{"start":{"line":239,"column":25},"end":{"line":239,"column":90}},"88":{"start":{"line":240,"column":22},"end":{"line":240,"column":40}},"89":{"start":{"line":243,"column":26},"end":{"line":244,"column":null}},"90":{"start":{"line":246,"column":24},"end":{"line":246,"column":58}},"91":{"start":{"line":249,"column":29},"end":{"line":250,"column":null}},"92":{"start":{"line":252,"column":27},"end":{"line":252,"column":62}},"93":{"start":{"line":255,"column":24},"end":{"line":255,"column":67}},"94":{"start":{"line":256,"column":27},"end":{"line":256,"column":78}},"95":{"start":{"line":259,"column":30},"end":{"line":259,"column":85}},"96":{"start":{"line":260,"column":28},"end":{"line":260,"column":64}},"97":{"start":{"line":262,"column":10},"end":{"line":264,"column":11}},"98":{"start":{"line":263,"column":12},"end":{"line":263,"column":77}},"99":{"start":{"line":270,"column":6},"end":{"line":270,"column":19}},"100":{"start":{"line":273,"column":4},"end":{"line":273,"column":61}},"101":{"start":{"line":276,"column":35},"end":{"line":284,"column":7}},"102":{"start":{"line":276,"column":59},"end":{"line":284,"column":6}},"103":{"start":{"line":286,"column":4},"end":{"line":286,"column":19}},"104":{"start":{"line":288,"column":4},"end":{"line":290,"column":5}},"105":{"start":{"line":289,"column":6},"end":{"line":289,"column":28}},"106":{"start":{"line":296,"column":12},"end":{"line":296,"column":16}},"107":{"start":{"line":298,"column":2},"end":{"line":544,"column":3}},"108":{"start":{"line":299,"column":19},"end":{"line":299,"column":40}},"109":{"start":{"line":300,"column":4},"end":{"line":302,"column":5}},"110":{"start":{"line":301,"column":6},"end":{"line":301,"column":75}},"111":{"start":{"line":303,"column":17},"end":{"line":303,"column":37}},"112":{"start":{"line":304,"column":65},"end":{"line":304,"column":69}},"113":{"start":{"line":306,"column":4},"end":{"line":311,"column":5}},"114":{"start":{"line":307,"column":6},"end":{"line":310,"column":8}},"115":{"start":{"line":314,"column":31},"end":{"line":314,"column":74}},"116":{"start":{"line":315,"column":4},"end":{"line":326,"column":5}},"117":{"start":{"line":319,"column":6},"end":{"line":325,"column":8}},"118":{"start":{"line":329,"column":4},"end":{"line":338,"column":7}},"119":{"start":{"line":341,"column":21},"end":{"line":346,"column":null}},"120":{"start":{"line":349,"column":4},"end":{"line":367,"column":5}},"121":{"start":{"line":350,"column":6},"end":{"line":358,"column":9}},"122":{"start":{"line":360,"column":6},"end":{"line":366,"column":9}},"123":{"start":{"line":370,"column":21},"end":{"line":370,"column":22}},"124":{"start":{"line":371,"column":29},"end":{"line":371,"column":30}},"125":{"start":{"line":379,"column":9},"end":{"line":379,"column":11}},"126":{"start":{"line":381,"column":4},"end":{"line":492,"column":5}},"127":{"start":{"line":382,"column":6},"end":{"line":491,"column":7}},"128":{"start":{"line":384,"column":8},"end":{"line":384,"column":38}},"129":{"start":{"line":384,"column":29},"end":{"line":384,"column":38}},"130":{"start":{"line":387,"column":33},"end":{"line":387,"column":85}},"131":{"start":{"line":388,"column":27},"end":{"line":393,"column":null}},"132":{"start":{"line":397,"column":29},"end":{"line":401,"column":null}},"133":{"start":{"line":405,"column":23},"end":{"line":405,"column":74}},"134":{"start":{"line":408,"column":40},"end":{"line":408,"column":42}},"135":{"start":{"line":409,"column":8},"end":{"line":418,"column":9}},"136":{"start":{"line":410,"column":30},"end":{"line":413,"column":12}},"137":{"start":{"line":414,"column":10},"end":{"line":414,"column":51}},"138":{"start":{"line":415,"column":10},"end":{"line":417,"column":12}},"139":{"start":{"line":421,"column":30},"end":{"line":421,"column":62}},"140":{"start":{"line":424,"column":28},"end":{"line":461,"column":10}},"141":{"start":{"line":464,"column":8},"end":{"line":474,"column":11}},"142":{"start":{"line":476,"column":8},"end":{"line":476,"column":21}},"143":{"start":{"line":477,"column":8},"end":{"line":479,"column":9}},"144":{"start":{"line":478,"column":10},"end":{"line":478,"column":31}},"145":{"start":{"line":481,"column":8},"end":{"line":488,"column":11}},"146":{"start":{"line":490,"column":8},"end":{"line":490,"column":85}},"147":{"start":{"line":495,"column":4},"end":{"line":503,"column":7}},"148":{"start":{"line":505,"column":4},"end":{"line":513,"column":7}},"149":{"start":{"line":515,"column":4},"end":{"line":515,"column":51}},"150":{"start":{"line":518,"column":4},"end":{"line":527,"column":5}},"151":{"start":{"line":519,"column":6},"end":{"line":526,"column":9}},"152":{"start":{"line":530,"column":25},"end":{"line":530,"column":81}},"153":{"start":{"line":531,"column":26},"end":{"line":531,"column":94}},"154":{"start":{"line":533,"column":4},"end":{"line":543,"column":6}},"155":{"start":{"line":549,"column":2},"end":{"line":561,"column":5}}},"fnMap":{"0":{"name":"parsePrice","decl":{"start":{"line":64,"column":9},"end":{"line":64,"column":19}},"loc":{"start":{"line":64,"column":36},"end":{"line":73,"column":1}}},"1":{"name":"extractListingId","decl":{"start":{"line":76,"column":9},"end":{"line":76,"column":25}},"loc":{"start":{"line":76,"column":37},"end":{"line":83,"column":1}}},"2":{"name":"withRetry","decl":{"start":{"line":89,"column":15},"end":{"line":89,"column":24}},"loc":{"start":{"line":91,"column":31},"end":{"line":106,"column":1}}},"3":{"name":"scrapeOfferUpWithPlaywright","decl":{"start":{"line":109,"column":15},"end":{"line":109,"column":42}},"loc":{"start":{"line":114,"column":19},"end":{"line":292,"column":1}}},"4":{"name":"(anonymous_5)","decl":{"start":{"line":136,"column":79},"end":{"line":136,"column":80}},"loc":{"start":{"line":137,"column":6},"end":{"line":137,"column":19}}},"5":{"name":"(anonymous_6)","decl":{"start":{"line":139,"column":43},"end":{"line":139,"column":44}},"loc":{"start":{"line":139,"column":54},"end":{"line":139,"column":67}}},"6":{"name":"(anonymous_7)","decl":{"start":{"line":140,"column":42},"end":{"line":140,"column":43}},"loc":{"start":{"line":140,"column":53},"end":{"line":140,"column":66}}},"7":{"name":"(anonymous_8)","decl":{"start":{"line":161,"column":20},"end":{"line":161,"column":25}},"loc":{"start":{"line":161,"column":31},"end":{"line":166,"column":5}}},"8":{"name":"(anonymous_9)","decl":{"start":{"line":179,"column":13},"end":{"line":179,"column":16}},"loc":{"start":{"line":179,"column":18},"end":{"line":181,"column":7}}},"9":{"name":"(anonymous_10)","decl":{"start":{"line":194,"column":41},"end":{"line":194,"column":44}},"loc":{"start":{"line":194,"column":46},"end":{"line":271,"column":5}}},"10":{"name":"(anonymous_11)","decl":{"start":{"line":224,"column":10},"end":{"line":224,"column":11}},"loc":{"start":{"line":224,"column":18},"end":{"line":224,"column":69}}},"11":{"name":"(anonymous_12)","decl":{"start":{"line":276,"column":48},"end":{"line":276,"column":49}},"loc":{"start":{"line":276,"column":59},"end":{"line":284,"column":6}}},"12":{"name":"POST","decl":{"start":{"line":295,"column":22},"end":{"line":295,"column":26}},"loc":{"start":{"line":295,"column":47},"end":{"line":545,"column":1}}},"13":{"name":"GET","decl":{"start":{"line":548,"column":22},"end":{"line":548,"column":25}},"loc":{"start":{"line":548,"column":25},"end":{"line":562,"column":1}}}},"branchMap":{"0":{"loc":{"start":{"line":65,"column":2},"end":{"line":65,"column":26}},"type":"if","locations":[{"start":{"line":65,"column":2},"end":{"line":65,"column":26}},{"start":{},"end":{}}]},"1":{"loc":{"start":{"line":67,"column":2},"end":{"line":67,"column":50}},"type":"if","locations":[{"start":{"line":67,"column":2},"end":{"line":67,"column":50}},{"start":{},"end":{}}]},"2":{"loc":{"start":{"line":69,"column":2},"end":{"line":71,"column":3}},"type":"if","locations":[{"start":{"line":69,"column":2},"end":{"line":71,"column":3}},{"start":{},"end":{}}]},"3":{"loc":{"start":{"line":79,"column":2},"end":{"line":79,"column":29}},"type":"if","locations":[{"start":{"line":79,"column":2},"end":{"line":79,"column":29}},{"start":{},"end":{}}]},"4":{"loc":{"start":{"line":82,"column":9},"end":{"line":82,"column":37}},"type":"cond-expr","locations":[{"start":{"line":82,"column":20},"end":{"line":82,"column":31}},{"start":{"line":82,"column":34},"end":{"line":82,"column":37}}]},"5":{"loc":{"start":{"line":91,"column":2},"end":{"line":91,"column":31}},"type":"default-arg","locations":[{"start":{"line":91,"column":20},"end":{"line":91,"column":31}}]},"6":{"loc":{"start":{"line":98,"column":18},"end":{"line":98,"column":75}},"type":"cond-expr","locations":[{"start":{"line":98,"column":43},"end":{"line":98,"column":48}},{"start":{"line":98,"column":51},"end":{"line":98,"column":75}}]},"7":{"loc":{"start":{"line":100,"column":6},"end":{"line":102,"column":7}},"type":"if","locations":[{"start":{"line":100,"column":6},"end":{"line":102,"column":7}},{"start":{},"end":{}}]},"8":{"loc":{"start":{"line":145,"column":25},"end":{"line":145,"column":59}},"type":"binary-expr","locations":[{"start":{"line":145,"column":25},"end":{"line":145,"column":50}},{"start":{"line":145,"column":54},"end":{"line":145,"column":59}}]},"9":{"loc":{"start":{"line":149,"column":4},"end":{"line":149,"column":44}},"type":"if","locations":[{"start":{"line":149,"column":4},"end":{"line":149,"column":44}},{"start":{},"end":{}}]},"10":{"loc":{"start":{"line":150,"column":4},"end":{"line":150,"column":69}},"type":"if","locations":[{"start":{"line":150,"column":4},"end":{"line":150,"column":69}},{"start":{},"end":{}}]},"11":{"loc":{"start":{"line":151,"column":4},"end":{"line":151,"column":69}},"type":"if","locations":[{"start":{"line":151,"column":4},"end":{"line":151,"column":69}},{"start":{},"end":{}}]},"12":{"loc":{"start":{"line":152,"column":4},"end":{"line":152,"column":72}},"type":"if","locations":[{"start":{"line":152,"column":4},"end":{"line":152,"column":72}},{"start":{},"end":{}}]},"13":{"loc":{"start":{"line":155,"column":4},"end":{"line":157,"column":5}},"type":"if","locations":[{"start":{"line":155,"column":4},"end":{"line":157,"column":5}},{"start":{},"end":{}}]},"14":{"loc":{"start":{"line":185,"column":4},"end":{"line":191,"column":5}},"type":"if","locations":[{"start":{"line":185,"column":4},"end":{"line":191,"column":5}},{"start":{},"end":{}}]},"15":{"loc":{"start":{"line":186,"column":6},"end":{"line":188,"column":37}},"type":"binary-expr","locations":[{"start":{"line":186,"column":6},"end":{"line":186,"column":37}},{"start":{"line":187,"column":6},"end":{"line":187,"column":43}},{"start":{"line":188,"column":6},"end":{"line":188,"column":37}}]},"16":{"loc":{"start":{"line":215,"column":8},"end":{"line":218,"column":9}},"type":"if","locations":[{"start":{"line":215,"column":8},"end":{"line":218,"column":9}},{"start":{},"end":{}}]},"17":{"loc":{"start":{"line":222,"column":6},"end":{"line":226,"column":7}},"type":"if","locations":[{"start":{"line":222,"column":6},"end":{"line":226,"column":7}},{"start":{},"end":{}}]},"18":{"loc":{"start":{"line":222,"column":10},"end":{"line":222,"column":74}},"type":"binary-expr","locations":[{"start":{"line":222,"column":10},"end":{"line":222,"column":36}},{"start":{"line":222,"column":40},"end":{"line":222,"column":74}}]},"19":{"loc":{"start":{"line":224,"column":18},"end":{"line":224,"column":69}},"type":"binary-expr","locations":[{"start":{"line":224,"column":18},"end":{"line":224,"column":63}},{"start":{"line":224,"column":67},"end":{"line":224,"column":69}}]},"20":{"loc":{"start":{"line":236,"column":12},"end":{"line":236,"column":93}},"type":"binary-expr","locations":[{"start":{"line":236,"column":12},"end":{"line":236,"column":38}},{"start":{"line":236,"column":42},"end":{"line":236,"column":87}},{"start":{"line":236,"column":91},"end":{"line":236,"column":93}}]},"21":{"loc":{"start":{"line":236,"column":12},"end":{"line":236,"column":38}},"type":"cond-expr","locations":[{"start":{"line":236,"column":30},"end":{"line":236,"column":32}},{"start":{"line":236,"column":30},"end":{"line":236,"column":38}}]},"22":{"loc":{"start":{"line":236,"column":12},"end":{"line":236,"column":32}},"type":"binary-expr","locations":[{"start":{"line":236,"column":12},"end":{"line":236,"column":32}},{"start":{"line":236,"column":30},"end":{"line":236,"column":32}}]},"23":{"loc":{"start":{"line":236,"column":12},"end":{"line":236,"column":30}},"type":"cond-expr","locations":[{"start":{"line":236,"column":19},"end":{"line":236,"column":21}},{"start":{"line":236,"column":12},"end":{"line":236,"column":30}}]},"24":{"loc":{"start":{"line":236,"column":12},"end":{"line":236,"column":21}},"type":"binary-expr","locations":[{"start":{"line":236,"column":12},"end":{"line":236,"column":21}},{"start":{"line":236,"column":12},"end":{"line":236,"column":21}}]},"25":{"loc":{"start":{"line":236,"column":42},"end":{"line":236,"column":87}},"type":"cond-expr","locations":[{"start":{"line":236,"column":80},"end":{"line":236,"column":82}},{"start":{"line":236,"column":80},"end":{"line":236,"column":87}}]},"26":{"loc":{"start":{"line":236,"column":42},"end":{"line":236,"column":82}},"type":"binary-expr","locations":[{"start":{"line":236,"column":42},"end":{"line":236,"column":82}},{"start":{"line":236,"column":80},"end":{"line":236,"column":82}}]},"27":{"loc":{"start":{"line":240,"column":22},"end":{"line":240,"column":40}},"type":"binary-expr","locations":[{"start":{"line":240,"column":22},"end":{"line":240,"column":34}},{"start":{"line":240,"column":38},"end":{"line":240,"column":40}}]},"28":{"loc":{"start":{"line":240,"column":22},"end":{"line":240,"column":34}},"type":"cond-expr","locations":[{"start":{"line":240,"column":28},"end":{"line":240,"column":30}},{"start":{"line":240,"column":22},"end":{"line":240,"column":34}}]},"29":{"loc":{"start":{"line":240,"column":22},"end":{"line":240,"column":30}},"type":"binary-expr","locations":[{"start":{"line":240,"column":22},"end":{"line":240,"column":30}},{"start":{"line":240,"column":22},"end":{"line":240,"column":30}}]},"30":{"loc":{"start":{"line":246,"column":24},"end":{"line":246,"column":58}},"type":"binary-expr","locations":[{"start":{"line":246,"column":24},"end":{"line":246,"column":50}},{"start":{"line":246,"column":54},"end":{"line":246,"column":58}}]},"31":{"loc":{"start":{"line":246,"column":24},"end":{"line":246,"column":50}},"type":"cond-expr","locations":[{"start":{"line":246,"column":42},"end":{"line":246,"column":44}},{"start":{"line":246,"column":42},"end":{"line":246,"column":50}}]},"32":{"loc":{"start":{"line":246,"column":24},"end":{"line":246,"column":44}},"type":"binary-expr","locations":[{"start":{"line":246,"column":24},"end":{"line":246,"column":44}},{"start":{"line":246,"column":42},"end":{"line":246,"column":44}}]},"33":{"loc":{"start":{"line":246,"column":24},"end":{"line":246,"column":42}},"type":"cond-expr","locations":[{"start":{"line":246,"column":31},"end":{"line":246,"column":33}},{"start":{"line":246,"column":24},"end":{"line":246,"column":42}}]},"34":{"loc":{"start":{"line":246,"column":24},"end":{"line":246,"column":33}},"type":"binary-expr","locations":[{"start":{"line":246,"column":24},"end":{"line":246,"column":33}},{"start":{"line":246,"column":24},"end":{"line":246,"column":33}}]},"35":{"loc":{"start":{"line":252,"column":27},"end":{"line":252,"column":62}},"type":"binary-expr","locations":[{"start":{"line":252,"column":27},"end":{"line":252,"column":56}},{"start":{"line":252,"column":60},"end":{"line":252,"column":62}}]},"36":{"loc":{"start":{"line":252,"column":27},"end":{"line":252,"column":56}},"type":"cond-expr","locations":[{"start":{"line":252,"column":48},"end":{"line":252,"column":50}},{"start":{"line":252,"column":48},"end":{"line":252,"column":56}}]},"37":{"loc":{"start":{"line":252,"column":27},"end":{"line":252,"column":50}},"type":"binary-expr","locations":[{"start":{"line":252,"column":27},"end":{"line":252,"column":50}},{"start":{"line":252,"column":48},"end":{"line":252,"column":50}}]},"38":{"loc":{"start":{"line":252,"column":27},"end":{"line":252,"column":48}},"type":"cond-expr","locations":[{"start":{"line":252,"column":37},"end":{"line":252,"column":39}},{"start":{"line":252,"column":27},"end":{"line":252,"column":48}}]},"39":{"loc":{"start":{"line":252,"column":27},"end":{"line":252,"column":39}},"type":"binary-expr","locations":[{"start":{"line":252,"column":27},"end":{"line":252,"column":39}},{"start":{"line":252,"column":27},"end":{"line":252,"column":39}}]},"40":{"loc":{"start":{"line":256,"column":27},"end":{"line":256,"column":78}},"type":"binary-expr","locations":[{"start":{"line":256,"column":27},"end":{"line":256,"column":37}},{"start":{"line":256,"column":41},"end":{"line":256,"column":72}},{"start":{"line":256,"column":76},"end":{"line":256,"column":78}}]},"41":{"loc":{"start":{"line":256,"column":27},"end":{"line":256,"column":37}},"type":"cond-expr","locations":[{"start":{"line":256,"column":32},"end":{"line":256,"column":34}},{"start":{"line":256,"column":27},"end":{"line":256,"column":37}}]},"42":{"loc":{"start":{"line":256,"column":27},"end":{"line":256,"column":34}},"type":"binary-expr","locations":[{"start":{"line":256,"column":27},"end":{"line":256,"column":34}},{"start":{"line":256,"column":27},"end":{"line":256,"column":34}}]},"43":{"loc":{"start":{"line":256,"column":41},"end":{"line":256,"column":72}},"type":"cond-expr","locations":[{"start":{"line":256,"column":46},"end":{"line":256,"column":48}},{"start":{"line":256,"column":41},"end":{"line":256,"column":72}}]},"44":{"loc":{"start":{"line":256,"column":41},"end":{"line":256,"column":48}},"type":"binary-expr","locations":[{"start":{"line":256,"column":41},"end":{"line":256,"column":48}},{"start":{"line":256,"column":41},"end":{"line":256,"column":48}}]},"45":{"loc":{"start":{"line":260,"column":28},"end":{"line":260,"column":64}},"type":"binary-expr","locations":[{"start":{"line":260,"column":28},"end":{"line":260,"column":58}},{"start":{"line":260,"column":62},"end":{"line":260,"column":64}}]},"46":{"loc":{"start":{"line":260,"column":28},"end":{"line":260,"column":58}},"type":"cond-expr","locations":[{"start":{"line":260,"column":50},"end":{"line":260,"column":52}},{"start":{"line":260,"column":50},"end":{"line":260,"column":58}}]},"47":{"loc":{"start":{"line":260,"column":28},"end":{"line":260,"column":52}},"type":"binary-expr","locations":[{"start":{"line":260,"column":28},"end":{"line":260,"column":52}},{"start":{"line":260,"column":50},"end":{"line":260,"column":52}}]},"48":{"loc":{"start":{"line":260,"column":28},"end":{"line":260,"column":50}},"type":"cond-expr","locations":[{"start":{"line":260,"column":39},"end":{"line":260,"column":41}},{"start":{"line":260,"column":28},"end":{"line":260,"column":50}}]},"49":{"loc":{"start":{"line":260,"column":28},"end":{"line":260,"column":41}},"type":"binary-expr","locations":[{"start":{"line":260,"column":28},"end":{"line":260,"column":41}},{"start":{"line":260,"column":28},"end":{"line":260,"column":41}}]},"50":{"loc":{"start":{"line":262,"column":10},"end":{"line":264,"column":11}},"type":"if","locations":[{"start":{"line":262,"column":10},"end":{"line":264,"column":11}},{"start":{},"end":{}}]},"51":{"loc":{"start":{"line":262,"column":14},"end":{"line":262,"column":59}},"type":"binary-expr","locations":[{"start":{"line":262,"column":14},"end":{"line":262,"column":19}},{"start":{"line":262,"column":23},"end":{"line":262,"column":26}},{"start":{"line":262,"column":30},"end":{"line":262,"column":59}}]},"52":{"loc":{"start":{"line":280,"column":16},"end":{"line":280,"column":41}},"type":"binary-expr","locations":[{"start":{"line":280,"column":16},"end":{"line":280,"column":29}},{"start":{"line":280,"column":33},"end":{"line":280,"column":41}}]},"53":{"loc":{"start":{"line":282,"column":17},"end":{"line":282,"column":60}},"type":"cond-expr","locations":[{"start":{"line":282,"column":33},"end":{"line":282,"column":48}},{"start":{"line":282,"column":51},"end":{"line":282,"column":60}}]},"54":{"loc":{"start":{"line":283,"column":17},"end":{"line":283,"column":44}},"type":"binary-expr","locations":[{"start":{"line":283,"column":17},"end":{"line":283,"column":31}},{"start":{"line":283,"column":35},"end":{"line":283,"column":44}}]},"55":{"loc":{"start":{"line":288,"column":4},"end":{"line":290,"column":5}},"type":"if","locations":[{"start":{"line":288,"column":4},"end":{"line":290,"column":5}},{"start":{},"end":{}}]},"56":{"loc":{"start":{"line":300,"column":4},"end":{"line":302,"column":5}},"type":"if","locations":[{"start":{"line":300,"column":4},"end":{"line":302,"column":5}},{"start":{},"end":{}}]},"57":{"loc":{"start":{"line":306,"column":4},"end":{"line":311,"column":5}},"type":"if","locations":[{"start":{"line":306,"column":4},"end":{"line":311,"column":5}},{"start":{},"end":{}}]},"58":{"loc":{"start":{"line":315,"column":4},"end":{"line":326,"column":5}},"type":"if","locations":[{"start":{"line":315,"column":4},"end":{"line":326,"column":5}},{"start":{},"end":{}}]},"59":{"loc":{"start":{"line":316,"column":6},"end":{"line":317,"column":52}},"type":"binary-expr","locations":[{"start":{"line":316,"column":6},"end":{"line":316,"column":54}},{"start":{"line":317,"column":6},"end":{"line":317,"column":52}}]},"60":{"loc":{"start":{"line":334,"column":18},"end":{"line":334,"column":35}},"type":"binary-expr","locations":[{"start":{"line":334,"column":18},"end":{"line":334,"column":26}},{"start":{"line":334,"column":30},"end":{"line":334,"column":35}}]},"61":{"loc":{"start":{"line":343,"column":6},"end":{"line":343,"column":23}},"type":"binary-expr","locations":[{"start":{"line":343,"column":6},"end":{"line":343,"column":14}},{"start":{"line":343,"column":18},"end":{"line":343,"column":23}}]},"62":{"loc":{"start":{"line":349,"column":4},"end":{"line":367,"column":5}},"type":"if","locations":[{"start":{"line":349,"column":4},"end":{"line":367,"column":5}},{"start":{},"end":{}}]},"63":{"loc":{"start":{"line":384,"column":8},"end":{"line":384,"column":38}},"type":"if","locations":[{"start":{"line":384,"column":8},"end":{"line":384,"column":38}},{"start":{},"end":{}}]},"64":{"loc":{"start":{"line":387,"column":60},"end":{"line":387,"column":84}},"type":"binary-expr","locations":[{"start":{"line":387,"column":60},"end":{"line":387,"column":76}},{"start":{"line":387,"column":80},"end":{"line":387,"column":84}}]},"65":{"loc":{"start":{"line":390,"column":10},"end":{"line":390,"column":34}},"type":"binary-expr","locations":[{"start":{"line":390,"column":10},"end":{"line":390,"column":26}},{"start":{"line":390,"column":30},"end":{"line":390,"column":34}}]},"66":{"loc":{"start":{"line":392,"column":10},"end":{"line":392,"column":32}},"type":"binary-expr","locations":[{"start":{"line":392,"column":10},"end":{"line":392,"column":24}},{"start":{"line":392,"column":28},"end":{"line":392,"column":32}}]},"67":{"loc":{"start":{"line":401,"column":10},"end":{"line":401,"column":38}},"type":"binary-expr","locations":[{"start":{"line":401,"column":10},"end":{"line":401,"column":25}},{"start":{"line":401,"column":29},"end":{"line":401,"column":38}}]},"68":{"loc":{"start":{"line":405,"column":23},"end":{"line":405,"column":74}},"type":"cond-expr","locations":[{"start":{"line":405,"column":53},"end":{"line":405,"column":66}},{"start":{"line":405,"column":69},"end":{"line":405,"column":74}}]},"69":{"loc":{"start":{"line":409,"column":8},"end":{"line":418,"column":9}},"type":"if","locations":[{"start":{"line":409,"column":8},"end":{"line":418,"column":9}},{"start":{},"end":{}}]},"70":{"loc":{"start":{"line":409,"column":12},"end":{"line":409,"column":55}},"type":"binary-expr","locations":[{"start":{"line":409,"column":12},"end":{"line":409,"column":26}},{"start":{"line":409,"column":30},"end":{"line":409,"column":55}}]},"71":{"loc":{"start":{"line":430,"column":23},"end":{"line":430,"column":47}},"type":"binary-expr","locations":[{"start":{"line":430,"column":23},"end":{"line":430,"column":39}},{"start":{"line":430,"column":43},"end":{"line":430,"column":47}}]},"72":{"loc":{"start":{"line":432,"column":21},"end":{"line":432,"column":43}},"type":"binary-expr","locations":[{"start":{"line":432,"column":21},"end":{"line":432,"column":35}},{"start":{"line":432,"column":39},"end":{"line":432,"column":43}}]},"73":{"loc":{"start":{"line":434,"column":22},"end":{"line":434,"column":45}},"type":"binary-expr","locations":[{"start":{"line":434,"column":22},"end":{"line":434,"column":37}},{"start":{"line":434,"column":41},"end":{"line":434,"column":45}}]},"74":{"loc":{"start":{"line":435,"column":21},"end":{"line":435,"column":88}},"type":"cond-expr","locations":[{"start":{"line":435,"column":50},"end":{"line":435,"column":81}},{"start":{"line":435,"column":84},"end":{"line":435,"column":88}}]},"75":{"loc":{"start":{"line":437,"column":20},"end":{"line":437,"column":41}},"type":"binary-expr","locations":[{"start":{"line":437,"column":20},"end":{"line":437,"column":33}},{"start":{"line":437,"column":37},"end":{"line":437,"column":41}}]},"76":{"loc":{"start":{"line":477,"column":8},"end":{"line":479,"column":9}},"type":"if","locations":[{"start":{"line":477,"column":8},"end":{"line":479,"column":9}},{"start":{},"end":{}}]},"77":{"loc":{"start":{"line":486,"column":20},"end":{"line":486,"column":null}},"type":"binary-expr","locations":[{"start":{"line":486,"column":20},"end":{"line":486,"column":38}},{"start":{"line":486,"column":42},"end":{"line":486,"column":61}}]},"78":{"loc":{"start":{"line":486,"column":42},"end":{"line":486,"column":61}},"type":"cond-expr","locations":[{"start":{"line":486,"column":56},"end":{"line":486,"column":59}},{"start":{"line":486,"column":56},"end":{"line":486,"column":61}}]},"79":{"loc":{"start":{"line":486,"column":42},"end":{"line":486,"column":59}},"type":"binary-expr","locations":[{"start":{"line":486,"column":42},"end":{"line":486,"column":59}},{"start":{"line":486,"column":56},"end":{"line":486,"column":59}}]},"80":{"loc":{"start":{"line":518,"column":4},"end":{"line":527,"column":5}},"type":"if","locations":[{"start":{"line":518,"column":4},"end":{"line":527,"column":5}},{"start":{},"end":{}}]},"81":{"loc":{"start":{"line":523,"column":24},"end":{"line":523,"column":80}},"type":"cond-expr","locations":[{"start":{"line":523,"column":49},"end":{"line":523,"column":62}},{"start":{"line":523,"column":65},"end":{"line":523,"column":80}}]},"82":{"loc":{"start":{"line":530,"column":25},"end":{"line":530,"column":81}},"type":"cond-expr","locations":[{"start":{"line":530,"column":50},"end":{"line":530,"column":63}},{"start":{"line":530,"column":66},"end":{"line":530,"column":81}}]},"83":{"loc":{"start":{"line":531,"column":26},"end":{"line":531,"column":94}},"type":"binary-expr","locations":[{"start":{"line":531,"column":26},"end":{"line":531,"column":58}},{"start":{"line":531,"column":62},"end":{"line":531,"column":94}}]},"84":{"loc":{"start":{"line":536,"column":17},"end":{"line":538,"column":47}},"type":"cond-expr","locations":[{"start":{"line":537,"column":12},"end":{"line":537,"column":93}},{"start":{"line":538,"column":12},"end":{"line":538,"column":47}}]},"85":{"loc":{"start":{"line":540,"column":15},"end":{"line":540,"column":22}},"type":"cond-expr","locations":[{"start":{"line":540,"column":18},"end":{"line":540,"column":20}},{"start":{"line":540,"column":15},"end":{"line":540,"column":22}}]},"86":{"loc":{"start":{"line":540,"column":15},"end":{"line":540,"column":20}},"type":"binary-expr","locations":[{"start":{"line":540,"column":15},"end":{"line":540,"column":20}},{"start":{"line":540,"column":15},"end":{"line":540,"column":20}}]},"87":{"loc":{"start":{"line":542,"column":16},"end":{"line":542,"column":41}},"type":"cond-expr","locations":[{"start":{"line":542,"column":32},"end":{"line":542,"column":35}},{"start":{"line":542,"column":38},"end":{"line":542,"column":41}}]}},"s":{"0":1,"1":1,"2":1,"3":1,"4":1,"5":1,"6":1,"7":1,"8":1,"9":1,"10":1,"11":1,"12":1,"13":13,"14":1,"15":12,"16":1,"17":11,"18":11,"19":10,"20":1,"21":13,"22":13,"23":11,"24":2,"25":2,"26":1,"27":16,"28":16,"29":16,"30":19,"31":19,"32":4,"33":4,"34":4,"35":3,"36":1,"37":17,"38":17,"39":17,"40":16,"41":16,"42":0,"43":16,"44":0,"45":16,"46":0,"47":16,"48":16,"49":16,"50":16,"51":16,"52":1,"53":16,"54":1,"55":16,"56":1,"57":16,"58":2,"59":16,"60":16,"61":2,"62":16,"63":16,"64":19,"65":15,"66":15,"67":2,"68":15,"69":15,"70":1,"71":14,"72":0,"73":0,"74":0,"75":0,"76":0,"77":0,"78":0,"79":0,"80":0,"81":0,"82":0,"83":0,"84":0,"85":0,"86":0,"87":0,"88":0,"89":0,"90":0,"91":0,"92":0,"93":0,"94":0,"95":0,"96":0,"97":0,"98":0,"99":0,"100":14,"101":14,"102":13,"103":14,"104":17,"105":16,"106":21,"107":21,"108":21,"109":21,"110":1,"111":20,"112":20,"113":20,"114":1,"115":19,"116":19,"117":1,"118":18,"119":17,"120":14,"121":5,"122":5,"123":9,"124":9,"125":9,"126":9,"127":13,"128":13,"129":3,"130":10,"131":10,"132":10,"133":10,"134":10,"135":10,"136":3,"137":3,"138":3,"139":10,"140":10,"141":10,"142":9,"143":9,"144":8,"145":9,"146":1,"147":9,"148":9,"149":4,"150":4,"151":3,"152":4,"153":4,"154":4,"155":1},"f":{"0":13,"1":13,"2":16,"3":17,"4":0,"5":0,"6":0,"7":19,"8":2,"9":0,"10":0,"11":13,"12":21,"13":1},"b":{"0":[1,12],"1":[1,11],"2":[10,1],"3":[11,2],"4":[1,1],"5":[16],"6":[4,0],"7":[3,1],"8":[16,14],"9":[1,15],"10":[1,15],"11":[1,15],"12":[2,14],"13":[2,14],"14":[1,14],"15":[15,15,14],"16":[0,0],"17":[0,0],"18":[0,0],"19":[0,0],"20":[0,0,0],"21":[0,0],"22":[0,0],"23":[0,0],"24":[0,0],"25":[0,0],"26":[0,0],"27":[0,0],"28":[0,0],"29":[0,0],"30":[0,0],"31":[0,0],"32":[0,0],"33":[0,0],"34":[0,0],"35":[0,0],"36":[0,0],"37":[0,0],"38":[0,0],"39":[0,0],"40":[0,0,0],"41":[0,0],"42":[0,0],"43":[0,0],"44":[0,0],"45":[0,0],"46":[0,0],"47":[0,0],"48":[0,0],"49":[0,0],"50":[0,0],"51":[0,0,0],"52":[13,0],"53":[3,10],"54":[13,9],"55":[16,1],"56":[1,20],"57":[1,19],"58":[1,18],"59":[19,2],"60":[18,16],"61":[17,15],"62":[5,9],"63":[3,10],"64":[10,10],"65":[10,10],"66":[10,6],"67":[10,10],"68":[9,1],"69":[3,7],"70":[10,3],"71":[10,10],"72":[10,6],"73":[10,10],"74":[3,7],"75":[10,10],"76":[8,1],"77":[9,7],"78":[7,0],"79":[7,7],"80":[3,1],"81":[2,1],"82":[3,1],"83":[4,3],"84":[1,3],"85":[1,3],"86":[4,3],"87":[1,3]}}
}
