TN:
SF:src/app/api/scraper/mercari/route.ts
FN:109,buildMercariHeaders
FN:131,callMercariApi
FN:182,scrapeMercariSearch
FN:254,fetchMercariListings
FN:264,fetchSoldListings
FN:284,normalizeCondition
FN:292,formatLocation
FN:301,collectImageUrls
FN:316,buildSellerNote
FN:331,saveListingFromMercariItem
FN:455,storePriceHistoryRecords
FN:462,(anonymous_12)
FN:494,GET
FN:511,POST
FN:573,(anonymous_15)
FNF:15
FNH:15
FNDA:64,buildMercariHeaders
FNDA:60,callMercariApi
FNDA:30,scrapeMercariSearch
FNDA:30,fetchMercariListings
FNDA:30,fetchSoldListings
FNDA:21,normalizeCondition
FNDA:32,formatLocation
FNDA:16,collectImageUrls
FNDA:16,buildSellerNote
FNDA:16,saveListingFromMercariItem
FNDA:24,storePriceHistoryRecords
FNDA:6,(anonymous_12)
FNDA:2,GET
FNDA:33,POST
FNDA:14,(anonymous_15)
DA:12,1
DA:13,1
DA:14,1
DA:15,1
DA:18,1
DA:19,1
DA:20,1
DA:23,1
DA:24,1
DA:27,1
DA:41,1
DA:51,1
DA:110,64
DA:136,60
DA:138,60
DA:149,60
DA:150,60
DA:152,60
DA:154,13
DA:155,12
DA:156,3
DA:161,9
DA:162,9
DA:165,46
DA:183,30
DA:185,30
DA:186,30
DA:188,30
DA:189,3
DA:191,30
DA:192,2
DA:194,30
DA:195,2
DA:197,30
DA:198,3
DA:202,30
DA:203,30
DA:206,30
DA:208,30
DA:210,30
DA:212,30
DA:228,8
DA:229,8
DA:230,4
DA:234,4
DA:236,4
DA:240,4
DA:241,2
DA:246,2
DA:247,2
DA:255,30
DA:265,30
DA:266,30
DA:274,24
DA:276,6
DA:277,6
DA:285,21
DA:286,4
DA:293,32
DA:302,16
DA:304,16
DA:305,1
DA:306,15
DA:307,2
DA:310,16
DA:317,16
DA:319,4
DA:320,4
DA:322,4
DA:324,3
DA:325,3
DA:332,16
DA:333,16
DA:334,16
DA:337,16
DA:340,16
DA:343,16
DA:345,16
DA:350,16
DA:352,16
DA:358,16
DA:359,16
DA:367,16
DA:368,16
DA:370,16
DA:371,16
DA:374,16
DA:380,16
DA:449,14
DA:459,24
DA:461,4
DA:463,6
DA:464,5
DA:479,4
DA:482,4
DA:487,4
DA:494,1
DA:495,2
DA:511,1
DA:512,33
DA:513,33
DA:514,33
DA:515,1
DA:517,32
DA:519,32
DA:520,2
DA:523,30
DA:524,30
DA:531,30
DA:542,30
DA:544,30
DA:550,24
DA:551,24
DA:552,18
DA:553,16
DA:554,16
DA:555,14
DA:557,2
DA:562,24
DA:568,24
DA:573,14
DA:579,24
DA:588,6
DA:596,6
DA:599,6
DA:601,6
DA:602,6
DA:604,6
LF:128
LH:128
BRDA:133,0,0,0
BRDA:152,1,0,13
BRDA:152,1,1,46
BRDA:155,2,0,3
BRDA:155,2,1,9
BRDA:155,3,0,0
BRDA:155,3,1,12
BRDA:155,4,0,12
BRDA:155,4,1,12
BRDA:185,5,0,30
BRDA:185,5,1,0
BRDA:188,6,0,3
BRDA:188,6,1,27
BRDA:191,7,0,2
BRDA:191,7,1,28
BRDA:194,8,0,2
BRDA:194,8,1,28
BRDA:197,9,0,3
BRDA:197,9,1,27
BRDA:202,10,0,30
BRDA:202,10,1,28
BRDA:214,11,0,30
BRDA:214,11,1,0
BRDA:215,12,0,3
BRDA:215,12,1,27
BRDA:216,13,0,2
BRDA:216,13,1,28
BRDA:221,14,0,30
BRDA:221,14,1,0
BRDA:228,15,0,8
BRDA:228,15,1,0
BRDA:229,16,0,4
BRDA:229,16,1,4
BRDA:229,17,0,8
BRDA:229,17,1,5
BRDA:229,17,2,4
BRDA:240,18,0,2
BRDA:240,18,1,2
BRDA:257,19,0,30
BRDA:257,19,1,0
BRDA:267,20,0,30
BRDA:267,20,1,0
BRDA:268,21,0,3
BRDA:268,21,1,27
BRDA:274,22,0,24
BRDA:274,22,1,1
BRDA:274,22,2,0
BRDA:285,23,0,17
BRDA:285,23,1,4
BRDA:286,24,0,4
BRDA:286,24,1,1
BRDA:286,24,2,0
BRDA:293,25,0,28
BRDA:293,25,1,4
BRDA:304,26,0,1
BRDA:304,26,1,15
BRDA:304,27,0,15
BRDA:304,27,1,1
BRDA:304,28,0,16
BRDA:304,28,1,16
BRDA:306,29,0,2
BRDA:306,29,1,13
BRDA:306,30,0,13
BRDA:306,30,1,2
BRDA:306,31,0,15
BRDA:306,31,1,15
BRDA:317,32,0,12
BRDA:317,32,1,4
BRDA:317,33,0,12
BRDA:317,33,1,4
BRDA:317,34,0,16
BRDA:317,34,1,16
BRDA:319,35,0,0
BRDA:319,36,0,0
BRDA:319,37,0,0
BRDA:322,38,0,1
BRDA:322,38,1,3
BRDA:333,39,0,16
BRDA:333,39,1,14
BRDA:337,40,0,16
BRDA:337,40,1,14
BRDA:337,40,2,0
BRDA:337,41,0,14
BRDA:337,41,1,2
BRDA:337,42,0,16
BRDA:337,42,1,16
BRDA:340,43,0,16
BRDA:340,43,1,13
BRDA:345,44,0,2
BRDA:345,44,1,14
BRDA:345,45,0,12
BRDA:345,45,1,4
BRDA:345,46,0,16
BRDA:345,46,1,16
BRDA:347,47,0,2
BRDA:347,47,1,12
BRDA:347,48,0,12
BRDA:347,48,1,2
BRDA:347,49,0,14
BRDA:347,49,1,14
BRDA:348,50,0,2
BRDA:348,50,1,1
BRDA:348,51,0,0
BRDA:348,51,1,2
BRDA:348,52,0,2
BRDA:348,52,1,2
BRDA:350,53,0,1
BRDA:350,53,1,15
BRDA:350,54,0,15
BRDA:350,54,1,1
BRDA:350,55,0,16
BRDA:350,55,1,16
BRDA:358,56,0,16
BRDA:358,56,1,12
BRDA:358,57,0,12
BRDA:358,57,1,4
BRDA:358,58,0,16
BRDA:358,58,1,16
BRDA:363,59,0,16
BRDA:363,59,1,12
BRDA:368,60,0,3
BRDA:368,60,1,13
BRDA:371,61,0,0
BRDA:371,61,1,16
BRDA:374,62,0,2
BRDA:374,62,1,14
BRDA:376,63,0,4
BRDA:376,63,1,10
BRDA:459,64,0,20
BRDA:459,64,1,4
BRDA:463,65,0,1
BRDA:463,65,1,5
BRDA:465,66,0,5
BRDA:465,66,1,1
BRDA:466,67,0,5
BRDA:466,67,1,4
BRDA:466,68,0,4
BRDA:466,68,1,1
BRDA:466,69,0,5
BRDA:466,69,1,5
BRDA:470,70,0,3
BRDA:470,70,1,2
BRDA:472,71,0,0
BRDA:472,71,1,2
BRDA:479,72,0,0
BRDA:479,72,1,4
BRDA:514,73,0,1
BRDA:514,73,1,32
BRDA:519,74,0,2
BRDA:519,74,1,30
BRDA:519,75,0,32
BRDA:519,75,1,31
BRDA:523,76,0,2
BRDA:523,76,1,28
BRDA:523,77,0,30
BRDA:523,77,1,30
BRDA:536,78,0,30
BRDA:536,78,1,27
BRDA:552,79,0,2
BRDA:552,79,1,16
BRDA:552,80,0,18
BRDA:552,80,1,17
BRDA:592,81,0,6
BRDA:592,81,1,0
BRDA:601,82,0,6
BRDA:601,82,1,0
BRDA:602,83,0,6
BRDA:602,83,1,3
BRDA:608,84,0,3
BRDA:608,84,1,3
BRDA:612,85,0,3
BRDA:612,85,1,3
BRF:172
BRH:152
end_of_record
