<?xml version="1.0" encoding="UTF-8"?>
<coverage generated="1771327915970" clover="3.2.0">
  <project timestamp="1771327915970" name="All files">
    <metrics statements="370" coveredstatements="159" conditionals="323" coveredconditionals="179" methods="61" coveredmethods="29" elements="754" coveredelements="367" complexity="0" loc="370" ncloc="370" packages="1" files="5" classes="5"/>
    <file name="claude-analyzer.ts" path="/home/ubuntu/.openclaw/workspace/projects/flipper-ai/src/lib/claude-analyzer.ts">
      <metrics statements="87" coveredstatements="0" conditionals="73" coveredconditionals="0" methods="11" coveredmethods="0"/>
      <line num="10" count="0" type="stmt"/>
      <line num="11" count="0" type="stmt"/>
      <line num="13" count="0" type="cond" truecount="0" falsecount="2"/>
      <line num="14" count="0" type="cond" truecount="0" falsecount="2"/>
      <line num="15" count="0" type="stmt"/>
      <line num="44" count="0" type="stmt"/>
      <line num="45" count="0" type="stmt"/>
      <line num="57" count="0" type="cond" truecount="0" falsecount="2"/>
      <line num="58" count="0" type="stmt"/>
      <line num="61" count="0" type="stmt"/>
      <line num="64" count="0" type="stmt"/>
      <line num="71" count="0" type="stmt"/>
      <line num="72" count="0" type="stmt"/>
      <line num="74" count="0" type="stmt"/>
      <line num="75" count="0" type="stmt"/>
      <line num="83" count="0" type="stmt"/>
      <line num="96" count="0" type="stmt"/>
      <line num="137" count="0" type="stmt"/>
      <line num="139" count="0" type="stmt"/>
      <line num="140" count="0" type="cond" truecount="0" falsecount="2"/>
      <line num="141" count="0" type="stmt"/>
      <line num="144" count="0" type="stmt"/>
      <line num="147" count="0" type="stmt"/>
      <line num="164" count="0" type="stmt"/>
      <line num="165" count="0" type="stmt"/>
      <line num="173" count="0" type="stmt"/>
      <line num="174" count="0" type="cond" truecount="0" falsecount="2"/>
      <line num="175" count="0" type="stmt"/>
      <line num="178" count="0" type="stmt"/>
      <line num="182" count="0" type="stmt"/>
      <line num="183" count="0" type="stmt"/>
      <line num="194" count="0" type="stmt"/>
      <line num="195" count="0" type="cond" truecount="0" falsecount="4"/>
      <line num="196" count="0" type="stmt"/>
      <line num="199" count="0" type="stmt"/>
      <line num="202" count="0" type="cond" truecount="0" falsecount="5"/>
      <line num="203" count="0" type="stmt"/>
      <line num="204" count="0" type="cond" truecount="0" falsecount="2"/>
      <line num="205" count="0" type="stmt"/>
      <line num="207" count="0" type="cond" truecount="0" falsecount="2"/>
      <line num="208" count="0" type="stmt"/>
      <line num="213" count="0" type="cond" truecount="0" falsecount="2"/>
      <line num="214" count="0" type="cond" truecount="0" falsecount="4"/>
      <line num="215" count="0" type="stmt"/>
      <line num="217" count="0" type="stmt"/>
      <line num="220" count="0" type="stmt"/>
      <line num="228" count="0" type="stmt"/>
      <line num="230" count="0" type="stmt"/>
      <line num="231" count="0" type="cond" truecount="0" falsecount="2"/>
      <line num="232" count="0" type="stmt"/>
      <line num="236" count="0" type="stmt"/>
      <line num="240" count="0" type="cond" truecount="0" falsecount="2"/>
      <line num="241" count="0" type="stmt"/>
      <line num="245" count="0" type="stmt"/>
      <line num="246" count="0" type="cond" truecount="0" falsecount="2"/>
      <line num="247" count="0" type="stmt"/>
      <line num="248" count="0" type="stmt"/>
      <line num="255" count="0" type="stmt"/>
      <line num="262" count="0" type="stmt"/>
      <line num="263" count="0" type="stmt"/>
      <line num="266" count="0" type="stmt"/>
      <line num="268" count="0" type="stmt"/>
      <line num="275" count="0" type="stmt"/>
      <line num="281" count="0" type="stmt"/>
      <line num="282" count="0" type="stmt"/>
      <line num="283" count="0" type="stmt"/>
      <line num="290" count="0" type="stmt"/>
      <line num="299" count="0" type="stmt"/>
      <line num="300" count="0" type="stmt"/>
      <line num="301" count="0" type="stmt"/>
      <line num="302" count="0" type="stmt"/>
      <line num="304" count="0" type="stmt"/>
      <line num="305" count="0" type="stmt"/>
      <line num="307" count="0" type="stmt"/>
      <line num="309" count="0" type="stmt"/>
      <line num="310" count="0" type="cond" truecount="0" falsecount="2"/>
      <line num="311" count="0" type="stmt"/>
      <line num="312" count="0" type="stmt"/>
      <line num="315" count="0" type="stmt"/>
      <line num="316" count="0" type="stmt"/>
      <line num="319" count="0" type="cond" truecount="0" falsecount="2"/>
      <line num="320" count="0" type="stmt"/>
      <line num="324" count="0" type="stmt"/>
      <line num="325" count="0" type="stmt"/>
      <line num="331" count="0" type="cond" truecount="0" falsecount="2"/>
      <line num="332" count="0" type="stmt"/>
      <line num="336" count="0" type="stmt"/>
    </file>
    <file name="ebay-inventory.ts" path="/home/ubuntu/.openclaw/workspace/projects/flipper-ai/src/lib/ebay-inventory.ts">
      <metrics statements="63" coveredstatements="63" conditionals="93" coveredconditionals="86" methods="12" coveredmethods="12"/>
      <line num="13" count="1" type="cond" truecount="2" falsecount="0"/>
      <line num="14" count="1" type="cond" truecount="2" falsecount="0"/>
      <line num="17" count="1" type="stmt"/>
      <line num="95" count="31" type="stmt"/>
      <line num="96" count="31" type="cond" truecount="2" falsecount="0"/>
      <line num="97" count="1" type="stmt"/>
      <line num="99" count="30" type="stmt"/>
      <line num="103" count="31" type="stmt"/>
      <line num="104" count="30" type="stmt"/>
      <line num="106" count="30" type="stmt"/>
      <line num="124" count="11" type="stmt"/>
      <line num="140" count="11" type="cond" truecount="4" falsecount="0"/>
      <line num="141" count="1" type="stmt"/>
      <line num="159" count="11" type="stmt"/>
      <line num="165" count="10" type="cond" truecount="4" falsecount="0"/>
      <line num="166" count="9" type="stmt"/>
      <line num="169" count="1" type="stmt"/>
      <line num="170" count="1" type="stmt"/>
      <line num="172" count="1" type="cond" truecount="6" falsecount="2"/>
      <line num="182" count="9" type="stmt"/>
      <line num="198" count="9" type="cond" truecount="2" falsecount="0"/>
      <line num="199" count="2" type="stmt"/>
      <line num="204" count="9" type="cond" truecount="2" falsecount="0"/>
      <line num="205" count="2" type="stmt"/>
      <line num="210" count="9" type="cond" truecount="2" falsecount="0"/>
      <line num="211" count="2" type="stmt"/>
      <line num="216" count="9" type="cond" truecount="2" falsecount="0"/>
      <line num="217" count="2" type="stmt"/>
      <line num="220" count="9" type="stmt"/>
      <line num="225" count="9" type="cond" truecount="2" falsecount="0"/>
      <line num="226" count="6" type="stmt"/>
      <line num="227" count="6" type="stmt"/>
      <line num="230" count="3" type="stmt"/>
      <line num="231" count="3" type="stmt"/>
      <line num="233" count="1" type="cond" truecount="8" falsecount="0"/>
      <line num="240" count="1" type="stmt"/>
      <line num="243" count="4" type="stmt"/>
      <line num="247" count="4" type="cond" truecount="2" falsecount="0"/>
      <line num="248" count="1" type="stmt"/>
      <line num="249" count="1" type="stmt"/>
      <line num="252" count="3" type="stmt"/>
      <line num="253" count="3" type="stmt"/>
      <line num="255" count="3" type="cond" truecount="6" falsecount="2"/>
      <line num="262" count="1" type="stmt"/>
      <line num="266" count="11" type="stmt"/>
      <line num="267" count="10" type="cond" truecount="2" falsecount="0"/>
      <line num="268" count="1" type="stmt"/>
      <line num="277" count="9" type="stmt"/>
      <line num="278" count="9" type="cond" truecount="2" falsecount="0"/>
      <line num="279" count="3" type="stmt"/>
      <line num="287" count="6" type="stmt"/>
      <line num="298" count="1" type="stmt"/>
      <line num="299" count="3" type="stmt"/>
      <line num="300" count="3" type="cond" truecount="2" falsecount="0"/>
      <line num="301" count="2" type="stmt"/>
      <line num="303" count="1" type="stmt"/>
      <line num="309" count="1" type="stmt"/>
      <line num="312" count="4" type="stmt"/>
      <line num="315" count="4" type="cond" truecount="2" falsecount="0"/>
      <line num="316" count="1" type="stmt"/>
      <line num="318" count="3" type="stmt"/>
      <line num="319" count="3" type="stmt"/>
      <line num="321" count="2" type="cond" truecount="8" falsecount="0"/>
    </file>
    <file name="image-service.ts" path="/home/ubuntu/.openclaw/workspace/projects/flipper-ai/src/lib/image-service.ts">
      <metrics statements="122" coveredstatements="0" conditionals="55" coveredconditionals="0" methods="20" coveredmethods="0"/>
      <line num="6" count="0" type="stmt"/>
      <line num="7" count="0" type="stmt"/>
      <line num="8" count="0" type="stmt"/>
      <line num="11" count="0" type="stmt"/>
      <line num="12" count="0" type="stmt"/>
      <line num="13" count="0" type="stmt"/>
      <line num="14" count="0" type="stmt"/>
      <line num="35" count="0" type="stmt"/>
      <line num="36" count="0" type="stmt"/>
      <line num="43" count="0" type="stmt"/>
      <line num="49" count="0" type="cond" truecount="0" falsecount="2"/>
      <line num="55" count="0" type="stmt"/>
      <line num="56" count="0" type="stmt"/>
      <line num="57" count="0" type="stmt"/>
      <line num="58" count="0" type="stmt"/>
      <line num="59" count="0" type="cond" truecount="0" falsecount="2"/>
      <line num="60" count="0" type="stmt"/>
      <line num="61" count="0" type="cond" truecount="0" falsecount="2"/>
      <line num="62" count="0" type="cond" truecount="0" falsecount="2"/>
      <line num="68" count="0" type="stmt"/>
      <line num="75" count="0" type="stmt"/>
      <line num="76" count="0" type="stmt"/>
      <line num="78" count="0" type="stmt"/>
      <line num="85" count="0" type="stmt"/>
      <line num="86" count="0" type="stmt"/>
      <line num="87" count="0" type="stmt"/>
      <line num="88" count="0" type="stmt"/>
      <line num="89" count="0" type="stmt"/>
      <line num="90" count="0" type="stmt"/>
      <line num="91" count="0" type="stmt"/>
      <line num="96" count="0" type="stmt"/>
      <line num="102" count="0" type="stmt"/>
      <line num="103" count="0" type="stmt"/>
      <line num="105" count="0" type="stmt"/>
      <line num="108" count="0" type="stmt"/>
      <line num="109" count="0" type="cond" truecount="0" falsecount="2"/>
      <line num="110" count="0" type="stmt"/>
      <line num="123" count="0" type="stmt"/>
      <line num="126" count="0" type="stmt"/>
      <line num="127" count="0" type="stmt"/>
      <line num="129" count="0" type="stmt"/>
      <line num="138" count="0" type="stmt"/>
      <line num="140" count="0" type="cond" truecount="0" falsecount="2"/>
      <line num="141" count="0" type="stmt"/>
      <line num="148" count="0" type="cond" truecount="0" falsecount="2"/>
      <line num="149" count="0" type="stmt"/>
      <line num="152" count="0" type="cond" truecount="0" falsecount="2"/>
      <line num="153" count="0" type="stmt"/>
      <line num="160" count="0" type="stmt"/>
      <line num="161" count="0" type="stmt"/>
      <line num="164" count="0" type="cond" truecount="0" falsecount="2"/>
      <line num="165" count="0" type="stmt"/>
      <line num="172" count="0" type="cond" truecount="0" falsecount="2"/>
      <line num="173" count="0" type="stmt"/>
      <line num="174" count="0" type="stmt"/>
      <line num="175" count="0" type="stmt"/>
      <line num="178" count="0" type="stmt"/>
      <line num="180" count="0" type="stmt"/>
      <line num="191" count="0" type="cond" truecount="0" falsecount="2"/>
      <line num="192" count="0" type="cond" truecount="0" falsecount="2"/>
      <line num="193" count="0" type="stmt"/>
      <line num="195" count="0" type="stmt"/>
      <line num="203" count="0" type="stmt"/>
      <line num="215" count="0" type="cond" truecount="0" falsecount="4"/>
      <line num="216" count="0" type="stmt"/>
      <line num="217" count="0" type="stmt"/>
      <line num="220" count="0" type="stmt"/>
      <line num="221" count="0" type="stmt"/>
      <line num="222" count="0" type="stmt"/>
      <line num="224" count="0" type="stmt"/>
      <line num="225" count="0" type="stmt"/>
      <line num="226" count="0" type="stmt"/>
      <line num="227" count="0" type="stmt"/>
      <line num="229" count="0" type="cond" truecount="0" falsecount="4"/>
      <line num="230" count="0" type="stmt"/>
      <line num="231" count="0" type="cond" truecount="0" falsecount="2"/>
      <line num="233" count="0" type="stmt"/>
      <line num="238" count="0" type="stmt"/>
      <line num="241" count="0" type="stmt"/>
      <line num="242" count="0" type="stmt"/>
      <line num="257" count="0" type="stmt"/>
      <line num="311" count="0" type="stmt"/>
      <line num="312" count="0" type="stmt"/>
      <line num="318" count="0" type="stmt"/>
      <line num="319" count="0" type="stmt"/>
      <line num="320" count="0" type="stmt"/>
      <line num="323" count="0" type="stmt"/>
      <line num="324" count="0" type="stmt"/>
      <line num="326" count="0" type="cond" truecount="0" falsecount="2"/>
      <line num="327" count="0" type="stmt"/>
      <line num="328" count="0" type="stmt"/>
      <line num="332" count="0" type="cond" truecount="0" falsecount="2"/>
      <line num="333" count="0" type="stmt"/>
      <line num="336" count="0" type="cond" truecount="0" falsecount="2"/>
      <line num="339" count="0" type="cond" truecount="0" falsecount="2"/>
      <line num="340" count="0" type="stmt"/>
      <line num="342" count="0" type="stmt"/>
      <line num="345" count="0" type="stmt"/>
      <line num="349" count="0" type="stmt"/>
      <line num="358" count="0" type="stmt"/>
      <line num="359" count="0" type="stmt"/>
      <line num="361" count="0" type="cond" truecount="0" falsecount="2"/>
      <line num="362" count="0" type="stmt"/>
      <line num="363" count="0" type="stmt"/>
      <line num="364" count="0" type="cond" truecount="0" falsecount="2"/>
      <line num="366" count="0" type="stmt"/>
      <line num="369" count="0" type="stmt"/>
      <line num="373" count="0" type="stmt"/>
      <line num="383" count="0" type="stmt"/>
      <line num="385" count="0" type="stmt"/>
      <line num="388" count="0" type="stmt"/>
      <line num="401" count="0" type="cond" truecount="0" falsecount="1"/>
      <line num="402" count="0" type="stmt"/>
      <line num="403" count="0" type="stmt"/>
      <line num="410" count="0" type="stmt"/>
      <line num="417" count="0" type="stmt"/>
      <line num="418" count="0" type="stmt"/>
      <line num="420" count="0" type="cond" truecount="0" falsecount="2"/>
      <line num="421" count="0" type="stmt"/>
      <line num="424" count="0" type="cond" truecount="0" falsecount="6"/>
      <line num="425" count="0" type="stmt"/>
      <line num="428" count="0" type="stmt"/>
    </file>
    <file name="llm-identifier.ts" path="/home/ubuntu/.openclaw/workspace/projects/flipper-ai/src/lib/llm-identifier.ts">
      <metrics statements="40" coveredstatements="39" conditionals="47" coveredconditionals="43" methods="6" coveredmethods="6"/>
      <line num="4" count="13" type="stmt"/>
      <line num="19" count="13" type="stmt"/>
      <line num="53" count="13" type="stmt"/>
      <line num="56" count="23" type="cond" truecount="2" falsecount="0"/>
      <line num="57" count="13" type="stmt"/>
      <line num="58" count="13" type="cond" truecount="1" falsecount="1"/>
      <line num="59" count="0" type="stmt"/>
      <line num="61" count="13" type="stmt"/>
      <line num="63" count="23" type="stmt"/>
      <line num="66" count="13" type="stmt"/>
      <line num="73" count="24" type="cond" truecount="2" falsecount="0"/>
      <line num="74" count="1" type="stmt"/>
      <line num="75" count="1" type="stmt"/>
      <line num="78" count="23" type="stmt"/>
      <line num="79" count="23" type="stmt"/>
      <line num="81" count="23" type="stmt"/>
      <line num="86" count="23" type="stmt"/>
      <line num="103" count="22" type="cond" truecount="8" falsecount="2"/>
      <line num="106" count="22" type="stmt"/>
      <line num="107" count="22" type="cond" truecount="2" falsecount="0"/>
      <line num="108" count="2" type="stmt"/>
      <line num="109" count="2" type="stmt"/>
      <line num="112" count="20" type="stmt"/>
      <line num="114" count="20" type="stmt"/>
      <line num="127" count="1" type="stmt"/>
      <line num="128" count="1" type="stmt"/>
      <line num="133" count="20" type="stmt"/>
      <line num="134" count="20" type="cond" truecount="3" falsecount="1"/>
      <line num="135" count="20" type="cond" truecount="2" falsecount="0"/>
      <line num="141" count="13" type="stmt"/>
      <line num="150" count="3" type="stmt"/>
      <line num="151" count="3" type="stmt"/>
      <line num="153" count="3" type="stmt"/>
      <line num="154" count="3" type="stmt"/>
      <line num="155" count="3" type="stmt"/>
      <line num="157" count="9" type="stmt"/>
      <line num="160" count="3" type="stmt"/>
      <line num="163" count="3" type="cond" truecount="2" falsecount="0"/>
      <line num="164" count="1" type="stmt"/>
      <line num="168" count="3" type="stmt"/>
    </file>
    <file name="marketplace-scanner.ts" path="/home/ubuntu/.openclaw/workspace/projects/flipper-ai/src/lib/marketplace-scanner.ts">
      <metrics statements="58" coveredstatements="57" conditionals="55" coveredconditionals="50" methods="12" coveredmethods="11"/>
      <line num="4" count="1" type="stmt"/>
      <line num="56" count="1" type="stmt"/>
      <line num="62" count="1" type="stmt"/>
      <line num="74" count="1" type="stmt"/>
      <line num="80" count="42" type="cond" truecount="3" falsecount="1"/>
      <line num="83" count="42" type="stmt"/>
      <line num="92" count="42" type="stmt"/>
      <line num="100" count="42" type="stmt"/>
      <line num="102" count="42" type="stmt"/>
      <line num="115" count="1" type="stmt"/>
      <line num="119" count="20" type="stmt"/>
      <line num="122" count="20" type="cond" truecount="4" falsecount="0"/>
      <line num="123" count="2" type="stmt"/>
      <line num="127" count="18" type="cond" truecount="2" falsecount="0"/>
      <line num="131" count="1" type="stmt"/>
      <line num="135" count="17" type="cond" truecount="4" falsecount="0"/>
      <line num="136" count="3" type="stmt"/>
      <line num="140" count="14" type="cond" truecount="4" falsecount="0"/>
      <line num="141" count="1" type="stmt"/>
      <line num="145" count="13" type="cond" truecount="6" falsecount="0"/>
      <line num="146" count="1" type="stmt"/>
      <line num="150" count="12" type="cond" truecount="4" falsecount="0"/>
      <line num="151" count="2" type="stmt"/>
      <line num="155" count="10" type="cond" truecount="2" falsecount="0"/>
      <line num="156" count="5" type="stmt"/>
      <line num="157" count="5" type="stmt"/>
      <line num="158" count="5" type="cond" truecount="2" falsecount="0"/>
      <line num="159" count="2" type="stmt"/>
      <line num="163" count="8" type="stmt"/>
      <line num="169" count="1" type="stmt"/>
      <line num="179" count="9" type="stmt"/>
      <line num="182" count="9" type="stmt"/>
      <line num="185" count="7" type="cond" truecount="2" falsecount="0"/>
      <line num="186" count="1" type="stmt"/>
      <line num="189" count="7" type="stmt"/>
      <line num="199" count="1" type="stmt"/>
      <line num="200" count="7" type="stmt"/>
      <line num="202" count="3" type="cond" truecount="2" falsecount="0"/>
      <line num="203" count="1" type="stmt"/>
      <line num="206" count="2" type="cond" truecount="2" falsecount="0"/>
      <line num="207" count="1" type="stmt"/>
      <line num="210" count="1" type="stmt"/>
      <line num="211" count="1" type="stmt"/>
      <line num="212" count="1" type="stmt"/>
      <line num="219" count="1" type="stmt"/>
      <line num="220" count="2" type="stmt"/>
      <line num="266" count="1" type="stmt"/>
      <line num="279" count="3" type="stmt"/>
      <line num="282" count="3" type="cond" truecount="2" falsecount="0"/>
      <line num="283" count="4" type="stmt"/>
      <line num="286" count="3" type="stmt"/>
      <line num="287" count="0" type="stmt"/>
      <line num="291" count="3" type="stmt"/>
      <line num="292" count="3" type="cond" truecount="1" falsecount="1"/>
      <line num="294" count="3" type="stmt"/>
      <line num="295" count="3" type="stmt"/>
      <line num="296" count="4" type="cond" truecount="2" falsecount="0"/>
      <line num="299" count="3" type="stmt"/>
    </file>
  </project>
</coverage>
