{"total": {"lines":{"total":370,"covered":159,"skipped":0,"pct":42.97},"statements":{"total":382,"covered":163,"skipped":0,"pct":42.67},"functions":{"total":61,"covered":29,"skipped":0,"pct":47.54},"branches":{"total":323,"covered":179,"skipped":0,"pct":55.41},"branchesTrue":{"total":0,"covered":0,"skipped":0,"pct":"Unknown"}}
,"/home/ubuntu/.openclaw/workspace/projects/flipper-ai/src/lib/claude-analyzer.ts": {"lines":{"total":87,"covered":0,"skipped":0,"pct":0},"functions":{"total":11,"covered":0,"skipped":0,"pct":0},"statements":{"total":91,"covered":0,"skipped":0,"pct":0},"branches":{"total":73,"covered":0,"skipped":0,"pct":0}}
,"/home/ubuntu/.openclaw/workspace/projects/flipper-ai/src/lib/ebay-inventory.ts": {"lines":{"total":63,"covered":63,"skipped":0,"pct":100},"functions":{"total":12,"covered":12,"skipped":0,"pct":100},"statements":{"total":63,"covered":63,"skipped":0,"pct":100},"branches":{"total":93,"covered":86,"skipped":0,"pct":92.47}}
,"/home/ubuntu/.openclaw/workspace/projects/flipper-ai/src/lib/image-service.ts": {"lines":{"total":122,"covered":0,"skipped":0,"pct":0},"functions":{"total":20,"covered":0,"skipped":0,"pct":0},"statements":{"total":126,"covered":0,"skipped":0,"pct":0},"branches":{"total":55,"covered":0,"skipped":0,"pct":0}}
,"/home/ubuntu/.openclaw/workspace/projects/flipper-ai/src/lib/llm-identifier.ts": {"lines":{"total":40,"covered":39,"skipped":0,"pct":97.5},"functions":{"total":6,"covered":6,"skipped":0,"pct":100},"statements":{"total":42,"covered":41,"skipped":0,"pct":97.61},"branches":{"total":47,"covered":43,"skipped":0,"pct":91.48}}
,"/home/ubuntu/.openclaw/workspace/projects/flipper-ai/src/lib/marketplace-scanner.ts": {"lines":{"total":58,"covered":57,"skipped":0,"pct":98.27},"functions":{"total":12,"covered":11,"skipped":0,"pct":91.66},"statements":{"total":60,"covered":59,"skipped":0,"pct":98.33},"branches":{"total":55,"covered":50,"skipped":0,"pct":90.9}}
}
