TN:
SF:src/lib/claude-analyzer.ts
FN:13,(anonymous_1)
FN:43,getCachedAnalysis
FN:70,cacheAnalysis
FN:90,buildAnalysisPrompt
FN:136,parseClaudeResponse
FN:172,callClaudeAPI
FN:194,(anonymous_7)
FN:228,analyzeListing
FN:275,analyzeListingData
FN:290,batchAnalyzeListings
FN:320,(anonymous_11)
FNF:11
FNH:0
FNDA:0,(anonymous_1)
FNDA:0,getCachedAnalysis
FNDA:0,cacheAnalysis
FNDA:0,buildAnalysisPrompt
FNDA:0,parseClaudeResponse
FNDA:0,callClaudeAPI
FNDA:0,(anonymous_7)
FNDA:0,analyzeListing
FNDA:0,analyzeListingData
FNDA:0,batchAnalyzeListings
FNDA:0,(anonymous_11)
DA:10,0
DA:11,0
DA:13,0
DA:14,0
DA:15,0
DA:44,0
DA:45,0
DA:57,0
DA:58,0
DA:61,0
DA:64,0
DA:71,0
DA:72,0
DA:74,0
DA:75,0
DA:83,0
DA:96,0
DA:137,0
DA:139,0
DA:140,0
DA:141,0
DA:144,0
DA:147,0
DA:164,0
DA:165,0
DA:173,0
DA:174,0
DA:175,0
DA:178,0
DA:182,0
DA:183,0
DA:194,0
DA:195,0
DA:196,0
DA:199,0
DA:202,0
DA:203,0
DA:204,0
DA:205,0
DA:207,0
DA:208,0
DA:213,0
DA:214,0
DA:215,0
DA:217,0
DA:220,0
DA:228,0
DA:230,0
DA:231,0
DA:232,0
DA:236,0
DA:240,0
DA:241,0
DA:245,0
DA:246,0
DA:247,0
DA:248,0
DA:255,0
DA:262,0
DA:263,0
DA:266,0
DA:268,0
DA:275,0
DA:281,0
DA:282,0
DA:283,0
DA:290,0
DA:299,0
DA:300,0
DA:301,0
DA:302,0
DA:304,0
DA:305,0
DA:307,0
DA:309,0
DA:310,0
DA:311,0
DA:312,0
DA:315,0
DA:316,0
DA:319,0
DA:320,0
DA:324,0
DA:325,0
DA:331,0
DA:332,0
DA:336,0
LF:87
LH:0
BRDA:13,0,0,0
BRDA:13,0,1,0
BRDA:14,1,0,0
BRDA:14,1,1,0
BRDA:57,2,0,0
BRDA:57,2,1,0
BRDA:100,3,0,0
BRDA:100,3,1,0
BRDA:104,4,0,0
BRDA:104,4,1,0
BRDA:104,5,0,0
BRDA:104,5,1,0
BRDA:140,6,0,0
BRDA:140,6,1,0
BRDA:148,7,0,0
BRDA:148,7,1,0
BRDA:149,8,0,0
BRDA:149,8,1,0
BRDA:150,9,0,0
BRDA:150,9,1,0
BRDA:151,10,0,0
BRDA:151,10,1,0
BRDA:152,11,0,0
BRDA:152,11,1,0
BRDA:153,12,0,0
BRDA:153,12,1,0
BRDA:154,13,0,0
BRDA:154,13,1,0
BRDA:155,14,0,0
BRDA:155,14,1,0
BRDA:156,15,0,0
BRDA:156,15,1,0
BRDA:159,16,0,0
BRDA:159,16,1,0
BRDA:160,17,0,0
BRDA:160,17,1,0
BRDA:161,18,0,0
BRDA:161,18,1,0
BRDA:174,19,0,0
BRDA:174,19,1,0
BRDA:195,20,0,0
BRDA:195,20,1,0
BRDA:195,21,0,0
BRDA:195,21,1,0
BRDA:202,22,0,0
BRDA:202,22,1,0
BRDA:202,23,0,0
BRDA:202,23,1,0
BRDA:202,23,2,0
BRDA:204,24,0,0
BRDA:204,24,1,0
BRDA:207,25,0,0
BRDA:207,25,1,0
BRDA:213,26,0,0
BRDA:213,26,1,0
BRDA:214,27,0,0
BRDA:214,27,1,0
BRDA:214,28,0,0
BRDA:214,28,1,0
BRDA:231,29,0,0
BRDA:231,29,1,0
BRDA:240,30,0,0
BRDA:240,30,1,0
BRDA:246,31,0,0
BRDA:246,31,1,0
BRDA:310,32,0,0
BRDA:310,32,1,0
BRDA:319,33,0,0
BRDA:319,33,1,0
BRDA:327,34,0,0
BRDA:327,34,1,0
BRDA:331,35,0,0
BRDA:331,35,1,0
BRF:73
BRH:0
end_of_record
TN:
SF:src/lib/ebay-inventory.ts
FN:94,getToken
FN:102,ebayFetch
FN:121,createOrReplaceInventoryItem
FN:172,(anonymous_3)
FN:179,createOffer
FN:233,(anonymous_5)
FN:240,publishOffer
FN:255,(anonymous_7)
FN:262,createDraftListing
FN:298,getInventoryItem
FN:309,deleteInventoryItem
FN:321,(anonymous_11)
FNF:12
FNH:12
FNDA:31,getToken
FNDA:31,ebayFetch
FNDA:11,createOrReplaceInventoryItem
FNDA:1,(anonymous_3)
FNDA:9,createOffer
FNDA:1,(anonymous_5)
FNDA:4,publishOffer
FNDA:3,(anonymous_7)
FNDA:11,createDraftListing
FNDA:3,getInventoryItem
FNDA:4,deleteInventoryItem
FNDA:2,(anonymous_11)
DA:13,1
DA:14,1
DA:17,1
DA:95,31
DA:96,31
DA:97,1
DA:99,30
DA:103,31
DA:104,30
DA:106,30
DA:124,11
DA:140,11
DA:141,1
DA:159,11
DA:165,10
DA:166,9
DA:169,1
DA:170,1
DA:172,1
DA:182,9
DA:198,9
DA:199,2
DA:204,9
DA:205,2
DA:210,9
DA:211,2
DA:216,9
DA:217,2
DA:220,9
DA:225,9
DA:226,6
DA:227,6
DA:230,3
DA:231,3
DA:233,1
DA:240,1
DA:243,4
DA:247,4
DA:248,1
DA:249,1
DA:252,3
DA:253,3
DA:255,3
DA:262,1
DA:266,11
DA:267,10
DA:268,1
DA:277,9
DA:278,9
DA:279,3
DA:287,6
DA:298,1
DA:299,3
DA:300,3
DA:301,2
DA:303,1
DA:309,1
DA:312,4
DA:315,4
DA:316,1
DA:318,3
DA:319,3
DA:321,2
LF:63
LH:63
BRDA:13,0,0,1
BRDA:13,0,1,1
BRDA:14,1,0,1
BRDA:14,1,1,1
BRDA:96,2,0,1
BRDA:96,2,1,30
BRDA:102,3,0,3
BRDA:113,4,0,30
BRDA:113,4,1,30
BRDA:129,5,0,11
BRDA:129,5,1,11
BRDA:132,6,0,11
BRDA:132,6,1,11
BRDA:135,7,0,0
BRDA:135,7,1,11
BRDA:135,8,0,11
BRDA:135,8,1,11
BRDA:140,9,0,1
BRDA:140,9,1,10
BRDA:140,10,0,11
BRDA:140,10,1,10
BRDA:142,11,0,1
BRDA:142,11,1,1
BRDA:148,12,0,1
BRDA:148,12,1,1
BRDA:165,13,0,9
BRDA:165,13,1,1
BRDA:165,14,0,10
BRDA:165,14,1,10
BRDA:172,15,0,1
BRDA:172,15,1,0
BRDA:172,16,0,0
BRDA:172,16,1,1
BRDA:172,17,0,1
BRDA:172,17,1,1
BRDA:172,18,0,1
BRDA:172,18,1,1
BRDA:187,19,0,0
BRDA:187,19,1,9
BRDA:187,20,0,9
BRDA:187,20,1,9
BRDA:192,21,0,9
BRDA:192,21,1,9
BRDA:198,22,0,2
BRDA:198,22,1,7
BRDA:200,23,0,2
BRDA:200,23,1,2
BRDA:204,24,0,2
BRDA:204,24,1,7
BRDA:206,25,0,2
BRDA:206,25,1,1
BRDA:210,26,0,2
BRDA:210,26,1,7
BRDA:212,27,0,2
BRDA:212,27,1,0
BRDA:216,28,0,2
BRDA:216,28,1,7
BRDA:225,29,0,6
BRDA:225,29,1,3
BRDA:233,30,0,3
BRDA:233,30,1,2
BRDA:233,31,0,2
BRDA:233,31,1,1
BRDA:233,32,0,3
BRDA:233,32,1,2
BRDA:233,33,0,1
BRDA:233,33,1,1
BRDA:247,34,0,1
BRDA:247,34,1,3
BRDA:255,35,0,3
BRDA:255,35,1,0
BRDA:255,36,0,0
BRDA:255,36,1,3
BRDA:255,37,0,3
BRDA:255,37,1,3
BRDA:255,38,0,3
BRDA:255,38,1,2
BRDA:267,39,0,1
BRDA:267,39,1,9
BRDA:278,40,0,3
BRDA:278,40,1,6
BRDA:300,41,0,2
BRDA:300,41,1,1
BRDA:315,42,0,1
BRDA:315,42,1,3
BRDA:321,43,0,3
BRDA:321,43,1,1
BRDA:321,44,0,1
BRDA:321,44,1,2
BRDA:321,45,0,3
BRDA:321,45,1,3
BRDA:321,46,0,2
BRDA:321,46,1,2
BRF:93
BRH:86
end_of_record
TN:
SF:src/lib/image-service.ts
FN:35,generateImageHash
FN:42,getExtensionFromMimeType
FN:55,getExtensionFromUrl
FN:74,ensureCacheDir
FN:85,isImageCached
FN:102,downloadAndCacheImage
FN:127,(anonymous_6)
FN:203,downloadAndCacheImages
FN:222,(anonymous_8)
FN:241,(anonymous_9)
FN:242,(anonymous_10)
FN:312,(anonymous_11)
FN:318,normalizeLocation
FN:345,(anonymous_13)
FN:349,(anonymous_14)
FN:369,(anonymous_15)
FN:373,(anonymous_16)
FN:388,(anonymous_17)
FN:401,buildProxyUrl
FN:410,getBestImageUrl
FNF:20
FNH:0
FNDA:0,generateImageHash
FNDA:0,getExtensionFromMimeType
FNDA:0,getExtensionFromUrl
FNDA:0,ensureCacheDir
FNDA:0,isImageCached
FNDA:0,downloadAndCacheImage
FNDA:0,(anonymous_6)
FNDA:0,downloadAndCacheImages
FNDA:0,(anonymous_8)
FNDA:0,(anonymous_9)
FNDA:0,(anonymous_10)
FNDA:0,(anonymous_11)
FNDA:0,normalizeLocation
FNDA:0,(anonymous_13)
FNDA:0,(anonymous_14)
FNDA:0,(anonymous_15)
FNDA:0,(anonymous_16)
FNDA:0,(anonymous_17)
FNDA:0,buildProxyUrl
FNDA:0,getBestImageUrl
DA:6,0
DA:7,0
DA:8,0
DA:11,0
DA:12,0
DA:13,0
DA:14,0
DA:35,0
DA:36,0
DA:43,0
DA:49,0
DA:55,0
DA:56,0
DA:57,0
DA:58,0
DA:59,0
DA:60,0
DA:61,0
DA:62,0
DA:68,0
DA:75,0
DA:76,0
DA:78,0
DA:85,0
DA:86,0
DA:87,0
DA:88,0
DA:89,0
DA:90,0
DA:91,0
DA:96,0
DA:102,0
DA:103,0
DA:105,0
DA:108,0
DA:109,0
DA:110,0
DA:123,0
DA:126,0
DA:127,0
DA:129,0
DA:138,0
DA:140,0
DA:141,0
DA:148,0
DA:149,0
DA:152,0
DA:153,0
DA:160,0
DA:161,0
DA:164,0
DA:165,0
DA:172,0
DA:173,0
DA:174,0
DA:175,0
DA:178,0
DA:180,0
DA:191,0
DA:192,0
DA:193,0
DA:195,0
DA:203,0
DA:215,0
DA:216,0
DA:217,0
DA:220,0
DA:221,0
DA:222,0
DA:224,0
DA:225,0
DA:226,0
DA:227,0
DA:229,0
DA:230,0
DA:231,0
DA:233,0
DA:238,0
DA:241,0
DA:242,0
DA:257,0
DA:311,0
DA:312,0
DA:318,0
DA:319,0
DA:320,0
DA:323,0
DA:324,0
DA:326,0
DA:327,0
DA:328,0
DA:332,0
DA:333,0
DA:336,0
DA:339,0
DA:340,0
DA:342,0
DA:345,0
DA:349,0
DA:358,0
DA:359,0
DA:361,0
DA:362,0
DA:363,0
DA:364,0
DA:366,0
DA:369,0
DA:373,0
DA:383,0
DA:385,0
DA:388,0
DA:401,0
DA:402,0
DA:403,0
DA:410,0
DA:417,0
DA:418,0
DA:420,0
DA:421,0
DA:424,0
DA:425,0
DA:428,0
LF:122
LH:0
BRDA:49,0,0,0
BRDA:49,0,1,0
BRDA:59,1,0,0
BRDA:59,1,1,0
BRDA:61,2,0,0
BRDA:61,2,1,0
BRDA:62,3,0,0
BRDA:62,3,1,0
BRDA:109,4,0,0
BRDA:109,4,1,0
BRDA:140,5,0,0
BRDA:140,5,1,0
BRDA:148,6,0,0
BRDA:148,6,1,0
BRDA:152,7,0,0
BRDA:152,7,1,0
BRDA:164,8,0,0
BRDA:164,8,1,0
BRDA:172,9,0,0
BRDA:172,9,1,0
BRDA:191,10,0,0
BRDA:191,10,1,0
BRDA:192,11,0,0
BRDA:192,11,1,0
BRDA:215,12,0,0
BRDA:215,13,0,0
BRDA:215,14,0,0
BRDA:215,14,1,0
BRDA:229,15,0,0
BRDA:229,15,1,0
BRDA:229,16,0,0
BRDA:229,16,1,0
BRDA:231,17,0,0
BRDA:231,17,1,0
BRDA:326,18,0,0
BRDA:326,18,1,0
BRDA:332,19,0,0
BRDA:332,19,1,0
BRDA:336,20,0,0
BRDA:336,20,1,0
BRDA:339,21,0,0
BRDA:339,21,1,0
BRDA:361,22,0,0
BRDA:361,22,1,0
BRDA:364,23,0,0
BRDA:364,23,1,0
BRDA:401,24,0,0
BRDA:420,25,0,0
BRDA:420,25,1,0
BRDA:424,26,0,0
BRDA:424,26,1,0
BRDA:424,27,0,0
BRDA:424,27,1,0
BRDA:424,28,0,0
BRDA:424,28,1,0
BRF:55
BRH:0
end_of_record
TN:
SF:src/lib/llm-identifier.ts
FN:55,getOpenAI
FN:66,identifyItem
FN:132,validateCondition
FN:141,identifyItemsBatch
FN:156,(anonymous_5)
FN:164,(anonymous_6)
FNF:6
FNH:6
FNDA:23,getOpenAI
FNDA:24,identifyItem
FNDA:20,validateCondition
FNDA:3,identifyItemsBatch
FNDA:9,(anonymous_5)
FNDA:1,(anonymous_6)
DA:4,13
DA:19,13
DA:53,13
DA:56,23
DA:57,13
DA:58,13
DA:59,0
DA:61,13
DA:63,23
DA:66,13
DA:73,24
DA:74,1
DA:75,1
DA:78,23
DA:79,23
DA:81,23
DA:86,23
DA:103,22
DA:106,22
DA:107,22
DA:108,2
DA:109,2
DA:112,20
DA:114,20
DA:127,1
DA:128,1
DA:133,20
DA:134,20
DA:135,20
DA:141,13
DA:150,3
DA:151,3
DA:153,3
DA:154,3
DA:155,3
DA:157,9
DA:160,3
DA:163,3
DA:164,1
DA:168,3
LF:40
LH:39
BRDA:56,0,0,13
BRDA:56,0,1,10
BRDA:58,1,0,0
BRDA:58,1,1,13
BRDA:73,2,0,1
BRDA:73,2,1,23
BRDA:82,3,0,23
BRDA:82,3,1,20
BRDA:84,4,0,23
BRDA:84,4,1,20
BRDA:103,5,0,22
BRDA:103,5,1,1
BRDA:103,6,0,0
BRDA:103,6,1,22
BRDA:103,7,0,22
BRDA:103,7,1,22
BRDA:103,8,0,0
BRDA:103,8,1,22
BRDA:103,9,0,22
BRDA:103,9,1,22
BRDA:107,10,0,2
BRDA:107,10,1,20
BRDA:115,11,0,20
BRDA:115,11,1,1
BRDA:116,12,0,20
BRDA:116,12,1,9
BRDA:117,13,0,20
BRDA:117,13,1,9
BRDA:118,14,0,12
BRDA:118,14,1,8
BRDA:120,15,0,20
BRDA:120,15,1,9
BRDA:121,16,0,20
BRDA:121,16,1,1
BRDA:122,17,0,20
BRDA:122,17,1,4
BRDA:122,17,2,3
BRDA:124,18,0,20
BRDA:124,18,1,9
BRDA:134,19,0,0
BRDA:134,19,1,20
BRDA:134,20,0,20
BRDA:134,20,1,20
BRDA:135,21,0,19
BRDA:135,21,1,1
BRDA:163,22,0,1
BRDA:163,22,1,2
BRF:47
BRH:43
end_of_record
TN:
SF:src/lib/marketplace-scanner.ts
FN:74,analyzeListing
FN:115,meetsViabilityCriteria
FN:169,processListings
FN:179,(anonymous_3)
FN:182,(anonymous_4)
FN:186,(anonymous_5)
FN:199,sortByOpportunity
FN:200,(anonymous_7)
FN:219,formatForStorage
FN:266,generateScanSummary
FN:283,(anonymous_10)
FN:287,(anonymous_11)
FNF:12
FNH:11
FNDA:42,analyzeListing
FNDA:20,meetsViabilityCriteria
FNDA:7,processListings
FNDA:9,(anonymous_3)
FNDA:9,(anonymous_4)
FNDA:1,(anonymous_5)
FNDA:7,sortByOpportunity
FNDA:3,(anonymous_7)
FNDA:2,formatForStorage
FNDA:3,generateScanSummary
FNDA:4,(anonymous_10)
FNDA:0,(anonymous_11)
DA:4,1
DA:56,1
DA:62,1
DA:74,1
DA:80,42
DA:83,42
DA:92,42
DA:100,42
DA:102,42
DA:115,1
DA:119,20
DA:122,20
DA:123,2
DA:127,18
DA:131,1
DA:135,17
DA:136,3
DA:140,14
DA:141,1
DA:145,13
DA:146,1
DA:150,12
DA:151,2
DA:155,10
DA:156,5
DA:157,5
DA:158,5
DA:159,2
DA:163,8
DA:169,1
DA:179,9
DA:182,9
DA:185,7
DA:186,1
DA:189,7
DA:199,1
DA:200,7
DA:202,3
DA:203,1
DA:206,2
DA:207,1
DA:210,1
DA:211,1
DA:212,1
DA:219,1
DA:220,2
DA:266,1
DA:279,3
DA:282,3
DA:283,4
DA:286,3
DA:287,0
DA:291,3
DA:292,3
DA:294,3
DA:295,3
DA:296,4
DA:299,3
LF:58
LH:57
BRDA:80,0,0,42
BRDA:80,0,1,1
BRDA:80,1,0,1
BRDA:80,1,1,0
BRDA:85,2,0,42
BRDA:85,2,1,0
BRDA:87,3,0,42
BRDA:87,3,1,0
BRDA:117,4,0,1
BRDA:122,5,0,2
BRDA:122,5,1,18
BRDA:122,6,0,20
BRDA:122,6,1,2
BRDA:127,7,0,1
BRDA:127,7,1,17
BRDA:128,8,0,18
BRDA:128,8,1,1
BRDA:135,9,0,3
BRDA:135,9,1,14
BRDA:135,10,0,17
BRDA:135,10,1,4
BRDA:140,11,0,1
BRDA:140,11,1,13
BRDA:140,12,0,14
BRDA:140,12,1,3
BRDA:145,13,0,1
BRDA:145,13,1,12
BRDA:145,14,0,12
BRDA:145,14,1,1
BRDA:145,15,0,13
BRDA:145,15,1,13
BRDA:150,16,0,2
BRDA:150,16,1,10
BRDA:150,17,0,12
BRDA:150,17,1,4
BRDA:155,18,0,5
BRDA:155,18,1,5
BRDA:158,19,0,2
BRDA:158,19,1,3
BRDA:185,20,0,1
BRDA:185,20,1,6
BRDA:202,21,0,1
BRDA:202,21,1,2
BRDA:206,22,0,1
BRDA:206,22,1,1
BRDA:232,23,0,1
BRDA:232,23,1,1
BRDA:259,24,0,0
BRDA:259,24,1,2
BRDA:282,25,0,2
BRDA:282,25,1,1
BRDA:292,26,0,0
BRDA:292,26,1,3
BRDA:296,27,0,4
BRDA:296,27,1,2
BRF:55
BRH:50
end_of_record
