TN:
SF:src/app/api/scraper/ebay/route.ts
FN:71,buildFilterString
FN:87,callEbayApi
FN:97,(anonymous_3)
FN:119,fetchEbayListings
FN:131,fetchSoldListings
FN:143,formatLocation
FN:153,buildSellerNote
FN:161,saveListingFromEbayItem
FN:202,(anonymous_9)
FN:283,storePriceHistoryRecords
FN:287,(anonymous_11)
FN:313,GET
FN:326,POST
FN:383,(anonymous_14)
FNF:14
FNH:14
FNDA:86,buildFilterString
FNDA:86,callEbayApi
FNDA:516,(anonymous_3)
FNDA:43,fetchEbayListings
FNDA:43,fetchSoldListings
FNDA:48,formatLocation
FNDA:24,buildSellerNote
FNDA:24,saveListingFromEbayItem
FNDA:22,(anonymous_9)
FNDA:40,storePriceHistoryRecords
FNDA:9,(anonymous_11)
FNDA:2,GET
FNDA:49,POST
FNDA:24,(anonymous_14)
DA:1,1
DA:2,1
DA:3,1
DA:4,1
DA:5,1
DA:8,1
DA:9,1
DA:10,1
DA:11,1
DA:13,1
DA:22,1
DA:72,86
DA:73,86
DA:74,43
DA:76,86
DA:77,6
DA:78,6
DA:79,6
DA:81,86
DA:82,4
DA:84,86
DA:91,86
DA:92,86
DA:93,0
DA:96,86
DA:97,86
DA:98,516
DA:99,516
DA:103,86
DA:111,82
DA:112,2
DA:113,2
DA:116,80
DA:120,43
DA:128,40
DA:132,43
DA:140,40
DA:144,48
DA:145,46
DA:150,46
DA:154,24
DA:155,23
DA:156,23
DA:157,23
DA:158,22
DA:162,24
DA:163,24
DA:165,24
DA:167,24
DA:176,24
DA:177,24
DA:178,24
DA:179,24
DA:183,24
DA:184,24
DA:187,24
DA:192,24
DA:193,24
DA:200,24
DA:202,22
DA:205,24
DA:206,24
DA:207,24
DA:209,24
DA:280,24
DA:284,40
DA:286,8
DA:288,9
DA:289,9
DA:290,7
DA:303,8
DA:305,6
DA:310,6
DA:313,1
DA:314,2
DA:315,2
DA:326,1
DA:327,49
DA:328,49
DA:329,1
DA:332,48
DA:333,48
DA:334,48
DA:335,1
DA:337,47
DA:338,47
DA:339,3
DA:342,44
DA:343,44
DA:349,44
DA:360,43
DA:361,43
DA:366,40
DA:367,40
DA:368,27
DA:369,24
DA:370,24
DA:373,40
DA:378,40
DA:383,24
DA:389,40
DA:397,3
DA:405,3
DA:408,4
DA:409,4
LF:105
LH:104
BRDA:8,0,0,1
BRDA:8,0,1,1
BRDA:9,1,0,1
BRDA:9,1,1,1
BRDA:71,2,0,43
BRDA:73,3,0,43
BRDA:73,3,1,43
BRDA:76,4,0,6
BRDA:76,4,1,80
BRDA:76,5,0,86
BRDA:76,5,1,82
BRDA:77,6,0,4
BRDA:77,6,1,2
BRDA:77,7,0,6
BRDA:77,7,1,6
BRDA:78,8,0,4
BRDA:78,8,1,2
BRDA:78,9,0,6
BRDA:78,9,1,6
BRDA:81,10,0,4
BRDA:81,10,1,82
BRDA:92,11,0,0
BRDA:92,11,1,86
BRDA:98,12,0,516
BRDA:98,12,1,0
BRDA:98,13,0,516
BRDA:98,13,1,516
BRDA:111,14,0,2
BRDA:111,14,1,80
BRDA:121,15,0,43
BRDA:121,15,1,0
BRDA:123,16,0,43
BRDA:123,16,1,0
BRDA:123,17,0,43
BRDA:123,17,1,43
BRDA:125,18,0,43
BRDA:125,18,1,41
BRDA:128,19,0,25
BRDA:128,19,1,15
BRDA:128,20,0,40
BRDA:128,20,1,40
BRDA:133,21,0,43
BRDA:133,21,1,0
BRDA:137,22,0,43
BRDA:137,22,1,41
BRDA:140,23,0,8
BRDA:140,23,1,32
BRDA:140,24,0,40
BRDA:140,24,1,40
BRDA:144,25,0,2
BRDA:144,25,1,46
BRDA:150,26,0,46
BRDA:150,26,1,2
BRDA:154,27,0,1
BRDA:154,27,1,23
BRDA:155,28,0,21
BRDA:155,28,1,2
BRDA:155,29,0,23
BRDA:155,29,1,23
BRDA:156,30,0,21
BRDA:156,30,1,2
BRDA:156,31,0,23
BRDA:156,31,1,23
BRDA:157,32,0,1
BRDA:157,32,1,22
BRDA:157,33,0,23
BRDA:157,33,1,2
BRDA:158,34,0,21
BRDA:158,34,1,1
BRDA:158,35,0,22
BRDA:158,35,1,21
BRDA:158,36,0,21
BRDA:158,36,1,1
BRDA:158,37,0,22
BRDA:158,37,1,21
BRDA:162,38,0,24
BRDA:162,38,1,1
BRDA:162,39,0,1
BRDA:162,39,1,23
BRDA:162,40,0,24
BRDA:162,40,1,24
BRDA:163,41,0,24
BRDA:163,41,1,2
BRDA:163,41,2,1
BRDA:165,42,0,24
BRDA:165,42,1,2
BRDA:165,42,2,0
BRDA:165,43,0,2
BRDA:165,43,1,22
BRDA:165,44,0,24
BRDA:165,44,1,24
BRDA:165,45,0,1
BRDA:165,45,1,23
BRDA:165,46,0,24
BRDA:165,46,1,24
BRDA:171,47,0,24
BRDA:171,47,1,1
BRDA:177,48,0,24
BRDA:177,48,1,1
BRDA:177,49,0,1
BRDA:177,49,1,23
BRDA:177,50,0,24
BRDA:177,50,1,23
BRDA:178,51,0,24
BRDA:178,51,1,1
BRDA:178,52,0,1
BRDA:178,52,1,23
BRDA:178,53,0,24
BRDA:178,53,1,23
BRDA:179,54,0,23
BRDA:179,54,1,1
BRDA:184,55,0,1
BRDA:184,55,1,23
BRDA:184,56,0,1
BRDA:184,56,1,23
BRDA:184,57,0,24
BRDA:184,57,1,24
BRDA:192,58,0,24
BRDA:192,58,1,1
BRDA:192,59,0,1
BRDA:192,59,1,23
BRDA:192,60,0,24
BRDA:192,60,1,24
BRDA:197,61,0,24
BRDA:197,61,1,1
BRDA:201,62,0,1
BRDA:201,62,1,23
BRDA:201,63,0,24
BRDA:201,63,1,24
BRDA:202,64,0,22
BRDA:202,64,1,2
BRDA:202,65,0,24
BRDA:202,65,1,24
BRDA:202,66,0,2
BRDA:202,66,1,22
BRDA:202,67,0,24
BRDA:202,67,1,24
BRDA:205,68,0,23
BRDA:205,68,1,1
BRDA:207,69,0,0
BRDA:207,69,1,24
BRDA:221,70,0,24
BRDA:221,70,1,1
BRDA:227,71,0,23
BRDA:227,71,1,1
BRDA:253,72,0,24
BRDA:253,72,1,1
BRDA:284,73,0,32
BRDA:284,73,1,8
BRDA:288,74,0,9
BRDA:288,74,1,1
BRDA:288,75,0,1
BRDA:288,75,1,8
BRDA:288,76,0,9
BRDA:288,76,1,9
BRDA:289,77,0,2
BRDA:289,77,1,7
BRDA:291,78,0,7
BRDA:291,78,1,1
BRDA:292,79,0,7
BRDA:292,79,1,1
BRDA:292,80,0,1
BRDA:292,80,1,6
BRDA:292,81,0,7
BRDA:292,81,1,7
BRDA:292,82,0,1
BRDA:292,82,1,6
BRDA:292,83,0,7
BRDA:292,83,1,7
BRDA:295,84,0,7
BRDA:295,84,1,0
BRDA:296,85,0,5
BRDA:296,85,1,2
BRDA:298,86,0,2
BRDA:298,86,1,1
BRDA:303,87,0,2
BRDA:303,87,1,6
BRDA:314,88,0,1
BRDA:314,88,1,1
BRDA:328,89,0,1
BRDA:328,89,1,48
BRDA:334,90,0,1
BRDA:334,90,1,47
BRDA:338,91,0,3
BRDA:338,91,1,44
BRDA:338,92,0,47
BRDA:338,92,1,45
BRDA:342,93,0,1
BRDA:342,93,1,43
BRDA:342,94,0,44
BRDA:342,94,1,44
BRDA:354,95,0,44
BRDA:354,95,1,42
BRDA:368,96,0,3
BRDA:368,96,1,24
BRDA:368,97,0,27
BRDA:368,97,1,26
BRDA:368,97,2,25
BRDA:401,98,0,2
BRDA:401,98,1,1
BRF:200
BRH:192
end_of_record
