{"total": {"lines":{"total":87,"covered":84,"skipped":0,"pct":96.55},"statements":{"total":91,"covered":88,"skipped":0,"pct":96.7},"functions":{"total":5,"covered":5,"skipped":0,"pct":100},"branches":{"total":48,"covered":44,"skipped":0,"pct":91.66},"branchesTrue":{"total":0,"covered":0,"skipped":0,"pct":100}}
,"/home/ubuntu/.openclaw/workspace/projects/flipper-ai/src/app/api/opportunities/route.ts": {"lines":{"total":54,"covered":53,"skipped":0,"pct":98.14},"functions":{"total":2,"covered":2,"skipped":0,"pct":100},"statements":{"total":58,"covered":57,"skipped":0,"pct":98.27},"branches":{"total":38,"covered":35,"skipped":0,"pct":92.1}}
,"/home/ubuntu/.openclaw/workspace/projects/flipper-ai/src/app/api/opportunities/[id]/route.ts": {"lines":{"total":33,"covered":31,"skipped":0,"pct":93.93},"functions":{"total":3,"covered":3,"skipped":0,"pct":100},"statements":{"total":33,"covered":31,"skipped":0,"pct":93.93},"branches":{"total":10,"covered":9,"skipped":0,"pct":90}}
}
