TN:
SF:src/app/api/opportunities/route.ts
FN:12,GET
FN:102,POST
FNF:2
FNH:2
FNDA:9,GET
FNDA:5,POST
DA:1,1
DA:2,1
DA:3,1
DA:4,1
DA:12,1
DA:13,9
DA:14,9
DA:15,9
DA:17,9
DA:18,9
DA:19,1
DA:24,8
DA:26,8
DA:29,8
DA:30,0
DA:33,8
DA:34,3
DA:38,8
DA:39,8
DA:40,2
DA:44,8
DA:45,2
DA:46,2
DA:47,2
DA:48,2
DA:52,8
DA:53,2
DA:54,2
DA:55,2
DA:56,2
DA:59,8
DA:60,4
DA:63,8
DA:83,7
DA:96,1
DA:97,1
DA:102,1
DA:103,5
DA:104,5
DA:105,5
DA:106,5
DA:107,5
DA:108,1
DA:113,4
DA:116,4
DA:120,4
DA:121,1
DA:125,3
DA:129,3
DA:130,1
DA:137,2
DA:153,1
DA:155,1
DA:156,1
LF:54
LH:53
BRDA:18,0,0,1
BRDA:18,0,1,8
BRDA:29,1,0,0
BRDA:29,1,1,8
BRDA:33,2,0,3
BRDA:33,2,1,5
BRDA:39,3,0,2
BRDA:39,3,1,6
BRDA:44,4,0,2
BRDA:44,4,1,6
BRDA:44,5,0,8
BRDA:44,5,1,6
BRDA:46,6,0,2
BRDA:46,6,1,0
BRDA:47,7,0,1
BRDA:47,7,1,1
BRDA:52,8,0,2
BRDA:52,8,1,6
BRDA:52,9,0,8
BRDA:52,9,1,6
BRDA:54,10,0,2
BRDA:54,10,1,0
BRDA:55,11,0,1
BRDA:55,11,1,1
BRDA:59,12,0,4
BRDA:59,12,1,4
BRDA:90,13,0,7
BRDA:90,13,1,6
BRDA:91,14,0,7
BRDA:91,14,1,6
BRDA:92,15,0,7
BRDA:92,15,1,6
BRDA:107,16,0,1
BRDA:107,16,1,4
BRDA:120,17,0,1
BRDA:120,17,1,3
BRDA:129,18,0,1
BRDA:129,18,1,2
BRF:38
BRH:35
end_of_record
TN:
SF:src/app/api/opportunities/[id]/route.ts
FN:5,GET
FN:25,PATCH
FN:51,DELETE
FNF:3
FNH:3
FNDA:2,GET
FNDA:5,PATCH
FNDA:3,DELETE
DA:1,1
DA:2,1
DA:5,1
DA:6,2
DA:7,2
DA:8,2
DA:13,2
DA:14,1
DA:17,1
DA:19,0
DA:20,0
DA:25,1
DA:26,5
DA:27,5
DA:28,5
DA:31,5
DA:32,5
DA:33,2
DA:34,2
DA:37,5
DA:43,4
DA:45,1
DA:46,1
DA:51,1
DA:55,3
DA:56,3
DA:59,3
DA:64,2
DA:65,1
DA:69,1
DA:79,1
DA:81,1
DA:82,1
LF:33
LH:31
BRDA:13,0,0,1
BRDA:13,0,1,1
BRDA:32,1,0,2
BRDA:32,1,1,3
BRDA:32,2,0,5
BRDA:32,2,1,3
BRDA:33,3,0,2
BRDA:33,3,1,0
BRDA:64,4,0,1
BRDA:64,4,1,1
BRF:10
BRH:9
end_of_record
