TN:
SF:src/lib/email-service.ts
FN:63,(anonymous_0)
FN:71,(anonymous_1)
FN:98,(anonymous_2)
FN:120,(anonymous_3)
FN:128,(anonymous_4)
FN:134,(anonymous_5)
FN:139,(anonymous_6)
FN:148,(anonymous_7)
FN:171,(anonymous_8)
FN:190,(anonymous_9)
FN:211,(anonymous_10)
FN:238,(anonymous_11)
FN:260,createEmailService
FNF:13
FNH:13
FNDA:6,(anonymous_0)
FNDA:6,(anonymous_1)
FNDA:2,(anonymous_2)
FNDA:32,(anonymous_3)
FNDA:22,(anonymous_4)
FNDA:19,(anonymous_5)
FNDA:19,(anonymous_6)
FNDA:6,(anonymous_7)
FNDA:4,(anonymous_8)
FNDA:3,(anonymous_9)
FNDA:2,(anonymous_10)
FNDA:4,(anonymous_11)
FNDA:1,createEmailService
DA:13,1
DA:29,1
DA:66,6
DA:67,6
DA:68,6
DA:72,6
DA:73,6
DA:82,4
DA:83,1
DA:84,1
DA:87,3
DA:89,2
DA:90,2
DA:91,2
DA:99,2
DA:103,2
DA:104,2
DA:105,2
DA:106,2
DA:107,2
DA:115,1
DA:121,32
DA:122,32
DA:123,32
DA:129,22
DA:135,19
DA:136,19
DA:140,19
DA:152,6
DA:160,6
DA:172,4
DA:179,4
DA:193,3
DA:200,3
DA:217,2
DA:227,2
DA:241,4
DA:248,4
DA:261,1
DA:262,1
DA:264,1
DA:280,1
DA:284,1
DA:287,1
LF:44
LH:44
BRDA:75,0,0,1
BRDA:75,0,1,5
BRDA:82,1,0,1
BRDA:82,1,1,3
BRDA:87,2,0,0
BRDA:87,2,1,3
BRDA:87,3,0,3
BRDA:87,3,1,3
BRDA:89,4,0,1
BRDA:89,4,1,1
BRDA:104,5,0,1
BRDA:104,5,1,1
BRDA:221,6,0,1
BRDA:221,6,1,1
BRDA:221,7,0,2
BRDA:221,7,1,2
BRDA:262,8,0,1
BRDA:262,8,1,1
BRDA:262,8,2,1
BRDA:264,9,0,1
BRDA:264,9,1,1
BRF:21
BRH:20
end_of_record
