<?xml version="1.0" encoding="UTF-8"?>
<coverage generated="1771328831884" clover="3.2.0">
  <project timestamp="1771328831884" name="All files">
    <metrics statements="58" coveredstatements="58" conditionals="22" coveredconditionals="20" methods="10" coveredmethods="10" elements="90" coveredelements="88" complexity="0" loc="58" ncloc="58" packages="1" files="1" classes="1"/>
    <file name="monitoring.ts" path="/home/ubuntu/.openclaw/workspace/projects/flipper-ai/src/lib/monitoring.ts">
      <metrics statements="58" coveredstatements="58" conditionals="22" coveredconditionals="20" methods="10" coveredmethods="10"/>
      <line num="7" count="1" type="stmt"/>
      <line num="8" count="1" type="stmt"/>
      <line num="9" count="1" type="stmt"/>
      <line num="19" count="1" type="stmt"/>
      <line num="25" count="1" type="stmt"/>
      <line num="27" count="1" type="stmt"/>
      <line num="28" count="1" type="stmt"/>
      <line num="30" count="1" type="stmt"/>
      <line num="31" count="29" type="stmt"/>
      <line num="32" count="29" type="stmt"/>
      <line num="38" count="1" type="stmt"/>
      <line num="39" count="61" type="stmt"/>
      <line num="40" count="61" type="stmt"/>
      <line num="43" count="61" type="cond" truecount="2" falsecount="0"/>
      <line num="44" count="60" type="stmt"/>
      <line num="47" count="61" type="stmt"/>
      <line num="48" count="61" type="cond" truecount="2" falsecount="0"/>
      <line num="54" count="61" type="cond" truecount="2" falsecount="0"/>
      <line num="55" count="10" type="stmt"/>
      <line num="70" count="1" type="stmt"/>
      <line num="71" count="1" type="stmt"/>
      <line num="76" count="1" type="stmt"/>
      <line num="77" count="111" type="stmt"/>
      <line num="79" count="111" type="stmt"/>
      <line num="80" count="111" type="cond" truecount="2" falsecount="0"/>
      <line num="81" count="11" type="stmt"/>
      <line num="84" count="111" type="stmt"/>
      <line num="85" count="111" type="stmt"/>
      <line num="87" count="111" type="cond" truecount="2" falsecount="0"/>
      <line num="88" count="2" type="stmt"/>
      <line num="89" count="2" type="stmt"/>
      <line num="100" count="1" type="stmt"/>
      <line num="106" count="8" type="stmt"/>
      <line num="107" count="800" type="cond" truecount="1" falsecount="1"/>
      <line num="108" count="800" type="stmt"/>
      <line num="110" count="8" type="stmt"/>
      <line num="121" count="1" type="stmt"/>
      <line num="126" count="1" type="stmt"/>
      <line num="127" count="4" type="stmt"/>
      <line num="131" count="10" type="stmt"/>
      <line num="132" count="10" type="stmt"/>
      <line num="133" count="10" type="stmt"/>
      <line num="134" count="19" type="stmt"/>
      <line num="135" count="19" type="stmt"/>
      <line num="147" count="1" type="stmt"/>
      <line num="154" count="5" type="stmt"/>
      <line num="155" count="5" type="stmt"/>
      <line num="156" count="5" type="stmt"/>
      <line num="157" count="5" type="stmt"/>
      <line num="159" count="5" type="stmt"/>
      <line num="160" count="283" type="stmt"/>
      <line num="162" count="5" type="stmt"/>
      <line num="163" count="5" type="cond" truecount="4" falsecount="0"/>
      <line num="164" count="4" type="stmt"/>
      <line num="165" count="1" type="cond" truecount="3" falsecount="1"/>
      <line num="166" count="1" type="stmt"/>
      <line num="169" count="5" type="stmt"/>
      <line num="182" count="1" type="stmt"/>
    </file>
  </project>
</coverage>
