TN:
SF:src/lib/monitoring.ts
FN:30,configureMonitoring
FN:38,recordError
FN:76,recordDbQuery
FN:100,getDbPerformanceSummary
FN:107,(anonymous_5)
FN:108,(anonymous_6)
FN:126,onAlert
FN:130,triggerAlert
FN:147,getSystemHealth
FN:160,(anonymous_10)
FNF:10
FNH:10
FNDA:29,configureMonitoring
FNDA:61,recordError
FNDA:111,recordDbQuery
FNDA:8,getDbPerformanceSummary
FNDA:800,(anonymous_5)
FNDA:800,(anonymous_6)
FNDA:4,onAlert
FNDA:10,triggerAlert
FNDA:5,getSystemHealth
FNDA:283,(anonymous_10)
DA:7,1
DA:8,1
DA:9,1
DA:19,1
DA:25,1
DA:27,1
DA:28,1
DA:30,1
DA:31,29
DA:32,29
DA:38,1
DA:39,61
DA:40,61
DA:43,61
DA:44,60
DA:47,61
DA:48,61
DA:54,61
DA:55,10
DA:70,1
DA:71,1
DA:76,1
DA:77,111
DA:79,111
DA:80,111
DA:81,11
DA:84,111
DA:85,111
DA:87,111
DA:88,2
DA:89,2
DA:100,1
DA:106,8
DA:107,800
DA:108,800
DA:110,8
DA:121,1
DA:126,1
DA:127,4
DA:131,10
DA:132,10
DA:133,10
DA:134,19
DA:135,19
DA:147,1
DA:154,5
DA:155,5
DA:156,5
DA:157,5
DA:159,5
DA:160,283
DA:162,5
DA:163,5
DA:164,4
DA:165,1
DA:166,1
DA:169,5
DA:182,1
LF:58
LH:58
BRDA:43,0,0,121
BRDA:43,0,1,121
BRDA:48,1,0,60
BRDA:48,1,1,1
BRDA:49,2,0,1
BRDA:49,2,1,60
BRDA:54,3,0,10
BRDA:54,3,1,51
BRDA:80,4,0,11
BRDA:80,4,1,100
BRDA:87,5,0,2
BRDA:87,5,1,109
BRDA:107,6,0,8
BRDA:107,6,1,0
BRDA:163,7,0,4
BRDA:163,7,1,1
BRDA:163,8,0,5
BRDA:163,8,1,2
BRDA:165,9,0,1
BRDA:165,9,1,0
BRDA:165,10,0,1
BRDA:165,10,1,1
BRF:22
BRH:20
end_of_record
