<?xml version="1.0" encoding="UTF-8"?>
<coverage generated="1771327243264" clover="3.2.0">
  <project timestamp="1771327243264" name="All files">
    <metrics statements="128" coveredstatements="128" conditionals="172" coveredconditionals="151" methods="15" coveredmethods="15" elements="315" coveredelements="294" complexity="0" loc="128" ncloc="128" packages="1" files="1" classes="1"/>
    <file name="route.ts" path="/home/ubuntu/.openclaw/workspace/projects/flipper-ai/src/app/api/scraper/mercari/route.ts">
      <metrics statements="128" coveredstatements="128" conditionals="172" coveredconditionals="151" methods="15" coveredmethods="15"/>
      <line num="12" count="1" type="stmt"/>
      <line num="13" count="1" type="stmt"/>
      <line num="14" count="1" type="stmt"/>
      <line num="15" count="1" type="stmt"/>
      <line num="18" count="1" type="stmt"/>
      <line num="19" count="1" type="stmt"/>
      <line num="20" count="1" type="stmt"/>
      <line num="23" count="1" type="stmt"/>
      <line num="24" count="1" type="stmt"/>
      <line num="27" count="1" type="stmt"/>
      <line num="41" count="1" type="stmt"/>
      <line num="51" count="1" type="stmt"/>
      <line num="110" count="50" type="stmt"/>
      <line num="136" count="48" type="stmt"/>
      <line num="138" count="48" type="stmt"/>
      <line num="149" count="48" type="stmt"/>
      <line num="150" count="48" type="stmt"/>
      <line num="152" count="48" type="cond" truecount="2" falsecount="0"/>
      <line num="154" count="7" type="stmt"/>
      <line num="155" count="6" type="cond" truecount="5" falsecount="1"/>
      <line num="156" count="1" type="stmt"/>
      <line num="161" count="5" type="stmt"/>
      <line num="162" count="5" type="stmt"/>
      <line num="165" count="40" type="stmt"/>
      <line num="183" count="24" type="stmt"/>
      <line num="185" count="24" type="cond" truecount="1" falsecount="1"/>
      <line num="186" count="24" type="stmt"/>
      <line num="188" count="24" type="cond" truecount="2" falsecount="0"/>
      <line num="189" count="3" type="stmt"/>
      <line num="191" count="24" type="cond" truecount="2" falsecount="0"/>
      <line num="192" count="2" type="stmt"/>
      <line num="194" count="24" type="cond" truecount="2" falsecount="0"/>
      <line num="195" count="2" type="stmt"/>
      <line num="197" count="24" type="cond" truecount="2" falsecount="0"/>
      <line num="198" count="3" type="stmt"/>
      <line num="202" count="24" type="cond" truecount="2" falsecount="0"/>
      <line num="203" count="24" type="stmt"/>
      <line num="206" count="24" type="stmt"/>
      <line num="208" count="24" type="stmt"/>
      <line num="210" count="24" type="stmt"/>
      <line num="212" count="24" type="stmt"/>
      <line num="228" count="5" type="cond" truecount="1" falsecount="1"/>
      <line num="229" count="5" type="cond" truecount="5" falsecount="0"/>
      <line num="230" count="3" type="stmt"/>
      <line num="234" count="2" type="stmt"/>
      <line num="236" count="2" type="stmt"/>
      <line num="240" count="2" type="cond" truecount="2" falsecount="0"/>
      <line num="241" count="1" type="stmt"/>
      <line num="246" count="1" type="stmt"/>
      <line num="247" count="1" type="stmt"/>
      <line num="255" count="24" type="stmt"/>
      <line num="265" count="24" type="stmt"/>
      <line num="266" count="24" type="stmt"/>
      <line num="274" count="21" type="cond" truecount="2" falsecount="1"/>
      <line num="276" count="3" type="stmt"/>
      <line num="277" count="3" type="stmt"/>
      <line num="285" count="18" type="cond" truecount="2" falsecount="0"/>
      <line num="286" count="4" type="cond" truecount="2" falsecount="1"/>
      <line num="293" count="26" type="cond" truecount="2" falsecount="0"/>
      <line num="302" count="13" type="stmt"/>
      <line num="304" count="13" type="cond" truecount="6" falsecount="0"/>
      <line num="305" count="1" type="stmt"/>
      <line num="306" count="12" type="cond" truecount="6" falsecount="0"/>
      <line num="307" count="2" type="stmt"/>
      <line num="310" count="13" type="stmt"/>
      <line num="317" count="13" type="cond" truecount="6" falsecount="0"/>
      <line num="319" count="4" type="cond" truecount="0" falsecount="3"/>
      <line num="320" count="4" type="stmt"/>
      <line num="322" count="4" type="cond" truecount="2" falsecount="0"/>
      <line num="324" count="3" type="stmt"/>
      <line num="325" count="3" type="stmt"/>
      <line num="332" count="13" type="stmt"/>
      <line num="333" count="13" type="cond" truecount="2" falsecount="0"/>
      <line num="334" count="13" type="stmt"/>
      <line num="337" count="13" type="cond" truecount="6" falsecount="1"/>
      <line num="340" count="13" type="cond" truecount="2" falsecount="0"/>
      <line num="343" count="13" type="stmt"/>
      <line num="345" count="13" type="cond" truecount="6" falsecount="0"/>
      <line num="350" count="13" type="cond" truecount="6" falsecount="0"/>
      <line num="352" count="13" type="stmt"/>
      <line num="358" count="13" type="cond" truecount="6" falsecount="0"/>
      <line num="359" count="13" type="stmt"/>
      <line num="367" count="13" type="stmt"/>
      <line num="368" count="13" type="cond" truecount="2" falsecount="0"/>
      <line num="370" count="13" type="stmt"/>
      <line num="371" count="13" type="cond" truecount="1" falsecount="1"/>
      <line num="374" count="13" type="cond" truecount="2" falsecount="0"/>
      <line num="380" count="13" type="stmt"/>
      <line num="449" count="11" type="stmt"/>
      <line num="459" count="20" type="cond" truecount="2" falsecount="0"/>
      <line num="461" count="4" type="stmt"/>
      <line num="463" count="6" type="cond" truecount="2" falsecount="0"/>
      <line num="464" count="5" type="stmt"/>
      <line num="479" count="4" type="cond" truecount="1" falsecount="1"/>
      <line num="482" count="4" type="stmt"/>
      <line num="487" count="4" type="stmt"/>
      <line num="494" count="1" type="stmt"/>
      <line num="495" count="2" type="stmt"/>
      <line num="511" count="1" type="stmt"/>
      <line num="512" count="27" type="stmt"/>
      <line num="513" count="27" type="stmt"/>
      <line num="514" count="27" type="cond" truecount="2" falsecount="0"/>
      <line num="515" count="1" type="stmt"/>
      <line num="517" count="26" type="stmt"/>
      <line num="519" count="26" type="cond" truecount="4" falsecount="0"/>
      <line num="520" count="2" type="stmt"/>
      <line num="523" count="24" type="cond" truecount="4" falsecount="0"/>
      <line num="524" count="24" type="stmt"/>
      <line num="531" count="24" type="stmt"/>
      <line num="542" count="24" type="stmt"/>
      <line num="544" count="24" type="stmt"/>
      <line num="550" count="20" type="stmt"/>
      <line num="551" count="20" type="stmt"/>
      <line num="552" count="15" type="cond" truecount="4" falsecount="0"/>
      <line num="553" count="13" type="stmt"/>
      <line num="554" count="13" type="stmt"/>
      <line num="555" count="11" type="stmt"/>
      <line num="557" count="2" type="stmt"/>
      <line num="562" count="20" type="stmt"/>
      <line num="568" count="20" type="stmt"/>
      <line num="573" count="11" type="stmt"/>
      <line num="579" count="20" type="stmt"/>
      <line num="588" count="4" type="stmt"/>
      <line num="596" count="4" type="stmt"/>
      <line num="599" count="4" type="stmt"/>
      <line num="601" count="4" type="cond" truecount="1" falsecount="1"/>
      <line num="602" count="4" type="cond" truecount="2" falsecount="0"/>
      <line num="604" count="4" type="stmt"/>
    </file>
  </project>
</coverage>
