TN:
SF:src/app/api/scraper/mercari/route.ts
FN:109,buildMercariHeaders
FN:131,callMercariApi
FN:182,scrapeMercariSearch
FN:254,fetchMercariListings
FN:264,fetchSoldListings
FN:284,normalizeCondition
FN:292,formatLocation
FN:301,collectImageUrls
FN:316,buildSellerNote
FN:331,saveListingFromMercariItem
FN:455,storePriceHistoryRecords
FN:462,(anonymous_12)
FN:494,GET
FN:511,POST
FN:573,(anonymous_15)
FNF:15
FNH:15
FNDA:50,buildMercariHeaders
FNDA:48,callMercariApi
FNDA:24,scrapeMercariSearch
FNDA:24,fetchMercariListings
FNDA:24,fetchSoldListings
FNDA:18,normalizeCondition
FNDA:26,formatLocation
FNDA:13,collectImageUrls
FNDA:13,buildSellerNote
FNDA:13,saveListingFromMercariItem
FNDA:20,storePriceHistoryRecords
FNDA:6,(anonymous_12)
FNDA:2,GET
FNDA:27,POST
FNDA:11,(anonymous_15)
DA:12,1
DA:13,1
DA:14,1
DA:15,1
DA:18,1
DA:19,1
DA:20,1
DA:23,1
DA:24,1
DA:27,1
DA:41,1
DA:51,1
DA:110,50
DA:136,48
DA:138,48
DA:149,48
DA:150,48
DA:152,48
DA:154,7
DA:155,6
DA:156,1
DA:161,5
DA:162,5
DA:165,40
DA:183,24
DA:185,24
DA:186,24
DA:188,24
DA:189,3
DA:191,24
DA:192,2
DA:194,24
DA:195,2
DA:197,24
DA:198,3
DA:202,24
DA:203,24
DA:206,24
DA:208,24
DA:210,24
DA:212,24
DA:228,5
DA:229,5
DA:230,3
DA:234,2
DA:236,2
DA:240,2
DA:241,1
DA:246,1
DA:247,1
DA:255,24
DA:265,24
DA:266,24
DA:274,21
DA:276,3
DA:277,3
DA:285,18
DA:286,4
DA:293,26
DA:302,13
DA:304,13
DA:305,1
DA:306,12
DA:307,2
DA:310,13
DA:317,13
DA:319,4
DA:320,4
DA:322,4
DA:324,3
DA:325,3
DA:332,13
DA:333,13
DA:334,13
DA:337,13
DA:340,13
DA:343,13
DA:345,13
DA:350,13
DA:352,13
DA:358,13
DA:359,13
DA:367,13
DA:368,13
DA:370,13
DA:371,13
DA:374,13
DA:380,13
DA:449,11
DA:459,20
DA:461,4
DA:463,6
DA:464,5
DA:479,4
DA:482,4
DA:487,4
DA:494,1
DA:495,2
DA:511,1
DA:512,27
DA:513,27
DA:514,27
DA:515,1
DA:517,26
DA:519,26
DA:520,2
DA:523,24
DA:524,24
DA:531,24
DA:542,24
DA:544,24
DA:550,20
DA:551,20
DA:552,15
DA:553,13
DA:554,13
DA:555,11
DA:557,2
DA:562,20
DA:568,20
DA:573,11
DA:579,20
DA:588,4
DA:596,4
DA:599,4
DA:601,4
DA:602,4
DA:604,4
LF:128
LH:128
BRDA:133,0,0,0
BRDA:152,1,0,7
BRDA:152,1,1,40
BRDA:155,2,0,1
BRDA:155,2,1,5
BRDA:155,3,0,0
BRDA:155,3,1,6
BRDA:155,4,0,6
BRDA:155,4,1,6
BRDA:185,5,0,24
BRDA:185,5,1,0
BRDA:188,6,0,3
BRDA:188,6,1,21
BRDA:191,7,0,2
BRDA:191,7,1,22
BRDA:194,8,0,2
BRDA:194,8,1,22
BRDA:197,9,0,3
BRDA:197,9,1,21
BRDA:202,10,0,24
BRDA:202,10,1,22
BRDA:214,11,0,24
BRDA:214,11,1,0
BRDA:215,12,0,3
BRDA:215,12,1,21
BRDA:216,13,0,2
BRDA:216,13,1,22
BRDA:221,14,0,24
BRDA:221,14,1,0
BRDA:228,15,0,5
BRDA:228,15,1,0
BRDA:229,16,0,3
BRDA:229,16,1,2
BRDA:229,17,0,5
BRDA:229,17,1,3
BRDA:229,17,2,2
BRDA:240,18,0,1
BRDA:240,18,1,1
BRDA:257,19,0,24
BRDA:257,19,1,0
BRDA:267,20,0,24
BRDA:267,20,1,0
BRDA:268,21,0,3
BRDA:268,21,1,21
BRDA:274,22,0,21
BRDA:274,22,1,1
BRDA:274,22,2,0
BRDA:285,23,0,14
BRDA:285,23,1,4
BRDA:286,24,0,4
BRDA:286,24,1,1
BRDA:286,24,2,0
BRDA:293,25,0,22
BRDA:293,25,1,4
BRDA:304,26,0,1
BRDA:304,26,1,12
BRDA:304,27,0,12
BRDA:304,27,1,1
BRDA:304,28,0,13
BRDA:304,28,1,13
BRDA:306,29,0,2
BRDA:306,29,1,10
BRDA:306,30,0,10
BRDA:306,30,1,2
BRDA:306,31,0,12
BRDA:306,31,1,12
BRDA:317,32,0,9
BRDA:317,32,1,4
BRDA:317,33,0,9
BRDA:317,33,1,4
BRDA:317,34,0,13
BRDA:317,34,1,13
BRDA:319,35,0,0
BRDA:319,36,0,0
BRDA:319,37,0,0
BRDA:322,38,0,1
BRDA:322,38,1,3
BRDA:333,39,0,13
BRDA:333,39,1,11
BRDA:337,40,0,13
BRDA:337,40,1,11
BRDA:337,40,2,0
BRDA:337,41,0,11
BRDA:337,41,1,2
BRDA:337,42,0,13
BRDA:337,42,1,13
BRDA:340,43,0,13
BRDA:340,43,1,10
BRDA:345,44,0,2
BRDA:345,44,1,11
BRDA:345,45,0,10
BRDA:345,45,1,3
BRDA:345,46,0,13
BRDA:345,46,1,13
BRDA:347,47,0,1
BRDA:347,47,1,10
BRDA:347,48,0,10
BRDA:347,48,1,1
BRDA:347,49,0,11
BRDA:347,49,1,11
BRDA:348,50,0,1
BRDA:348,50,1,0
BRDA:348,51,0,0
BRDA:348,51,1,1
BRDA:348,52,0,1
BRDA:348,52,1,1
BRDA:350,53,0,1
BRDA:350,53,1,12
BRDA:350,54,0,12
BRDA:350,54,1,1
BRDA:350,55,0,13
BRDA:350,55,1,13
BRDA:358,56,0,13
BRDA:358,56,1,9
BRDA:358,57,0,9
BRDA:358,57,1,4
BRDA:358,58,0,13
BRDA:358,58,1,13
BRDA:363,59,0,13
BRDA:363,59,1,9
BRDA:368,60,0,3
BRDA:368,60,1,10
BRDA:371,61,0,0
BRDA:371,61,1,13
BRDA:374,62,0,2
BRDA:374,62,1,11
BRDA:376,63,0,4
BRDA:376,63,1,7
BRDA:459,64,0,16
BRDA:459,64,1,4
BRDA:463,65,0,1
BRDA:463,65,1,5
BRDA:465,66,0,5
BRDA:465,66,1,1
BRDA:466,67,0,5
BRDA:466,67,1,4
BRDA:466,68,0,4
BRDA:466,68,1,1
BRDA:466,69,0,5
BRDA:466,69,1,5
BRDA:470,70,0,3
BRDA:470,70,1,2
BRDA:472,71,0,0
BRDA:472,71,1,2
BRDA:479,72,0,0
BRDA:479,72,1,4
BRDA:514,73,0,1
BRDA:514,73,1,26
BRDA:519,74,0,2
BRDA:519,74,1,24
BRDA:519,75,0,26
BRDA:519,75,1,25
BRDA:523,76,0,2
BRDA:523,76,1,22
BRDA:523,77,0,24
BRDA:523,77,1,24
BRDA:536,78,0,24
BRDA:536,78,1,21
BRDA:552,79,0,2
BRDA:552,79,1,13
BRDA:552,80,0,15
BRDA:552,80,1,14
BRDA:592,81,0,4
BRDA:592,81,1,0
BRDA:601,82,0,4
BRDA:601,82,1,0
BRDA:602,83,0,4
BRDA:602,83,1,2
BRDA:608,84,0,2
BRDA:608,84,1,2
BRDA:612,85,0,2
BRDA:612,85,1,2
BRF:172
BRH:151
end_of_record
