{"/home/ubuntu/.openclaw/workspace/projects/flipper-ai/src/app/api/scraper/craigslist/route.ts": {"path":"/home/ubuntu/.openclaw/workspace/projects/flipper-ai/src/app/api/scraper/craigslist/route.ts","statementMap":{"0":{"start":{"line":185,"column":0},"end":{"line":185,"column":7}},"1":{"start":{"line":521,"column":0},"end":{"line":521,"column":7}},"2":{"start":{"line":1,"column":0},"end":{"line":1,"column":56}},"3":{"start":{"line":2,"column":0},"end":{"line":2,"column":38}},"4":{"start":{"line":3,"column":0},"end":{"line":3,"column":30}},"5":{"start":{"line":4,"column":0},"end":{"line":4,"column":95}},"6":{"start":{"line":5,"column":0},"end":{"line":5,"column":52}},"7":{"start":{"line":6,"column":0},"end":{"line":6,"column":90}},"8":{"start":{"line":7,"column":0},"end":{"line":7,"column":76}},"9":{"start":{"line":8,"column":0},"end":{"line":8,"column":54}},"10":{"start":{"line":11,"column":31},"end":{"line":11,"column":33}},"11":{"start":{"line":26,"column":16},"end":{"line":26,"column":45}},"12":{"start":{"line":27,"column":2},"end":{"line":29,"column":3}},"13":{"start":{"line":28,"column":4},"end":{"line":28,"column":50}},"14":{"start":{"line":30,"column":2},"end":{"line":30,"column":11}},"15":{"start":{"line":35,"column":16},"end":{"line":35,"column":42}},"16":{"start":{"line":36,"column":2},"end":{"line":36,"column":32}},"17":{"start":{"line":40,"column":46},"end":{"line":52,"column":2}},"18":{"start":{"line":62,"column":18},"end":{"line":62,"column":59}},"19":{"start":{"line":63,"column":18},"end":{"line":66,"column":4}},"20":{"start":{"line":67,"column":15},"end":{"line":67,"column":38}},"21":{"start":{"line":69,"column":2},"end":{"line":181,"column":3}},"22":{"start":{"line":71,"column":20},"end":{"line":71,"column":56}},"23":{"start":{"line":72,"column":25},"end":{"line":72,"column":57}},"24":{"start":{"line":73,"column":25},"end":{"line":73,"column":46}},"25":{"start":{"line":75,"column":4},"end":{"line":75,"column":48}},"26":{"start":{"line":75,"column":15},"end":{"line":75,"column":48}},"27":{"start":{"line":76,"column":4},"end":{"line":76,"column":69}},"28":{"start":{"line":76,"column":18},"end":{"line":76,"column":69}},"29":{"start":{"line":77,"column":4},"end":{"line":77,"column":69}},"30":{"start":{"line":77,"column":18},"end":{"line":77,"column":69}},"31":{"start":{"line":79,"column":22},"end":{"line":79,"column":84}},"32":{"start":{"line":80,"column":4},"end":{"line":80,"column":47}},"33":{"start":{"line":82,"column":4},"end":{"line":82,"column":82}},"34":{"start":{"line":85,"column":4},"end":{"line":92,"column":9}},"35":{"start":{"line":91,"column":8},"end":{"line":91,"column":85}},"36":{"start":{"line":166,"column":4},"end":{"line":166,"column":53}},"37":{"start":{"line":169,"column":38},"end":{"line":176,"column":7}},"38":{"start":{"line":169,"column":62},"end":{"line":176,"column":6}},"39":{"start":{"line":178,"column":4},"end":{"line":178,"column":19}},"40":{"start":{"line":180,"column":4},"end":{"line":180,"column":26}},"41":{"start":{"line":186,"column":12},"end":{"line":186,"column":16}},"42":{"start":{"line":188,"column":2},"end":{"line":517,"column":3}},"43":{"start":{"line":189,"column":19},"end":{"line":189,"column":40}},"44":{"start":{"line":190,"column":4},"end":{"line":192,"column":5}},"45":{"start":{"line":191,"column":6},"end":{"line":191,"column":75}},"46":{"start":{"line":193,"column":17},"end":{"line":193,"column":37}},"47":{"start":{"line":194,"column":65},"end":{"line":194,"column":69}},"48":{"start":{"line":196,"column":4},"end":{"line":201,"column":5}},"49":{"start":{"line":197,"column":6},"end":{"line":200,"column":8}},"50":{"start":{"line":204,"column":4},"end":{"line":213,"column":7}},"51":{"start":{"line":216,"column":21},"end":{"line":221,"column":null}},"52":{"start":{"line":224,"column":4},"end":{"line":243,"column":5}},"53":{"start":{"line":226,"column":6},"end":{"line":234,"column":9}},"54":{"start":{"line":236,"column":6},"end":{"line":242,"column":9}},"55":{"start":{"line":247,"column":21},"end":{"line":247,"column":22}},"56":{"start":{"line":248,"column":29},"end":{"line":248,"column":30}},"57":{"start":{"line":249,"column":24},"end":{"line":249,"column":25}},"58":{"start":{"line":250,"column":23},"end":{"line":250,"column":24}},"59":{"start":{"line":258,"column":9},"end":{"line":258,"column":11}},"60":{"start":{"line":260,"column":19},"end":{"line":260,"column":47}},"61":{"start":{"line":261,"column":4},"end":{"line":261,"column":87}},"62":{"start":{"line":263,"column":4},"end":{"line":456,"column":5}},"63":{"start":{"line":264,"column":6},"end":{"line":455,"column":7}},"64":{"start":{"line":266,"column":8},"end":{"line":266,"column":38}},"65":{"start":{"line":266,"column":29},"end":{"line":266,"column":38}},"66":{"start":{"line":269,"column":33},"end":{"line":269,"column":85}},"67":{"start":{"line":272,"column":27},"end":{"line":277,"column":null}},"68":{"start":{"line":281,"column":26},"end":{"line":281,"column":31}},"69":{"start":{"line":282,"column":29},"end":{"line":282,"column":33}},"70":{"start":{"line":283,"column":25},"end":{"line":283,"column":29}},"71":{"start":{"line":284,"column":34},"end":{"line":284,"column":38}},"72":{"start":{"line":285,"column":49},"end":{"line":285,"column":53}},"73":{"start":{"line":286,"column":49},"end":{"line":286,"column":53}},"74":{"start":{"line":287,"column":29},"end":{"line":287,"column":34}},"75":{"start":{"line":290,"column":8},"end":{"line":334,"column":9}},"76":{"start":{"line":291,"column":10},"end":{"line":333,"column":11}},"77":{"start":{"line":293,"column":12},"end":{"line":298,"column":14}},"78":{"start":{"line":300,"column":12},"end":{"line":329,"column":13}},"79":{"start":{"line":302,"column":14},"end":{"line":305,"column":16}},"80":{"start":{"line":307,"column":14},"end":{"line":328,"column":15}},"81":{"start":{"line":309,"column":35},"end":{"line":309,"column":77}},"82":{"start":{"line":311,"column":16},"end":{"line":327,"column":17}},"83":{"start":{"line":313,"column":18},"end":{"line":318,"column":20}},"84":{"start":{"line":320,"column":18},"end":{"line":326,"column":19}},"85":{"start":{"line":321,"column":20},"end":{"line":321,"column":39}},"86":{"start":{"line":322,"column":20},"end":{"line":322,"column":82}},"87":{"start":{"line":323,"column":20},"end":{"line":323,"column":82}},"88":{"start":{"line":324,"column":20},"end":{"line":324,"column":72}},"89":{"start":{"line":325,"column":20},"end":{"line":325,"column":36}},"90":{"start":{"line":331,"column":12},"end":{"line":331,"column":82}},"91":{"start":{"line":339,"column":27},"end":{"line":343,"column":39}},"92":{"start":{"line":345,"column":8},"end":{"line":348,"column":9}},"93":{"start":{"line":346,"column":10},"end":{"line":346,"column":25}},"94":{"start":{"line":347,"column":10},"end":{"line":347,"column":19}},"95":{"start":{"line":351,"column":29},"end":{"line":355,"column":null}},"96":{"start":{"line":359,"column":28},"end":{"line":428,"column":10}},"97":{"start":{"line":431,"column":8},"end":{"line":441,"column":11}},"98":{"start":{"line":443,"column":8},"end":{"line":443,"column":21}},"99":{"start":{"line":444,"column":8},"end":{"line":444,"column":29}},"100":{"start":{"line":445,"column":8},"end":{"line":452,"column":11}},"101":{"start":{"line":454,"column":8},"end":{"line":454,"column":77}},"102":{"start":{"line":459,"column":4},"end":{"line":459,"column":31}},"103":{"start":{"line":462,"column":4},"end":{"line":472,"column":5}},"104":{"start":{"line":463,"column":6},"end":{"line":471,"column":9}},"105":{"start":{"line":474,"column":25},"end":{"line":476,"column":35}},"106":{"start":{"line":477,"column":20},"end":{"line":479,"column":88}},"107":{"start":{"line":481,"column":4},"end":{"line":492,"column":7}},"108":{"start":{"line":494,"column":4},"end":{"line":494,"column":43}},"109":{"start":{"line":497,"column":4},"end":{"line":506,"column":5}},"110":{"start":{"line":498,"column":6},"end":{"line":505,"column":9}},"111":{"start":{"line":508,"column":4},"end":{"line":516,"column":6}},"112":{"start":{"line":522,"column":2},"end":{"line":540,"column":5}}},"fnMap":{"0":{"name":"parsePrice","decl":{"start":{"line":25,"column":9},"end":{"line":25,"column":19}},"loc":{"start":{"line":25,"column":36},"end":{"line":31,"column":1}}},"1":{"name":"extractListingId","decl":{"start":{"line":34,"column":9},"end":{"line":34,"column":25}},"loc":{"start":{"line":34,"column":37},"end":{"line":37,"column":1}}},"2":{"name":"scrapeCraigslistWithPlaywright","decl":{"start":{"line":55,"column":15},"end":{"line":55,"column":45}},"loc":{"start":{"line":60,"column":19},"end":{"line":182,"column":1}}},"3":{"name":"(anonymous_4)","decl":{"start":{"line":90,"column":13},"end":{"line":90,"column":16}},"loc":{"start":{"line":90,"column":18},"end":{"line":92,"column":7}}},"4":{"name":"(anonymous_5)","decl":{"start":{"line":169,"column":51},"end":{"line":169,"column":52}},"loc":{"start":{"line":169,"column":62},"end":{"line":176,"column":6}}},"5":{"name":"POST","decl":{"start":{"line":185,"column":22},"end":{"line":185,"column":26}},"loc":{"start":{"line":185,"column":47},"end":{"line":518,"column":1}}},"6":{"name":"GET","decl":{"start":{"line":521,"column":22},"end":{"line":521,"column":25}},"loc":{"start":{"line":521,"column":25},"end":{"line":541,"column":1}}}},"branchMap":{"0":{"loc":{"start":{"line":27,"column":2},"end":{"line":29,"column":3}},"type":"if","locations":[{"start":{"line":27,"column":2},"end":{"line":29,"column":3}},{"start":{},"end":{}}]},"1":{"loc":{"start":{"line":36,"column":9},"end":{"line":36,"column":31}},"type":"cond-expr","locations":[{"start":{"line":36,"column":17},"end":{"line":36,"column":25}},{"start":{"line":36,"column":28},"end":{"line":36,"column":31}}]},"2":{"loc":{"start":{"line":72,"column":25},"end":{"line":72,"column":57}},"type":"binary-expr","locations":[{"start":{"line":72,"column":25},"end":{"line":72,"column":48}},{"start":{"line":72,"column":52},"end":{"line":72,"column":57}}]},"3":{"loc":{"start":{"line":75,"column":4},"end":{"line":75,"column":48}},"type":"if","locations":[{"start":{"line":75,"column":4},"end":{"line":75,"column":48}},{"start":{},"end":{}}]},"4":{"loc":{"start":{"line":76,"column":4},"end":{"line":76,"column":69}},"type":"if","locations":[{"start":{"line":76,"column":4},"end":{"line":76,"column":69}},{"start":{},"end":{}}]},"5":{"loc":{"start":{"line":77,"column":4},"end":{"line":77,"column":69}},"type":"if","locations":[{"start":{"line":77,"column":4},"end":{"line":77,"column":69}},{"start":{},"end":{}}]},"6":{"loc":{"start":{"line":173,"column":16},"end":{"line":173,"column":41}},"type":"binary-expr","locations":[{"start":{"line":173,"column":16},"end":{"line":173,"column":29}},{"start":{"line":173,"column":33},"end":{"line":173,"column":41}}]},"7":{"loc":{"start":{"line":175,"column":17},"end":{"line":175,"column":60}},"type":"cond-expr","locations":[{"start":{"line":175,"column":33},"end":{"line":175,"column":48}},{"start":{"line":175,"column":51},"end":{"line":175,"column":60}}]},"8":{"loc":{"start":{"line":190,"column":4},"end":{"line":192,"column":5}},"type":"if","locations":[{"start":{"line":190,"column":4},"end":{"line":192,"column":5}},{"start":{},"end":{}}]},"9":{"loc":{"start":{"line":196,"column":4},"end":{"line":201,"column":5}},"type":"if","locations":[{"start":{"line":196,"column":4},"end":{"line":201,"column":5}},{"start":{},"end":{}}]},"10":{"loc":{"start":{"line":196,"column":8},"end":{"line":196,"column":30}},"type":"binary-expr","locations":[{"start":{"line":196,"column":8},"end":{"line":196,"column":17}},{"start":{"line":196,"column":21},"end":{"line":196,"column":30}}]},"11":{"loc":{"start":{"line":224,"column":4},"end":{"line":243,"column":5}},"type":"if","locations":[{"start":{"line":224,"column":4},"end":{"line":243,"column":5}},{"start":{},"end":{}}]},"12":{"loc":{"start":{"line":261,"column":32},"end":{"line":261,"column":83}},"type":"cond-expr","locations":[{"start":{"line":261,"column":41},"end":{"line":261,"column":50}},{"start":{"line":261,"column":53},"end":{"line":261,"column":83}}]},"13":{"loc":{"start":{"line":266,"column":8},"end":{"line":266,"column":38}},"type":"if","locations":[{"start":{"line":266,"column":8},"end":{"line":266,"column":38}},{"start":{},"end":{}}]},"14":{"loc":{"start":{"line":269,"column":60},"end":{"line":269,"column":84}},"type":"binary-expr","locations":[{"start":{"line":269,"column":60},"end":{"line":269,"column":76}},{"start":{"line":269,"column":80},"end":{"line":269,"column":84}}]},"15":{"loc":{"start":{"line":274,"column":10},"end":{"line":274,"column":34}},"type":"binary-expr","locations":[{"start":{"line":274,"column":10},"end":{"line":274,"column":26}},{"start":{"line":274,"column":30},"end":{"line":274,"column":34}}]},"16":{"loc":{"start":{"line":290,"column":8},"end":{"line":334,"column":9}},"type":"if","locations":[{"start":{"line":290,"column":8},"end":{"line":334,"column":9}},{"start":{},"end":{}}]},"17":{"loc":{"start":{"line":295,"column":14},"end":{"line":295,"column":38}},"type":"binary-expr","locations":[{"start":{"line":295,"column":14},"end":{"line":295,"column":30}},{"start":{"line":295,"column":34},"end":{"line":295,"column":38}}]},"18":{"loc":{"start":{"line":300,"column":12},"end":{"line":329,"column":13}},"type":"if","locations":[{"start":{"line":300,"column":12},"end":{"line":329,"column":13}},{"start":{},"end":{}}]},"19":{"loc":{"start":{"line":300,"column":16},"end":{"line":300,"column":67}},"type":"binary-expr","locations":[{"start":{"line":300,"column":16},"end":{"line":300,"column":30}},{"start":{"line":300,"column":34},"end":{"line":300,"column":67}}]},"20":{"loc":{"start":{"line":307,"column":14},"end":{"line":328,"column":15}},"type":"if","locations":[{"start":{"line":307,"column":14},"end":{"line":328,"column":15}},{"start":{},"end":{}}]},"21":{"loc":{"start":{"line":307,"column":18},"end":{"line":307,"column":57}},"type":"binary-expr","locations":[{"start":{"line":307,"column":18},"end":{"line":307,"column":28}},{"start":{"line":307,"column":32},"end":{"line":307,"column":57}}]},"22":{"loc":{"start":{"line":311,"column":16},"end":{"line":327,"column":17}},"type":"if","locations":[{"start":{"line":311,"column":16},"end":{"line":327,"column":17}},{"start":{},"end":{}}]},"23":{"loc":{"start":{"line":320,"column":18},"end":{"line":326,"column":19}},"type":"if","locations":[{"start":{"line":320,"column":18},"end":{"line":326,"column":19}},{"start":{},"end":{}}]},"24":{"loc":{"start":{"line":339,"column":27},"end":{"line":343,"column":39}},"type":"cond-expr","locations":[{"start":{"line":340,"column":12},"end":{"line":342,"column":57}},{"start":{"line":343,"column":12},"end":{"line":343,"column":39}}]},"25":{"loc":{"start":{"line":340,"column":12},"end":{"line":342,"column":57}},"type":"binary-expr","locations":[{"start":{"line":340,"column":12},"end":{"line":340,"column":26}},{"start":{"line":341,"column":12},"end":{"line":341,"column":40}},{"start":{"line":342,"column":12},"end":{"line":342,"column":57}}]},"26":{"loc":{"start":{"line":345,"column":8},"end":{"line":348,"column":9}},"type":"if","locations":[{"start":{"line":345,"column":8},"end":{"line":348,"column":9}},{"start":{},"end":{}}]},"27":{"loc":{"start":{"line":354,"column":10},"end":{"line":354,"column":91}},"type":"binary-expr","locations":[{"start":{"line":354,"column":10},"end":{"line":354,"column":31}},{"start":{"line":354,"column":35},"end":{"line":354,"column":91}}]},"28":{"loc":{"start":{"line":354,"column":35},"end":{"line":354,"column":77}},"type":"cond-expr","locations":[{"start":{"line":354,"column":54},"end":{"line":354,"column":56}},{"start":{"line":354,"column":35},"end":{"line":354,"column":77}}]},"29":{"loc":{"start":{"line":354,"column":35},"end":{"line":354,"column":56}},"type":"binary-expr","locations":[{"start":{"line":354,"column":35},"end":{"line":354,"column":56}},{"start":{"line":354,"column":35},"end":{"line":354,"column":56}}]},"30":{"loc":{"start":{"line":368,"column":21},"end":{"line":368,"column":75}},"type":"cond-expr","locations":[{"start":{"line":368,"column":38},"end":{"line":368,"column":68}},{"start":{"line":368,"column":71},"end":{"line":368,"column":75}}]},"31":{"loc":{"start":{"line":369,"column":20},"end":{"line":369,"column":64}},"type":"binary-expr","locations":[{"start":{"line":369,"column":20},"end":{"line":369,"column":44}},{"start":{"line":369,"column":48},"end":{"line":369,"column":64}}]},"32":{"loc":{"start":{"line":369,"column":20},"end":{"line":369,"column":44}},"type":"cond-expr","locations":[{"start":{"line":369,"column":34},"end":{"line":369,"column":36}},{"start":{"line":369,"column":20},"end":{"line":369,"column":44}}]},"33":{"loc":{"start":{"line":369,"column":20},"end":{"line":369,"column":36}},"type":"binary-expr","locations":[{"start":{"line":369,"column":20},"end":{"line":369,"column":36}},{"start":{"line":369,"column":20},"end":{"line":369,"column":36}}]},"34":{"loc":{"start":{"line":386,"column":17},"end":{"line":386,"column":72}},"type":"binary-expr","locations":[{"start":{"line":386,"column":17},"end":{"line":386,"column":52}},{"start":{"line":386,"column":56},"end":{"line":386,"column":72}}]},"35":{"loc":{"start":{"line":386,"column":17},"end":{"line":386,"column":52}},"type":"cond-expr","locations":[{"start":{"line":386,"column":36},"end":{"line":386,"column":38}},{"start":{"line":386,"column":17},"end":{"line":386,"column":52}}]},"36":{"loc":{"start":{"line":386,"column":17},"end":{"line":386,"column":38}},"type":"binary-expr","locations":[{"start":{"line":386,"column":17},"end":{"line":386,"column":38}},{"start":{"line":386,"column":17},"end":{"line":386,"column":38}}]},"37":{"loc":{"start":{"line":395,"column":27},"end":{"line":395,"column":56}},"type":"binary-expr","locations":[{"start":{"line":395,"column":27},"end":{"line":395,"column":48}},{"start":{"line":395,"column":52},"end":{"line":395,"column":56}}]},"38":{"loc":{"start":{"line":395,"column":27},"end":{"line":395,"column":48}},"type":"cond-expr","locations":[{"start":{"line":395,"column":41},"end":{"line":395,"column":43}},{"start":{"line":395,"column":27},"end":{"line":395,"column":48}}]},"39":{"loc":{"start":{"line":395,"column":27},"end":{"line":395,"column":43}},"type":"binary-expr","locations":[{"start":{"line":395,"column":27},"end":{"line":395,"column":43}},{"start":{"line":395,"column":27},"end":{"line":395,"column":43}}]},"40":{"loc":{"start":{"line":396,"column":27},"end":{"line":396,"column":56}},"type":"binary-expr","locations":[{"start":{"line":396,"column":27},"end":{"line":396,"column":48}},{"start":{"line":396,"column":52},"end":{"line":396,"column":56}}]},"41":{"loc":{"start":{"line":396,"column":27},"end":{"line":396,"column":48}},"type":"cond-expr","locations":[{"start":{"line":396,"column":41},"end":{"line":396,"column":43}},{"start":{"line":396,"column":27},"end":{"line":396,"column":48}}]},"42":{"loc":{"start":{"line":396,"column":27},"end":{"line":396,"column":43}},"type":"binary-expr","locations":[{"start":{"line":396,"column":27},"end":{"line":396,"column":43}},{"start":{"line":396,"column":27},"end":{"line":396,"column":43}}]},"43":{"loc":{"start":{"line":397,"column":29},"end":{"line":397,"column":60}},"type":"binary-expr","locations":[{"start":{"line":397,"column":29},"end":{"line":397,"column":52}},{"start":{"line":397,"column":56},"end":{"line":397,"column":60}}]},"44":{"loc":{"start":{"line":397,"column":29},"end":{"line":397,"column":52}},"type":"cond-expr","locations":[{"start":{"line":397,"column":43},"end":{"line":397,"column":45}},{"start":{"line":397,"column":29},"end":{"line":397,"column":52}}]},"45":{"loc":{"start":{"line":397,"column":29},"end":{"line":397,"column":45}},"type":"binary-expr","locations":[{"start":{"line":397,"column":29},"end":{"line":397,"column":45}},{"start":{"line":397,"column":29},"end":{"line":397,"column":45}}]},"46":{"loc":{"start":{"line":398,"column":31},"end":{"line":398,"column":64}},"type":"binary-expr","locations":[{"start":{"line":398,"column":31},"end":{"line":398,"column":56}},{"start":{"line":398,"column":60},"end":{"line":398,"column":64}}]},"47":{"loc":{"start":{"line":398,"column":31},"end":{"line":398,"column":56}},"type":"cond-expr","locations":[{"start":{"line":398,"column":45},"end":{"line":398,"column":47}},{"start":{"line":398,"column":31},"end":{"line":398,"column":56}}]},"48":{"loc":{"start":{"line":398,"column":31},"end":{"line":398,"column":47}},"type":"binary-expr","locations":[{"start":{"line":398,"column":31},"end":{"line":398,"column":47}},{"start":{"line":398,"column":31},"end":{"line":398,"column":47}}]},"49":{"loc":{"start":{"line":402,"column":28},"end":{"line":402,"column":61}},"type":"cond-expr","locations":[{"start":{"line":402,"column":41},"end":{"line":402,"column":54}},{"start":{"line":402,"column":57},"end":{"line":402,"column":61}}]},"50":{"loc":{"start":{"line":403,"column":26},"end":{"line":403,"column":56}},"type":"cond-expr","locations":[{"start":{"line":403,"column":39},"end":{"line":403,"column":49}},{"start":{"line":403,"column":52},"end":{"line":403,"column":56}}]},"51":{"loc":{"start":{"line":404,"column":31},"end":{"line":406,"column":18}},"type":"cond-expr","locations":[{"start":{"line":405,"column":14},"end":{"line":405,"column":65}},{"start":{"line":406,"column":14},"end":{"line":406,"column":18}}]},"52":{"loc":{"start":{"line":409,"column":28},"end":{"line":409,"column":73}},"type":"binary-expr","locations":[{"start":{"line":409,"column":28},"end":{"line":409,"column":65}},{"start":{"line":409,"column":69},"end":{"line":409,"column":73}}]},"53":{"loc":{"start":{"line":409,"column":28},"end":{"line":409,"column":65}},"type":"cond-expr","locations":[{"start":{"line":409,"column":47},"end":{"line":409,"column":49}},{"start":{"line":409,"column":28},"end":{"line":409,"column":65}}]},"54":{"loc":{"start":{"line":409,"column":28},"end":{"line":409,"column":49}},"type":"binary-expr","locations":[{"start":{"line":409,"column":28},"end":{"line":409,"column":49}},{"start":{"line":409,"column":28},"end":{"line":409,"column":49}}]},"55":{"loc":{"start":{"line":410,"column":23},"end":{"line":410,"column":63}},"type":"binary-expr","locations":[{"start":{"line":410,"column":23},"end":{"line":410,"column":55}},{"start":{"line":410,"column":59},"end":{"line":410,"column":63}}]},"56":{"loc":{"start":{"line":410,"column":23},"end":{"line":410,"column":55}},"type":"cond-expr","locations":[{"start":{"line":410,"column":42},"end":{"line":410,"column":44}},{"start":{"line":410,"column":23},"end":{"line":410,"column":55}}]},"57":{"loc":{"start":{"line":410,"column":23},"end":{"line":410,"column":44}},"type":"binary-expr","locations":[{"start":{"line":410,"column":23},"end":{"line":410,"column":44}},{"start":{"line":410,"column":23},"end":{"line":410,"column":44}}]},"58":{"loc":{"start":{"line":411,"column":30},"end":{"line":411,"column":77}},"type":"binary-expr","locations":[{"start":{"line":411,"column":30},"end":{"line":411,"column":69}},{"start":{"line":411,"column":73},"end":{"line":411,"column":77}}]},"59":{"loc":{"start":{"line":411,"column":30},"end":{"line":411,"column":69}},"type":"cond-expr","locations":[{"start":{"line":411,"column":49},"end":{"line":411,"column":51}},{"start":{"line":411,"column":30},"end":{"line":411,"column":69}}]},"60":{"loc":{"start":{"line":411,"column":30},"end":{"line":411,"column":51}},"type":"binary-expr","locations":[{"start":{"line":411,"column":30},"end":{"line":411,"column":51}},{"start":{"line":411,"column":30},"end":{"line":411,"column":51}}]},"61":{"loc":{"start":{"line":412,"column":28},"end":{"line":412,"column":73}},"type":"binary-expr","locations":[{"start":{"line":412,"column":28},"end":{"line":412,"column":65}},{"start":{"line":412,"column":69},"end":{"line":412,"column":73}}]},"62":{"loc":{"start":{"line":412,"column":28},"end":{"line":412,"column":65}},"type":"cond-expr","locations":[{"start":{"line":412,"column":47},"end":{"line":412,"column":49}},{"start":{"line":412,"column":28},"end":{"line":412,"column":65}}]},"63":{"loc":{"start":{"line":412,"column":28},"end":{"line":412,"column":49}},"type":"binary-expr","locations":[{"start":{"line":412,"column":28},"end":{"line":412,"column":49}},{"start":{"line":412,"column":28},"end":{"line":412,"column":49}}]},"64":{"loc":{"start":{"line":413,"column":28},"end":{"line":413,"column":78}},"type":"binary-expr","locations":[{"start":{"line":413,"column":28},"end":{"line":413,"column":70}},{"start":{"line":413,"column":74},"end":{"line":413,"column":78}}]},"65":{"loc":{"start":{"line":413,"column":28},"end":{"line":413,"column":70}},"type":"cond-expr","locations":[{"start":{"line":413,"column":47},"end":{"line":413,"column":49}},{"start":{"line":413,"column":28},"end":{"line":413,"column":70}}]},"66":{"loc":{"start":{"line":413,"column":28},"end":{"line":413,"column":49}},"type":"binary-expr","locations":[{"start":{"line":413,"column":28},"end":{"line":413,"column":49}},{"start":{"line":413,"column":28},"end":{"line":413,"column":49}}]},"67":{"loc":{"start":{"line":414,"column":27},"end":{"line":414,"column":76}},"type":"binary-expr","locations":[{"start":{"line":414,"column":27},"end":{"line":414,"column":68}},{"start":{"line":414,"column":72},"end":{"line":414,"column":76}}]},"68":{"loc":{"start":{"line":414,"column":27},"end":{"line":414,"column":68}},"type":"cond-expr","locations":[{"start":{"line":414,"column":46},"end":{"line":414,"column":48}},{"start":{"line":414,"column":27},"end":{"line":414,"column":68}}]},"69":{"loc":{"start":{"line":414,"column":27},"end":{"line":414,"column":48}},"type":"binary-expr","locations":[{"start":{"line":414,"column":27},"end":{"line":414,"column":48}},{"start":{"line":414,"column":27},"end":{"line":414,"column":48}}]},"70":{"loc":{"start":{"line":415,"column":26},"end":{"line":415,"column":69}},"type":"binary-expr","locations":[{"start":{"line":415,"column":26},"end":{"line":415,"column":61}},{"start":{"line":415,"column":65},"end":{"line":415,"column":69}}]},"71":{"loc":{"start":{"line":415,"column":26},"end":{"line":415,"column":61}},"type":"cond-expr","locations":[{"start":{"line":415,"column":45},"end":{"line":415,"column":47}},{"start":{"line":415,"column":26},"end":{"line":415,"column":61}}]},"72":{"loc":{"start":{"line":415,"column":26},"end":{"line":415,"column":47}},"type":"binary-expr","locations":[{"start":{"line":415,"column":26},"end":{"line":415,"column":47}},{"start":{"line":415,"column":26},"end":{"line":415,"column":47}}]},"73":{"loc":{"start":{"line":422,"column":24},"end":{"line":422,"column":55}},"type":"cond-expr","locations":[{"start":{"line":422,"column":38},"end":{"line":422,"column":48}},{"start":{"line":422,"column":51},"end":{"line":422,"column":55}}]},"74":{"loc":{"start":{"line":423,"column":30},"end":{"line":423,"column":69}},"type":"binary-expr","locations":[{"start":{"line":423,"column":30},"end":{"line":423,"column":61}},{"start":{"line":423,"column":65},"end":{"line":423,"column":69}}]},"75":{"loc":{"start":{"line":423,"column":30},"end":{"line":423,"column":61}},"type":"cond-expr","locations":[{"start":{"line":423,"column":49},"end":{"line":423,"column":51}},{"start":{"line":423,"column":30},"end":{"line":423,"column":61}}]},"76":{"loc":{"start":{"line":423,"column":30},"end":{"line":423,"column":51}},"type":"binary-expr","locations":[{"start":{"line":423,"column":30},"end":{"line":423,"column":51}},{"start":{"line":423,"column":30},"end":{"line":423,"column":51}}]},"77":{"loc":{"start":{"line":424,"column":29},"end":{"line":424,"column":67}},"type":"binary-expr","locations":[{"start":{"line":424,"column":29},"end":{"line":424,"column":59}},{"start":{"line":424,"column":63},"end":{"line":424,"column":67}}]},"78":{"loc":{"start":{"line":424,"column":29},"end":{"line":424,"column":59}},"type":"cond-expr","locations":[{"start":{"line":424,"column":48},"end":{"line":424,"column":50}},{"start":{"line":424,"column":29},"end":{"line":424,"column":59}}]},"79":{"loc":{"start":{"line":424,"column":29},"end":{"line":424,"column":50}},"type":"binary-expr","locations":[{"start":{"line":424,"column":29},"end":{"line":424,"column":50}},{"start":{"line":424,"column":29},"end":{"line":424,"column":50}}]},"80":{"loc":{"start":{"line":450,"column":20},"end":{"line":450,"column":39}},"type":"cond-expr","locations":[{"start":{"line":450,"column":34},"end":{"line":450,"column":37}},{"start":{"line":450,"column":34},"end":{"line":450,"column":39}}]},"81":{"loc":{"start":{"line":450,"column":20},"end":{"line":450,"column":37}},"type":"binary-expr","locations":[{"start":{"line":450,"column":20},"end":{"line":450,"column":37}},{"start":{"line":450,"column":34},"end":{"line":450,"column":37}}]},"82":{"loc":{"start":{"line":451,"column":20},"end":{"line":451,"column":69}},"type":"binary-expr","locations":[{"start":{"line":451,"column":20},"end":{"line":451,"column":39}},{"start":{"line":451,"column":43},"end":{"line":451,"column":69}}]},"83":{"loc":{"start":{"line":462,"column":4},"end":{"line":472,"column":5}},"type":"if","locations":[{"start":{"line":462,"column":4},"end":{"line":472,"column":5}},{"start":{},"end":{}}]},"84":{"loc":{"start":{"line":474,"column":25},"end":{"line":476,"column":35}},"type":"cond-expr","locations":[{"start":{"line":475,"column":8},"end":{"line":475,"column":46}},{"start":{"line":476,"column":8},"end":{"line":476,"column":35}}]},"85":{"loc":{"start":{"line":477,"column":20},"end":{"line":479,"column":88}},"type":"cond-expr","locations":[{"start":{"line":478,"column":8},"end":{"line":478,"column":133}},{"start":{"line":479,"column":8},"end":{"line":479,"column":88}}]},"86":{"loc":{"start":{"line":491,"column":13},"end":{"line":491,"column":20}},"type":"cond-expr","locations":[{"start":{"line":491,"column":16},"end":{"line":491,"column":18}},{"start":{"line":491,"column":13},"end":{"line":491,"column":20}}]},"87":{"loc":{"start":{"line":491,"column":13},"end":{"line":491,"column":18}},"type":"binary-expr","locations":[{"start":{"line":491,"column":13},"end":{"line":491,"column":18}},{"start":{"line":491,"column":13},"end":{"line":491,"column":18}}]},"88":{"loc":{"start":{"line":497,"column":4},"end":{"line":506,"column":5}},"type":"if","locations":[{"start":{"line":497,"column":4},"end":{"line":506,"column":5}},{"start":{},"end":{}}]},"89":{"loc":{"start":{"line":502,"column":24},"end":{"line":502,"column":80}},"type":"cond-expr","locations":[{"start":{"line":502,"column":49},"end":{"line":502,"column":62}},{"start":{"line":502,"column":65},"end":{"line":502,"column":80}}]},"90":{"loc":{"start":{"line":512,"column":15},"end":{"line":512,"column":71}},"type":"cond-expr","locations":[{"start":{"line":512,"column":40},"end":{"line":512,"column":53}},{"start":{"line":512,"column":56},"end":{"line":512,"column":71}}]},"91":{"loc":{"start":{"line":513,"column":15},"end":{"line":513,"column":22}},"type":"cond-expr","locations":[{"start":{"line":513,"column":18},"end":{"line":513,"column":20}},{"start":{"line":513,"column":15},"end":{"line":513,"column":22}}]},"92":{"loc":{"start":{"line":513,"column":15},"end":{"line":513,"column":20}},"type":"binary-expr","locations":[{"start":{"line":513,"column":15},"end":{"line":513,"column":20}},{"start":{"line":513,"column":15},"end":{"line":513,"column":20}}]}},"s":{"0":1,"1":1,"2":1,"3":1,"4":1,"5":1,"6":1,"7":1,"8":1,"9":1,"10":1,"11":21,"12":21,"13":20,"14":1,"15":21,"16":21,"17":1,"18":30,"19":29,"20":29,"21":29,"22":29,"23":29,"24":29,"25":29,"26":1,"27":29,"28":1,"29":29,"30":1,"31":29,"32":29,"33":29,"34":28,"35":1,"36":27,"37":27,"38":21,"39":27,"40":29,"41":34,"42":34,"43":34,"44":34,"45":1,"46":33,"47":33,"48":33,"49":3,"50":30,"51":30,"52":27,"53":8,"54":8,"55":19,"56":19,"57":19,"58":19,"59":19,"60":19,"61":19,"62":19,"63":21,"64":21,"65":2,"66":19,"67":19,"68":19,"69":19,"70":19,"71":19,"72":19,"73":19,"74":19,"75":19,"76":7,"77":7,"78":6,"79":4,"80":4,"81":3,"82":3,"83":2,"84":2,"85":2,"86":2,"87":2,"88":2,"89":2,"90":1,"91":19,"92":19,"93":5,"94":5,"95":14,"96":14,"97":14,"98":13,"99":13,"100":13,"101":1,"102":19,"103":19,"104":19,"105":19,"106":19,"107":19,"108":3,"109":3,"110":3,"111":3,"112":3},"f":{"0":21,"1":21,"2":30,"3":1,"4":21,"5":34,"6":3},"b":{"0":[20,1],"1":[20,1],"2":[29,1],"3":[1,28],"4":[1,28],"5":[1,28],"6":[21,0],"7":[9,12],"8":[1,33],"9":[3,30],"10":[33,31],"11":[8,19],"12":[7,12],"13":[2,19],"14":[19,19],"15":[19,19],"16":[7,12],"17":[7,7],"18":[4,2],"19":[6,5],"20":[3,1],"21":[4,4],"22":[2,1],"23":[2,0],"24":[7,12],"25":[7,2,2],"26":[5,14],"27":[14,1],"28":[0,1],"29":[1,1],"30":[4,10],"31":[14,12],"32":[12,2],"33":[14,2],"34":[14,12],"35":[12,2],"36":[14,2],"37":[14,12],"38":[12,2],"39":[14,2],"40":[14,12],"41":[12,2],"42":[14,2],"43":[14,12],"44":[12,2],"45":[14,2],"46":[14,12],"47":[12,2],"48":[14,2],"49":[2,12],"50":[2,12],"51":[2,12],"52":[14,12],"53":[12,2],"54":[14,2],"55":[14,12],"56":[12,2],"57":[14,2],"58":[14,12],"59":[12,2],"60":[14,2],"61":[14,12],"62":[12,2],"63":[14,2],"64":[14,12],"65":[12,2],"66":[14,2],"67":[14,12],"68":[12,2],"69":[14,2],"70":[14,12],"71":[12,2],"72":[14,2],"73":[2,12],"74":[14,12],"75":[12,2],"76":[14,2],"77":[14,12],"78":[12,2],"79":[14,2],"80":[9,4],"81":[13,13],"82":[13,11],"83":[19,0],"84":[7,12],"85":[7,12],"86":[0,19],"87":[19,19],"88":[3,0],"89":[3,0],"90":[3,0],"91":[0,3],"92":[3,3]}}
}
