<?xml version="1.0" encoding="UTF-8"?>
<coverage generated="1771327806142" clover="3.2.0">
  <project timestamp="1771327806142" name="All files">
    <metrics statements="84" coveredstatements="84" conditionals="71" coveredconditionals="67" methods="16" coveredmethods="16" elements="171" coveredelements="167" complexity="0" loc="84" ncloc="84" packages="1" files="1" classes="1"/>
    <file name="report-service.ts" path="/home/ubuntu/.openclaw/workspace/projects/flipper-ai/src/lib/report-service.ts">
      <metrics statements="84" coveredstatements="84" conditionals="71" coveredconditionals="67" methods="16" coveredmethods="16"/>
      <line num="45" count="1" type="stmt"/>
      <line num="50" count="4" type="stmt"/>
      <line num="52" count="4" type="cond" truecount="5" falsecount="0"/>
      <line num="53" count="1" type="stmt"/>
      <line num="56" count="3" type="cond" truecount="2" falsecount="0"/>
      <line num="57" count="1" type="stmt"/>
      <line num="58" count="1" type="stmt"/>
      <line num="59" count="1" type="stmt"/>
      <line num="60" count="1" type="stmt"/>
      <line num="64" count="2" type="stmt"/>
      <line num="65" count="2" type="stmt"/>
      <line num="66" count="2" type="stmt"/>
      <line num="67" count="2" type="stmt"/>
      <line num="73" count="1" type="stmt"/>
      <line num="74" count="29" type="stmt"/>
      <line num="75" count="29" type="stmt"/>
      <line num="76" count="29" type="stmt"/>
      <line num="82" count="1" type="stmt"/>
      <line num="99" count="26" type="stmt"/>
      <line num="100" count="66" type="cond" truecount="2" falsecount="0"/>
      <line num="102" count="26" type="stmt"/>
      <line num="103" count="66" type="cond" truecount="2" falsecount="0"/>
      <line num="106" count="51" type="cond" truecount="3" falsecount="1"/>
      <line num="107" count="51" type="stmt"/>
      <line num="108" count="51" type="cond" truecount="4" falsecount="0"/>
      <line num="109" count="26" type="stmt"/>
      <line num="111" count="26" type="stmt"/>
      <line num="112" count="51" type="cond" truecount="7" falsecount="1"/>
      <line num="114" count="26" type="cond" truecount="2" falsecount="0"/>
      <line num="116" count="26" type="stmt"/>
      <line num="117" count="51" type="stmt"/>
      <line num="119" count="50" type="stmt"/>
      <line num="120" count="50" type="stmt"/>
      <line num="123" count="26" type="cond" truecount="2" falsecount="0"/>
      <line num="124" count="50" type="stmt"/>
      <line num="128" count="26" type="cond" truecount="2" falsecount="0"/>
      <line num="131" count="26" type="stmt"/>
      <line num="132" count="26" type="stmt"/>
      <line num="133" count="51" type="cond" truecount="4" falsecount="0"/>
      <line num="134" count="51" type="cond" truecount="4" falsecount="0"/>
      <line num="135" count="51" type="stmt"/>
      <line num="136" count="51" type="cond" truecount="7" falsecount="1"/>
      <line num="137" count="51" type="stmt"/>
      <line num="140" count="26" type="stmt"/>
      <line num="141" count="26" type="stmt"/>
      <line num="142" count="26" type="stmt"/>
      <line num="143" count="50" type="cond" truecount="2" falsecount="0"/>
      <line num="144" count="22" type="stmt"/>
      <line num="145" count="22" type="stmt"/>
      <line num="149" count="26" type="stmt"/>
      <line num="152" count="51" type="stmt"/>
      <line num="165" count="50" type="stmt"/>
      <line num="173" count="26" type="stmt"/>
      <line num="199" count="1" type="stmt"/>
      <line num="200" count="7" type="stmt"/>
      <line num="203" count="7" type="stmt"/>
      <line num="204" count="7" type="stmt"/>
      <line num="205" count="7" type="stmt"/>
      <line num="206" count="7" type="stmt"/>
      <line num="209" count="7" type="stmt"/>
      <line num="210" count="7" type="stmt"/>
      <line num="211" count="7" type="stmt"/>
      <line num="212" count="7" type="stmt"/>
      <line num="213" count="7" type="stmt"/>
      <line num="214" count="7" type="stmt"/>
      <line num="215" count="7" type="stmt"/>
      <line num="216" count="7" type="stmt"/>
      <line num="217" count="7" type="stmt"/>
      <line num="218" count="7" type="stmt"/>
      <line num="219" count="7" type="cond" truecount="4" falsecount="0"/>
      <line num="220" count="7" type="stmt"/>
      <line num="223" count="7" type="stmt"/>
      <line num="224" count="14" type="stmt"/>
      <line num="225" count="14" type="cond" truecount="2" falsecount="0"/>
      <line num="226" count="10" type="stmt"/>
      <line num="227" count="10" type="stmt"/>
      <line num="228" count="10" type="stmt"/>
      <line num="229" count="22" type="stmt"/>
      <line num="232" count="121" type="stmt"/>
      <line num="233" count="121" type="cond" truecount="4" falsecount="0"/>
      <line num="234" count="120" type="stmt"/>
      <line num="235" count="120" type="cond" truecount="2" falsecount="0"/>
      <line num="241" count="14" type="stmt"/>
      <line num="244" count="7" type="stmt"/>
    </file>
  </project>
</coverage>
