{"total": {"lines":{"total":84,"covered":84,"skipped":0,"pct":100},"statements":{"total":88,"covered":88,"skipped":0,"pct":100},"functions":{"total":16,"covered":16,"skipped":0,"pct":100},"branches":{"total":71,"covered":67,"skipped":0,"pct":94.36},"branchesTrue":{"total":0,"covered":0,"skipped":0,"pct":"Unknown"}}
,"/home/ubuntu/.openclaw/workspace/projects/flipper-ai/src/lib/report-service.ts": {"lines":{"total":84,"covered":84,"skipped":0,"pct":100},"functions":{"total":16,"covered":16,"skipped":0,"pct":100},"statements":{"total":88,"covered":88,"skipped":0,"pct":100},"branches":{"total":71,"covered":67,"skipped":0,"pct":94.36}}
}
