TN:
SF:src/lib/report-service.ts
FN:45,getDateRange
FN:73,generateReportId
FN:82,buildReport
FN:100,(anonymous_3)
FN:103,(anonymous_4)
FN:106,(anonymous_5)
FN:107,(anonymous_6)
FN:108,(anonymous_7)
FN:112,(anonymous_8)
FN:117,(anonymous_9)
FN:118,(anonymous_10)
FN:124,(anonymous_11)
FN:152,(anonymous_12)
FN:165,(anonymous_13)
FN:199,reportToCSV
FN:231,(anonymous_15)
FNF:16
FNH:16
FNDA:4,getDateRange
FNDA:29,generateReportId
FNDA:26,buildReport
FNDA:66,(anonymous_3)
FNDA:66,(anonymous_4)
FNDA:51,(anonymous_5)
FNDA:51,(anonymous_6)
FNDA:51,(anonymous_7)
FNDA:51,(anonymous_8)
FNDA:51,(anonymous_9)
FNDA:50,(anonymous_10)
FNDA:50,(anonymous_11)
FNDA:51,(anonymous_12)
FNDA:50,(anonymous_13)
FNDA:7,reportToCSV
FNDA:121,(anonymous_15)
DA:45,1
DA:50,4
DA:52,4
DA:53,1
DA:56,3
DA:57,1
DA:58,1
DA:59,1
DA:60,1
DA:64,2
DA:65,2
DA:66,2
DA:67,2
DA:73,1
DA:74,29
DA:75,29
DA:76,29
DA:82,1
DA:99,26
DA:100,66
DA:102,26
DA:103,66
DA:106,51
DA:107,51
DA:108,51
DA:109,26
DA:111,26
DA:112,51
DA:114,26
DA:116,26
DA:117,51
DA:119,50
DA:120,50
DA:123,26
DA:124,50
DA:128,26
DA:131,26
DA:132,26
DA:133,51
DA:134,51
DA:135,51
DA:136,51
DA:137,51
DA:140,26
DA:141,26
DA:142,26
DA:143,50
DA:144,22
DA:145,22
DA:149,26
DA:152,51
DA:165,50
DA:173,26
DA:199,1
DA:200,7
DA:203,7
DA:204,7
DA:205,7
DA:206,7
DA:209,7
DA:210,7
DA:211,7
DA:212,7
DA:213,7
DA:214,7
DA:215,7
DA:216,7
DA:217,7
DA:218,7
DA:219,7
DA:220,7
DA:223,7
DA:224,14
DA:225,14
DA:226,10
DA:227,10
DA:228,10
DA:229,22
DA:232,121
DA:233,121
DA:234,120
DA:235,120
DA:241,14
DA:244,7
LF:84
LH:84
BRDA:52,0,0,1
BRDA:52,0,1,3
BRDA:52,1,0,4
BRDA:52,1,1,2
BRDA:52,1,2,1
BRDA:56,2,0,1
BRDA:56,2,1,2
BRDA:100,3,0,66
BRDA:100,3,1,52
BRDA:103,4,0,66
BRDA:103,4,1,66
BRDA:106,5,0,51
BRDA:106,5,1,0
BRDA:106,6,0,51
BRDA:106,6,1,51
BRDA:108,7,0,49
BRDA:108,7,1,2
BRDA:108,8,0,51
BRDA:108,8,1,49
BRDA:112,9,0,51
BRDA:112,9,1,0
BRDA:112,10,0,51
BRDA:112,10,1,51
BRDA:112,11,0,49
BRDA:112,11,1,2
BRDA:112,12,0,51
BRDA:112,12,1,49
BRDA:114,13,0,22
BRDA:114,13,1,4
BRDA:123,14,0,21
BRDA:123,14,1,5
BRDA:128,15,0,21
BRDA:128,15,1,5
BRDA:133,16,0,49
BRDA:133,16,1,2
BRDA:133,17,0,51
BRDA:133,17,1,49
BRDA:134,18,0,1
BRDA:134,18,1,50
BRDA:134,19,0,51
BRDA:134,19,1,51
BRDA:136,20,0,51
BRDA:136,20,1,0
BRDA:136,21,0,51
BRDA:136,21,1,51
BRDA:136,22,0,49
BRDA:136,22,1,2
BRDA:136,23,0,51
BRDA:136,23,1,49
BRDA:143,24,0,22
BRDA:143,24,1,28
BRDA:160,25,0,51
BRDA:160,25,1,0
BRDA:160,26,0,51
BRDA:160,26,1,51
BRDA:160,27,0,49
BRDA:160,27,1,2
BRDA:160,28,0,51
BRDA:160,28,1,49
BRDA:219,29,0,5
BRDA:219,29,1,2
BRDA:219,30,0,7
BRDA:219,30,1,5
BRDA:225,31,0,10
BRDA:225,31,1,4
BRDA:233,32,0,1
BRDA:233,32,1,120
BRDA:233,33,0,121
BRDA:233,33,1,120
BRDA:235,34,0,1
BRDA:235,34,1,119
BRF:71
BRH:67
end_of_record
