<?xml version="1.0" encoding="UTF-8"?>
<coverage generated="1771327591462" clover="3.2.0">
  <project timestamp="1771327591462" name="All files">
    <metrics statements="543" coveredstatements="321" conditionals="772" coveredconditionals="444" methods="58" coveredmethods="39" elements="1373" coveredelements="804" complexity="0" loc="543" ncloc="543" packages="5" files="5" classes="5"/>
    <package name="craigslist">
      <metrics statements="106" coveredstatements="0" conditionals="185" coveredconditionals="0" methods="7" coveredmethods="0"/>
      <file name="route.ts" path="/home/ubuntu/.openclaw/workspace/projects/flipper-ai/src/app/api/scraper/craigslist/route.ts">
        <metrics statements="106" coveredstatements="0" conditionals="185" coveredconditionals="0" methods="7" coveredmethods="0"/>
        <line num="1" count="0" type="stmt"/>
        <line num="2" count="0" type="stmt"/>
        <line num="3" count="0" type="stmt"/>
        <line num="4" count="0" type="stmt"/>
        <line num="5" count="0" type="stmt"/>
        <line num="6" count="0" type="stmt"/>
        <line num="7" count="0" type="stmt"/>
        <line num="8" count="0" type="stmt"/>
        <line num="11" count="0" type="stmt"/>
        <line num="26" count="0" type="stmt"/>
        <line num="27" count="0" type="cond" truecount="0" falsecount="2"/>
        <line num="28" count="0" type="stmt"/>
        <line num="30" count="0" type="stmt"/>
        <line num="35" count="0" type="stmt"/>
        <line num="36" count="0" type="cond" truecount="0" falsecount="2"/>
        <line num="40" count="0" type="stmt"/>
        <line num="62" count="0" type="stmt"/>
        <line num="63" count="0" type="stmt"/>
        <line num="67" count="0" type="stmt"/>
        <line num="69" count="0" type="stmt"/>
        <line num="71" count="0" type="stmt"/>
        <line num="72" count="0" type="cond" truecount="0" falsecount="2"/>
        <line num="73" count="0" type="stmt"/>
        <line num="75" count="0" type="cond" truecount="0" falsecount="2"/>
        <line num="76" count="0" type="cond" truecount="0" falsecount="2"/>
        <line num="77" count="0" type="cond" truecount="0" falsecount="2"/>
        <line num="79" count="0" type="stmt"/>
        <line num="80" count="0" type="stmt"/>
        <line num="82" count="0" type="stmt"/>
        <line num="85" count="0" type="stmt"/>
        <line num="91" count="0" type="stmt"/>
        <line num="166" count="0" type="stmt"/>
        <line num="169" count="0" type="stmt"/>
        <line num="178" count="0" type="stmt"/>
        <line num="180" count="0" type="stmt"/>
        <line num="185" count="0" type="stmt"/>
        <line num="186" count="0" type="stmt"/>
        <line num="188" count="0" type="stmt"/>
        <line num="189" count="0" type="stmt"/>
        <line num="190" count="0" type="cond" truecount="0" falsecount="2"/>
        <line num="191" count="0" type="stmt"/>
        <line num="193" count="0" type="stmt"/>
        <line num="194" count="0" type="stmt"/>
        <line num="196" count="0" type="cond" truecount="0" falsecount="4"/>
        <line num="197" count="0" type="stmt"/>
        <line num="204" count="0" type="stmt"/>
        <line num="216" count="0" type="stmt"/>
        <line num="224" count="0" type="cond" truecount="0" falsecount="2"/>
        <line num="226" count="0" type="stmt"/>
        <line num="236" count="0" type="stmt"/>
        <line num="247" count="0" type="stmt"/>
        <line num="248" count="0" type="stmt"/>
        <line num="249" count="0" type="stmt"/>
        <line num="250" count="0" type="stmt"/>
        <line num="258" count="0" type="stmt"/>
        <line num="260" count="0" type="stmt"/>
        <line num="261" count="0" type="cond" truecount="0" falsecount="2"/>
        <line num="263" count="0" type="stmt"/>
        <line num="264" count="0" type="stmt"/>
        <line num="266" count="0" type="cond" truecount="0" falsecount="2"/>
        <line num="269" count="0" type="cond" truecount="0" falsecount="2"/>
        <line num="272" count="0" type="stmt"/>
        <line num="281" count="0" type="stmt"/>
        <line num="282" count="0" type="stmt"/>
        <line num="283" count="0" type="stmt"/>
        <line num="284" count="0" type="stmt"/>
        <line num="285" count="0" type="stmt"/>
        <line num="286" count="0" type="stmt"/>
        <line num="287" count="0" type="stmt"/>
        <line num="290" count="0" type="cond" truecount="0" falsecount="2"/>
        <line num="291" count="0" type="stmt"/>
        <line num="293" count="0" type="stmt"/>
        <line num="300" count="0" type="cond" truecount="0" falsecount="4"/>
        <line num="302" count="0" type="stmt"/>
        <line num="307" count="0" type="cond" truecount="0" falsecount="4"/>
        <line num="309" count="0" type="stmt"/>
        <line num="311" count="0" type="cond" truecount="0" falsecount="2"/>
        <line num="313" count="0" type="stmt"/>
        <line num="320" count="0" type="cond" truecount="0" falsecount="2"/>
        <line num="321" count="0" type="stmt"/>
        <line num="322" count="0" type="stmt"/>
        <line num="323" count="0" type="stmt"/>
        <line num="324" count="0" type="stmt"/>
        <line num="325" count="0" type="stmt"/>
        <line num="331" count="0" type="stmt"/>
        <line num="339" count="0" type="cond" truecount="0" falsecount="2"/>
        <line num="345" count="0" type="cond" truecount="0" falsecount="2"/>
        <line num="346" count="0" type="stmt"/>
        <line num="347" count="0" type="stmt"/>
        <line num="351" count="0" type="stmt"/>
        <line num="359" count="0" type="stmt"/>
        <line num="431" count="0" type="stmt"/>
        <line num="443" count="0" type="stmt"/>
        <line num="444" count="0" type="stmt"/>
        <line num="445" count="0" type="stmt"/>
        <line num="454" count="0" type="stmt"/>
        <line num="459" count="0" type="stmt"/>
        <line num="475" count="0" type="cond" truecount="0" falsecount="2"/>
        <line num="478" count="0" type="cond" truecount="0" falsecount="2"/>
        <line num="482" count="0" type="stmt"/>
        <line num="496" count="0" type="stmt"/>
        <line num="499" count="0" type="cond" truecount="0" falsecount="2"/>
        <line num="500" count="0" type="stmt"/>
        <line num="510" count="0" type="stmt"/>
        <line num="523" count="0" type="stmt"/>
        <line num="524" count="0" type="stmt"/>
      </file>
    </package>
    <package name="ebay">
      <metrics statements="105" coveredstatements="104" conditionals="200" coveredconditionals="192" methods="14" coveredmethods="14"/>
      <file name="route.ts" path="/home/ubuntu/.openclaw/workspace/projects/flipper-ai/src/app/api/scraper/ebay/route.ts">
        <metrics statements="105" coveredstatements="104" conditionals="200" coveredconditionals="192" methods="14" coveredmethods="14"/>
        <line num="1" count="1" type="stmt"/>
        <line num="2" count="1" type="stmt"/>
        <line num="3" count="1" type="stmt"/>
        <line num="4" count="1" type="stmt"/>
        <line num="5" count="1" type="stmt"/>
        <line num="8" count="1" type="cond" truecount="2" falsecount="0"/>
        <line num="9" count="1" type="cond" truecount="2" falsecount="0"/>
        <line num="10" count="1" type="stmt"/>
        <line num="11" count="1" type="stmt"/>
        <line num="13" count="1" type="stmt"/>
        <line num="22" count="1" type="stmt"/>
        <line num="72" count="86" type="stmt"/>
        <line num="73" count="86" type="cond" truecount="2" falsecount="0"/>
        <line num="74" count="43" type="stmt"/>
        <line num="76" count="86" type="cond" truecount="4" falsecount="0"/>
        <line num="77" count="6" type="cond" truecount="4" falsecount="0"/>
        <line num="78" count="6" type="cond" truecount="4" falsecount="0"/>
        <line num="79" count="6" type="stmt"/>
        <line num="81" count="86" type="cond" truecount="2" falsecount="0"/>
        <line num="82" count="4" type="stmt"/>
        <line num="84" count="86" type="stmt"/>
        <line num="91" count="86" type="stmt"/>
        <line num="92" count="86" type="cond" truecount="1" falsecount="1"/>
        <line num="93" count="0" type="stmt"/>
        <line num="96" count="86" type="stmt"/>
        <line num="97" count="86" type="stmt"/>
        <line num="98" count="516" type="cond" truecount="3" falsecount="1"/>
        <line num="99" count="516" type="stmt"/>
        <line num="103" count="86" type="stmt"/>
        <line num="111" count="82" type="cond" truecount="2" falsecount="0"/>
        <line num="112" count="2" type="stmt"/>
        <line num="113" count="2" type="stmt"/>
        <line num="116" count="80" type="stmt"/>
        <line num="120" count="43" type="stmt"/>
        <line num="128" count="40" type="cond" truecount="4" falsecount="0"/>
        <line num="132" count="43" type="stmt"/>
        <line num="140" count="40" type="cond" truecount="4" falsecount="0"/>
        <line num="144" count="48" type="cond" truecount="2" falsecount="0"/>
        <line num="145" count="46" type="stmt"/>
        <line num="150" count="46" type="cond" truecount="2" falsecount="0"/>
        <line num="154" count="24" type="cond" truecount="2" falsecount="0"/>
        <line num="155" count="23" type="cond" truecount="4" falsecount="0"/>
        <line num="156" count="23" type="cond" truecount="4" falsecount="0"/>
        <line num="157" count="23" type="cond" truecount="4" falsecount="0"/>
        <line num="158" count="22" type="cond" truecount="8" falsecount="0"/>
        <line num="162" count="24" type="cond" truecount="6" falsecount="0"/>
        <line num="163" count="24" type="cond" truecount="3" falsecount="0"/>
        <line num="165" count="24" type="cond" truecount="10" falsecount="1"/>
        <line num="167" count="24" type="stmt"/>
        <line num="176" count="24" type="stmt"/>
        <line num="177" count="24" type="cond" truecount="6" falsecount="0"/>
        <line num="178" count="24" type="cond" truecount="6" falsecount="0"/>
        <line num="179" count="24" type="cond" truecount="2" falsecount="0"/>
        <line num="183" count="24" type="stmt"/>
        <line num="184" count="24" type="cond" truecount="6" falsecount="0"/>
        <line num="187" count="24" type="stmt"/>
        <line num="192" count="24" type="cond" truecount="6" falsecount="0"/>
        <line num="193" count="24" type="stmt"/>
        <line num="200" count="24" type="stmt"/>
        <line num="202" count="22" type="cond" truecount="8" falsecount="0"/>
        <line num="205" count="24" type="cond" truecount="2" falsecount="0"/>
        <line num="206" count="24" type="stmt"/>
        <line num="207" count="24" type="cond" truecount="1" falsecount="1"/>
        <line num="209" count="24" type="stmt"/>
        <line num="280" count="24" type="stmt"/>
        <line num="284" count="40" type="cond" truecount="2" falsecount="0"/>
        <line num="286" count="8" type="stmt"/>
        <line num="288" count="9" type="cond" truecount="6" falsecount="0"/>
        <line num="289" count="9" type="cond" truecount="2" falsecount="0"/>
        <line num="290" count="7" type="stmt"/>
        <line num="303" count="8" type="cond" truecount="2" falsecount="0"/>
        <line num="305" count="6" type="stmt"/>
        <line num="310" count="6" type="stmt"/>
        <line num="313" count="1" type="stmt"/>
        <line num="314" count="2" type="cond" truecount="2" falsecount="0"/>
        <line num="315" count="2" type="stmt"/>
        <line num="326" count="1" type="stmt"/>
        <line num="327" count="49" type="stmt"/>
        <line num="328" count="49" type="cond" truecount="2" falsecount="0"/>
        <line num="329" count="1" type="stmt"/>
        <line num="332" count="48" type="stmt"/>
        <line num="333" count="48" type="stmt"/>
        <line num="334" count="48" type="cond" truecount="2" falsecount="0"/>
        <line num="335" count="1" type="stmt"/>
        <line num="337" count="47" type="stmt"/>
        <line num="338" count="47" type="cond" truecount="4" falsecount="0"/>
        <line num="339" count="3" type="stmt"/>
        <line num="342" count="44" type="cond" truecount="4" falsecount="0"/>
        <line num="343" count="44" type="stmt"/>
        <line num="349" count="44" type="stmt"/>
        <line num="360" count="43" type="stmt"/>
        <line num="361" count="43" type="stmt"/>
        <line num="366" count="40" type="stmt"/>
        <line num="367" count="40" type="stmt"/>
        <line num="368" count="27" type="cond" truecount="5" falsecount="0"/>
        <line num="369" count="24" type="stmt"/>
        <line num="370" count="24" type="stmt"/>
        <line num="373" count="40" type="stmt"/>
        <line num="378" count="40" type="stmt"/>
        <line num="383" count="24" type="stmt"/>
        <line num="389" count="40" type="stmt"/>
        <line num="397" count="3" type="stmt"/>
        <line num="405" count="3" type="stmt"/>
        <line num="408" count="4" type="stmt"/>
        <line num="409" count="4" type="stmt"/>
      </file>
    </package>
    <package name="facebook">
      <metrics statements="89" coveredstatements="89" conditionals="111" coveredconditionals="100" methods="10" coveredmethods="10"/>
      <file name="route.ts" path="/home/ubuntu/.openclaw/workspace/projects/flipper-ai/src/app/api/scraper/facebook/route.ts">
        <metrics statements="89" coveredstatements="89" conditionals="111" coveredconditionals="100" methods="10" coveredmethods="10"/>
        <line num="1" count="1" type="stmt"/>
        <line num="2" count="1" type="stmt"/>
        <line num="3" count="1" type="stmt"/>
        <line num="4" count="1" type="stmt"/>
        <line num="6" count="1" type="stmt"/>
        <line num="7" count="1" type="stmt"/>
        <line num="8" count="1" type="stmt"/>
        <line num="10" count="1" type="stmt"/>
        <line num="71" count="16" type="stmt"/>
        <line num="77" count="16" type="cond" truecount="1" falsecount="1"/>
        <line num="78" count="16" type="stmt"/>
        <line num="81" count="16" type="cond" truecount="2" falsecount="0"/>
        <line num="82" count="1" type="stmt"/>
        <line num="85" count="16" type="cond" truecount="2" falsecount="0"/>
        <line num="86" count="1" type="stmt"/>
        <line num="90" count="16" type="cond" truecount="4" falsecount="0"/>
        <line num="91" count="2" type="stmt"/>
        <line num="92" count="2" type="cond" truecount="1" falsecount="1"/>
        <line num="93" count="2" type="stmt"/>
        <line num="95" count="2" type="cond" truecount="1" falsecount="1"/>
        <line num="96" count="2" type="stmt"/>
        <line num="98" count="2" type="cond" truecount="1" falsecount="1"/>
        <line num="99" count="2" type="stmt"/>
        <line num="103" count="16" type="stmt"/>
        <line num="110" count="3" type="cond" truecount="1" falsecount="1"/>
        <line num="112" count="3" type="stmt"/>
        <line num="116" count="3" type="cond" truecount="2" falsecount="0"/>
        <line num="119" count="2" type="cond" truecount="2" falsecount="0"/>
        <line num="120" count="1" type="stmt"/>
        <line num="121" count="1" type="stmt"/>
        <line num="125" count="1" type="stmt"/>
        <line num="135" count="16" type="stmt"/>
        <line num="136" count="16" type="stmt"/>
        <line num="138" count="16" type="stmt"/>
        <line num="139" count="52" type="stmt"/>
        <line num="141" count="16" type="stmt"/>
        <line num="143" count="16" type="stmt"/>
        <line num="149" count="16" type="cond" truecount="2" falsecount="0"/>
        <line num="150" count="1" type="stmt"/>
        <line num="151" count="1" type="stmt"/>
        <line num="154" count="15" type="stmt"/>
        <line num="155" count="15" type="cond" truecount="4" falsecount="0"/>
        <line num="162" count="20" type="cond" truecount="2" falsecount="0"/>
        <line num="163" count="6" type="stmt"/>
        <line num="164" count="6" type="cond" truecount="2" falsecount="0"/>
        <line num="171" count="10" type="cond" truecount="2" falsecount="0"/>
        <line num="172" count="10" type="cond" truecount="2" falsecount="0"/>
        <line num="173" count="10" type="cond" truecount="4" falsecount="1"/>
        <line num="175" count="10" type="stmt"/>
        <line num="183" count="10" type="cond" truecount="6" falsecount="0"/>
        <line num="184" count="10" type="cond" truecount="2" falsecount="0"/>
        <line num="185" count="10" type="stmt"/>
        <line num="186" count="10" type="cond" truecount="2" falsecount="0"/>
        <line num="188" count="10" type="cond" truecount="6" falsecount="0"/>
        <line num="189" count="10" type="stmt"/>
        <line num="196" count="10" type="stmt"/>
        <line num="265" count="8" type="stmt"/>
        <line num="272" count="1" type="stmt"/>
        <line num="273" count="1" type="stmt"/>
        <line num="287" count="1" type="stmt"/>
        <line num="288" count="20" type="stmt"/>
        <line num="289" count="20" type="stmt"/>
        <line num="290" count="20" type="cond" truecount="2" falsecount="0"/>
        <line num="291" count="1" type="stmt"/>
        <line num="293" count="19" type="stmt"/>
        <line num="295" count="19" type="cond" truecount="4" falsecount="0"/>
        <line num="296" count="1" type="stmt"/>
        <line num="300" count="18" type="stmt"/>
        <line num="301" count="18" type="cond" truecount="2" falsecount="0"/>
        <line num="302" count="3" type="cond" truecount="4" falsecount="0"/>
        <line num="305" count="18" type="cond" truecount="2" falsecount="0"/>
        <line num="306" count="2" type="stmt"/>
        <line num="315" count="16" type="cond" truecount="4" falsecount="0"/>
        <line num="316" count="16" type="stmt"/>
        <line num="324" count="16" type="stmt"/>
        <line num="335" count="16" type="stmt"/>
        <line num="337" count="16" type="stmt"/>
        <line num="340" count="15" type="stmt"/>
        <line num="341" count="15" type="stmt"/>
        <line num="342" count="12" type="cond" truecount="4" falsecount="0"/>
        <line num="343" count="10" type="stmt"/>
        <line num="344" count="8" type="stmt"/>
        <line num="348" count="13" type="stmt"/>
        <line num="353" count="8" type="stmt"/>
        <line num="359" count="13" type="stmt"/>
        <line num="367" count="3" type="stmt"/>
        <line num="375" count="3" type="stmt"/>
        <line num="378" count="3" type="stmt"/>
        <line num="379" count="3" type="stmt"/>
      </file>
    </package>
    <package name="mercari">
      <metrics statements="128" coveredstatements="128" conditionals="172" coveredconditionals="152" methods="15" coveredmethods="15"/>
      <file name="route.ts" path="/home/ubuntu/.openclaw/workspace/projects/flipper-ai/src/app/api/scraper/mercari/route.ts">
        <metrics statements="128" coveredstatements="128" conditionals="172" coveredconditionals="152" methods="15" coveredmethods="15"/>
        <line num="12" count="1" type="stmt"/>
        <line num="13" count="1" type="stmt"/>
        <line num="14" count="1" type="stmt"/>
        <line num="15" count="1" type="stmt"/>
        <line num="18" count="1" type="stmt"/>
        <line num="19" count="1" type="stmt"/>
        <line num="20" count="1" type="stmt"/>
        <line num="23" count="1" type="stmt"/>
        <line num="24" count="1" type="stmt"/>
        <line num="27" count="1" type="stmt"/>
        <line num="41" count="1" type="stmt"/>
        <line num="51" count="1" type="stmt"/>
        <line num="110" count="64" type="stmt"/>
        <line num="136" count="60" type="stmt"/>
        <line num="138" count="60" type="stmt"/>
        <line num="149" count="60" type="stmt"/>
        <line num="150" count="60" type="stmt"/>
        <line num="152" count="60" type="cond" truecount="2" falsecount="0"/>
        <line num="154" count="13" type="stmt"/>
        <line num="155" count="12" type="cond" truecount="5" falsecount="1"/>
        <line num="156" count="3" type="stmt"/>
        <line num="161" count="9" type="stmt"/>
        <line num="162" count="9" type="stmt"/>
        <line num="165" count="46" type="stmt"/>
        <line num="183" count="30" type="stmt"/>
        <line num="185" count="30" type="cond" truecount="1" falsecount="1"/>
        <line num="186" count="30" type="stmt"/>
        <line num="188" count="30" type="cond" truecount="2" falsecount="0"/>
        <line num="189" count="3" type="stmt"/>
        <line num="191" count="30" type="cond" truecount="2" falsecount="0"/>
        <line num="192" count="2" type="stmt"/>
        <line num="194" count="30" type="cond" truecount="2" falsecount="0"/>
        <line num="195" count="2" type="stmt"/>
        <line num="197" count="30" type="cond" truecount="2" falsecount="0"/>
        <line num="198" count="3" type="stmt"/>
        <line num="202" count="30" type="cond" truecount="2" falsecount="0"/>
        <line num="203" count="30" type="stmt"/>
        <line num="206" count="30" type="stmt"/>
        <line num="208" count="30" type="stmt"/>
        <line num="210" count="30" type="stmt"/>
        <line num="212" count="30" type="stmt"/>
        <line num="228" count="8" type="cond" truecount="1" falsecount="1"/>
        <line num="229" count="8" type="cond" truecount="5" falsecount="0"/>
        <line num="230" count="4" type="stmt"/>
        <line num="234" count="4" type="stmt"/>
        <line num="236" count="4" type="stmt"/>
        <line num="240" count="4" type="cond" truecount="2" falsecount="0"/>
        <line num="241" count="2" type="stmt"/>
        <line num="246" count="2" type="stmt"/>
        <line num="247" count="2" type="stmt"/>
        <line num="255" count="30" type="stmt"/>
        <line num="265" count="30" type="stmt"/>
        <line num="266" count="30" type="stmt"/>
        <line num="274" count="24" type="cond" truecount="2" falsecount="1"/>
        <line num="276" count="6" type="stmt"/>
        <line num="277" count="6" type="stmt"/>
        <line num="285" count="21" type="cond" truecount="2" falsecount="0"/>
        <line num="286" count="4" type="cond" truecount="2" falsecount="1"/>
        <line num="293" count="32" type="cond" truecount="2" falsecount="0"/>
        <line num="302" count="16" type="stmt"/>
        <line num="304" count="16" type="cond" truecount="6" falsecount="0"/>
        <line num="305" count="1" type="stmt"/>
        <line num="306" count="15" type="cond" truecount="6" falsecount="0"/>
        <line num="307" count="2" type="stmt"/>
        <line num="310" count="16" type="stmt"/>
        <line num="317" count="16" type="cond" truecount="6" falsecount="0"/>
        <line num="319" count="4" type="cond" truecount="0" falsecount="3"/>
        <line num="320" count="4" type="stmt"/>
        <line num="322" count="4" type="cond" truecount="2" falsecount="0"/>
        <line num="324" count="3" type="stmt"/>
        <line num="325" count="3" type="stmt"/>
        <line num="332" count="16" type="stmt"/>
        <line num="333" count="16" type="cond" truecount="2" falsecount="0"/>
        <line num="334" count="16" type="stmt"/>
        <line num="337" count="16" type="cond" truecount="6" falsecount="1"/>
        <line num="340" count="16" type="cond" truecount="2" falsecount="0"/>
        <line num="343" count="16" type="stmt"/>
        <line num="345" count="16" type="cond" truecount="6" falsecount="0"/>
        <line num="350" count="16" type="cond" truecount="6" falsecount="0"/>
        <line num="352" count="16" type="stmt"/>
        <line num="358" count="16" type="cond" truecount="6" falsecount="0"/>
        <line num="359" count="16" type="stmt"/>
        <line num="367" count="16" type="stmt"/>
        <line num="368" count="16" type="cond" truecount="2" falsecount="0"/>
        <line num="370" count="16" type="stmt"/>
        <line num="371" count="16" type="cond" truecount="1" falsecount="1"/>
        <line num="374" count="16" type="cond" truecount="2" falsecount="0"/>
        <line num="380" count="16" type="stmt"/>
        <line num="449" count="14" type="stmt"/>
        <line num="459" count="24" type="cond" truecount="2" falsecount="0"/>
        <line num="461" count="4" type="stmt"/>
        <line num="463" count="6" type="cond" truecount="2" falsecount="0"/>
        <line num="464" count="5" type="stmt"/>
        <line num="479" count="4" type="cond" truecount="1" falsecount="1"/>
        <line num="482" count="4" type="stmt"/>
        <line num="487" count="4" type="stmt"/>
        <line num="494" count="1" type="stmt"/>
        <line num="495" count="2" type="stmt"/>
        <line num="511" count="1" type="stmt"/>
        <line num="512" count="33" type="stmt"/>
        <line num="513" count="33" type="stmt"/>
        <line num="514" count="33" type="cond" truecount="2" falsecount="0"/>
        <line num="515" count="1" type="stmt"/>
        <line num="517" count="32" type="stmt"/>
        <line num="519" count="32" type="cond" truecount="4" falsecount="0"/>
        <line num="520" count="2" type="stmt"/>
        <line num="523" count="30" type="cond" truecount="4" falsecount="0"/>
        <line num="524" count="30" type="stmt"/>
        <line num="531" count="30" type="stmt"/>
        <line num="542" count="30" type="stmt"/>
        <line num="544" count="30" type="stmt"/>
        <line num="550" count="24" type="stmt"/>
        <line num="551" count="24" type="stmt"/>
        <line num="552" count="18" type="cond" truecount="4" falsecount="0"/>
        <line num="553" count="16" type="stmt"/>
        <line num="554" count="16" type="stmt"/>
        <line num="555" count="14" type="stmt"/>
        <line num="557" count="2" type="stmt"/>
        <line num="562" count="24" type="stmt"/>
        <line num="568" count="24" type="stmt"/>
        <line num="573" count="14" type="stmt"/>
        <line num="579" count="24" type="stmt"/>
        <line num="588" count="6" type="stmt"/>
        <line num="596" count="6" type="stmt"/>
        <line num="599" count="6" type="stmt"/>
        <line num="601" count="6" type="cond" truecount="1" falsecount="1"/>
        <line num="602" count="6" type="cond" truecount="2" falsecount="0"/>
        <line num="604" count="6" type="stmt"/>
      </file>
    </package>
    <package name="offerup">
      <metrics statements="115" coveredstatements="0" conditionals="104" coveredconditionals="0" methods="12" coveredmethods="0"/>
      <file name="route.ts" path="/home/ubuntu/.openclaw/workspace/projects/flipper-ai/src/app/api/scraper/offerup/route.ts">
        <metrics statements="115" coveredstatements="0" conditionals="104" coveredconditionals="0" methods="12" coveredmethods="0"/>
        <line num="1" count="0" type="stmt"/>
        <line num="2" count="0" type="stmt"/>
        <line num="3" count="0" type="stmt"/>
        <line num="4" count="0" type="stmt"/>
        <line num="5" count="0" type="stmt"/>
        <line num="6" count="0" type="stmt"/>
        <line num="9" count="0" type="stmt"/>
        <line num="10" count="0" type="stmt"/>
        <line num="11" count="0" type="stmt"/>
        <line num="27" count="0" type="stmt"/>
        <line num="45" count="0" type="stmt"/>
        <line num="65" count="0" type="cond" truecount="0" falsecount="2"/>
        <line num="67" count="0" type="cond" truecount="0" falsecount="2"/>
        <line num="68" count="0" type="stmt"/>
        <line num="69" count="0" type="cond" truecount="0" falsecount="2"/>
        <line num="70" count="0" type="stmt"/>
        <line num="72" count="0" type="stmt"/>
        <line num="78" count="0" type="stmt"/>
        <line num="79" count="0" type="cond" truecount="0" falsecount="2"/>
        <line num="81" count="0" type="stmt"/>
        <line num="82" count="0" type="cond" truecount="0" falsecount="2"/>
        <line num="86" count="0" type="stmt"/>
        <line num="93" count="0" type="stmt"/>
        <line num="94" count="0" type="stmt"/>
        <line num="95" count="0" type="stmt"/>
        <line num="96" count="0" type="stmt"/>
        <line num="98" count="0" type="cond" truecount="0" falsecount="2"/>
        <line num="99" count="0" type="stmt"/>
        <line num="100" count="0" type="cond" truecount="0" falsecount="2"/>
        <line num="101" count="0" type="stmt"/>
        <line num="105" count="0" type="stmt"/>
        <line num="116" count="0" type="stmt"/>
        <line num="118" count="0" type="stmt"/>
        <line num="119" count="0" type="stmt"/>
        <line num="128" count="0" type="stmt"/>
        <line num="136" count="0" type="stmt"/>
        <line num="137" count="0" type="stmt"/>
        <line num="139" count="0" type="stmt"/>
        <line num="140" count="0" type="stmt"/>
        <line num="142" count="0" type="stmt"/>
        <line num="145" count="0" type="cond" truecount="0" falsecount="2"/>
        <line num="146" count="0" type="stmt"/>
        <line num="148" count="0" type="stmt"/>
        <line num="149" count="0" type="cond" truecount="0" falsecount="2"/>
        <line num="150" count="0" type="cond" truecount="0" falsecount="2"/>
        <line num="151" count="0" type="cond" truecount="0" falsecount="2"/>
        <line num="152" count="0" type="cond" truecount="0" falsecount="2"/>
        <line num="154" count="0" type="stmt"/>
        <line num="155" count="0" type="cond" truecount="0" falsecount="2"/>
        <line num="156" count="0" type="stmt"/>
        <line num="159" count="0" type="stmt"/>
        <line num="161" count="0" type="stmt"/>
        <line num="162" count="0" type="stmt"/>
        <line num="169" count="0" type="stmt"/>
        <line num="172" count="0" type="stmt"/>
        <line num="180" count="0" type="stmt"/>
        <line num="184" count="0" type="stmt"/>
        <line num="185" count="0" type="cond" truecount="0" falsecount="2"/>
        <line num="190" count="0" type="stmt"/>
        <line num="274" count="0" type="stmt"/>
        <line num="277" count="0" type="stmt"/>
        <line num="287" count="0" type="stmt"/>
        <line num="289" count="0" type="cond" truecount="0" falsecount="2"/>
        <line num="290" count="0" type="stmt"/>
        <line num="296" count="0" type="stmt"/>
        <line num="297" count="0" type="stmt"/>
        <line num="299" count="0" type="stmt"/>
        <line num="300" count="0" type="stmt"/>
        <line num="301" count="0" type="cond" truecount="0" falsecount="2"/>
        <line num="302" count="0" type="stmt"/>
        <line num="304" count="0" type="stmt"/>
        <line num="305" count="0" type="stmt"/>
        <line num="307" count="0" type="cond" truecount="0" falsecount="2"/>
        <line num="308" count="0" type="stmt"/>
        <line num="315" count="0" type="stmt"/>
        <line num="316" count="0" type="cond" truecount="0" falsecount="2"/>
        <line num="320" count="0" type="stmt"/>
        <line num="330" count="0" type="stmt"/>
        <line num="342" count="0" type="stmt"/>
        <line num="350" count="0" type="cond" truecount="0" falsecount="2"/>
        <line num="351" count="0" type="stmt"/>
        <line num="361" count="0" type="stmt"/>
        <line num="371" count="0" type="stmt"/>
        <line num="372" count="0" type="stmt"/>
        <line num="380" count="0" type="stmt"/>
        <line num="382" count="0" type="stmt"/>
        <line num="383" count="0" type="stmt"/>
        <line num="385" count="0" type="cond" truecount="0" falsecount="2"/>
        <line num="388" count="0" type="cond" truecount="0" falsecount="2"/>
        <line num="389" count="0" type="stmt"/>
        <line num="398" count="0" type="stmt"/>
        <line num="406" count="0" type="cond" truecount="0" falsecount="2"/>
        <line num="409" count="0" type="stmt"/>
        <line num="410" count="0" type="cond" truecount="0" falsecount="4"/>
        <line num="411" count="0" type="stmt"/>
        <line num="415" count="0" type="stmt"/>
        <line num="416" count="0" type="stmt"/>
        <line num="422" count="0" type="stmt"/>
        <line num="425" count="0" type="stmt"/>
        <line num="465" count="0" type="stmt"/>
        <line num="477" count="0" type="stmt"/>
        <line num="478" count="0" type="cond" truecount="0" falsecount="2"/>
        <line num="479" count="0" type="stmt"/>
        <line num="482" count="0" type="stmt"/>
        <line num="491" count="0" type="stmt"/>
        <line num="496" count="0" type="stmt"/>
        <line num="506" count="0" type="stmt"/>
        <line num="516" count="0" type="stmt"/>
        <line num="519" count="0" type="cond" truecount="0" falsecount="2"/>
        <line num="520" count="0" type="stmt"/>
        <line num="531" count="0" type="cond" truecount="0" falsecount="2"/>
        <line num="532" count="0" type="cond" truecount="0" falsecount="2"/>
        <line num="534" count="0" type="stmt"/>
        <line num="549" count="0" type="stmt"/>
        <line num="550" count="0" type="stmt"/>
      </file>
    </package>
  </project>
</coverage>
