{"total": {"lines":{"total":543,"covered":321,"skipped":0,"pct":59.11},"statements":{"total":580,"covered":339,"skipped":0,"pct":58.44},"functions":{"total":58,"covered":39,"skipped":0,"pct":67.24},"branches":{"total":772,"covered":444,"skipped":0,"pct":57.51},"branchesTrue":{"total":0,"covered":0,"skipped":0,"pct":100}}
,"/home/ubuntu/.openclaw/workspace/projects/flipper-ai/src/app/api/scraper/craigslist/route.ts": {"lines":{"total":106,"covered":0,"skipped":0,"pct":0},"functions":{"total":7,"covered":0,"skipped":0,"pct":0},"statements":{"total":111,"covered":0,"skipped":0,"pct":0},"branches":{"total":185,"covered":0,"skipped":0,"pct":0}}
,"/home/ubuntu/.openclaw/workspace/projects/flipper-ai/src/app/api/scraper/ebay/route.ts": {"lines":{"total":105,"covered":104,"skipped":0,"pct":99.04},"functions":{"total":14,"covered":14,"skipped":0,"pct":100},"statements":{"total":112,"covered":111,"skipped":0,"pct":99.1},"branches":{"total":200,"covered":192,"skipped":0,"pct":96}}
,"/home/ubuntu/.openclaw/workspace/projects/flipper-ai/src/app/api/scraper/facebook/route.ts": {"lines":{"total":89,"covered":89,"skipped":0,"pct":100},"functions":{"total":10,"covered":10,"skipped":0,"pct":100},"statements":{"total":94,"covered":93,"skipped":0,"pct":98.93},"branches":{"total":111,"covered":100,"skipped":0,"pct":90.09}}
,"/home/ubuntu/.openclaw/workspace/projects/flipper-ai/src/app/api/scraper/mercari/route.ts": {"lines":{"total":128,"covered":128,"skipped":0,"pct":100},"functions":{"total":15,"covered":15,"skipped":0,"pct":100},"statements":{"total":136,"covered":135,"skipped":0,"pct":99.26},"branches":{"total":172,"covered":152,"skipped":0,"pct":88.37}}
,"/home/ubuntu/.openclaw/workspace/projects/flipper-ai/src/app/api/scraper/offerup/route.ts": {"lines":{"total":115,"covered":0,"skipped":0,"pct":0},"functions":{"total":12,"covered":0,"skipped":0,"pct":0},"statements":{"total":127,"covered":0,"skipped":0,"pct":0},"branches":{"total":104,"covered":0,"skipped":0,"pct":0}}
}
