TN:
SF:src/app/api/scraper/craigslist/route.ts
FN:25,parsePrice
FN:34,extractListingId
FN:55,scrapeCraigslistWithPlaywright
FN:90,(anonymous_4)
FN:169,(anonymous_5)
FN:185,POST
FN:523,GET
FNF:7
FNH:0
FNDA:0,parsePrice
FNDA:0,extractListingId
FNDA:0,scrapeCraigslistWithPlaywright
FNDA:0,(anonymous_4)
FNDA:0,(anonymous_5)
FNDA:0,POST
FNDA:0,GET
DA:1,0
DA:2,0
DA:3,0
DA:4,0
DA:5,0
DA:6,0
DA:7,0
DA:8,0
DA:11,0
DA:26,0
DA:27,0
DA:28,0
DA:30,0
DA:35,0
DA:36,0
DA:40,0
DA:62,0
DA:63,0
DA:67,0
DA:69,0
DA:71,0
DA:72,0
DA:73,0
DA:75,0
DA:76,0
DA:77,0
DA:79,0
DA:80,0
DA:82,0
DA:85,0
DA:91,0
DA:166,0
DA:169,0
DA:178,0
DA:180,0
DA:185,0
DA:186,0
DA:188,0
DA:189,0
DA:190,0
DA:191,0
DA:193,0
DA:194,0
DA:196,0
DA:197,0
DA:204,0
DA:216,0
DA:224,0
DA:226,0
DA:236,0
DA:247,0
DA:248,0
DA:249,0
DA:250,0
DA:258,0
DA:260,0
DA:261,0
DA:263,0
DA:264,0
DA:266,0
DA:269,0
DA:272,0
DA:281,0
DA:282,0
DA:283,0
DA:284,0
DA:285,0
DA:286,0
DA:287,0
DA:290,0
DA:291,0
DA:293,0
DA:300,0
DA:302,0
DA:307,0
DA:309,0
DA:311,0
DA:313,0
DA:320,0
DA:321,0
DA:322,0
DA:323,0
DA:324,0
DA:325,0
DA:331,0
DA:339,0
DA:345,0
DA:346,0
DA:347,0
DA:351,0
DA:359,0
DA:431,0
DA:443,0
DA:444,0
DA:445,0
DA:454,0
DA:459,0
DA:475,0
DA:478,0
DA:482,0
DA:496,0
DA:499,0
DA:500,0
DA:510,0
DA:523,0
DA:524,0
LF:106
LH:0
BRDA:27,0,0,0
BRDA:27,0,1,0
BRDA:36,1,0,0
BRDA:36,1,1,0
BRDA:72,2,0,0
BRDA:72,2,1,0
BRDA:75,3,0,0
BRDA:75,3,1,0
BRDA:76,4,0,0
BRDA:76,4,1,0
BRDA:77,5,0,0
BRDA:77,5,1,0
BRDA:173,6,0,0
BRDA:173,6,1,0
BRDA:175,7,0,0
BRDA:175,7,1,0
BRDA:190,8,0,0
BRDA:190,8,1,0
BRDA:196,9,0,0
BRDA:196,9,1,0
BRDA:196,10,0,0
BRDA:196,10,1,0
BRDA:224,11,0,0
BRDA:224,11,1,0
BRDA:261,12,0,0
BRDA:261,12,1,0
BRDA:266,13,0,0
BRDA:266,13,1,0
BRDA:269,14,0,0
BRDA:269,14,1,0
BRDA:274,15,0,0
BRDA:274,15,1,0
BRDA:290,16,0,0
BRDA:290,16,1,0
BRDA:295,17,0,0
BRDA:295,17,1,0
BRDA:300,18,0,0
BRDA:300,18,1,0
BRDA:300,19,0,0
BRDA:300,19,1,0
BRDA:307,20,0,0
BRDA:307,20,1,0
BRDA:307,21,0,0
BRDA:307,21,1,0
BRDA:311,22,0,0
BRDA:311,22,1,0
BRDA:320,23,0,0
BRDA:320,23,1,0
BRDA:339,24,0,0
BRDA:339,24,1,0
BRDA:340,25,0,0
BRDA:340,25,1,0
BRDA:340,25,2,0
BRDA:345,26,0,0
BRDA:345,26,1,0
BRDA:354,27,0,0
BRDA:354,27,1,0
BRDA:354,28,0,0
BRDA:354,28,1,0
BRDA:354,29,0,0
BRDA:354,29,1,0
BRDA:368,30,0,0
BRDA:368,30,1,0
BRDA:369,31,0,0
BRDA:369,31,1,0
BRDA:369,32,0,0
BRDA:369,32,1,0
BRDA:369,33,0,0
BRDA:369,33,1,0
BRDA:386,34,0,0
BRDA:386,34,1,0
BRDA:386,35,0,0
BRDA:386,35,1,0
BRDA:386,36,0,0
BRDA:386,36,1,0
BRDA:395,37,0,0
BRDA:395,37,1,0
BRDA:395,38,0,0
BRDA:395,38,1,0
BRDA:395,39,0,0
BRDA:395,39,1,0
BRDA:396,40,0,0
BRDA:396,40,1,0
BRDA:396,41,0,0
BRDA:396,41,1,0
BRDA:396,42,0,0
BRDA:396,42,1,0
BRDA:397,43,0,0
BRDA:397,43,1,0
BRDA:397,44,0,0
BRDA:397,44,1,0
BRDA:397,45,0,0
BRDA:397,45,1,0
BRDA:398,46,0,0
BRDA:398,46,1,0
BRDA:398,47,0,0
BRDA:398,47,1,0
BRDA:398,48,0,0
BRDA:398,48,1,0
BRDA:402,49,0,0
BRDA:402,49,1,0
BRDA:403,50,0,0
BRDA:403,50,1,0
BRDA:404,51,0,0
BRDA:404,51,1,0
BRDA:409,52,0,0
BRDA:409,52,1,0
BRDA:409,53,0,0
BRDA:409,53,1,0
BRDA:409,54,0,0
BRDA:409,54,1,0
BRDA:410,55,0,0
BRDA:410,55,1,0
BRDA:410,56,0,0
BRDA:410,56,1,0
BRDA:410,57,0,0
BRDA:410,57,1,0
BRDA:411,58,0,0
BRDA:411,58,1,0
BRDA:411,59,0,0
BRDA:411,59,1,0
BRDA:411,60,0,0
BRDA:411,60,1,0
BRDA:412,61,0,0
BRDA:412,61,1,0
BRDA:412,62,0,0
BRDA:412,62,1,0
BRDA:412,63,0,0
BRDA:412,63,1,0
BRDA:413,64,0,0
BRDA:413,64,1,0
BRDA:413,65,0,0
BRDA:413,65,1,0
BRDA:413,66,0,0
BRDA:413,66,1,0
BRDA:414,67,0,0
BRDA:414,67,1,0
BRDA:414,68,0,0
BRDA:414,68,1,0
BRDA:414,69,0,0
BRDA:414,69,1,0
BRDA:415,70,0,0
BRDA:415,70,1,0
BRDA:415,71,0,0
BRDA:415,71,1,0
BRDA:415,72,0,0
BRDA:415,72,1,0
BRDA:422,73,0,0
BRDA:422,73,1,0
BRDA:423,74,0,0
BRDA:423,74,1,0
BRDA:423,75,0,0
BRDA:423,75,1,0
BRDA:423,76,0,0
BRDA:423,76,1,0
BRDA:424,77,0,0
BRDA:424,77,1,0
BRDA:424,78,0,0
BRDA:424,78,1,0
BRDA:424,79,0,0
BRDA:424,79,1,0
BRDA:450,80,0,0
BRDA:450,80,1,0
BRDA:450,81,0,0
BRDA:450,81,1,0
BRDA:451,82,0,0
BRDA:451,82,1,0
BRDA:475,83,0,0
BRDA:475,83,1,0
BRDA:478,84,0,0
BRDA:478,84,1,0
BRDA:493,85,0,0
BRDA:493,85,1,0
BRDA:493,86,0,0
BRDA:493,86,1,0
BRDA:499,87,0,0
BRDA:499,87,1,0
BRDA:504,88,0,0
BRDA:504,88,1,0
BRDA:514,89,0,0
BRDA:514,89,1,0
BRDA:515,90,0,0
BRDA:515,90,1,0
BRDA:515,91,0,0
BRDA:515,91,1,0
BRF:185
BRH:0
end_of_record
TN:
SF:src/app/api/scraper/ebay/route.ts
FN:71,buildFilterString
FN:87,callEbayApi
FN:97,(anonymous_3)
FN:119,fetchEbayListings
FN:131,fetchSoldListings
FN:143,formatLocation
FN:153,buildSellerNote
FN:161,saveListingFromEbayItem
FN:202,(anonymous_9)
FN:283,storePriceHistoryRecords
FN:287,(anonymous_11)
FN:313,GET
FN:326,POST
FN:383,(anonymous_14)
FNF:14
FNH:14
FNDA:86,buildFilterString
FNDA:86,callEbayApi
FNDA:516,(anonymous_3)
FNDA:43,fetchEbayListings
FNDA:43,fetchSoldListings
FNDA:48,formatLocation
FNDA:24,buildSellerNote
FNDA:24,saveListingFromEbayItem
FNDA:22,(anonymous_9)
FNDA:40,storePriceHistoryRecords
FNDA:9,(anonymous_11)
FNDA:2,GET
FNDA:49,POST
FNDA:24,(anonymous_14)
DA:1,1
DA:2,1
DA:3,1
DA:4,1
DA:5,1
DA:8,1
DA:9,1
DA:10,1
DA:11,1
DA:13,1
DA:22,1
DA:72,86
DA:73,86
DA:74,43
DA:76,86
DA:77,6
DA:78,6
DA:79,6
DA:81,86
DA:82,4
DA:84,86
DA:91,86
DA:92,86
DA:93,0
DA:96,86
DA:97,86
DA:98,516
DA:99,516
DA:103,86
DA:111,82
DA:112,2
DA:113,2
DA:116,80
DA:120,43
DA:128,40
DA:132,43
DA:140,40
DA:144,48
DA:145,46
DA:150,46
DA:154,24
DA:155,23
DA:156,23
DA:157,23
DA:158,22
DA:162,24
DA:163,24
DA:165,24
DA:167,24
DA:176,24
DA:177,24
DA:178,24
DA:179,24
DA:183,24
DA:184,24
DA:187,24
DA:192,24
DA:193,24
DA:200,24
DA:202,22
DA:205,24
DA:206,24
DA:207,24
DA:209,24
DA:280,24
DA:284,40
DA:286,8
DA:288,9
DA:289,9
DA:290,7
DA:303,8
DA:305,6
DA:310,6
DA:313,1
DA:314,2
DA:315,2
DA:326,1
DA:327,49
DA:328,49
DA:329,1
DA:332,48
DA:333,48
DA:334,48
DA:335,1
DA:337,47
DA:338,47
DA:339,3
DA:342,44
DA:343,44
DA:349,44
DA:360,43
DA:361,43
DA:366,40
DA:367,40
DA:368,27
DA:369,24
DA:370,24
DA:373,40
DA:378,40
DA:383,24
DA:389,40
DA:397,3
DA:405,3
DA:408,4
DA:409,4
LF:105
LH:104
BRDA:8,0,0,1
BRDA:8,0,1,1
BRDA:9,1,0,1
BRDA:9,1,1,1
BRDA:71,2,0,43
BRDA:73,3,0,43
BRDA:73,3,1,43
BRDA:76,4,0,6
BRDA:76,4,1,80
BRDA:76,5,0,86
BRDA:76,5,1,82
BRDA:77,6,0,4
BRDA:77,6,1,2
BRDA:77,7,0,6
BRDA:77,7,1,6
BRDA:78,8,0,4
BRDA:78,8,1,2
BRDA:78,9,0,6
BRDA:78,9,1,6
BRDA:81,10,0,4
BRDA:81,10,1,82
BRDA:92,11,0,0
BRDA:92,11,1,86
BRDA:98,12,0,516
BRDA:98,12,1,0
BRDA:98,13,0,516
BRDA:98,13,1,516
BRDA:111,14,0,2
BRDA:111,14,1,80
BRDA:121,15,0,43
BRDA:121,15,1,0
BRDA:123,16,0,43
BRDA:123,16,1,0
BRDA:123,17,0,43
BRDA:123,17,1,43
BRDA:125,18,0,43
BRDA:125,18,1,41
BRDA:128,19,0,25
BRDA:128,19,1,15
BRDA:128,20,0,40
BRDA:128,20,1,40
BRDA:133,21,0,43
BRDA:133,21,1,0
BRDA:137,22,0,43
BRDA:137,22,1,41
BRDA:140,23,0,8
BRDA:140,23,1,32
BRDA:140,24,0,40
BRDA:140,24,1,40
BRDA:144,25,0,2
BRDA:144,25,1,46
BRDA:150,26,0,46
BRDA:150,26,1,2
BRDA:154,27,0,1
BRDA:154,27,1,23
BRDA:155,28,0,21
BRDA:155,28,1,2
BRDA:155,29,0,23
BRDA:155,29,1,23
BRDA:156,30,0,21
BRDA:156,30,1,2
BRDA:156,31,0,23
BRDA:156,31,1,23
BRDA:157,32,0,1
BRDA:157,32,1,22
BRDA:157,33,0,23
BRDA:157,33,1,2
BRDA:158,34,0,21
BRDA:158,34,1,1
BRDA:158,35,0,22
BRDA:158,35,1,21
BRDA:158,36,0,21
BRDA:158,36,1,1
BRDA:158,37,0,22
BRDA:158,37,1,21
BRDA:162,38,0,24
BRDA:162,38,1,1
BRDA:162,39,0,1
BRDA:162,39,1,23
BRDA:162,40,0,24
BRDA:162,40,1,24
BRDA:163,41,0,24
BRDA:163,41,1,2
BRDA:163,41,2,1
BRDA:165,42,0,24
BRDA:165,42,1,2
BRDA:165,42,2,0
BRDA:165,43,0,2
BRDA:165,43,1,22
BRDA:165,44,0,24
BRDA:165,44,1,24
BRDA:165,45,0,1
BRDA:165,45,1,23
BRDA:165,46,0,24
BRDA:165,46,1,24
BRDA:171,47,0,24
BRDA:171,47,1,1
BRDA:177,48,0,24
BRDA:177,48,1,1
BRDA:177,49,0,1
BRDA:177,49,1,23
BRDA:177,50,0,24
BRDA:177,50,1,23
BRDA:178,51,0,24
BRDA:178,51,1,1
BRDA:178,52,0,1
BRDA:178,52,1,23
BRDA:178,53,0,24
BRDA:178,53,1,23
BRDA:179,54,0,23
BRDA:179,54,1,1
BRDA:184,55,0,1
BRDA:184,55,1,23
BRDA:184,56,0,1
BRDA:184,56,1,23
BRDA:184,57,0,24
BRDA:184,57,1,24
BRDA:192,58,0,24
BRDA:192,58,1,1
BRDA:192,59,0,1
BRDA:192,59,1,23
BRDA:192,60,0,24
BRDA:192,60,1,24
BRDA:197,61,0,24
BRDA:197,61,1,1
BRDA:201,62,0,1
BRDA:201,62,1,23
BRDA:201,63,0,24
BRDA:201,63,1,24
BRDA:202,64,0,22
BRDA:202,64,1,2
BRDA:202,65,0,24
BRDA:202,65,1,24
BRDA:202,66,0,2
BRDA:202,66,1,22
BRDA:202,67,0,24
BRDA:202,67,1,24
BRDA:205,68,0,23
BRDA:205,68,1,1
BRDA:207,69,0,0
BRDA:207,69,1,24
BRDA:221,70,0,24
BRDA:221,70,1,1
BRDA:227,71,0,23
BRDA:227,71,1,1
BRDA:253,72,0,24
BRDA:253,72,1,1
BRDA:284,73,0,32
BRDA:284,73,1,8
BRDA:288,74,0,9
BRDA:288,74,1,1
BRDA:288,75,0,1
BRDA:288,75,1,8
BRDA:288,76,0,9
BRDA:288,76,1,9
BRDA:289,77,0,2
BRDA:289,77,1,7
BRDA:291,78,0,7
BRDA:291,78,1,1
BRDA:292,79,0,7
BRDA:292,79,1,1
BRDA:292,80,0,1
BRDA:292,80,1,6
BRDA:292,81,0,7
BRDA:292,81,1,7
BRDA:292,82,0,1
BRDA:292,82,1,6
BRDA:292,83,0,7
BRDA:292,83,1,7
BRDA:295,84,0,7
BRDA:295,84,1,0
BRDA:296,85,0,5
BRDA:296,85,1,2
BRDA:298,86,0,2
BRDA:298,86,1,1
BRDA:303,87,0,2
BRDA:303,87,1,6
BRDA:314,88,0,1
BRDA:314,88,1,1
BRDA:328,89,0,1
BRDA:328,89,1,48
BRDA:334,90,0,1
BRDA:334,90,1,47
BRDA:338,91,0,3
BRDA:338,91,1,44
BRDA:338,92,0,47
BRDA:338,92,1,45
BRDA:342,93,0,1
BRDA:342,93,1,43
BRDA:342,94,0,44
BRDA:342,94,1,44
BRDA:354,95,0,44
BRDA:354,95,1,42
BRDA:368,96,0,3
BRDA:368,96,1,24
BRDA:368,97,0,27
BRDA:368,97,1,26
BRDA:368,97,2,25
BRDA:401,98,0,2
BRDA:401,98,1,1
BRF:200
BRH:192
end_of_record
TN:
SF:src/app/api/scraper/facebook/route.ts
FN:70,buildSearchParams
FN:109,getUserFacebookToken
FN:131,searchFacebookMarketplace
FN:138,(anonymous_4)
FN:161,formatLocation
FN:170,saveListingFromFacebookItem
FN:183,(anonymous_7)
FN:272,GET
FN:287,POST
FN:353,(anonymous_10)
FNF:10
FNH:10
FNDA:16,buildSearchParams
FNDA:3,getUserFacebookToken
FNDA:16,searchFacebookMarketplace
FNDA:52,(anonymous_4)
FNDA:20,formatLocation
FNDA:10,saveListingFromFacebookItem
FNDA:4,(anonymous_7)
FNDA:1,GET
FNDA:20,POST
FNDA:8,(anonymous_10)
DA:1,1
DA:2,1
DA:3,1
DA:4,1
DA:6,1
DA:7,1
DA:8,1
DA:10,1
DA:71,16
DA:77,16
DA:78,16
DA:81,16
DA:82,1
DA:85,16
DA:86,1
DA:90,16
DA:91,2
DA:92,2
DA:93,2
DA:95,2
DA:96,2
DA:98,2
DA:99,2
DA:103,16
DA:110,3
DA:112,3
DA:116,3
DA:119,2
DA:120,1
DA:121,1
DA:125,1
DA:135,16
DA:136,16
DA:138,16
DA:139,52
DA:141,16
DA:143,16
DA:149,16
DA:150,1
DA:151,1
DA:154,15
DA:155,15
DA:162,20
DA:163,6
DA:164,6
DA:171,10
DA:172,10
DA:173,10
DA:175,10
DA:183,10
DA:184,10
DA:185,10
DA:186,10
DA:188,10
DA:189,10
DA:196,10
DA:265,8
DA:272,1
DA:273,1
DA:287,1
DA:288,20
DA:289,20
DA:290,20
DA:291,1
DA:293,19
DA:295,19
DA:296,1
DA:300,18
DA:301,18
DA:302,3
DA:305,18
DA:306,2
DA:315,16
DA:316,16
DA:324,16
DA:335,16
DA:337,16
DA:340,15
DA:341,15
DA:342,12
DA:343,10
DA:344,8
DA:348,13
DA:353,8
DA:359,13
DA:367,3
DA:375,3
DA:378,3
DA:379,3
LF:89
LH:89
BRDA:74,0,0,16
BRDA:74,0,1,0
BRDA:74,1,0,16
BRDA:74,1,1,16
BRDA:77,2,0,16
BRDA:77,2,1,0
BRDA:81,3,0,1
BRDA:81,3,1,15
BRDA:85,4,0,1
BRDA:85,4,1,15
BRDA:90,5,0,2
BRDA:90,5,1,14
BRDA:90,6,0,16
BRDA:90,6,1,14
BRDA:92,7,0,2
BRDA:92,7,1,0
BRDA:95,8,0,2
BRDA:95,8,1,0
BRDA:98,9,0,2
BRDA:98,9,1,0
BRDA:110,10,0,0
BRDA:110,10,1,3
BRDA:116,11,0,1
BRDA:116,11,1,2
BRDA:119,12,0,1
BRDA:119,12,1,1
BRDA:149,13,0,1
BRDA:149,13,1,15
BRDA:155,14,0,14
BRDA:155,14,1,1
BRDA:155,15,0,15
BRDA:155,15,1,15
BRDA:162,16,0,14
BRDA:162,16,1,6
BRDA:164,17,0,4
BRDA:164,17,1,2
BRDA:171,18,0,10
BRDA:171,18,1,1
BRDA:172,19,0,10
BRDA:172,19,1,8
BRDA:173,20,0,10
BRDA:173,20,1,9
BRDA:173,20,2,1
BRDA:173,21,0,9
BRDA:173,21,1,0
BRDA:176,22,0,10
BRDA:176,22,1,0
BRDA:179,23,0,10
BRDA:179,23,1,8
BRDA:183,24,0,10
BRDA:183,24,1,7
BRDA:183,25,0,7
BRDA:183,25,1,3
BRDA:183,26,0,10
BRDA:183,26,1,10
BRDA:184,27,0,3
BRDA:184,27,1,7
BRDA:186,28,0,9
BRDA:186,28,1,1
BRDA:188,29,0,10
BRDA:188,29,1,7
BRDA:188,30,0,7
BRDA:188,30,1,3
BRDA:188,31,0,10
BRDA:188,31,1,10
BRDA:190,32,0,10
BRDA:190,32,1,0
BRDA:193,33,0,10
BRDA:193,33,1,7
BRDA:208,34,0,10
BRDA:208,34,1,6
BRDA:209,35,0,10
BRDA:209,35,1,0
BRDA:212,36,0,10
BRDA:212,36,1,8
BRDA:218,37,0,2
BRDA:218,37,1,8
BRDA:238,38,0,10
BRDA:238,38,1,0
BRDA:241,39,0,10
BRDA:241,39,1,8
BRDA:290,40,0,1
BRDA:290,40,1,19
BRDA:295,41,0,1
BRDA:295,41,1,18
BRDA:295,42,0,19
BRDA:295,42,1,18
BRDA:301,43,0,3
BRDA:301,43,1,15
BRDA:302,44,0,1
BRDA:302,44,1,2
BRDA:302,45,0,3
BRDA:302,45,1,1
BRDA:305,46,0,2
BRDA:305,46,1,16
BRDA:315,47,0,1
BRDA:315,47,1,15
BRDA:315,48,0,16
BRDA:315,48,1,16
BRDA:328,49,0,16
BRDA:328,49,1,15
BRDA:329,50,0,16
BRDA:329,50,1,15
BRDA:342,51,0,2
BRDA:342,51,1,10
BRDA:342,52,0,12
BRDA:342,52,1,11
BRDA:371,53,0,2
BRDA:371,53,1,1
BRDA:382,54,0,2
BRDA:382,54,1,1
BRF:111
BRH:100
end_of_record
TN:
SF:src/app/api/scraper/mercari/route.ts
FN:109,buildMercariHeaders
FN:131,callMercariApi
FN:182,scrapeMercariSearch
FN:254,fetchMercariListings
FN:264,fetchSoldListings
FN:284,normalizeCondition
FN:292,formatLocation
FN:301,collectImageUrls
FN:316,buildSellerNote
FN:331,saveListingFromMercariItem
FN:455,storePriceHistoryRecords
FN:462,(anonymous_12)
FN:494,GET
FN:511,POST
FN:573,(anonymous_15)
FNF:15
FNH:15
FNDA:64,buildMercariHeaders
FNDA:60,callMercariApi
FNDA:30,scrapeMercariSearch
FNDA:30,fetchMercariListings
FNDA:30,fetchSoldListings
FNDA:21,normalizeCondition
FNDA:32,formatLocation
FNDA:16,collectImageUrls
FNDA:16,buildSellerNote
FNDA:16,saveListingFromMercariItem
FNDA:24,storePriceHistoryRecords
FNDA:6,(anonymous_12)
FNDA:2,GET
FNDA:33,POST
FNDA:14,(anonymous_15)
DA:12,1
DA:13,1
DA:14,1
DA:15,1
DA:18,1
DA:19,1
DA:20,1
DA:23,1
DA:24,1
DA:27,1
DA:41,1
DA:51,1
DA:110,64
DA:136,60
DA:138,60
DA:149,60
DA:150,60
DA:152,60
DA:154,13
DA:155,12
DA:156,3
DA:161,9
DA:162,9
DA:165,46
DA:183,30
DA:185,30
DA:186,30
DA:188,30
DA:189,3
DA:191,30
DA:192,2
DA:194,30
DA:195,2
DA:197,30
DA:198,3
DA:202,30
DA:203,30
DA:206,30
DA:208,30
DA:210,30
DA:212,30
DA:228,8
DA:229,8
DA:230,4
DA:234,4
DA:236,4
DA:240,4
DA:241,2
DA:246,2
DA:247,2
DA:255,30
DA:265,30
DA:266,30
DA:274,24
DA:276,6
DA:277,6
DA:285,21
DA:286,4
DA:293,32
DA:302,16
DA:304,16
DA:305,1
DA:306,15
DA:307,2
DA:310,16
DA:317,16
DA:319,4
DA:320,4
DA:322,4
DA:324,3
DA:325,3
DA:332,16
DA:333,16
DA:334,16
DA:337,16
DA:340,16
DA:343,16
DA:345,16
DA:350,16
DA:352,16
DA:358,16
DA:359,16
DA:367,16
DA:368,16
DA:370,16
DA:371,16
DA:374,16
DA:380,16
DA:449,14
DA:459,24
DA:461,4
DA:463,6
DA:464,5
DA:479,4
DA:482,4
DA:487,4
DA:494,1
DA:495,2
DA:511,1
DA:512,33
DA:513,33
DA:514,33
DA:515,1
DA:517,32
DA:519,32
DA:520,2
DA:523,30
DA:524,30
DA:531,30
DA:542,30
DA:544,30
DA:550,24
DA:551,24
DA:552,18
DA:553,16
DA:554,16
DA:555,14
DA:557,2
DA:562,24
DA:568,24
DA:573,14
DA:579,24
DA:588,6
DA:596,6
DA:599,6
DA:601,6
DA:602,6
DA:604,6
LF:128
LH:128
BRDA:133,0,0,0
BRDA:152,1,0,13
BRDA:152,1,1,46
BRDA:155,2,0,3
BRDA:155,2,1,9
BRDA:155,3,0,0
BRDA:155,3,1,12
BRDA:155,4,0,12
BRDA:155,4,1,12
BRDA:185,5,0,30
BRDA:185,5,1,0
BRDA:188,6,0,3
BRDA:188,6,1,27
BRDA:191,7,0,2
BRDA:191,7,1,28
BRDA:194,8,0,2
BRDA:194,8,1,28
BRDA:197,9,0,3
BRDA:197,9,1,27
BRDA:202,10,0,30
BRDA:202,10,1,28
BRDA:214,11,0,30
BRDA:214,11,1,0
BRDA:215,12,0,3
BRDA:215,12,1,27
BRDA:216,13,0,2
BRDA:216,13,1,28
BRDA:221,14,0,30
BRDA:221,14,1,0
BRDA:228,15,0,8
BRDA:228,15,1,0
BRDA:229,16,0,4
BRDA:229,16,1,4
BRDA:229,17,0,8
BRDA:229,17,1,5
BRDA:229,17,2,4
BRDA:240,18,0,2
BRDA:240,18,1,2
BRDA:257,19,0,30
BRDA:257,19,1,0
BRDA:267,20,0,30
BRDA:267,20,1,0
BRDA:268,21,0,3
BRDA:268,21,1,27
BRDA:274,22,0,24
BRDA:274,22,1,1
BRDA:274,22,2,0
BRDA:285,23,0,17
BRDA:285,23,1,4
BRDA:286,24,0,4
BRDA:286,24,1,1
BRDA:286,24,2,0
BRDA:293,25,0,28
BRDA:293,25,1,4
BRDA:304,26,0,1
BRDA:304,26,1,15
BRDA:304,27,0,15
BRDA:304,27,1,1
BRDA:304,28,0,16
BRDA:304,28,1,16
BRDA:306,29,0,2
BRDA:306,29,1,13
BRDA:306,30,0,13
BRDA:306,30,1,2
BRDA:306,31,0,15
BRDA:306,31,1,15
BRDA:317,32,0,12
BRDA:317,32,1,4
BRDA:317,33,0,12
BRDA:317,33,1,4
BRDA:317,34,0,16
BRDA:317,34,1,16
BRDA:319,35,0,0
BRDA:319,36,0,0
BRDA:319,37,0,0
BRDA:322,38,0,1
BRDA:322,38,1,3
BRDA:333,39,0,16
BRDA:333,39,1,14
BRDA:337,40,0,16
BRDA:337,40,1,14
BRDA:337,40,2,0
BRDA:337,41,0,14
BRDA:337,41,1,2
BRDA:337,42,0,16
BRDA:337,42,1,16
BRDA:340,43,0,16
BRDA:340,43,1,13
BRDA:345,44,0,2
BRDA:345,44,1,14
BRDA:345,45,0,12
BRDA:345,45,1,4
BRDA:345,46,0,16
BRDA:345,46,1,16
BRDA:347,47,0,2
BRDA:347,47,1,12
BRDA:347,48,0,12
BRDA:347,48,1,2
BRDA:347,49,0,14
BRDA:347,49,1,14
BRDA:348,50,0,2
BRDA:348,50,1,1
BRDA:348,51,0,0
BRDA:348,51,1,2
BRDA:348,52,0,2
BRDA:348,52,1,2
BRDA:350,53,0,1
BRDA:350,53,1,15
BRDA:350,54,0,15
BRDA:350,54,1,1
BRDA:350,55,0,16
BRDA:350,55,1,16
BRDA:358,56,0,16
BRDA:358,56,1,12
BRDA:358,57,0,12
BRDA:358,57,1,4
BRDA:358,58,0,16
BRDA:358,58,1,16
BRDA:363,59,0,16
BRDA:363,59,1,12
BRDA:368,60,0,3
BRDA:368,60,1,13
BRDA:371,61,0,0
BRDA:371,61,1,16
BRDA:374,62,0,2
BRDA:374,62,1,14
BRDA:376,63,0,4
BRDA:376,63,1,10
BRDA:459,64,0,20
BRDA:459,64,1,4
BRDA:463,65,0,1
BRDA:463,65,1,5
BRDA:465,66,0,5
BRDA:465,66,1,1
BRDA:466,67,0,5
BRDA:466,67,1,4
BRDA:466,68,0,4
BRDA:466,68,1,1
BRDA:466,69,0,5
BRDA:466,69,1,5
BRDA:470,70,0,3
BRDA:470,70,1,2
BRDA:472,71,0,0
BRDA:472,71,1,2
BRDA:479,72,0,0
BRDA:479,72,1,4
BRDA:514,73,0,1
BRDA:514,73,1,32
BRDA:519,74,0,2
BRDA:519,74,1,30
BRDA:519,75,0,32
BRDA:519,75,1,31
BRDA:523,76,0,2
BRDA:523,76,1,28
BRDA:523,77,0,30
BRDA:523,77,1,30
BRDA:536,78,0,30
BRDA:536,78,1,27
BRDA:552,79,0,2
BRDA:552,79,1,16
BRDA:552,80,0,18
BRDA:552,80,1,17
BRDA:592,81,0,6
BRDA:592,81,1,0
BRDA:601,82,0,6
BRDA:601,82,1,0
BRDA:602,83,0,6
BRDA:602,83,1,3
BRDA:608,84,0,3
BRDA:608,84,1,3
BRDA:612,85,0,3
BRDA:612,85,1,3
BRF:172
BRH:152
end_of_record
TN:
SF:src/app/api/scraper/offerup/route.ts
FN:64,parsePrice
FN:76,extractListingId
FN:89,withRetry
FN:109,scrapeOfferUpWithPlaywright
FN:136,(anonymous_5)
FN:139,(anonymous_6)
FN:140,(anonymous_7)
FN:161,(anonymous_8)
FN:179,(anonymous_9)
FN:277,(anonymous_10)
FN:296,POST
FN:549,GET
FNF:12
FNH:0
FNDA:0,parsePrice
FNDA:0,extractListingId
FNDA:0,withRetry
FNDA:0,scrapeOfferUpWithPlaywright
FNDA:0,(anonymous_5)
FNDA:0,(anonymous_6)
FNDA:0,(anonymous_7)
FNDA:0,(anonymous_8)
FNDA:0,(anonymous_9)
FNDA:0,(anonymous_10)
FNDA:0,POST
FNDA:0,GET
DA:1,0
DA:2,0
DA:3,0
DA:4,0
DA:5,0
DA:6,0
DA:9,0
DA:10,0
DA:11,0
DA:27,0
DA:45,0
DA:65,0
DA:67,0
DA:68,0
DA:69,0
DA:70,0
DA:72,0
DA:78,0
DA:79,0
DA:81,0
DA:82,0
DA:86,0
DA:93,0
DA:94,0
DA:95,0
DA:96,0
DA:98,0
DA:99,0
DA:100,0
DA:101,0
DA:105,0
DA:116,0
DA:118,0
DA:119,0
DA:128,0
DA:136,0
DA:137,0
DA:139,0
DA:140,0
DA:142,0
DA:145,0
DA:146,0
DA:148,0
DA:149,0
DA:150,0
DA:151,0
DA:152,0
DA:154,0
DA:155,0
DA:156,0
DA:159,0
DA:161,0
DA:162,0
DA:169,0
DA:172,0
DA:180,0
DA:184,0
DA:185,0
DA:190,0
DA:274,0
DA:277,0
DA:287,0
DA:289,0
DA:290,0
DA:296,0
DA:297,0
DA:299,0
DA:300,0
DA:301,0
DA:302,0
DA:304,0
DA:305,0
DA:307,0
DA:308,0
DA:315,0
DA:316,0
DA:320,0
DA:330,0
DA:342,0
DA:350,0
DA:351,0
DA:361,0
DA:371,0
DA:372,0
DA:380,0
DA:382,0
DA:383,0
DA:385,0
DA:388,0
DA:389,0
DA:398,0
DA:406,0
DA:409,0
DA:410,0
DA:411,0
DA:415,0
DA:416,0
DA:422,0
DA:425,0
DA:465,0
DA:477,0
DA:478,0
DA:479,0
DA:482,0
DA:491,0
DA:496,0
DA:506,0
DA:516,0
DA:519,0
DA:520,0
DA:531,0
DA:532,0
DA:534,0
DA:549,0
DA:550,0
LF:115
LH:0
BRDA:65,0,0,0
BRDA:65,0,1,0
BRDA:67,1,0,0
BRDA:67,1,1,0
BRDA:69,2,0,0
BRDA:69,2,1,0
BRDA:79,3,0,0
BRDA:79,3,1,0
BRDA:82,4,0,0
BRDA:82,4,1,0
BRDA:91,5,0,0
BRDA:98,6,0,0
BRDA:98,6,1,0
BRDA:100,7,0,0
BRDA:100,7,1,0
BRDA:145,8,0,0
BRDA:145,8,1,0
BRDA:149,9,0,0
BRDA:149,9,1,0
BRDA:150,10,0,0
BRDA:150,10,1,0
BRDA:151,11,0,0
BRDA:151,11,1,0
BRDA:152,12,0,0
BRDA:152,12,1,0
BRDA:155,13,0,0
BRDA:155,13,1,0
BRDA:185,14,0,0
BRDA:185,14,1,0
BRDA:186,15,0,0
BRDA:186,15,1,0
BRDA:186,15,2,0
BRDA:281,16,0,0
BRDA:281,16,1,0
BRDA:283,17,0,0
BRDA:283,17,1,0
BRDA:284,18,0,0
BRDA:284,18,1,0
BRDA:289,19,0,0
BRDA:289,19,1,0
BRDA:301,20,0,0
BRDA:301,20,1,0
BRDA:307,21,0,0
BRDA:307,21,1,0
BRDA:316,22,0,0
BRDA:316,22,1,0
BRDA:317,23,0,0
BRDA:317,23,1,0
BRDA:335,24,0,0
BRDA:335,24,1,0
BRDA:344,25,0,0
BRDA:344,25,1,0
BRDA:350,26,0,0
BRDA:350,26,1,0
BRDA:385,27,0,0
BRDA:385,27,1,0
BRDA:388,28,0,0
BRDA:388,28,1,0
BRDA:391,29,0,0
BRDA:391,29,1,0
BRDA:393,30,0,0
BRDA:393,30,1,0
BRDA:402,31,0,0
BRDA:402,31,1,0
BRDA:406,32,0,0
BRDA:406,32,1,0
BRDA:410,33,0,0
BRDA:410,33,1,0
BRDA:410,34,0,0
BRDA:410,34,1,0
BRDA:431,35,0,0
BRDA:431,35,1,0
BRDA:433,36,0,0
BRDA:433,36,1,0
BRDA:435,37,0,0
BRDA:435,37,1,0
BRDA:436,38,0,0
BRDA:436,38,1,0
BRDA:438,39,0,0
BRDA:438,39,1,0
BRDA:478,40,0,0
BRDA:478,40,1,0
BRDA:487,41,0,0
BRDA:487,41,1,0
BRDA:487,42,0,0
BRDA:487,42,1,0
BRDA:487,43,0,0
BRDA:487,43,1,0
BRDA:519,44,0,0
BRDA:519,44,1,0
BRDA:524,45,0,0
BRDA:524,45,1,0
BRDA:531,46,0,0
BRDA:531,46,1,0
BRDA:532,47,0,0
BRDA:532,47,1,0
BRDA:537,48,0,0
BRDA:537,48,1,0
BRDA:541,49,0,0
BRDA:541,49,1,0
BRDA:541,50,0,0
BRDA:541,50,1,0
BRDA:543,51,0,0
BRDA:543,51,1,0
BRF:104
BRH:0
end_of_record
