<?xml version="1.0" encoding="UTF-8"?>
<coverage generated="1771328424592" clover="3.2.0">
  <project timestamp="1771328424592" name="All files">
    <metrics statements="75" coveredstatements="75" conditionals="34" coveredconditionals="32" methods="5" coveredmethods="5" elements="114" coveredelements="112" complexity="0" loc="75" ncloc="75" packages="2" files="2" classes="2"/>
    <package name="scraper-jobs">
      <metrics statements="33" coveredstatements="33" conditionals="14" coveredconditionals="14" methods="2" coveredmethods="2"/>
      <file name="route.ts" path="/home/ubuntu/.openclaw/workspace/projects/flipper-ai/src/app/api/scraper-jobs/route.ts">
        <metrics statements="33" coveredstatements="33" conditionals="14" coveredconditionals="14" methods="2" coveredmethods="2"/>
        <line num="1" count="1" type="stmt"/>
        <line num="2" count="1" type="stmt"/>
        <line num="3" count="1" type="stmt"/>
        <line num="4" count="1" type="stmt"/>
        <line num="12" count="1" type="stmt"/>
        <line num="13" count="7" type="stmt"/>
        <line num="14" count="7" type="stmt"/>
        <line num="15" count="7" type="stmt"/>
        <line num="17" count="7" type="stmt"/>
        <line num="18" count="7" type="cond" truecount="2" falsecount="0"/>
        <line num="19" count="1" type="stmt"/>
        <line num="24" count="6" type="stmt"/>
        <line num="26" count="6" type="stmt"/>
        <line num="29" count="6" type="cond" truecount="2" falsecount="0"/>
        <line num="30" count="1" type="stmt"/>
        <line num="33" count="6" type="cond" truecount="2" falsecount="0"/>
        <line num="34" count="6" type="cond" truecount="2" falsecount="0"/>
        <line num="36" count="6" type="stmt"/>
        <line num="42" count="5" type="stmt"/>
        <line num="47" count="1" type="stmt"/>
        <line num="48" count="1" type="stmt"/>
        <line num="53" count="1" type="stmt"/>
        <line num="54" count="9" type="stmt"/>
        <line num="55" count="9" type="stmt"/>
        <line num="56" count="9" type="stmt"/>
        <line num="57" count="9" type="stmt"/>
        <line num="58" count="9" type="cond" truecount="2" falsecount="0"/>
        <line num="59" count="2" type="stmt"/>
        <line num="64" count="7" type="stmt"/>
        <line num="66" count="7" type="stmt"/>
        <line num="76" count="6" type="stmt"/>
        <line num="78" count="1" type="stmt"/>
        <line num="79" count="1" type="stmt"/>
      </file>
    </package>
    <package name="scraper-jobs.[id]">
      <metrics statements="42" coveredstatements="42" conditionals="20" coveredconditionals="18" methods="3" coveredmethods="3"/>
      <file name="route.ts" path="/home/ubuntu/.openclaw/workspace/projects/flipper-ai/src/app/api/scraper-jobs/[id]/route.ts">
        <metrics statements="42" coveredstatements="42" conditionals="20" coveredconditionals="18" methods="3" coveredmethods="3"/>
        <line num="1" count="1" type="stmt"/>
        <line num="2" count="1" type="stmt"/>
        <line num="5" count="1" type="stmt"/>
        <line num="6" count="3" type="stmt"/>
        <line num="7" count="3" type="stmt"/>
        <line num="8" count="3" type="stmt"/>
        <line num="12" count="2" type="cond" truecount="2" falsecount="0"/>
        <line num="13" count="1" type="stmt"/>
        <line num="16" count="1" type="stmt"/>
        <line num="18" count="1" type="stmt"/>
        <line num="19" count="1" type="stmt"/>
        <line num="24" count="1" type="stmt"/>
        <line num="25" count="6" type="stmt"/>
        <line num="26" count="6" type="stmt"/>
        <line num="27" count="6" type="stmt"/>
        <line num="30" count="6" type="stmt"/>
        <line num="33" count="6" type="cond" truecount="2" falsecount="0"/>
        <line num="34" count="3" type="stmt"/>
        <line num="35" count="3" type="cond" truecount="2" falsecount="0"/>
        <line num="36" count="1" type="stmt"/>
        <line num="41" count="2" type="stmt"/>
        <line num="44" count="5" type="cond" truecount="2" falsecount="0"/>
        <line num="45" count="1" type="stmt"/>
        <line num="47" count="5" type="cond" truecount="2" falsecount="0"/>
        <line num="48" count="1" type="stmt"/>
        <line num="50" count="5" type="cond" truecount="2" falsecount="0"/>
        <line num="51" count="1" type="stmt"/>
        <line num="53" count="5" type="cond" truecount="2" falsecount="0"/>
        <line num="54" count="1" type="cond" truecount="1" falsecount="1"/>
        <line num="56" count="5" type="cond" truecount="2" falsecount="0"/>
        <line num="57" count="1" type="cond" truecount="1" falsecount="1"/>
        <line num="60" count="5" type="stmt"/>
        <line num="65" count="4" type="stmt"/>
        <line num="67" count="1" type="stmt"/>
        <line num="68" count="1" type="stmt"/>
        <line num="73" count="1" type="stmt"/>
        <line num="77" count="2" type="stmt"/>
        <line num="78" count="2" type="stmt"/>
        <line num="79" count="2" type="stmt"/>
        <line num="83" count="1" type="stmt"/>
        <line num="85" count="1" type="stmt"/>
        <line num="86" count="1" type="stmt"/>
      </file>
    </package>
  </project>
</coverage>
