{"total": {"lines":{"total":75,"covered":75,"skipped":0,"pct":100},"statements":{"total":77,"covered":77,"skipped":0,"pct":100},"functions":{"total":5,"covered":5,"skipped":0,"pct":100},"branches":{"total":34,"covered":32,"skipped":0,"pct":94.11},"branchesTrue":{"total":0,"covered":0,"skipped":0,"pct":100}}
,"/home/ubuntu/.openclaw/workspace/projects/flipper-ai/src/app/api/scraper-jobs/route.ts": {"lines":{"total":33,"covered":33,"skipped":0,"pct":100},"functions":{"total":2,"covered":2,"skipped":0,"pct":100},"statements":{"total":35,"covered":35,"skipped":0,"pct":100},"branches":{"total":14,"covered":14,"skipped":0,"pct":100}}
,"/home/ubuntu/.openclaw/workspace/projects/flipper-ai/src/app/api/scraper-jobs/[id]/route.ts": {"lines":{"total":42,"covered":42,"skipped":0,"pct":100},"functions":{"total":3,"covered":3,"skipped":0,"pct":100},"statements":{"total":42,"covered":42,"skipped":0,"pct":100},"branches":{"total":20,"covered":18,"skipped":0,"pct":90}}
}
