TN:
SF:src/app/api/scraper-jobs/route.ts
FN:12,GET
FN:53,POST
FNF:2
FNH:2
FNDA:7,GET
FNDA:9,POST
DA:1,1
DA:2,1
DA:3,1
DA:4,1
DA:12,1
DA:13,7
DA:14,7
DA:15,7
DA:17,7
DA:18,7
DA:19,1
DA:24,6
DA:26,6
DA:29,6
DA:30,1
DA:33,6
DA:34,6
DA:36,6
DA:42,5
DA:47,1
DA:48,1
DA:53,1
DA:54,9
DA:55,9
DA:56,9
DA:57,9
DA:58,9
DA:59,2
DA:64,7
DA:66,7
DA:76,6
DA:78,1
DA:79,1
LF:33
LH:33
BRDA:18,0,0,1
BRDA:18,0,1,6
BRDA:29,1,0,1
BRDA:29,1,1,5
BRDA:33,2,0,1
BRDA:33,2,1,5
BRDA:34,3,0,1
BRDA:34,3,1,5
BRDA:58,4,0,2
BRDA:58,4,1,7
BRDA:70,5,0,7
BRDA:70,5,1,2
BRDA:71,6,0,7
BRDA:71,6,1,6
BRF:14
BRH:14
end_of_record
TN:
SF:src/app/api/scraper-jobs/[id]/route.ts
FN:5,GET
FN:24,PATCH
FN:73,DELETE
FNF:3
FNH:3
FNDA:3,GET
FNDA:6,PATCH
FNDA:2,DELETE
DA:1,1
DA:2,1
DA:5,1
DA:6,3
DA:7,3
DA:8,3
DA:12,2
DA:13,1
DA:16,1
DA:18,1
DA:19,1
DA:24,1
DA:25,6
DA:26,6
DA:27,6
DA:30,6
DA:33,6
DA:34,3
DA:35,3
DA:36,1
DA:41,2
DA:44,5
DA:45,1
DA:47,5
DA:48,1
DA:50,5
DA:51,1
DA:53,5
DA:54,1
DA:56,5
DA:57,1
DA:60,5
DA:65,4
DA:67,1
DA:68,1
DA:73,1
DA:77,2
DA:78,2
DA:79,2
DA:83,1
DA:85,1
DA:86,1
LF:42
LH:42
BRDA:12,0,0,1
BRDA:12,0,1,1
BRDA:33,1,0,3
BRDA:33,1,1,3
BRDA:35,2,0,1
BRDA:35,2,1,2
BRDA:44,3,0,1
BRDA:44,3,1,4
BRDA:47,4,0,1
BRDA:47,4,1,4
BRDA:50,5,0,1
BRDA:50,5,1,4
BRDA:53,6,0,1
BRDA:53,6,1,4
BRDA:54,7,0,1
BRDA:54,7,1,0
BRDA:56,8,0,1
BRDA:56,8,1,4
BRDA:57,9,0,1
BRDA:57,9,1,0
BRF:20
BRH:18
end_of_record
