<?xml version="1.0" encoding="UTF-8"?>
<coverage generated="1771328746623" clover="3.2.0">
  <project timestamp="1771328746623" name="All files">
    <metrics statements="40" coveredstatements="40" conditionals="46" coveredconditionals="45" methods="7" coveredmethods="7" elements="93" coveredelements="92" complexity="0" loc="40" ncloc="40" packages="1" files="1" classes="1"/>
    <file name="auth.ts" path="/home/ubuntu/.openclaw/workspace/projects/flipper-ai/src/lib/auth.ts">
      <metrics statements="40" coveredstatements="40" conditionals="46" coveredconditionals="45" methods="7" coveredmethods="7"/>
      <line num="6" count="1" type="stmt"/>
      <line num="7" count="1" type="stmt"/>
      <line num="8" count="1" type="stmt"/>
      <line num="9" count="1" type="stmt"/>
      <line num="10" count="1" type="stmt"/>
      <line num="11" count="1" type="stmt"/>
      <line num="12" count="1" type="stmt"/>
      <line num="14" count="1" type="stmt"/>
      <line num="42" count="7" type="cond" truecount="11" falsecount="1"/>
      <line num="43" count="3" type="stmt"/>
      <line num="46" count="4" type="stmt"/>
      <line num="47" count="4" type="stmt"/>
      <line num="49" count="4" type="stmt"/>
      <line num="53" count="4" type="cond" truecount="4" falsecount="0"/>
      <line num="54" count="2" type="stmt"/>
      <line num="57" count="2" type="stmt"/>
      <line num="59" count="2" type="cond" truecount="2" falsecount="0"/>
      <line num="60" count="1" type="stmt"/>
      <line num="63" count="1" type="stmt"/>
      <line num="74" count="2" type="cond" truecount="2" falsecount="0"/>
      <line num="75" count="1" type="stmt"/>
      <line num="77" count="2" type="stmt"/>
      <line num="80" count="3" type="cond" truecount="4" falsecount="0"/>
      <line num="81" count="1" type="stmt"/>
      <line num="83" count="3" type="stmt"/>
      <line num="89" count="2" type="cond" truecount="2" falsecount="0"/>
      <line num="90" count="1" type="stmt"/>
      <line num="107" count="1" type="stmt"/>
      <line num="108" count="11" type="stmt"/>
      <line num="109" count="11" type="cond" truecount="10" falsecount="0"/>
      <line num="110" count="8" type="stmt"/>
      <line num="112" count="3" type="stmt"/>
      <line num="119" count="1" type="stmt"/>
      <line num="120" count="3" type="stmt"/>
      <line num="121" count="3" type="cond" truecount="8" falsecount="0"/>
      <line num="128" count="1" type="stmt"/>
      <line num="129" count="4" type="stmt"/>
      <line num="130" count="4" type="cond" truecount="2" falsecount="0"/>
      <line num="131" count="3" type="stmt"/>
      <line num="133" count="1" type="stmt"/>
    </file>
  </project>
</coverage>
