TN:
SF:src/lib/auth.ts
FN:41,(anonymous_1)
FN:73,(anonymous_2)
FN:79,(anonymous_3)
FN:87,(anonymous_4)
FN:107,getCurrentUser
FN:119,getCurrentUserId
FN:128,requireAuth
FNF:7
FNH:7
FNDA:7,(anonymous_1)
FNDA:2,(anonymous_2)
FNDA:3,(anonymous_3)
FNDA:2,(anonymous_4)
FNDA:11,getCurrentUser
FNDA:3,getCurrentUserId
FNDA:4,requireAuth
DA:6,1
DA:7,1
DA:8,1
DA:9,1
DA:10,1
DA:11,1
DA:12,1
DA:14,1
DA:42,7
DA:43,3
DA:46,4
DA:47,4
DA:49,4
DA:53,4
DA:54,2
DA:57,2
DA:59,2
DA:60,1
DA:63,1
DA:74,2
DA:75,1
DA:77,2
DA:80,3
DA:81,1
DA:83,3
DA:89,2
DA:90,1
DA:107,1
DA:108,11
DA:109,11
DA:110,8
DA:112,3
DA:119,1
DA:120,3
DA:121,3
DA:128,1
DA:129,4
DA:130,4
DA:131,3
DA:133,1
LF:40
LH:40
BRDA:42,0,0,3
BRDA:42,0,1,4
BRDA:42,1,0,7
BRDA:42,1,1,5
BRDA:42,2,0,1
BRDA:42,2,1,6
BRDA:42,3,0,7
BRDA:42,3,1,7
BRDA:42,4,0,0
BRDA:42,4,1,5
BRDA:42,5,0,5
BRDA:42,5,1,5
BRDA:53,6,0,2
BRDA:53,6,1,2
BRDA:53,7,0,4
BRDA:53,7,1,3
BRDA:59,8,0,1
BRDA:59,8,1,1
BRDA:74,9,0,1
BRDA:74,9,1,1
BRDA:80,10,0,1
BRDA:80,10,1,2
BRDA:80,11,0,3
BRDA:80,11,1,2
BRDA:89,12,0,1
BRDA:89,12,1,1
BRDA:109,13,0,8
BRDA:109,13,1,3
BRDA:109,14,0,5
BRDA:109,14,1,6
BRDA:109,15,0,11
BRDA:109,15,1,11
BRDA:109,16,0,3
BRDA:109,16,1,8
BRDA:109,17,0,11
BRDA:109,17,1,8
BRDA:121,18,0,1
BRDA:121,18,1,2
BRDA:121,19,0,3
BRDA:121,19,1,3
BRDA:121,20,0,2
BRDA:121,20,1,1
BRDA:121,21,0,3
BRDA:121,21,1,1
BRDA:130,22,0,3
BRDA:130,22,1,1
BRF:46
BRH:45
end_of_record
