<?xml version="1.0" encoding="UTF-8"?>
<coverage generated="1770956059400" clover="3.2.0">
  <project timestamp="1770956059400" name="All files">
    <metrics statements="47" coveredstatements="46" conditionals="10" coveredconditionals="10" methods="6" coveredmethods="6" elements="63" coveredelements="62" complexity="0" loc="47" ncloc="47" packages="1" files="1" classes="1"/>
    <file name="crypto.ts" path="/home/ubuntu/.openclaw/workspace/projects/flipper-ai/src/lib/crypto.ts">
      <metrics statements="47" coveredstatements="46" conditionals="10" coveredconditionals="10" methods="6" coveredmethods="6"/>
      <line num="6" count="1" type="stmt"/>
      <line num="8" count="1" type="stmt"/>
      <line num="9" count="1" type="stmt"/>
      <line num="10" count="1" type="stmt"/>
      <line num="11" count="1" type="stmt"/>
      <line num="12" count="1" type="stmt"/>
      <line num="19" count="36" type="stmt"/>
      <line num="20" count="36" type="cond" truecount="2" falsecount="0"/>
      <line num="21" count="32" type="cond" truecount="2" falsecount="0"/>
      <line num="22" count="1" type="stmt"/>
      <line num="25" count="31" type="stmt"/>
      <line num="27" count="4" type="stmt"/>
      <line num="34" count="35" type="stmt"/>
      <line num="41" count="1" type="stmt"/>
      <line num="42" count="20" type="stmt"/>
      <line num="43" count="19" type="stmt"/>
      <line num="44" count="19" type="stmt"/>
      <line num="45" count="19" type="stmt"/>
      <line num="47" count="19" type="stmt"/>
      <line num="48" count="19" type="stmt"/>
      <line num="52" count="19" type="stmt"/>
      <line num="55" count="19" type="stmt"/>
      <line num="56" count="19" type="stmt"/>
      <line num="63" count="1" type="stmt"/>
      <line num="64" count="16" type="stmt"/>
      <line num="65" count="16" type="stmt"/>
      <line num="68" count="16" type="stmt"/>
      <line num="69" count="16" type="stmt"/>
      <line num="70" count="16" type="stmt"/>
      <line num="74" count="16" type="stmt"/>
      <line num="76" count="16" type="stmt"/>
      <line num="77" count="16" type="stmt"/>
      <line num="78" count="15" type="stmt"/>
      <line num="80" count="14" type="stmt"/>
      <line num="85" count="12" type="stmt"/>
      <line num="92" count="1" type="stmt"/>
      <line num="93" count="9" type="cond" truecount="4" falsecount="0"/>
      <line num="94" count="4" type="stmt"/>
      <line num="96" count="5" type="stmt"/>
      <line num="97" count="5" type="stmt"/>
      <line num="98" count="5" type="stmt"/>
      <line num="104" count="1" type="stmt"/>
      <line num="105" count="8" type="cond" truecount="2" falsecount="0"/>
      <line num="106" count="5" type="stmt"/>
      <line num="107" count="5" type="stmt"/>
      <line num="109" count="5" type="stmt"/>
      <line num="111" count="0" type="stmt"/>
    </file>
  </project>
</coverage>
