{"/home/ubuntu/.openclaw/workspace/projects/flipper-ai/src/lib/claude-analyzer.ts": {"path":"/home/ubuntu/.openclaw/workspace/projects/flipper-ai/src/lib/claude-analyzer.ts","statementMap":{"0":{"start":{"line":239,"column":0},"end":{"line":239,"column":7}},"1":{"start":{"line":288,"column":0},"end":{"line":288,"column":7}},"2":{"start":{"line":303,"column":0},"end":{"line":303,"column":7}},"3":{"start":{"line":10,"column":0},"end":{"line":10,"column":42}},"4":{"start":{"line":11,"column":0},"end":{"line":11,"column":30}},"5":{"start":{"line":13,"column":23},"end":{"line":13,"column":82}},"6":{"start":{"line":14,"column":21},"end":{"line":14,"column":77}},"7":{"start":{"line":15,"column":29},"end":{"line":15,"column":31}},"8":{"start":{"line":46,"column":2},"end":{"line":64,"column":3}},"9":{"start":{"line":47,"column":19},"end":{"line":57,"column":6}},"10":{"start":{"line":59,"column":4},"end":{"line":61,"column":5}},"11":{"start":{"line":60,"column":6},"end":{"line":60,"column":47}},"12":{"start":{"line":63,"column":4},"end":{"line":63,"column":60}},"13":{"start":{"line":66,"column":2},"end":{"line":66,"column":14}},"14":{"start":{"line":76,"column":20},"end":{"line":76,"column":30}},"15":{"start":{"line":77,"column":2},"end":{"line":77,"column":66}},"16":{"start":{"line":79,"column":2},"end":{"line":89,"column":3}},"17":{"start":{"line":80,"column":4},"end":{"line":86,"column":7}},"18":{"start":{"line":88,"column":4},"end":{"line":88,"column":52}},"19":{"start":{"line":101,"column":2},"end":{"line":135,"column":51}},"20":{"start":{"line":142,"column":2},"end":{"line":178,"column":3}},"21":{"start":{"line":144,"column":22},"end":{"line":144,"column":47}},"22":{"start":{"line":145,"column":4},"end":{"line":147,"column":5}},"23":{"start":{"line":146,"column":6},"end":{"line":146,"column":51}},"24":{"start":{"line":149,"column":19},"end":{"line":149,"column":43}},"25":{"start":{"line":152,"column":4},"end":{"line":174,"column":6}},"26":{"start":{"line":176,"column":4},"end":{"line":176,"column":59}},"27":{"start":{"line":177,"column":4},"end":{"line":177,"column":65}},"28":{"start":{"line":185,"column":2},"end":{"line":187,"column":3}},"29":{"start":{"line":186,"column":4},"end":{"line":186,"column":74}},"30":{"start":{"line":189,"column":17},"end":{"line":191,"column":4}},"31":{"start":{"line":193,"column":2},"end":{"line":232,"column":3}},"32":{"start":{"line":194,"column":20},"end":{"line":203,"column":6}},"33":{"start":{"line":205,"column":24},"end":{"line":205,"column":78}},"34":{"start":{"line":205,"column":56},"end":{"line":205,"column":77}},"35":{"start":{"line":206,"column":4},"end":{"line":208,"column":5}},"36":{"start":{"line":207,"column":6},"end":{"line":207,"column":54}},"37":{"start":{"line":210,"column":4},"end":{"line":210,"column":28}},"38":{"start":{"line":213,"column":4},"end":{"line":221,"column":5}},"39":{"start":{"line":214,"column":23},"end":{"line":214,"column":69}},"40":{"start":{"line":215,"column":6},"end":{"line":217,"column":7}},"41":{"start":{"line":216,"column":8},"end":{"line":216,"column":83}},"42":{"start":{"line":218,"column":6},"end":{"line":220,"column":7}},"43":{"start":{"line":219,"column":8},"end":{"line":219,"column":65}},"44":{"start":{"line":224,"column":4},"end":{"line":229,"column":5}},"45":{"start":{"line":225,"column":6},"end":{"line":227,"column":7}},"46":{"start":{"line":226,"column":8},"end":{"line":226,"column":83}},"47":{"start":{"line":228,"column":6},"end":{"line":228,"column":18}},"48":{"start":{"line":231,"column":4},"end":{"line":231,"column":56}},"49":{"start":{"line":243,"column":17},"end":{"line":243,"column":51}},"50":{"start":{"line":244,"column":2},"end":{"line":246,"column":3}},"51":{"start":{"line":245,"column":4},"end":{"line":245,"column":18}},"52":{"start":{"line":249,"column":18},"end":{"line":251,"column":4}},"53":{"start":{"line":253,"column":2},"end":{"line":255,"column":3}},"54":{"start":{"line":254,"column":4},"end":{"line":254,"column":55}},"55":{"start":{"line":258,"column":28},"end":{"line":258,"column":30}},"56":{"start":{"line":259,"column":2},"end":{"line":265,"column":3}},"57":{"start":{"line":260,"column":4},"end":{"line":264,"column":5}},"58":{"start":{"line":261,"column":6},"end":{"line":261,"column":48}},"59":{"start":{"line":268,"column":17},"end":{"line":272,"column":null}},"60":{"start":{"line":275,"column":23},"end":{"line":275,"column":50}},"61":{"start":{"line":276,"column":17},"end":{"line":276,"column":50}},"62":{"start":{"line":279,"column":2},"end":{"line":279,"column":41}},"63":{"start":{"line":281,"column":2},"end":{"line":281,"column":16}},"64":{"start":{"line":294,"column":17},"end":{"line":294,"column":80}},"65":{"start":{"line":295,"column":23},"end":{"line":295,"column":50}},"66":{"start":{"line":296,"column":2},"end":{"line":296,"column":43}},"67":{"start":{"line":312,"column":19},"end":{"line":312,"column":20}},"68":{"start":{"line":313,"column":15},"end":{"line":313,"column":16}},"69":{"start":{"line":314,"column":15},"end":{"line":314,"column":16}},"70":{"start":{"line":315,"column":62},"end":{"line":315,"column":64}},"71":{"start":{"line":317,"column":2},"end":{"line":347,"column":3}},"72":{"start":{"line":317,"column":15},"end":{"line":317,"column":16}},"73":{"start":{"line":318,"column":22},"end":{"line":318,"column":35}},"74":{"start":{"line":320,"column":4},"end":{"line":342,"column":5}},"75":{"start":{"line":322,"column":27},"end":{"line":322,"column":61}},"76":{"start":{"line":323,"column":6},"end":{"line":335,"column":7}},"77":{"start":{"line":324,"column":8},"end":{"line":324,"column":17}},"78":{"start":{"line":325,"column":8},"end":{"line":325,"column":21}},"79":{"start":{"line":328,"column":8},"end":{"line":328,"column":40}},"80":{"start":{"line":329,"column":8},"end":{"line":329,"column":21}},"81":{"start":{"line":332,"column":8},"end":{"line":334,"column":9}},"82":{"start":{"line":333,"column":10},"end":{"line":333,"column":68}},"83":{"start":{"line":333,"column":41},"end":{"line":333,"column":66}},"84":{"start":{"line":337,"column":6},"end":{"line":337,"column":15}},"85":{"start":{"line":338,"column":6},"end":{"line":341,"column":9}},"86":{"start":{"line":344,"column":4},"end":{"line":346,"column":5}},"87":{"start":{"line":345,"column":6},"end":{"line":345,"column":43}},"88":{"start":{"line":349,"column":2},"end":{"line":349,"column":48}}},"fnMap":{"0":{"name":"getCachedAnalysis","decl":{"start":{"line":43,"column":15},"end":{"line":43,"column":32}},"loc":{"start":{"line":44,"column":19},"end":{"line":67,"column":1}}},"1":{"name":"cacheAnalysis","decl":{"start":{"line":72,"column":15},"end":{"line":72,"column":28}},"loc":{"start":{"line":74,"column":30},"end":{"line":90,"column":1}}},"2":{"name":"buildAnalysisPrompt","decl":{"start":{"line":95,"column":9},"end":{"line":95,"column":28}},"loc":{"start":{"line":99,"column":22},"end":{"line":136,"column":1}}},"3":{"name":"parseClaudeResponse","decl":{"start":{"line":141,"column":9},"end":{"line":141,"column":28}},"loc":{"start":{"line":141,"column":41},"end":{"line":179,"column":1}}},"4":{"name":"callClaudeAPI","decl":{"start":{"line":184,"column":15},"end":{"line":184,"column":28}},"loc":{"start":{"line":184,"column":43},"end":{"line":233,"column":1}}},"5":{"name":"(anonymous_6)","decl":{"start":{"line":205,"column":45},"end":{"line":205,"column":46}},"loc":{"start":{"line":205,"column":56},"end":{"line":205,"column":77}}},"6":{"name":"analyzeListing","decl":{"start":{"line":239,"column":22},"end":{"line":239,"column":36}},"loc":{"start":{"line":240,"column":19},"end":{"line":282,"column":1}}},"7":{"name":"analyzeListingData","decl":{"start":{"line":288,"column":22},"end":{"line":288,"column":40}},"loc":{"start":{"line":292,"column":22},"end":{"line":297,"column":1}}},"8":{"name":"batchAnalyzeListings","decl":{"start":{"line":303,"column":22},"end":{"line":303,"column":42}},"loc":{"start":{"line":305,"column":57},"end":{"line":350,"column":1}}},"9":{"name":"(anonymous_10)","decl":{"start":{"line":333,"column":28},"end":{"line":333,"column":29}},"loc":{"start":{"line":333,"column":41},"end":{"line":333,"column":66}}}},"branchMap":{"0":{"loc":{"start":{"line":13,"column":23},"end":{"line":13,"column":82}},"type":"binary-expr","locations":[{"start":{"line":13,"column":23},"end":{"line":13,"column":52}},{"start":{"line":13,"column":56},"end":{"line":13,"column":82}}]},"1":{"loc":{"start":{"line":14,"column":21},"end":{"line":14,"column":77}},"type":"binary-expr","locations":[{"start":{"line":14,"column":21},"end":{"line":14,"column":45}},{"start":{"line":14,"column":49},"end":{"line":14,"column":77}}]},"2":{"loc":{"start":{"line":59,"column":4},"end":{"line":61,"column":5}},"type":"if","locations":[{"start":{"line":59,"column":4},"end":{"line":61,"column":5}},{"start":{},"end":{}}]},"3":{"loc":{"start":{"line":105,"column":19},"end":{"line":105,"column":59}},"type":"binary-expr","locations":[{"start":{"line":105,"column":19},"end":{"line":105,"column":30}},{"start":{"line":105,"column":34},"end":{"line":105,"column":59}}]},"4":{"loc":{"start":{"line":109,"column":2},"end":{"line":109,"column":109}},"type":"cond-expr","locations":[{"start":{"line":109,"column":38},"end":{"line":109,"column":88}},{"start":{"line":109,"column":91},"end":{"line":109,"column":109}}]},"5":{"loc":{"start":{"line":109,"column":2},"end":{"line":109,"column":35}},"type":"binary-expr","locations":[{"start":{"line":109,"column":2},"end":{"line":109,"column":11}},{"start":{"line":109,"column":15},"end":{"line":109,"column":35}}]},"6":{"loc":{"start":{"line":145,"column":4},"end":{"line":147,"column":5}},"type":"if","locations":[{"start":{"line":145,"column":4},"end":{"line":147,"column":5}},{"start":{},"end":{}}]},"7":{"loc":{"start":{"line":153,"column":16},"end":{"line":153,"column":42}},"type":"binary-expr","locations":[{"start":{"line":153,"column":16},"end":{"line":153,"column":31}},{"start":{"line":153,"column":35},"end":{"line":153,"column":42}}]},"8":{"loc":{"start":{"line":154,"column":19},"end":{"line":154,"column":50}},"type":"binary-expr","locations":[{"start":{"line":154,"column":19},"end":{"line":154,"column":37}},{"start":{"line":154,"column":41},"end":{"line":154,"column":50}}]},"9":{"loc":{"start":{"line":155,"column":13},"end":{"line":155,"column":38}},"type":"binary-expr","locations":[{"start":{"line":155,"column":13},"end":{"line":155,"column":25}},{"start":{"line":155,"column":29},"end":{"line":155,"column":38}}]},"10":{"loc":{"start":{"line":156,"column":17},"end":{"line":156,"column":43}},"type":"binary-expr","locations":[{"start":{"line":156,"column":17},"end":{"line":156,"column":33}},{"start":{"line":156,"column":37},"end":{"line":156,"column":43}}]},"11":{"loc":{"start":{"line":157,"column":20},"end":{"line":157,"column":52}},"type":"binary-expr","locations":[{"start":{"line":157,"column":20},"end":{"line":157,"column":39}},{"start":{"line":157,"column":43},"end":{"line":157,"column":52}}]},"12":{"loc":{"start":{"line":158,"column":19},"end":{"line":160,"column":12}},"type":"cond-expr","locations":[{"start":{"line":159,"column":10},"end":{"line":159,"column":28}},{"start":{"line":160,"column":10},"end":{"line":160,"column":12}}]},"13":{"loc":{"start":{"line":161,"column":23},"end":{"line":163,"column":12}},"type":"cond-expr","locations":[{"start":{"line":162,"column":10},"end":{"line":162,"column":32}},{"start":{"line":163,"column":10},"end":{"line":163,"column":12}}]},"14":{"loc":{"start":{"line":166,"column":22},"end":{"line":166,"column":52}},"type":"binary-expr","locations":[{"start":{"line":166,"column":22},"end":{"line":166,"column":46}},{"start":{"line":166,"column":50},"end":{"line":166,"column":52}}]},"15":{"loc":{"start":{"line":168,"column":18},"end":{"line":170,"column":18}},"type":"cond-expr","locations":[{"start":{"line":169,"column":10},"end":{"line":169,"column":27}},{"start":{"line":170,"column":10},"end":{"line":170,"column":18}}]},"16":{"loc":{"start":{"line":171,"column":17},"end":{"line":171,"column":60}},"type":"binary-expr","locations":[{"start":{"line":171,"column":17},"end":{"line":171,"column":33}},{"start":{"line":171,"column":37},"end":{"line":171,"column":60}}]},"17":{"loc":{"start":{"line":172,"column":20},"end":{"line":172,"column":52}},"type":"binary-expr","locations":[{"start":{"line":172,"column":20},"end":{"line":172,"column":39}},{"start":{"line":172,"column":43},"end":{"line":172,"column":52}}]},"18":{"loc":{"start":{"line":173,"column":19},"end":{"line":173,"column":50}},"type":"binary-expr","locations":[{"start":{"line":173,"column":19},"end":{"line":173,"column":37}},{"start":{"line":173,"column":41},"end":{"line":173,"column":50}}]},"19":{"loc":{"start":{"line":185,"column":2},"end":{"line":187,"column":3}},"type":"if","locations":[{"start":{"line":185,"column":2},"end":{"line":187,"column":3}},{"start":{},"end":{}}]},"20":{"loc":{"start":{"line":206,"column":4},"end":{"line":208,"column":5}},"type":"if","locations":[{"start":{"line":206,"column":4},"end":{"line":208,"column":5}},{"start":{},"end":{}}]},"21":{"loc":{"start":{"line":206,"column":8},"end":{"line":206,"column":51}},"type":"binary-expr","locations":[{"start":{"line":206,"column":8},"end":{"line":206,"column":20}},{"start":{"line":206,"column":24},"end":{"line":206,"column":51}}]},"22":{"loc":{"start":{"line":213,"column":4},"end":{"line":221,"column":5}},"type":"if","locations":[{"start":{"line":213,"column":4},"end":{"line":221,"column":5}},{"start":{},"end":{}}]},"23":{"loc":{"start":{"line":213,"column":8},"end":{"line":213,"column":63}},"type":"binary-expr","locations":[{"start":{"line":213,"column":8},"end":{"line":213,"column":13}},{"start":{"line":213,"column":17},"end":{"line":213,"column":42}},{"start":{"line":213,"column":46},"end":{"line":213,"column":63}}]},"24":{"loc":{"start":{"line":215,"column":6},"end":{"line":217,"column":7}},"type":"if","locations":[{"start":{"line":215,"column":6},"end":{"line":217,"column":7}},{"start":{},"end":{}}]},"25":{"loc":{"start":{"line":218,"column":6},"end":{"line":220,"column":7}},"type":"if","locations":[{"start":{"line":218,"column":6},"end":{"line":220,"column":7}},{"start":{},"end":{}}]},"26":{"loc":{"start":{"line":224,"column":4},"end":{"line":229,"column":5}},"type":"if","locations":[{"start":{"line":224,"column":4},"end":{"line":229,"column":5}},{"start":{},"end":{}}]},"27":{"loc":{"start":{"line":225,"column":6},"end":{"line":227,"column":7}},"type":"if","locations":[{"start":{"line":225,"column":6},"end":{"line":227,"column":7}},{"start":{},"end":{}}]},"28":{"loc":{"start":{"line":225,"column":10},"end":{"line":225,"column":79}},"type":"binary-expr","locations":[{"start":{"line":225,"column":10},"end":{"line":225,"column":46}},{"start":{"line":225,"column":50},"end":{"line":225,"column":79}}]},"29":{"loc":{"start":{"line":244,"column":2},"end":{"line":246,"column":3}},"type":"if","locations":[{"start":{"line":244,"column":2},"end":{"line":246,"column":3}},{"start":{},"end":{}}]},"30":{"loc":{"start":{"line":253,"column":2},"end":{"line":255,"column":3}},"type":"if","locations":[{"start":{"line":253,"column":2},"end":{"line":255,"column":3}},{"start":{},"end":{}}]},"31":{"loc":{"start":{"line":259,"column":2},"end":{"line":265,"column":3}},"type":"if","locations":[{"start":{"line":259,"column":2},"end":{"line":265,"column":3}},{"start":{},"end":{}}]},"32":{"loc":{"start":{"line":323,"column":6},"end":{"line":335,"column":7}},"type":"if","locations":[{"start":{"line":323,"column":6},"end":{"line":335,"column":7}},{"start":{"line":326,"column":13},"end":{"line":335,"column":7}}]},"33":{"loc":{"start":{"line":332,"column":8},"end":{"line":334,"column":9}},"type":"if","locations":[{"start":{"line":332,"column":8},"end":{"line":334,"column":9}},{"start":{},"end":{}}]},"34":{"loc":{"start":{"line":340,"column":15},"end":{"line":340,"column":71}},"type":"cond-expr","locations":[{"start":{"line":340,"column":40},"end":{"line":340,"column":53}},{"start":{"line":340,"column":56},"end":{"line":340,"column":71}}]},"35":{"loc":{"start":{"line":344,"column":4},"end":{"line":346,"column":5}},"type":"if","locations":[{"start":{"line":344,"column":4},"end":{"line":346,"column":5}},{"start":{},"end":{}}]}},"s":{"0":1,"1":1,"2":1,"3":1,"4":1,"5":1,"6":1,"7":1,"8":30,"9":30,"10":29,"11":7,"12":6,"13":28,"14":11,"15":11,"16":11,"17":11,"18":8,"19":38,"20":29,"21":29,"22":29,"23":4,"24":25,"25":25,"26":4,"27":4,"28":38,"29":0,"30":38,"31":38,"32":38,"33":30,"34":30,"35":30,"36":1,"37":29,"38":9,"39":3,"40":3,"41":1,"42":2,"43":2,"44":6,"45":4,"46":2,"47":2,"48":2,"49":18,"50":18,"51":1,"52":17,"53":17,"54":3,"55":14,"56":14,"57":14,"58":14,"59":14,"60":14,"61":13,"62":11,"63":11,"64":24,"65":24,"66":16,"67":6,"68":6,"69":6,"70":6,"71":6,"72":6,"73":12,"74":12,"75":12,"76":12,"77":1,"78":1,"79":11,"80":6,"81":6,"82":3,"83":3,"84":5,"85":5,"86":12,"87":2,"88":6},"f":{"0":30,"1":11,"2":38,"3":29,"4":38,"5":30,"6":18,"7":24,"8":6,"9":3},"b":{"0":[1,0],"1":[1,1],"2":[7,22],"3":[38,6],"4":[2,36],"5":[38,16],"6":[4,25],"7":[25,1],"8":[25,24],"9":[25,24],"10":[25,1],"11":[25,24],"12":[21,4],"13":[21,4],"14":[25,1],"15":[23,2],"16":[25,1],"17":[25,24],"18":[25,24],"19":[0,38],"20":[1,29],"21":[30,29],"22":[3,6],"23":[9,9,7],"24":[1,2],"25":[2,0],"26":[4,2],"27":[2,2],"28":[4,3],"29":[1,17],"30":[3,14],"31":[14,0],"32":[1,11],"33":[3,3],"34":[5,0],"35":[2,10]}}
}
