{"/home/ubuntu/.openclaw/workspace/projects/flipper-ai/src/lib/api-security.ts": {"path":"/home/ubuntu/.openclaw/workspace/projects/flipper-ai/src/lib/api-security.ts","statementMap":{"0":{"start":{"line":22,"column":0},"end":{"line":22,"column":16}},"1":{"start":{"line":43,"column":0},"end":{"line":43,"column":16}},"2":{"start":{"line":66,"column":0},"end":{"line":66,"column":16}},"3":{"start":{"line":84,"column":0},"end":{"line":84,"column":16}},"4":{"start":{"line":120,"column":0},"end":{"line":120,"column":7}},"5":{"start":{"line":153,"column":0},"end":{"line":153,"column":16}},"6":{"start":{"line":5,"column":0},"end":{"line":5,"column":56}},"7":{"start":{"line":12,"column":49},"end":{"line":19,"column":2}},"8":{"start":{"line":23,"column":2},"end":{"line":25,"column":3}},"9":{"start":{"line":24,"column":4},"end":{"line":24,"column":37}},"10":{"start":{"line":26,"column":2},"end":{"line":26,"column":18}},"11":{"start":{"line":33,"column":24},"end":{"line":34,"column":null}},"12":{"start":{"line":38,"column":0},"end":{"line":41,"column":1}},"13":{"start":{"line":39,"column":2},"end":{"line":39,"column":47}},"14":{"start":{"line":40,"column":2},"end":{"line":40,"column":47}},"15":{"start":{"line":44,"column":42},"end":{"line":48,"column":4}},"16":{"start":{"line":50,"column":2},"end":{"line":53,"column":3}},"17":{"start":{"line":51,"column":4},"end":{"line":51,"column":52}},"18":{"start":{"line":52,"column":4},"end":{"line":52,"column":57}},"19":{"start":{"line":55,"column":2},"end":{"line":55,"column":17}},"20":{"start":{"line":67,"column":17},"end":{"line":67,"column":49}},"21":{"start":{"line":68,"column":2},"end":{"line":68,"column":28}},"22":{"start":{"line":68,"column":15},"end":{"line":68,"column":28}},"23":{"start":{"line":70,"column":20},"end":{"line":70,"column":83}},"24":{"start":{"line":71,"column":2},"end":{"line":71,"column":36}},"25":{"start":{"line":85,"column":17},"end":{"line":85,"column":45}},"26":{"start":{"line":87,"column":2},"end":{"line":87,"column":63}},"27":{"start":{"line":87,"column":51},"end":{"line":87,"column":63}},"28":{"start":{"line":90,"column":17},"end":{"line":90,"column":46}},"29":{"start":{"line":91,"column":15},"end":{"line":91,"column":42}},"30":{"start":{"line":92,"column":2},"end":{"line":99,"column":3}},"31":{"start":{"line":93,"column":4},"end":{"line":98,"column":5}},"32":{"start":{"line":94,"column":25},"end":{"line":94,"column":45}},"33":{"start":{"line":95,"column":6},"end":{"line":95,"column":43}},"34":{"start":{"line":95,"column":31},"end":{"line":95,"column":43}},"35":{"start":{"line":102,"column":2},"end":{"line":102,"column":43}},"36":{"start":{"line":102,"column":31},"end":{"line":102,"column":43}},"37":{"start":{"line":105,"column":20},"end":{"line":105,"column":55}},"38":{"start":{"line":106,"column":21},"end":{"line":106,"column":61}},"39":{"start":{"line":107,"column":2},"end":{"line":107,"column":71}},"40":{"start":{"line":107,"column":59},"end":{"line":107,"column":71}},"41":{"start":{"line":109,"column":2},"end":{"line":109,"column":15}},"42":{"start":{"line":125,"column":2},"end":{"line":134,"column":3}},"43":{"start":{"line":126,"column":4},"end":{"line":126,"column":32}},"44":{"start":{"line":128,"column":4},"end":{"line":133,"column":6}},"45":{"start":{"line":136,"column":17},"end":{"line":136,"column":39}},"46":{"start":{"line":137,"column":2},"end":{"line":144,"column":3}},"47":{"start":{"line":138,"column":4},"end":{"line":143,"column":6}},"48":{"start":{"line":146,"column":2},"end":{"line":146,"column":31}},"49":{"start":{"line":154,"column":2},"end":{"line":158,"column":4}}},"fnMap":{"0":{"name":"applySecurityHeaders","decl":{"start":{"line":22,"column":16},"end":{"line":22,"column":36}},"loc":{"start":{"line":22,"column":59},"end":{"line":27,"column":1}}},"1":{"name":"getCorsHeaders","decl":{"start":{"line":43,"column":16},"end":{"line":43,"column":30}},"loc":{"start":{"line":43,"column":52},"end":{"line":56,"column":1}}},"2":{"name":"validateApiKey","decl":{"start":{"line":66,"column":16},"end":{"line":66,"column":30}},"loc":{"start":{"line":66,"column":51},"end":{"line":72,"column":1}}},"3":{"name":"validateCsrf","decl":{"start":{"line":84,"column":16},"end":{"line":84,"column":28}},"loc":{"start":{"line":84,"column":49},"end":{"line":110,"column":1}}},"4":{"name":"validateRequestBody","decl":{"start":{"line":120,"column":22},"end":{"line":120,"column":41}},"loc":{"start":{"line":122,"column":11},"end":{"line":147,"column":1}}},"5":{"name":"getClientIp","decl":{"start":{"line":153,"column":16},"end":{"line":153,"column":27}},"loc":{"start":{"line":153,"column":48},"end":{"line":159,"column":1}}}},"branchMap":{"0":{"loc":{"start":{"line":34,"column":3},"end":{"line":34,"column":36}},"type":"cond-expr","locations":[{"start":{"line":34,"column":30},"end":{"line":34,"column":34}},{"start":{"line":34,"column":34},"end":{"line":34,"column":36}}]},"1":{"loc":{"start":{"line":34,"column":3},"end":{"line":34,"column":34}},"type":"binary-expr","locations":[{"start":{"line":34,"column":3},"end":{"line":34,"column":34}},{"start":{"line":34,"column":30},"end":{"line":34,"column":34}}]},"2":{"loc":{"start":{"line":38,"column":0},"end":{"line":41,"column":1}},"type":"if","locations":[{"start":{"line":38,"column":0},"end":{"line":41,"column":1}},{"start":{},"end":{}}]},"3":{"loc":{"start":{"line":50,"column":2},"end":{"line":53,"column":3}},"type":"if","locations":[{"start":{"line":50,"column":2},"end":{"line":53,"column":3}},{"start":{},"end":{}}]},"4":{"loc":{"start":{"line":50,"column":6},"end":{"line":50,"column":43}},"type":"binary-expr","locations":[{"start":{"line":50,"column":6},"end":{"line":50,"column":12}},{"start":{"line":50,"column":16},"end":{"line":50,"column":43}}]},"5":{"loc":{"start":{"line":68,"column":2},"end":{"line":68,"column":28}},"type":"if","locations":[{"start":{"line":68,"column":2},"end":{"line":68,"column":28}},{"start":{},"end":{}}]},"6":{"loc":{"start":{"line":70,"column":21},"end":{"line":70,"column":55}},"type":"cond-expr","locations":[{"start":{"line":70,"column":49},"end":{"line":70,"column":53}},{"start":{"line":70,"column":53},"end":{"line":70,"column":55}}]},"7":{"loc":{"start":{"line":70,"column":21},"end":{"line":70,"column":53}},"type":"binary-expr","locations":[{"start":{"line":70,"column":21},"end":{"line":70,"column":53}},{"start":{"line":70,"column":49},"end":{"line":70,"column":53}}]},"8":{"loc":{"start":{"line":87,"column":2},"end":{"line":87,"column":63}},"type":"if","locations":[{"start":{"line":87,"column":2},"end":{"line":87,"column":63}},{"start":{},"end":{}}]},"9":{"loc":{"start":{"line":92,"column":2},"end":{"line":99,"column":3}},"type":"if","locations":[{"start":{"line":92,"column":2},"end":{"line":99,"column":3}},{"start":{},"end":{}}]},"10":{"loc":{"start":{"line":92,"column":6},"end":{"line":92,"column":20}},"type":"binary-expr","locations":[{"start":{"line":92,"column":6},"end":{"line":92,"column":12}},{"start":{"line":92,"column":16},"end":{"line":92,"column":20}}]},"11":{"loc":{"start":{"line":95,"column":6},"end":{"line":95,"column":43}},"type":"if","locations":[{"start":{"line":95,"column":6},"end":{"line":95,"column":43}},{"start":{},"end":{}}]},"12":{"loc":{"start":{"line":102,"column":2},"end":{"line":102,"column":43}},"type":"if","locations":[{"start":{"line":102,"column":2},"end":{"line":102,"column":43}},{"start":{},"end":{}}]},"13":{"loc":{"start":{"line":106,"column":21},"end":{"line":106,"column":61}},"type":"cond-expr","locations":[{"start":{"line":106,"column":54},"end":{"line":106,"column":56}},{"start":{"line":106,"column":54},"end":{"line":106,"column":61}}]},"14":{"loc":{"start":{"line":106,"column":21},"end":{"line":106,"column":56}},"type":"binary-expr","locations":[{"start":{"line":106,"column":21},"end":{"line":106,"column":56}},{"start":{"line":106,"column":54},"end":{"line":106,"column":56}}]},"15":{"loc":{"start":{"line":107,"column":2},"end":{"line":107,"column":71}},"type":"if","locations":[{"start":{"line":107,"column":2},"end":{"line":107,"column":71}},{"start":{},"end":{}}]},"16":{"loc":{"start":{"line":107,"column":6},"end":{"line":107,"column":57}},"type":"binary-expr","locations":[{"start":{"line":107,"column":6},"end":{"line":107,"column":15}},{"start":{"line":107,"column":19},"end":{"line":107,"column":29}},{"start":{"line":107,"column":33},"end":{"line":107,"column":57}}]},"17":{"loc":{"start":{"line":137,"column":2},"end":{"line":144,"column":3}},"type":"if","locations":[{"start":{"line":137,"column":2},"end":{"line":144,"column":3}},{"start":{},"end":{}}]},"18":{"loc":{"start":{"line":155,"column":4},"end":{"line":157,"column":13}},"type":"cond-expr","locations":[{"start":{"line":156,"column":36},"end":{"line":156,"column":null}},{"start":{"line":157,"column":4},"end":{"line":157,"column":13}}]},"19":{"loc":{"start":{"line":155,"column":4},"end":{"line":156,"column":null}},"type":"binary-expr","locations":[{"start":{"line":155,"column":4},"end":{"line":156,"column":null}},{"start":{"line":156,"column":36},"end":{"line":156,"column":null}}]},"20":{"loc":{"start":{"line":155,"column":4},"end":{"line":156,"column":36}},"type":"cond-expr","locations":[{"start":{"line":155,"column":65},"end":{"line":155,"column":null}},{"start":{"line":156,"column":4},"end":{"line":156,"column":36}}]},"21":{"loc":{"start":{"line":155,"column":4},"end":{"line":155,"column":null}},"type":"binary-expr","locations":[{"start":{"line":155,"column":4},"end":{"line":155,"column":null}},{"start":{"line":155,"column":65},"end":{"line":155,"column":null}}]},"22":{"loc":{"start":{"line":155,"column":4},"end":{"line":155,"column":65}},"type":"cond-expr","locations":[{"start":{"line":155,"column":57},"end":{"line":155,"column":59}},{"start":{"line":155,"column":57},"end":{"line":155,"column":65}}]},"23":{"loc":{"start":{"line":155,"column":4},"end":{"line":155,"column":59}},"type":"binary-expr","locations":[{"start":{"line":155,"column":4},"end":{"line":155,"column":59}},{"start":{"line":155,"column":57},"end":{"line":155,"column":59}}]},"24":{"loc":{"start":{"line":155,"column":4},"end":{"line":155,"column":57}},"type":"cond-expr","locations":[{"start":{"line":155,"column":42},"end":{"line":155,"column":44}},{"start":{"line":155,"column":42},"end":{"line":155,"column":57}}]},"25":{"loc":{"start":{"line":155,"column":4},"end":{"line":155,"column":44}},"type":"binary-expr","locations":[{"start":{"line":155,"column":4},"end":{"line":155,"column":44}},{"start":{"line":155,"column":42},"end":{"line":155,"column":44}}]}},"s":{"0":1,"1":1,"2":1,"3":1,"4":1,"5":1,"6":1,"7":1,"8":1,"9":6,"10":1,"11":1,"12":1,"13":1,"14":1,"15":3,"16":3,"17":1,"18":1,"19":3,"20":10,"21":10,"22":6,"23":4,"24":4,"25":10,"26":10,"27":3,"28":7,"29":7,"30":7,"31":3,"32":3,"33":2,"34":1,"35":6,"36":1,"37":5,"38":5,"39":5,"40":1,"41":4,"42":3,"43":3,"44":1,"45":2,"46":2,"47":1,"48":1,"49":3},"f":{"0":1,"1":3,"2":10,"3":10,"4":3,"5":3},"b":{"0":[0,1],"1":[1,1],"2":[1,0],"3":[1,2],"4":[3,2],"5":[6,4],"6":[4,0],"7":[4,4],"8":[3,7],"9":[3,4],"10":[7,3],"11":[1,1],"12":[1,5],"13":[3,2],"14":[5,5],"15":[1,4],"16":[5,2,2],"17":[1,1],"18":[2,1],"19":[3,2],"20":[1,2],"21":[3,3],"22":[2,1],"23":[3,3],"24":[2,1],"25":[3,1]}}
,"/home/ubuntu/.openclaw/workspace/projects/flipper-ai/src/lib/auth-middleware.ts": {"path":"/home/ubuntu/.openclaw/workspace/projects/flipper-ai/src/lib/auth-middleware.ts","statementMap":{"0":{"start":{"line":18,"column":0},"end":{"line":18,"column":16}},"1":{"start":{"line":44,"column":0},"end":{"line":44,"column":7}},"2":{"start":{"line":53,"column":0},"end":{"line":53,"column":7}},"3":{"start":{"line":61,"column":0},"end":{"line":61,"column":7}},"4":{"start":{"line":70,"column":0},"end":{"line":70,"column":7}},"5":{"start":{"line":95,"column":0},"end":{"line":95,"column":7}},"6":{"start":{"line":6,"column":0},"end":{"line":6,"column":56}},"7":{"start":{"line":7,"column":0},"end":{"line":7,"column":34}},"8":{"start":{"line":21,"column":2},"end":{"line":37,"column":4}},"9":{"start":{"line":22,"column":20},"end":{"line":22,"column":32}},"10":{"start":{"line":24,"column":4},"end":{"line":29,"column":5}},"11":{"start":{"line":25,"column":6},"end":{"line":28,"column":8}},"12":{"start":{"line":32,"column":29},"end":{"line":32,"column":56}},"13":{"start":{"line":33,"column":4},"end":{"line":33,"column":46}},"14":{"start":{"line":34,"column":4},"end":{"line":34,"column":60}},"15":{"start":{"line":36,"column":4},"end":{"line":36,"column":46}},"16":{"start":{"line":45,"column":18},"end":{"line":45,"column":30}},"17":{"start":{"line":46,"column":2},"end":{"line":46,"column":35}},"18":{"start":{"line":54,"column":18},"end":{"line":54,"column":30}},"19":{"start":{"line":55,"column":2},"end":{"line":55,"column":31}},"20":{"start":{"line":62,"column":18},"end":{"line":62,"column":30}},"21":{"start":{"line":63,"column":2},"end":{"line":63,"column":29}},"22":{"start":{"line":71,"column":18},"end":{"line":71,"column":30}},"23":{"start":{"line":73,"column":2},"end":{"line":75,"column":3}},"24":{"start":{"line":74,"column":4},"end":{"line":74,"column":27}},"25":{"start":{"line":78,"column":2},"end":{"line":86,"column":3}},"26":{"start":{"line":79,"column":19},"end":{"line":79,"column":53}},"27":{"start":{"line":79,"column":20},"end":{"line":79,"column":44}},"28":{"start":{"line":80,"column":24},"end":{"line":82,"column":6}},"29":{"start":{"line":83,"column":4},"end":{"line":85,"column":5}},"30":{"start":{"line":84,"column":6},"end":{"line":84,"column":28}},"31":{"start":{"line":88,"column":2},"end":{"line":88,"column":34}},"32":{"start":{"line":96,"column":18},"end":{"line":96,"column":30}},"33":{"start":{"line":98,"column":2},"end":{"line":105,"column":3}},"34":{"start":{"line":99,"column":4},"end":{"line":104,"column":6}},"35":{"start":{"line":107,"column":2},"end":{"line":107,"column":43}}},"fnMap":{"0":{"name":"withAuth","decl":{"start":{"line":18,"column":16},"end":{"line":18,"column":24}},"loc":{"start":{"line":19,"column":75},"end":{"line":38,"column":1}}},"1":{"name":"(anonymous_10)","decl":{"start":{"line":21,"column":9},"end":{"line":21,"column":14}},"loc":{"start":{"line":21,"column":71},"end":{"line":37,"column":3}}},"2":{"name":"getAuthUserId","decl":{"start":{"line":44,"column":22},"end":{"line":44,"column":35}},"loc":{"start":{"line":44,"column":35},"end":{"line":47,"column":1}}},"3":{"name":"getAuthUser","decl":{"start":{"line":53,"column":22},"end":{"line":53,"column":33}},"loc":{"start":{"line":53,"column":33},"end":{"line":56,"column":1}}},"4":{"name":"isAuthenticated","decl":{"start":{"line":61,"column":22},"end":{"line":61,"column":37}},"loc":{"start":{"line":61,"column":37},"end":{"line":64,"column":1}}},"5":{"name":"getUserIdOrDefault","decl":{"start":{"line":70,"column":22},"end":{"line":70,"column":40}},"loc":{"start":{"line":70,"column":40},"end":{"line":89,"column":1}}},"6":{"name":"(anonymous_15)","decl":{"start":{"line":79,"column":20},"end":{"line":79,"column":33}},"loc":{"start":{"line":79,"column":20},"end":{"line":79,"column":44}}},"7":{"name":"requirePageAuth","decl":{"start":{"line":95,"column":22},"end":{"line":95,"column":37}},"loc":{"start":{"line":95,"column":37},"end":{"line":108,"column":1}}}},"branchMap":{"0":{"loc":{"start":{"line":24,"column":4},"end":{"line":29,"column":5}},"type":"if","locations":[{"start":{"line":24,"column":4},"end":{"line":29,"column":5}},{"start":{},"end":{}}]},"1":{"loc":{"start":{"line":24,"column":9},"end":{"line":24,"column":26}},"type":"cond-expr","locations":[{"start":{"line":24,"column":22},"end":{"line":24,"column":24}},{"start":{"line":24,"column":22},"end":{"line":24,"column":26}}]},"2":{"loc":{"start":{"line":24,"column":9},"end":{"line":24,"column":24}},"type":"binary-expr","locations":[{"start":{"line":24,"column":9},"end":{"line":24,"column":24}},{"start":{"line":24,"column":22},"end":{"line":24,"column":24}}]},"3":{"loc":{"start":{"line":24,"column":9},"end":{"line":24,"column":22}},"type":"cond-expr","locations":[{"start":{"line":24,"column":16},"end":{"line":24,"column":18}},{"start":{"line":24,"column":9},"end":{"line":24,"column":22}}]},"4":{"loc":{"start":{"line":24,"column":9},"end":{"line":24,"column":18}},"type":"binary-expr","locations":[{"start":{"line":24,"column":9},"end":{"line":24,"column":18}},{"start":{"line":24,"column":9},"end":{"line":24,"column":18}}]},"5":{"loc":{"start":{"line":34,"column":33},"end":{"line":34,"column":59}},"type":"cond-expr","locations":[{"start":{"line":34,"column":51},"end":{"line":34,"column":55}},{"start":{"line":34,"column":55},"end":{"line":34,"column":59}}]},"6":{"loc":{"start":{"line":34,"column":33},"end":{"line":34,"column":55}},"type":"binary-expr","locations":[{"start":{"line":34,"column":33},"end":{"line":34,"column":55}},{"start":{"line":34,"column":51},"end":{"line":34,"column":55}}]},"7":{"loc":{"start":{"line":46,"column":9},"end":{"line":46,"column":34}},"type":"cond-expr","locations":[{"start":{"line":46,"column":26},"end":{"line":46,"column":30}},{"start":{"line":46,"column":30},"end":{"line":46,"column":34}}]},"8":{"loc":{"start":{"line":46,"column":9},"end":{"line":46,"column":30}},"type":"binary-expr","locations":[{"start":{"line":46,"column":9},"end":{"line":46,"column":30}},{"start":{"line":46,"column":26},"end":{"line":46,"column":30}}]},"9":{"loc":{"start":{"line":46,"column":9},"end":{"line":46,"column":26}},"type":"cond-expr","locations":[{"start":{"line":46,"column":22},"end":{"line":46,"column":24}},{"start":{"line":46,"column":22},"end":{"line":46,"column":26}}]},"10":{"loc":{"start":{"line":46,"column":9},"end":{"line":46,"column":24}},"type":"binary-expr","locations":[{"start":{"line":46,"column":9},"end":{"line":46,"column":24}},{"start":{"line":46,"column":22},"end":{"line":46,"column":24}}]},"11":{"loc":{"start":{"line":46,"column":9},"end":{"line":46,"column":22}},"type":"cond-expr","locations":[{"start":{"line":46,"column":16},"end":{"line":46,"column":18}},{"start":{"line":46,"column":9},"end":{"line":46,"column":22}}]},"12":{"loc":{"start":{"line":46,"column":9},"end":{"line":46,"column":18}},"type":"binary-expr","locations":[{"start":{"line":46,"column":9},"end":{"line":46,"column":18}},{"start":{"line":46,"column":9},"end":{"line":46,"column":18}}]},"13":{"loc":{"start":{"line":55,"column":9},"end":{"line":55,"column":30}},"type":"cond-expr","locations":[{"start":{"line":55,"column":22},"end":{"line":55,"column":26}},{"start":{"line":55,"column":26},"end":{"line":55,"column":30}}]},"14":{"loc":{"start":{"line":55,"column":9},"end":{"line":55,"column":26}},"type":"binary-expr","locations":[{"start":{"line":55,"column":9},"end":{"line":55,"column":26}},{"start":{"line":55,"column":22},"end":{"line":55,"column":26}}]},"15":{"loc":{"start":{"line":55,"column":9},"end":{"line":55,"column":22}},"type":"cond-expr","locations":[{"start":{"line":55,"column":16},"end":{"line":55,"column":18}},{"start":{"line":55,"column":9},"end":{"line":55,"column":22}}]},"16":{"loc":{"start":{"line":55,"column":9},"end":{"line":55,"column":18}},"type":"binary-expr","locations":[{"start":{"line":55,"column":9},"end":{"line":55,"column":18}},{"start":{"line":55,"column":9},"end":{"line":55,"column":18}}]},"17":{"loc":{"start":{"line":63,"column":11},"end":{"line":63,"column":28}},"type":"cond-expr","locations":[{"start":{"line":63,"column":24},"end":{"line":63,"column":26}},{"start":{"line":63,"column":24},"end":{"line":63,"column":28}}]},"18":{"loc":{"start":{"line":63,"column":11},"end":{"line":63,"column":26}},"type":"binary-expr","locations":[{"start":{"line":63,"column":11},"end":{"line":63,"column":26}},{"start":{"line":63,"column":24},"end":{"line":63,"column":26}}]},"19":{"loc":{"start":{"line":63,"column":11},"end":{"line":63,"column":24}},"type":"cond-expr","locations":[{"start":{"line":63,"column":18},"end":{"line":63,"column":20}},{"start":{"line":63,"column":11},"end":{"line":63,"column":24}}]},"20":{"loc":{"start":{"line":63,"column":11},"end":{"line":63,"column":20}},"type":"binary-expr","locations":[{"start":{"line":63,"column":11},"end":{"line":63,"column":20}},{"start":{"line":63,"column":11},"end":{"line":63,"column":20}}]},"21":{"loc":{"start":{"line":73,"column":2},"end":{"line":75,"column":3}},"type":"if","locations":[{"start":{"line":73,"column":2},"end":{"line":75,"column":3}},{"start":{},"end":{}}]},"22":{"loc":{"start":{"line":73,"column":6},"end":{"line":73,"column":23}},"type":"cond-expr","locations":[{"start":{"line":73,"column":19},"end":{"line":73,"column":21}},{"start":{"line":73,"column":19},"end":{"line":73,"column":23}}]},"23":{"loc":{"start":{"line":73,"column":6},"end":{"line":73,"column":21}},"type":"binary-expr","locations":[{"start":{"line":73,"column":6},"end":{"line":73,"column":21}},{"start":{"line":73,"column":19},"end":{"line":73,"column":21}}]},"24":{"loc":{"start":{"line":73,"column":6},"end":{"line":73,"column":19}},"type":"cond-expr","locations":[{"start":{"line":73,"column":13},"end":{"line":73,"column":15}},{"start":{"line":73,"column":6},"end":{"line":73,"column":19}}]},"25":{"loc":{"start":{"line":73,"column":6},"end":{"line":73,"column":15}},"type":"binary-expr","locations":[{"start":{"line":73,"column":6},"end":{"line":73,"column":15}},{"start":{"line":73,"column":6},"end":{"line":73,"column":15}}]},"26":{"loc":{"start":{"line":78,"column":2},"end":{"line":86,"column":3}},"type":"if","locations":[{"start":{"line":78,"column":2},"end":{"line":86,"column":3}},{"start":{},"end":{}}]},"27":{"loc":{"start":{"line":83,"column":4},"end":{"line":85,"column":5}},"type":"if","locations":[{"start":{"line":83,"column":4},"end":{"line":85,"column":5}},{"start":{},"end":{}}]},"28":{"loc":{"start":{"line":98,"column":2},"end":{"line":105,"column":3}},"type":"if","locations":[{"start":{"line":98,"column":2},"end":{"line":105,"column":3}},{"start":{},"end":{}}]},"29":{"loc":{"start":{"line":98,"column":7},"end":{"line":98,"column":20}},"type":"cond-expr","locations":[{"start":{"line":98,"column":14},"end":{"line":98,"column":16}},{"start":{"line":98,"column":7},"end":{"line":98,"column":20}}]},"30":{"loc":{"start":{"line":98,"column":7},"end":{"line":98,"column":16}},"type":"binary-expr","locations":[{"start":{"line":98,"column":7},"end":{"line":98,"column":16}},{"start":{"line":98,"column":7},"end":{"line":98,"column":16}}]}},"s":{"0":4,"1":4,"2":4,"3":4,"4":4,"5":4,"6":4,"7":4,"8":5,"9":5,"10":5,"11":3,"12":2,"13":2,"14":2,"15":2,"16":40,"17":40,"18":3,"19":3,"20":4,"21":4,"22":4,"23":4,"24":1,"25":3,"26":2,"27":2,"28":2,"29":2,"30":1,"31":2,"32":3,"33":3,"34":2,"35":1},"f":{"0":5,"1":5,"2":40,"3":3,"4":4,"5":4,"6":2,"7":3},"b":{"0":[3,2],"1":[2,3],"2":[5,5],"3":[1,4],"4":[5,4],"5":[1,1],"6":[2,2],"7":[1,39],"8":[40,40],"9":[38,2],"10":[40,40],"11":[37,3],"12":[40,39],"13":[1,2],"14":[3,3],"15":[1,2],"16":[3,2],"17":[2,2],"18":[4,4],"19":[1,3],"20":[4,3],"21":[1,3],"22":[3,1],"23":[4,4],"24":[3,1],"25":[4,1],"26":[2,1],"27":[1,1],"28":[2,1],"29":[1,2],"30":[3,2]}}
,"/home/ubuntu/.openclaw/workspace/projects/flipper-ai/src/lib/auth.ts": {"path":"/home/ubuntu/.openclaw/workspace/projects/flipper-ai/src/lib/auth.ts","statementMap":{"0":{"start":{"line":107,"column":0},"end":{"line":107,"column":7}},"1":{"start":{"line":119,"column":0},"end":{"line":119,"column":7}},"2":{"start":{"line":128,"column":0},"end":{"line":128,"column":7}},"3":{"start":{"line":6,"column":0},"end":{"line":6,"column":33}},"4":{"start":{"line":7,"column":0},"end":{"line":7,"column":53}},"5":{"start":{"line":8,"column":0},"end":{"line":8,"column":48}},"6":{"start":{"line":9,"column":0},"end":{"line":9,"column":48}},"7":{"start":{"line":10,"column":0},"end":{"line":10,"column":58}},"8":{"start":{"line":11,"column":0},"end":{"line":11,"column":30}},"9":{"start":{"line":12,"column":0},"end":{"line":12,"column":30}},"10":{"start":{"line":14,"column":13},"end":{"line":14,"column":51}},"11":{"start":{"line":42,"column":8},"end":{"line":44,"column":9}},"12":{"start":{"line":43,"column":10},"end":{"line":43,"column":61}},"13":{"start":{"line":46,"column":22},"end":{"line":46,"column":49}},"14":{"start":{"line":47,"column":25},"end":{"line":47,"column":55}},"15":{"start":{"line":49,"column":21},"end":{"line":51,"column":10}},"16":{"start":{"line":53,"column":8},"end":{"line":55,"column":9}},"17":{"start":{"line":54,"column":10},"end":{"line":54,"column":55}},"18":{"start":{"line":57,"column":32},"end":{"line":57,"column":77}},"19":{"start":{"line":59,"column":8},"end":{"line":61,"column":9}},"20":{"start":{"line":60,"column":10},"end":{"line":60,"column":55}},"21":{"start":{"line":63,"column":8},"end":{"line":68,"column":10}},"22":{"start":{"line":74,"column":6},"end":{"line":76,"column":7}},"23":{"start":{"line":75,"column":8},"end":{"line":75,"column":27}},"24":{"start":{"line":77,"column":6},"end":{"line":77,"column":19}},"25":{"start":{"line":80,"column":6},"end":{"line":82,"column":7}},"26":{"start":{"line":81,"column":8},"end":{"line":81,"column":45}},"27":{"start":{"line":83,"column":6},"end":{"line":83,"column":21}},"28":{"start":{"line":89,"column":6},"end":{"line":98,"column":7}},"29":{"start":{"line":90,"column":8},"end":{"line":97,"column":11}},"30":{"start":{"line":108,"column":18},"end":{"line":108,"column":30}},"31":{"start":{"line":109,"column":2},"end":{"line":111,"column":3}},"32":{"start":{"line":110,"column":4},"end":{"line":110,"column":16}},"33":{"start":{"line":112,"column":2},"end":{"line":112,"column":22}},"34":{"start":{"line":120,"column":15},"end":{"line":120,"column":37}},"35":{"start":{"line":121,"column":2},"end":{"line":121,"column":26}},"36":{"start":{"line":129,"column":15},"end":{"line":129,"column":37}},"37":{"start":{"line":130,"column":2},"end":{"line":132,"column":3}},"38":{"start":{"line":131,"column":4},"end":{"line":131,"column":36}},"39":{"start":{"line":133,"column":2},"end":{"line":133,"column":14}}},"fnMap":{"0":{"name":"(anonymous_1)","decl":{"start":{"line":41,"column":6},"end":{"line":41,"column":11}},"loc":{"start":{"line":41,"column":33},"end":{"line":69,"column":7}}},"1":{"name":"(anonymous_2)","decl":{"start":{"line":73,"column":4},"end":{"line":73,"column":9}},"loc":{"start":{"line":73,"column":29},"end":{"line":78,"column":5}}},"2":{"name":"(anonymous_3)","decl":{"start":{"line":79,"column":4},"end":{"line":79,"column":9}},"loc":{"start":{"line":79,"column":36},"end":{"line":84,"column":5}}},"3":{"name":"(anonymous_4)","decl":{"start":{"line":87,"column":4},"end":{"line":87,"column":9}},"loc":{"start":{"line":87,"column":29},"end":{"line":99,"column":5}}},"4":{"name":"getCurrentUser","decl":{"start":{"line":107,"column":22},"end":{"line":107,"column":36}},"loc":{"start":{"line":107,"column":36},"end":{"line":113,"column":1}}},"5":{"name":"getCurrentUserId","decl":{"start":{"line":119,"column":22},"end":{"line":119,"column":38}},"loc":{"start":{"line":119,"column":38},"end":{"line":122,"column":1}}},"6":{"name":"requireAuth","decl":{"start":{"line":128,"column":22},"end":{"line":128,"column":33}},"loc":{"start":{"line":128,"column":33},"end":{"line":134,"column":1}}}},"branchMap":{"0":{"loc":{"start":{"line":42,"column":8},"end":{"line":44,"column":9}},"type":"if","locations":[{"start":{"line":42,"column":8},"end":{"line":44,"column":9}},{"start":{},"end":{}}]},"1":{"loc":{"start":{"line":42,"column":12},"end":{"line":42,"column":59}},"type":"binary-expr","locations":[{"start":{"line":42,"column":12},"end":{"line":42,"column":35}},{"start":{"line":42,"column":35},"end":{"line":42,"column":59}}]},"2":{"loc":{"start":{"line":42,"column":13},"end":{"line":42,"column":31}},"type":"cond-expr","locations":[{"start":{"line":42,"column":24},"end":{"line":42,"column":26}},{"start":{"line":42,"column":13},"end":{"line":42,"column":31}}]},"3":{"loc":{"start":{"line":42,"column":13},"end":{"line":42,"column":26}},"type":"binary-expr","locations":[{"start":{"line":42,"column":13},"end":{"line":42,"column":26}},{"start":{"line":42,"column":13},"end":{"line":42,"column":26}}]},"4":{"loc":{"start":{"line":42,"column":36},"end":{"line":42,"column":57}},"type":"cond-expr","locations":[{"start":{"line":42,"column":47},"end":{"line":42,"column":49}},{"start":{"line":42,"column":36},"end":{"line":42,"column":57}}]},"5":{"loc":{"start":{"line":42,"column":36},"end":{"line":42,"column":49}},"type":"binary-expr","locations":[{"start":{"line":42,"column":36},"end":{"line":42,"column":49}},{"start":{"line":42,"column":36},"end":{"line":42,"column":49}}]},"6":{"loc":{"start":{"line":53,"column":8},"end":{"line":55,"column":9}},"type":"if","locations":[{"start":{"line":53,"column":8},"end":{"line":55,"column":9}},{"start":{},"end":{}}]},"7":{"loc":{"start":{"line":53,"column":12},"end":{"line":53,"column":35}},"type":"binary-expr","locations":[{"start":{"line":53,"column":12},"end":{"line":53,"column":17}},{"start":{"line":53,"column":21},"end":{"line":53,"column":35}}]},"8":{"loc":{"start":{"line":59,"column":8},"end":{"line":61,"column":9}},"type":"if","locations":[{"start":{"line":59,"column":8},"end":{"line":61,"column":9}},{"start":{},"end":{}}]},"9":{"loc":{"start":{"line":74,"column":6},"end":{"line":76,"column":7}},"type":"if","locations":[{"start":{"line":74,"column":6},"end":{"line":76,"column":7}},{"start":{},"end":{}}]},"10":{"loc":{"start":{"line":80,"column":6},"end":{"line":82,"column":7}},"type":"if","locations":[{"start":{"line":80,"column":6},"end":{"line":82,"column":7}},{"start":{},"end":{}}]},"11":{"loc":{"start":{"line":80,"column":10},"end":{"line":80,"column":34}},"type":"binary-expr","locations":[{"start":{"line":80,"column":10},"end":{"line":80,"column":22}},{"start":{"line":80,"column":26},"end":{"line":80,"column":34}}]},"12":{"loc":{"start":{"line":89,"column":6},"end":{"line":98,"column":7}},"type":"if","locations":[{"start":{"line":89,"column":6},"end":{"line":98,"column":7}},{"start":{},"end":{}}]},"13":{"loc":{"start":{"line":109,"column":2},"end":{"line":111,"column":3}},"type":"if","locations":[{"start":{"line":109,"column":2},"end":{"line":111,"column":3}},{"start":{},"end":{}}]},"14":{"loc":{"start":{"line":109,"column":7},"end":{"line":109,"column":24}},"type":"cond-expr","locations":[{"start":{"line":109,"column":20},"end":{"line":109,"column":22}},{"start":{"line":109,"column":20},"end":{"line":109,"column":24}}]},"15":{"loc":{"start":{"line":109,"column":7},"end":{"line":109,"column":22}},"type":"binary-expr","locations":[{"start":{"line":109,"column":7},"end":{"line":109,"column":22}},{"start":{"line":109,"column":20},"end":{"line":109,"column":22}}]},"16":{"loc":{"start":{"line":109,"column":7},"end":{"line":109,"column":20}},"type":"cond-expr","locations":[{"start":{"line":109,"column":14},"end":{"line":109,"column":16}},{"start":{"line":109,"column":7},"end":{"line":109,"column":20}}]},"17":{"loc":{"start":{"line":109,"column":7},"end":{"line":109,"column":16}},"type":"binary-expr","locations":[{"start":{"line":109,"column":7},"end":{"line":109,"column":16}},{"start":{"line":109,"column":7},"end":{"line":109,"column":16}}]},"18":{"loc":{"start":{"line":121,"column":9},"end":{"line":121,"column":25}},"type":"cond-expr","locations":[{"start":{"line":121,"column":17},"end":{"line":121,"column":21}},{"start":{"line":121,"column":21},"end":{"line":121,"column":25}}]},"19":{"loc":{"start":{"line":121,"column":9},"end":{"line":121,"column":21}},"type":"binary-expr","locations":[{"start":{"line":121,"column":9},"end":{"line":121,"column":21}},{"start":{"line":121,"column":17},"end":{"line":121,"column":21}}]},"20":{"loc":{"start":{"line":121,"column":9},"end":{"line":121,"column":17}},"type":"cond-expr","locations":[{"start":{"line":121,"column":13},"end":{"line":121,"column":15}},{"start":{"line":121,"column":9},"end":{"line":121,"column":17}}]},"21":{"loc":{"start":{"line":121,"column":9},"end":{"line":121,"column":15}},"type":"binary-expr","locations":[{"start":{"line":121,"column":9},"end":{"line":121,"column":15}},{"start":{"line":121,"column":9},"end":{"line":121,"column":15}}]},"22":{"loc":{"start":{"line":130,"column":2},"end":{"line":132,"column":3}},"type":"if","locations":[{"start":{"line":130,"column":2},"end":{"line":132,"column":3}},{"start":{},"end":{}}]}},"s":{"0":5,"1":5,"2":5,"3":5,"4":5,"5":5,"6":5,"7":5,"8":5,"9":5,"10":5,"11":23,"12":3,"13":20,"14":20,"15":20,"16":20,"17":11,"18":9,"19":9,"20":7,"21":2,"22":3,"23":2,"24":3,"25":4,"26":2,"27":4,"28":2,"29":1,"30":11,"31":11,"32":8,"33":3,"34":3,"35":3,"36":4,"37":4,"38":3,"39":1},"f":{"0":23,"1":3,"2":4,"3":2,"4":11,"5":3,"6":4},"b":{"0":[3,20],"1":[23,21],"2":[0,23],"3":[23,23],"4":[0,21],"5":[21,21],"6":[11,9],"7":[20,10],"8":[7,2],"9":[2,1],"10":[2,2],"11":[4,3],"12":[1,1],"13":[8,3],"14":[5,6],"15":[11,11],"16":[3,8],"17":[11,8],"18":[1,2],"19":[3,3],"20":[2,1],"21":[3,1],"22":[3,1]}}
,"/home/ubuntu/.openclaw/workspace/projects/flipper-ai/src/lib/claude-analyzer.ts": {"path":"/home/ubuntu/.openclaw/workspace/projects/flipper-ai/src/lib/claude-analyzer.ts","statementMap":{"0":{"start":{"line":239,"column":0},"end":{"line":239,"column":7}},"1":{"start":{"line":288,"column":0},"end":{"line":288,"column":7}},"2":{"start":{"line":303,"column":0},"end":{"line":303,"column":7}},"3":{"start":{"line":10,"column":0},"end":{"line":10,"column":42}},"4":{"start":{"line":11,"column":0},"end":{"line":11,"column":30}},"5":{"start":{"line":13,"column":23},"end":{"line":13,"column":82}},"6":{"start":{"line":14,"column":21},"end":{"line":14,"column":77}},"7":{"start":{"line":15,"column":29},"end":{"line":15,"column":31}},"8":{"start":{"line":46,"column":2},"end":{"line":64,"column":3}},"9":{"start":{"line":47,"column":19},"end":{"line":57,"column":6}},"10":{"start":{"line":59,"column":4},"end":{"line":61,"column":5}},"11":{"start":{"line":60,"column":6},"end":{"line":60,"column":47}},"12":{"start":{"line":63,"column":4},"end":{"line":63,"column":60}},"13":{"start":{"line":66,"column":2},"end":{"line":66,"column":14}},"14":{"start":{"line":76,"column":20},"end":{"line":76,"column":30}},"15":{"start":{"line":77,"column":2},"end":{"line":77,"column":66}},"16":{"start":{"line":79,"column":2},"end":{"line":89,"column":3}},"17":{"start":{"line":80,"column":4},"end":{"line":86,"column":7}},"18":{"start":{"line":88,"column":4},"end":{"line":88,"column":52}},"19":{"start":{"line":101,"column":2},"end":{"line":135,"column":51}},"20":{"start":{"line":142,"column":2},"end":{"line":178,"column":3}},"21":{"start":{"line":144,"column":22},"end":{"line":144,"column":47}},"22":{"start":{"line":145,"column":4},"end":{"line":147,"column":5}},"23":{"start":{"line":146,"column":6},"end":{"line":146,"column":51}},"24":{"start":{"line":149,"column":19},"end":{"line":149,"column":43}},"25":{"start":{"line":152,"column":4},"end":{"line":174,"column":6}},"26":{"start":{"line":176,"column":4},"end":{"line":176,"column":59}},"27":{"start":{"line":177,"column":4},"end":{"line":177,"column":65}},"28":{"start":{"line":185,"column":2},"end":{"line":187,"column":3}},"29":{"start":{"line":186,"column":4},"end":{"line":186,"column":74}},"30":{"start":{"line":189,"column":17},"end":{"line":191,"column":4}},"31":{"start":{"line":193,"column":2},"end":{"line":232,"column":3}},"32":{"start":{"line":194,"column":20},"end":{"line":203,"column":6}},"33":{"start":{"line":205,"column":24},"end":{"line":205,"column":78}},"34":{"start":{"line":205,"column":56},"end":{"line":205,"column":77}},"35":{"start":{"line":206,"column":4},"end":{"line":208,"column":5}},"36":{"start":{"line":207,"column":6},"end":{"line":207,"column":54}},"37":{"start":{"line":210,"column":4},"end":{"line":210,"column":28}},"38":{"start":{"line":213,"column":4},"end":{"line":221,"column":5}},"39":{"start":{"line":214,"column":23},"end":{"line":214,"column":69}},"40":{"start":{"line":215,"column":6},"end":{"line":217,"column":7}},"41":{"start":{"line":216,"column":8},"end":{"line":216,"column":83}},"42":{"start":{"line":218,"column":6},"end":{"line":220,"column":7}},"43":{"start":{"line":219,"column":8},"end":{"line":219,"column":65}},"44":{"start":{"line":224,"column":4},"end":{"line":229,"column":5}},"45":{"start":{"line":225,"column":6},"end":{"line":227,"column":7}},"46":{"start":{"line":226,"column":8},"end":{"line":226,"column":83}},"47":{"start":{"line":228,"column":6},"end":{"line":228,"column":18}},"48":{"start":{"line":231,"column":4},"end":{"line":231,"column":56}},"49":{"start":{"line":243,"column":17},"end":{"line":243,"column":51}},"50":{"start":{"line":244,"column":2},"end":{"line":246,"column":3}},"51":{"start":{"line":245,"column":4},"end":{"line":245,"column":18}},"52":{"start":{"line":249,"column":18},"end":{"line":251,"column":4}},"53":{"start":{"line":253,"column":2},"end":{"line":255,"column":3}},"54":{"start":{"line":254,"column":4},"end":{"line":254,"column":55}},"55":{"start":{"line":258,"column":28},"end":{"line":258,"column":30}},"56":{"start":{"line":259,"column":2},"end":{"line":265,"column":3}},"57":{"start":{"line":260,"column":4},"end":{"line":264,"column":5}},"58":{"start":{"line":261,"column":6},"end":{"line":261,"column":48}},"59":{"start":{"line":268,"column":17},"end":{"line":272,"column":null}},"60":{"start":{"line":275,"column":23},"end":{"line":275,"column":50}},"61":{"start":{"line":276,"column":17},"end":{"line":276,"column":50}},"62":{"start":{"line":279,"column":2},"end":{"line":279,"column":41}},"63":{"start":{"line":281,"column":2},"end":{"line":281,"column":16}},"64":{"start":{"line":294,"column":17},"end":{"line":294,"column":80}},"65":{"start":{"line":295,"column":23},"end":{"line":295,"column":50}},"66":{"start":{"line":296,"column":2},"end":{"line":296,"column":43}},"67":{"start":{"line":312,"column":19},"end":{"line":312,"column":20}},"68":{"start":{"line":313,"column":15},"end":{"line":313,"column":16}},"69":{"start":{"line":314,"column":15},"end":{"line":314,"column":16}},"70":{"start":{"line":315,"column":62},"end":{"line":315,"column":64}},"71":{"start":{"line":317,"column":2},"end":{"line":347,"column":3}},"72":{"start":{"line":317,"column":15},"end":{"line":317,"column":16}},"73":{"start":{"line":318,"column":22},"end":{"line":318,"column":35}},"74":{"start":{"line":320,"column":4},"end":{"line":342,"column":5}},"75":{"start":{"line":322,"column":27},"end":{"line":322,"column":61}},"76":{"start":{"line":323,"column":6},"end":{"line":335,"column":7}},"77":{"start":{"line":324,"column":8},"end":{"line":324,"column":17}},"78":{"start":{"line":325,"column":8},"end":{"line":325,"column":21}},"79":{"start":{"line":328,"column":8},"end":{"line":328,"column":40}},"80":{"start":{"line":329,"column":8},"end":{"line":329,"column":21}},"81":{"start":{"line":332,"column":8},"end":{"line":334,"column":9}},"82":{"start":{"line":333,"column":10},"end":{"line":333,"column":68}},"83":{"start":{"line":333,"column":41},"end":{"line":333,"column":66}},"84":{"start":{"line":337,"column":6},"end":{"line":337,"column":15}},"85":{"start":{"line":338,"column":6},"end":{"line":341,"column":9}},"86":{"start":{"line":344,"column":4},"end":{"line":346,"column":5}},"87":{"start":{"line":345,"column":6},"end":{"line":345,"column":43}},"88":{"start":{"line":349,"column":2},"end":{"line":349,"column":48}}},"fnMap":{"0":{"name":"getCachedAnalysis","decl":{"start":{"line":43,"column":15},"end":{"line":43,"column":32}},"loc":{"start":{"line":44,"column":19},"end":{"line":67,"column":1}}},"1":{"name":"cacheAnalysis","decl":{"start":{"line":72,"column":15},"end":{"line":72,"column":28}},"loc":{"start":{"line":74,"column":30},"end":{"line":90,"column":1}}},"2":{"name":"buildAnalysisPrompt","decl":{"start":{"line":95,"column":9},"end":{"line":95,"column":28}},"loc":{"start":{"line":99,"column":22},"end":{"line":136,"column":1}}},"3":{"name":"parseClaudeResponse","decl":{"start":{"line":141,"column":9},"end":{"line":141,"column":28}},"loc":{"start":{"line":141,"column":41},"end":{"line":179,"column":1}}},"4":{"name":"callClaudeAPI","decl":{"start":{"line":184,"column":15},"end":{"line":184,"column":28}},"loc":{"start":{"line":184,"column":43},"end":{"line":233,"column":1}}},"5":{"name":"(anonymous_6)","decl":{"start":{"line":205,"column":45},"end":{"line":205,"column":46}},"loc":{"start":{"line":205,"column":56},"end":{"line":205,"column":77}}},"6":{"name":"analyzeListing","decl":{"start":{"line":239,"column":22},"end":{"line":239,"column":36}},"loc":{"start":{"line":240,"column":19},"end":{"line":282,"column":1}}},"7":{"name":"analyzeListingData","decl":{"start":{"line":288,"column":22},"end":{"line":288,"column":40}},"loc":{"start":{"line":292,"column":22},"end":{"line":297,"column":1}}},"8":{"name":"batchAnalyzeListings","decl":{"start":{"line":303,"column":22},"end":{"line":303,"column":42}},"loc":{"start":{"line":305,"column":57},"end":{"line":350,"column":1}}},"9":{"name":"(anonymous_10)","decl":{"start":{"line":333,"column":28},"end":{"line":333,"column":29}},"loc":{"start":{"line":333,"column":41},"end":{"line":333,"column":66}}}},"branchMap":{"0":{"loc":{"start":{"line":13,"column":23},"end":{"line":13,"column":82}},"type":"binary-expr","locations":[{"start":{"line":13,"column":23},"end":{"line":13,"column":52}},{"start":{"line":13,"column":56},"end":{"line":13,"column":82}}]},"1":{"loc":{"start":{"line":14,"column":21},"end":{"line":14,"column":77}},"type":"binary-expr","locations":[{"start":{"line":14,"column":21},"end":{"line":14,"column":45}},{"start":{"line":14,"column":49},"end":{"line":14,"column":77}}]},"2":{"loc":{"start":{"line":59,"column":4},"end":{"line":61,"column":5}},"type":"if","locations":[{"start":{"line":59,"column":4},"end":{"line":61,"column":5}},{"start":{},"end":{}}]},"3":{"loc":{"start":{"line":105,"column":19},"end":{"line":105,"column":59}},"type":"binary-expr","locations":[{"start":{"line":105,"column":19},"end":{"line":105,"column":30}},{"start":{"line":105,"column":34},"end":{"line":105,"column":59}}]},"4":{"loc":{"start":{"line":109,"column":2},"end":{"line":109,"column":109}},"type":"cond-expr","locations":[{"start":{"line":109,"column":38},"end":{"line":109,"column":88}},{"start":{"line":109,"column":91},"end":{"line":109,"column":109}}]},"5":{"loc":{"start":{"line":109,"column":2},"end":{"line":109,"column":35}},"type":"binary-expr","locations":[{"start":{"line":109,"column":2},"end":{"line":109,"column":11}},{"start":{"line":109,"column":15},"end":{"line":109,"column":35}}]},"6":{"loc":{"start":{"line":145,"column":4},"end":{"line":147,"column":5}},"type":"if","locations":[{"start":{"line":145,"column":4},"end":{"line":147,"column":5}},{"start":{},"end":{}}]},"7":{"loc":{"start":{"line":153,"column":16},"end":{"line":153,"column":42}},"type":"binary-expr","locations":[{"start":{"line":153,"column":16},"end":{"line":153,"column":31}},{"start":{"line":153,"column":35},"end":{"line":153,"column":42}}]},"8":{"loc":{"start":{"line":154,"column":19},"end":{"line":154,"column":50}},"type":"binary-expr","locations":[{"start":{"line":154,"column":19},"end":{"line":154,"column":37}},{"start":{"line":154,"column":41},"end":{"line":154,"column":50}}]},"9":{"loc":{"start":{"line":155,"column":13},"end":{"line":155,"column":38}},"type":"binary-expr","locations":[{"start":{"line":155,"column":13},"end":{"line":155,"column":25}},{"start":{"line":155,"column":29},"end":{"line":155,"column":38}}]},"10":{"loc":{"start":{"line":156,"column":17},"end":{"line":156,"column":43}},"type":"binary-expr","locations":[{"start":{"line":156,"column":17},"end":{"line":156,"column":33}},{"start":{"line":156,"column":37},"end":{"line":156,"column":43}}]},"11":{"loc":{"start":{"line":157,"column":20},"end":{"line":157,"column":52}},"type":"binary-expr","locations":[{"start":{"line":157,"column":20},"end":{"line":157,"column":39}},{"start":{"line":157,"column":43},"end":{"line":157,"column":52}}]},"12":{"loc":{"start":{"line":158,"column":19},"end":{"line":160,"column":12}},"type":"cond-expr","locations":[{"start":{"line":159,"column":10},"end":{"line":159,"column":28}},{"start":{"line":160,"column":10},"end":{"line":160,"column":12}}]},"13":{"loc":{"start":{"line":161,"column":23},"end":{"line":163,"column":12}},"type":"cond-expr","locations":[{"start":{"line":162,"column":10},"end":{"line":162,"column":32}},{"start":{"line":163,"column":10},"end":{"line":163,"column":12}}]},"14":{"loc":{"start":{"line":166,"column":22},"end":{"line":166,"column":52}},"type":"binary-expr","locations":[{"start":{"line":166,"column":22},"end":{"line":166,"column":46}},{"start":{"line":166,"column":50},"end":{"line":166,"column":52}}]},"15":{"loc":{"start":{"line":168,"column":18},"end":{"line":170,"column":18}},"type":"cond-expr","locations":[{"start":{"line":169,"column":10},"end":{"line":169,"column":27}},{"start":{"line":170,"column":10},"end":{"line":170,"column":18}}]},"16":{"loc":{"start":{"line":171,"column":17},"end":{"line":171,"column":60}},"type":"binary-expr","locations":[{"start":{"line":171,"column":17},"end":{"line":171,"column":33}},{"start":{"line":171,"column":37},"end":{"line":171,"column":60}}]},"17":{"loc":{"start":{"line":172,"column":20},"end":{"line":172,"column":52}},"type":"binary-expr","locations":[{"start":{"line":172,"column":20},"end":{"line":172,"column":39}},{"start":{"line":172,"column":43},"end":{"line":172,"column":52}}]},"18":{"loc":{"start":{"line":173,"column":19},"end":{"line":173,"column":50}},"type":"binary-expr","locations":[{"start":{"line":173,"column":19},"end":{"line":173,"column":37}},{"start":{"line":173,"column":41},"end":{"line":173,"column":50}}]},"19":{"loc":{"start":{"line":185,"column":2},"end":{"line":187,"column":3}},"type":"if","locations":[{"start":{"line":185,"column":2},"end":{"line":187,"column":3}},{"start":{},"end":{}}]},"20":{"loc":{"start":{"line":206,"column":4},"end":{"line":208,"column":5}},"type":"if","locations":[{"start":{"line":206,"column":4},"end":{"line":208,"column":5}},{"start":{},"end":{}}]},"21":{"loc":{"start":{"line":206,"column":8},"end":{"line":206,"column":51}},"type":"binary-expr","locations":[{"start":{"line":206,"column":8},"end":{"line":206,"column":20}},{"start":{"line":206,"column":24},"end":{"line":206,"column":51}}]},"22":{"loc":{"start":{"line":213,"column":4},"end":{"line":221,"column":5}},"type":"if","locations":[{"start":{"line":213,"column":4},"end":{"line":221,"column":5}},{"start":{},"end":{}}]},"23":{"loc":{"start":{"line":213,"column":8},"end":{"line":213,"column":63}},"type":"binary-expr","locations":[{"start":{"line":213,"column":8},"end":{"line":213,"column":13}},{"start":{"line":213,"column":17},"end":{"line":213,"column":42}},{"start":{"line":213,"column":46},"end":{"line":213,"column":63}}]},"24":{"loc":{"start":{"line":215,"column":6},"end":{"line":217,"column":7}},"type":"if","locations":[{"start":{"line":215,"column":6},"end":{"line":217,"column":7}},{"start":{},"end":{}}]},"25":{"loc":{"start":{"line":218,"column":6},"end":{"line":220,"column":7}},"type":"if","locations":[{"start":{"line":218,"column":6},"end":{"line":220,"column":7}},{"start":{},"end":{}}]},"26":{"loc":{"start":{"line":224,"column":4},"end":{"line":229,"column":5}},"type":"if","locations":[{"start":{"line":224,"column":4},"end":{"line":229,"column":5}},{"start":{},"end":{}}]},"27":{"loc":{"start":{"line":225,"column":6},"end":{"line":227,"column":7}},"type":"if","locations":[{"start":{"line":225,"column":6},"end":{"line":227,"column":7}},{"start":{},"end":{}}]},"28":{"loc":{"start":{"line":225,"column":10},"end":{"line":225,"column":79}},"type":"binary-expr","locations":[{"start":{"line":225,"column":10},"end":{"line":225,"column":46}},{"start":{"line":225,"column":50},"end":{"line":225,"column":79}}]},"29":{"loc":{"start":{"line":244,"column":2},"end":{"line":246,"column":3}},"type":"if","locations":[{"start":{"line":244,"column":2},"end":{"line":246,"column":3}},{"start":{},"end":{}}]},"30":{"loc":{"start":{"line":253,"column":2},"end":{"line":255,"column":3}},"type":"if","locations":[{"start":{"line":253,"column":2},"end":{"line":255,"column":3}},{"start":{},"end":{}}]},"31":{"loc":{"start":{"line":259,"column":2},"end":{"line":265,"column":3}},"type":"if","locations":[{"start":{"line":259,"column":2},"end":{"line":265,"column":3}},{"start":{},"end":{}}]},"32":{"loc":{"start":{"line":323,"column":6},"end":{"line":335,"column":7}},"type":"if","locations":[{"start":{"line":323,"column":6},"end":{"line":335,"column":7}},{"start":{"line":326,"column":13},"end":{"line":335,"column":7}}]},"33":{"loc":{"start":{"line":332,"column":8},"end":{"line":334,"column":9}},"type":"if","locations":[{"start":{"line":332,"column":8},"end":{"line":334,"column":9}},{"start":{},"end":{}}]},"34":{"loc":{"start":{"line":340,"column":15},"end":{"line":340,"column":71}},"type":"cond-expr","locations":[{"start":{"line":340,"column":40},"end":{"line":340,"column":53}},{"start":{"line":340,"column":56},"end":{"line":340,"column":71}}]},"35":{"loc":{"start":{"line":344,"column":4},"end":{"line":346,"column":5}},"type":"if","locations":[{"start":{"line":344,"column":4},"end":{"line":346,"column":5}},{"start":{},"end":{}}]}},"s":{"0":1,"1":1,"2":1,"3":1,"4":1,"5":1,"6":1,"7":1,"8":30,"9":30,"10":29,"11":7,"12":6,"13":28,"14":11,"15":11,"16":11,"17":11,"18":8,"19":38,"20":29,"21":29,"22":29,"23":4,"24":25,"25":25,"26":4,"27":4,"28":38,"29":0,"30":38,"31":38,"32":38,"33":30,"34":30,"35":30,"36":1,"37":29,"38":9,"39":3,"40":3,"41":1,"42":2,"43":2,"44":6,"45":4,"46":2,"47":2,"48":2,"49":18,"50":18,"51":1,"52":17,"53":17,"54":3,"55":14,"56":14,"57":14,"58":14,"59":14,"60":14,"61":13,"62":11,"63":11,"64":24,"65":24,"66":16,"67":6,"68":6,"69":6,"70":6,"71":6,"72":6,"73":12,"74":12,"75":12,"76":12,"77":1,"78":1,"79":11,"80":6,"81":6,"82":3,"83":3,"84":5,"85":5,"86":12,"87":2,"88":6},"f":{"0":30,"1":11,"2":38,"3":29,"4":38,"5":30,"6":18,"7":24,"8":6,"9":3},"b":{"0":[1,0],"1":[1,1],"2":[7,22],"3":[38,6],"4":[2,36],"5":[38,16],"6":[4,25],"7":[25,1],"8":[25,24],"9":[25,24],"10":[25,1],"11":[25,24],"12":[21,4],"13":[21,4],"14":[25,1],"15":[23,2],"16":[25,1],"17":[25,24],"18":[25,24],"19":[0,38],"20":[1,29],"21":[30,29],"22":[3,6],"23":[9,9,7],"24":[1,2],"25":[2,0],"26":[4,2],"27":[2,2],"28":[4,3],"29":[1,17],"30":[3,14],"31":[14,0],"32":[1,11],"33":[3,3],"34":[5,0],"35":[2,10]}}
,"/home/ubuntu/.openclaw/workspace/projects/flipper-ai/src/lib/crypto.ts": {"path":"/home/ubuntu/.openclaw/workspace/projects/flipper-ai/src/lib/crypto.ts","statementMap":{"0":{"start":{"line":41,"column":0},"end":{"line":41,"column":16}},"1":{"start":{"line":63,"column":0},"end":{"line":63,"column":16}},"2":{"start":{"line":92,"column":0},"end":{"line":92,"column":16}},"3":{"start":{"line":104,"column":0},"end":{"line":104,"column":16}},"4":{"start":{"line":6,"column":0},"end":{"line":6,"column":83}},"5":{"start":{"line":8,"column":18},"end":{"line":8,"column":31}},"6":{"start":{"line":9,"column":18},"end":{"line":9,"column":20}},"7":{"start":{"line":10,"column":24},"end":{"line":10,"column":26}},"8":{"start":{"line":11,"column":20},"end":{"line":11,"column":22}},"9":{"start":{"line":12,"column":19},"end":{"line":12,"column":21}},"10":{"start":{"line":19,"column":17},"end":{"line":19,"column":46}},"11":{"start":{"line":20,"column":2},"end":{"line":26,"column":3}},"12":{"start":{"line":21,"column":4},"end":{"line":23,"column":5}},"13":{"start":{"line":22,"column":6},"end":{"line":22,"column":90}},"14":{"start":{"line":25,"column":4},"end":{"line":25,"column":65}},"15":{"start":{"line":27,"column":2},"end":{"line":27,"column":16}},"16":{"start":{"line":34,"column":2},"end":{"line":34,"column":46}},"17":{"start":{"line":42,"column":17},"end":{"line":42,"column":38}},"18":{"start":{"line":43,"column":15},"end":{"line":43,"column":39}},"19":{"start":{"line":44,"column":14},"end":{"line":44,"column":37}},"20":{"start":{"line":45,"column":13},"end":{"line":45,"column":35}},"21":{"start":{"line":47,"column":17},"end":{"line":47,"column":51}},"22":{"start":{"line":48,"column":20},"end":{"line":51,"column":4}},"23":{"start":{"line":52,"column":18},"end":{"line":52,"column":37}},"24":{"start":{"line":55,"column":19},"end":{"line":55,"column":64}},"25":{"start":{"line":56,"column":2},"end":{"line":56,"column":37}},"26":{"start":{"line":64,"column":17},"end":{"line":64,"column":38}},"27":{"start":{"line":65,"column":19},"end":{"line":65,"column":57}},"28":{"start":{"line":68,"column":15},"end":{"line":68,"column":48}},"29":{"start":{"line":69,"column":13},"end":{"line":69,"column":68}},"30":{"start":{"line":70,"column":18},"end":{"line":72,"column":null}},"31":{"start":{"line":74,"column":21},"end":{"line":74,"column":81}},"32":{"start":{"line":76,"column":14},"end":{"line":76,"column":37}},"33":{"start":{"line":77,"column":19},"end":{"line":77,"column":55}},"34":{"start":{"line":78,"column":2},"end":{"line":78,"column":31}},"35":{"start":{"line":80,"column":20},"end":{"line":83,"column":4}},"36":{"start":{"line":85,"column":2},"end":{"line":85,"column":36}},"37":{"start":{"line":93,"column":2},"end":{"line":95,"column":3}},"38":{"start":{"line":94,"column":4},"end":{"line":94,"column":18}},"39":{"start":{"line":96,"column":22},"end":{"line":96,"column":38}},"40":{"start":{"line":97,"column":23},"end":{"line":97,"column":40}},"41":{"start":{"line":98,"column":2},"end":{"line":98,"column":62}},"42":{"start":{"line":105,"column":2},"end":{"line":105,"column":27}},"43":{"start":{"line":105,"column":14},"end":{"line":105,"column":27}},"44":{"start":{"line":106,"column":2},"end":{"line":112,"column":3}},"45":{"start":{"line":107,"column":20},"end":{"line":107,"column":48}},"46":{"start":{"line":109,"column":4},"end":{"line":109,"column":75}},"47":{"start":{"line":111,"column":4},"end":{"line":111,"column":17}}},"fnMap":{"0":{"name":"getEncryptionSecret","decl":{"start":{"line":18,"column":9},"end":{"line":18,"column":28}},"loc":{"start":{"line":18,"column":28},"end":{"line":28,"column":1}}},"1":{"name":"deriveKey","decl":{"start":{"line":33,"column":9},"end":{"line":33,"column":18}},"loc":{"start":{"line":33,"column":47},"end":{"line":35,"column":1}}},"2":{"name":"encrypt","decl":{"start":{"line":41,"column":16},"end":{"line":41,"column":23}},"loc":{"start":{"line":41,"column":41},"end":{"line":57,"column":1}}},"3":{"name":"decrypt","decl":{"start":{"line":63,"column":16},"end":{"line":63,"column":23}},"loc":{"start":{"line":63,"column":47},"end":{"line":86,"column":1}}},"4":{"name":"maskApiKey","decl":{"start":{"line":92,"column":16},"end":{"line":92,"column":26}},"loc":{"start":{"line":92,"column":41},"end":{"line":99,"column":1}}},"5":{"name":"isEncrypted","decl":{"start":{"line":104,"column":16},"end":{"line":104,"column":27}},"loc":{"start":{"line":104,"column":41},"end":{"line":113,"column":1}}}},"branchMap":{"0":{"loc":{"start":{"line":20,"column":2},"end":{"line":26,"column":3}},"type":"if","locations":[{"start":{"line":20,"column":2},"end":{"line":26,"column":3}},{"start":{},"end":{}}]},"1":{"loc":{"start":{"line":21,"column":4},"end":{"line":23,"column":5}},"type":"if","locations":[{"start":{"line":21,"column":4},"end":{"line":23,"column":5}},{"start":{},"end":{}}]},"2":{"loc":{"start":{"line":93,"column":2},"end":{"line":95,"column":3}},"type":"if","locations":[{"start":{"line":93,"column":2},"end":{"line":95,"column":3}},{"start":{},"end":{}}]},"3":{"loc":{"start":{"line":93,"column":6},"end":{"line":93,"column":34}},"type":"binary-expr","locations":[{"start":{"line":93,"column":6},"end":{"line":93,"column":13}},{"start":{"line":93,"column":17},"end":{"line":93,"column":34}}]},"4":{"loc":{"start":{"line":105,"column":2},"end":{"line":105,"column":27}},"type":"if","locations":[{"start":{"line":105,"column":2},"end":{"line":105,"column":27}},{"start":{},"end":{}}]}},"s":{"0":1,"1":1,"2":1,"3":1,"4":1,"5":1,"6":1,"7":1,"8":1,"9":1,"10":36,"11":36,"12":32,"13":1,"14":31,"15":4,"16":35,"17":20,"18":19,"19":19,"20":19,"21":19,"22":19,"23":19,"24":19,"25":19,"26":16,"27":16,"28":16,"29":16,"30":16,"31":16,"32":16,"33":16,"34":15,"35":14,"36":12,"37":9,"38":4,"39":5,"40":5,"41":5,"42":8,"43":3,"44":5,"45":5,"46":5,"47":0},"f":{"0":36,"1":35,"2":20,"3":16,"4":9,"5":8},"b":{"0":[32,4],"1":[1,31],"2":[4,5],"3":[9,8],"4":[3,5]}}
,"/home/ubuntu/.openclaw/workspace/projects/flipper-ai/src/lib/env.ts": {"path":"/home/ubuntu/.openclaw/workspace/projects/flipper-ai/src/lib/env.ts","statementMap":{"0":{"start":{"line":104,"column":0},"end":{"line":104,"column":16}},"1":{"start":{"line":116,"column":0},"end":{"line":116,"column":16}},"2":{"start":{"line":121,"column":0},"end":{"line":121,"column":16}},"3":{"start":{"line":126,"column":0},"end":{"line":126,"column":16}},"4":{"start":{"line":12,"column":0},"end":{"line":12,"column":24}},"5":{"start":{"line":14,"column":18},"end":{"line":53,"column":2}},"6":{"start":{"line":43,"column":66},"end":{"line":43,"column":91}},"7":{"start":{"line":44,"column":66},"end":{"line":44,"column":91}},"8":{"start":{"line":45,"column":68},"end":{"line":45,"column":93}},"9":{"start":{"line":62,"column":17},"end":{"line":62,"column":48}},"10":{"start":{"line":64,"column":13},"end":{"line":71,"column":null}},"11":{"start":{"line":74,"column":17},"end":{"line":74,"column":43}},"12":{"start":{"line":76,"column":2},"end":{"line":95,"column":3}},"13":{"start":{"line":77,"column":22},"end":{"line":77,"column":56}},"14":{"start":{"line":78,"column":20},"end":{"line":80,"column":17}},"15":{"start":{"line":79,"column":30},"end":{"line":79,"column":63}},"16":{"start":{"line":82,"column":4},"end":{"line":82,"column":66}},"17":{"start":{"line":84,"column":4},"end":{"line":86,"column":5}},"18":{"start":{"line":85,"column":6},"end":{"line":85,"column":77}},"19":{"start":{"line":89,"column":4},"end":{"line":94,"column":7}},"20":{"start":{"line":97,"column":2},"end":{"line":97,"column":21}},"21":{"start":{"line":101,"column":13},"end":{"line":101,"column":30}},"22":{"start":{"line":105,"column":2},"end":{"line":112,"column":3}},"23":{"start":{"line":107,"column":6},"end":{"line":107,"column":66}},"24":{"start":{"line":109,"column":6},"end":{"line":109,"column":66}},"25":{"start":{"line":111,"column":6},"end":{"line":111,"column":64}},"26":{"start":{"line":117,"column":2},"end":{"line":117,"column":39}},"27":{"start":{"line":122,"column":2},"end":{"line":122,"column":40}},"28":{"start":{"line":127,"column":2},"end":{"line":127,"column":33}}},"fnMap":{"0":{"name":"(anonymous_0)","decl":{"start":{"line":43,"column":61},"end":{"line":43,"column":62}},"loc":{"start":{"line":43,"column":66},"end":{"line":43,"column":91}}},"1":{"name":"(anonymous_1)","decl":{"start":{"line":44,"column":61},"end":{"line":44,"column":62}},"loc":{"start":{"line":44,"column":66},"end":{"line":44,"column":91}}},"2":{"name":"(anonymous_2)","decl":{"start":{"line":45,"column":63},"end":{"line":45,"column":64}},"loc":{"start":{"line":45,"column":68},"end":{"line":45,"column":93}}},"3":{"name":"parseEnv","decl":{"start":{"line":61,"column":9},"end":{"line":61,"column":17}},"loc":{"start":{"line":61,"column":17},"end":{"line":98,"column":1}}},"4":{"name":"(anonymous_4)","decl":{"start":{"line":79,"column":11},"end":{"line":79,"column":12}},"loc":{"start":{"line":79,"column":30},"end":{"line":79,"column":63}}},"5":{"name":"isOAuthConfigured","decl":{"start":{"line":104,"column":16},"end":{"line":104,"column":33}},"loc":{"start":{"line":104,"column":76},"end":{"line":113,"column":1}}},"6":{"name":"isProduction","decl":{"start":{"line":116,"column":16},"end":{"line":116,"column":28}},"loc":{"start":{"line":116,"column":28},"end":{"line":118,"column":1}}},"7":{"name":"isDevelopment","decl":{"start":{"line":121,"column":16},"end":{"line":121,"column":29}},"loc":{"start":{"line":121,"column":29},"end":{"line":123,"column":1}}},"8":{"name":"isTest","decl":{"start":{"line":126,"column":16},"end":{"line":126,"column":22}},"loc":{"start":{"line":126,"column":22},"end":{"line":128,"column":1}}}},"branchMap":{"0":{"loc":{"start":{"line":43,"column":66},"end":{"line":43,"column":91}},"type":"binary-expr","locations":[{"start":{"line":43,"column":66},"end":{"line":43,"column":78}},{"start":{"line":43,"column":82},"end":{"line":43,"column":91}}]},"1":{"loc":{"start":{"line":44,"column":66},"end":{"line":44,"column":91}},"type":"binary-expr","locations":[{"start":{"line":44,"column":66},"end":{"line":44,"column":78}},{"start":{"line":44,"column":82},"end":{"line":44,"column":91}}]},"2":{"loc":{"start":{"line":45,"column":68},"end":{"line":45,"column":93}},"type":"binary-expr","locations":[{"start":{"line":45,"column":68},"end":{"line":45,"column":80}},{"start":{"line":45,"column":84},"end":{"line":45,"column":93}}]},"3":{"loc":{"start":{"line":67,"column":8},"end":{"line":71,"column":10}},"type":"cond-expr","locations":[{"start":{"line":67,"column":17},"end":{"line":71,"column":6}},{"start":{"line":71,"column":8},"end":{"line":71,"column":10}}]},"4":{"loc":{"start":{"line":68,"column":20},"end":{"line":68,"column":64}},"type":"binary-expr","locations":[{"start":{"line":68,"column":20},"end":{"line":68,"column":44}},{"start":{"line":68,"column":48},"end":{"line":68,"column":64}}]},"5":{"loc":{"start":{"line":69,"column":19},"end":{"line":69,"column":81}},"type":"binary-expr","locations":[{"start":{"line":69,"column":19},"end":{"line":69,"column":42}},{"start":{"line":69,"column":46},"end":{"line":69,"column":81}}]},"6":{"loc":{"start":{"line":70,"column":25},"end":{"line":70,"column":88}},"type":"binary-expr","locations":[{"start":{"line":70,"column":25},"end":{"line":70,"column":54}},{"start":{"line":70,"column":58},"end":{"line":70,"column":88}}]},"7":{"loc":{"start":{"line":76,"column":2},"end":{"line":95,"column":3}},"type":"if","locations":[{"start":{"line":76,"column":2},"end":{"line":95,"column":3}},{"start":{},"end":{}}]},"8":{"loc":{"start":{"line":79,"column":43},"end":{"line":79,"column":61}},"type":"cond-expr","locations":[{"start":{"line":79,"column":49},"end":{"line":79,"column":51}},{"start":{"line":79,"column":43},"end":{"line":79,"column":61}}]},"9":{"loc":{"start":{"line":79,"column":43},"end":{"line":79,"column":51}},"type":"binary-expr","locations":[{"start":{"line":79,"column":43},"end":{"line":79,"column":51}},{"start":{"line":79,"column":43},"end":{"line":79,"column":51}}]},"10":{"loc":{"start":{"line":84,"column":4},"end":{"line":86,"column":5}},"type":"if","locations":[{"start":{"line":84,"column":4},"end":{"line":86,"column":5}},{"start":{},"end":{}}]},"11":{"loc":{"start":{"line":105,"column":2},"end":{"line":112,"column":3}},"type":"switch","locations":[{"start":{"line":106,"column":4},"end":{"line":107,"column":66}},{"start":{"line":108,"column":4},"end":{"line":109,"column":66}},{"start":{"line":110,"column":4},"end":{"line":111,"column":64}}]},"12":{"loc":{"start":{"line":107,"column":16},"end":{"line":107,"column":64}},"type":"binary-expr","locations":[{"start":{"line":107,"column":16},"end":{"line":107,"column":36}},{"start":{"line":107,"column":40},"end":{"line":107,"column":64}}]},"13":{"loc":{"start":{"line":109,"column":16},"end":{"line":109,"column":64}},"type":"binary-expr","locations":[{"start":{"line":109,"column":16},"end":{"line":109,"column":36}},{"start":{"line":109,"column":40},"end":{"line":109,"column":64}}]},"14":{"loc":{"start":{"line":111,"column":16},"end":{"line":111,"column":62}},"type":"binary-expr","locations":[{"start":{"line":111,"column":16},"end":{"line":111,"column":35}},{"start":{"line":111,"column":39},"end":{"line":111,"column":62}}]}},"s":{"0":18,"1":18,"2":18,"3":18,"4":18,"5":18,"6":19,"7":19,"8":19,"9":18,"10":18,"11":18,"12":18,"13":2,"14":2,"15":4,"16":2,"17":2,"18":1,"19":1,"20":16,"21":18,"22":6,"23":2,"24":2,"25":2,"26":1,"27":1,"28":1},"f":{"0":19,"1":19,"2":19,"3":18,"4":4,"5":6,"6":1,"7":1,"8":1},"b":{"0":[19,18],"1":[19,19],"2":[19,19],"3":[17,1],"4":[17,16],"5":[17,16],"6":[17,15],"7":[2,16],"8":[0,4],"9":[4,4],"10":[1,1],"11":[2,2,2],"12":[2,1],"13":[2,1],"14":[2,1]}}
,"/home/ubuntu/.openclaw/workspace/projects/flipper-ai/src/lib/image-service.ts": {"path":"/home/ubuntu/.openclaw/workspace/projects/flipper-ai/src/lib/image-service.ts","statementMap":{"0":{"start":{"line":35,"column":0},"end":{"line":35,"column":16}},"1":{"start":{"line":85,"column":0},"end":{"line":85,"column":7}},"2":{"start":{"line":102,"column":0},"end":{"line":102,"column":7}},"3":{"start":{"line":205,"column":0},"end":{"line":205,"column":7}},"4":{"start":{"line":282,"column":0},"end":{"line":282,"column":16}},"5":{"start":{"line":350,"column":0},"end":{"line":350,"column":16}},"6":{"start":{"line":359,"column":0},"end":{"line":359,"column":7}},"7":{"start":{"line":6,"column":0},"end":{"line":6,"column":36}},"8":{"start":{"line":7,"column":0},"end":{"line":7,"column":55}},"9":{"start":{"line":8,"column":0},"end":{"line":8,"column":28}},"10":{"start":{"line":11,"column":24},"end":{"line":11,"column":75}},"11":{"start":{"line":12,"column":26},"end":{"line":12,"column":27}},"12":{"start":{"line":13,"column":28},"end":{"line":13,"column":33}},"13":{"start":{"line":14,"column":24},"end":{"line":14,"column":78}},"14":{"start":{"line":36,"column":2},"end":{"line":36,"column":73}},"15":{"start":{"line":43,"column":38},"end":{"line":48,"column":4}},"16":{"start":{"line":49,"column":2},"end":{"line":49,"column":32}},"17":{"start":{"line":56,"column":2},"end":{"line":67,"column":3}},"18":{"start":{"line":57,"column":21},"end":{"line":57,"column":42}},"19":{"start":{"line":58,"column":18},"end":{"line":58,"column":44}},"20":{"start":{"line":59,"column":4},"end":{"line":64,"column":5}},"21":{"start":{"line":60,"column":18},"end":{"line":60,"column":40}},"22":{"start":{"line":61,"column":6},"end":{"line":63,"column":7}},"23":{"start":{"line":62,"column":8},"end":{"line":62,"column":44}},"24":{"start":{"line":68,"column":2},"end":{"line":68,"column":15}},"25":{"start":{"line":75,"column":2},"end":{"line":79,"column":3}},"26":{"start":{"line":76,"column":4},"end":{"line":76,"column":34}},"27":{"start":{"line":78,"column":4},"end":{"line":78,"column":54}},"28":{"start":{"line":86,"column":21},"end":{"line":86,"column":50}},"29":{"start":{"line":87,"column":2},"end":{"line":95,"column":3}},"30":{"start":{"line":88,"column":21},"end":{"line":88,"column":63}},"31":{"start":{"line":89,"column":4},"end":{"line":94,"column":5}},"32":{"start":{"line":90,"column":6},"end":{"line":90,"column":29}},"33":{"start":{"line":91,"column":6},"end":{"line":91,"column":50}},"34":{"start":{"line":96,"column":2},"end":{"line":96,"column":14}},"35":{"start":{"line":105,"column":2},"end":{"line":198,"column":3}},"36":{"start":{"line":107,"column":20},"end":{"line":107,"column":47}},"37":{"start":{"line":110,"column":25},"end":{"line":110,"column":53}},"38":{"start":{"line":111,"column":4},"end":{"line":122,"column":5}},"39":{"start":{"line":112,"column":6},"end":{"line":121,"column":8}},"40":{"start":{"line":125,"column":4},"end":{"line":125,"column":27}},"41":{"start":{"line":128,"column":23},"end":{"line":128,"column":44}},"42":{"start":{"line":129,"column":22},"end":{"line":129,"column":79}},"43":{"start":{"line":129,"column":39},"end":{"line":129,"column":57}},"44":{"start":{"line":131,"column":21},"end":{"line":138,"column":6}},"45":{"start":{"line":140,"column":4},"end":{"line":140,"column":28}},"46":{"start":{"line":142,"column":4},"end":{"line":147,"column":5}},"47":{"start":{"line":143,"column":6},"end":{"line":146,"column":8}},"48":{"start":{"line":150,"column":24},"end":{"line":150,"column":76}},"49":{"start":{"line":151,"column":21},"end":{"line":151,"column":53}},"50":{"start":{"line":154,"column":4},"end":{"line":159,"column":5}},"51":{"start":{"line":155,"column":6},"end":{"line":158,"column":8}},"52":{"start":{"line":162,"column":19},"end":{"line":162,"column":47}},"53":{"start":{"line":163,"column":18},"end":{"line":163,"column":40}},"54":{"start":{"line":166,"column":4},"end":{"line":171,"column":5}},"55":{"start":{"line":167,"column":6},"end":{"line":170,"column":8}},"56":{"start":{"line":174,"column":22},"end":{"line":174,"column":89}},"57":{"start":{"line":175,"column":21},"end":{"line":175,"column":46}},"58":{"start":{"line":176,"column":21},"end":{"line":176,"column":52}},"59":{"start":{"line":177,"column":23},"end":{"line":177,"column":53}},"60":{"start":{"line":180,"column":4},"end":{"line":180,"column":37}},"61":{"start":{"line":182,"column":4},"end":{"line":191,"column":6}},"62":{"start":{"line":193,"column":20},"end":{"line":193,"column":76}},"63":{"start":{"line":194,"column":4},"end":{"line":196,"column":5}},"64":{"start":{"line":195,"column":6},"end":{"line":195,"column":59}},"65":{"start":{"line":197,"column":4},"end":{"line":197,"column":46}},"66":{"start":{"line":217,"column":54},"end":{"line":217,"column":67}},"67":{"start":{"line":218,"column":41},"end":{"line":218,"column":43}},"68":{"start":{"line":219,"column":31},"end":{"line":219,"column":33}},"69":{"start":{"line":222,"column":2},"end":{"line":240,"column":3}},"70":{"start":{"line":222,"column":15},"end":{"line":222,"column":16}},"71":{"start":{"line":223,"column":18},"end":{"line":223,"column":55}},"72":{"start":{"line":224,"column":25},"end":{"line":225,"column":null}},"73":{"start":{"line":225,"column":25},"end":{"line":225,"column":51}},"74":{"start":{"line":228,"column":4},"end":{"line":239,"column":5}},"75":{"start":{"line":228,"column":17},"end":{"line":228,"column":18}},"76":{"start":{"line":229,"column":21},"end":{"line":229,"column":36}},"77":{"start":{"line":230,"column":26},"end":{"line":230,"column":34}},"78":{"start":{"line":231,"column":6},"end":{"line":231,"column":27}},"79":{"start":{"line":233,"column":6},"end":{"line":238,"column":7}},"80":{"start":{"line":234,"column":8},"end":{"line":234,"column":54}},"81":{"start":{"line":235,"column":13},"end":{"line":238,"column":7}},"82":{"start":{"line":237,"column":8},"end":{"line":237,"column":37}},"83":{"start":{"line":242,"column":2},"end":{"line":247,"column":4}},"84":{"start":{"line":245,"column":40},"end":{"line":245,"column":49}},"85":{"start":{"line":246,"column":37},"end":{"line":246,"column":47}},"86":{"start":{"line":261,"column":44},"end":{"line":273,"column":2}},"87":{"start":{"line":275,"column":51},"end":{"line":276,"column":null}},"88":{"start":{"line":276,"column":52},"end":{"line":276,"column":64}},"89":{"start":{"line":283,"column":19},"end":{"line":283,"column":30}},"90":{"start":{"line":284,"column":18},"end":{"line":284,"column":50}},"91":{"start":{"line":287,"column":23},"end":{"line":287,"column":42}},"92":{"start":{"line":288,"column":21},"end":{"line":288,"column":48}},"93":{"start":{"line":290,"column":2},"end":{"line":313,"column":3}},"94":{"start":{"line":291,"column":17},"end":{"line":291,"column":37}},"95":{"start":{"line":292,"column":23},"end":{"line":292,"column":43}},"96":{"start":{"line":296,"column":4},"end":{"line":301,"column":5}},"97":{"start":{"line":297,"column":6},"end":{"line":297,"column":43}},"98":{"start":{"line":300,"column":6},"end":{"line":300,"column":50}},"99":{"start":{"line":303,"column":22},"end":{"line":303,"column":65}},"100":{"start":{"line":304,"column":27},"end":{"line":304,"column":52}},"101":{"start":{"line":306,"column":4},"end":{"line":312,"column":6}},"102":{"start":{"line":307,"column":37},"end":{"line":307,"column":75}},"103":{"start":{"line":308,"column":43},"end":{"line":308,"column":81}},"104":{"start":{"line":316,"column":22},"end":{"line":316,"column":45}},"105":{"start":{"line":317,"column":20},"end":{"line":317,"column":46}},"106":{"start":{"line":319,"column":2},"end":{"line":331,"column":3}},"107":{"start":{"line":320,"column":17},"end":{"line":320,"column":48}},"108":{"start":{"line":321,"column":22},"end":{"line":321,"column":48}},"109":{"start":{"line":322,"column":22},"end":{"line":322,"column":64}},"110":{"start":{"line":324,"column":4},"end":{"line":330,"column":6}},"111":{"start":{"line":325,"column":37},"end":{"line":325,"column":75}},"112":{"start":{"line":326,"column":43},"end":{"line":326,"column":81}},"113":{"start":{"line":335,"column":25},"end":{"line":335,"column":53}},"114":{"start":{"line":337,"column":2},"end":{"line":343,"column":4}},"115":{"start":{"line":338,"column":42},"end":{"line":338,"column":80}},"116":{"start":{"line":351,"column":18},"end":{"line":351,"column":46}},"117":{"start":{"line":352,"column":2},"end":{"line":352,"column":54}},"118":{"start":{"line":366,"column":18},"end":{"line":366,"column":45}},"119":{"start":{"line":367,"column":17},"end":{"line":367,"column":45}},"120":{"start":{"line":369,"column":2},"end":{"line":371,"column":3}},"121":{"start":{"line":370,"column":4},"end":{"line":370,"column":18}},"122":{"start":{"line":373,"column":2},"end":{"line":375,"column":3}},"123":{"start":{"line":374,"column":4},"end":{"line":374,"column":52}},"124":{"start":{"line":377,"column":2},"end":{"line":377,"column":18}}},"fnMap":{"0":{"name":"generateImageHash","decl":{"start":{"line":35,"column":16},"end":{"line":35,"column":33}},"loc":{"start":{"line":35,"column":45},"end":{"line":37,"column":1}}},"1":{"name":"getExtensionFromMimeType","decl":{"start":{"line":42,"column":9},"end":{"line":42,"column":33}},"loc":{"start":{"line":42,"column":50},"end":{"line":50,"column":1}}},"2":{"name":"getExtensionFromUrl","decl":{"start":{"line":55,"column":9},"end":{"line":55,"column":28}},"loc":{"start":{"line":55,"column":40},"end":{"line":69,"column":1}}},"3":{"name":"ensureCacheDir","decl":{"start":{"line":74,"column":15},"end":{"line":74,"column":29}},"loc":{"start":{"line":74,"column":29},"end":{"line":80,"column":1}}},"4":{"name":"isImageCached","decl":{"start":{"line":85,"column":22},"end":{"line":85,"column":35}},"loc":{"start":{"line":85,"column":51},"end":{"line":97,"column":1}}},"5":{"name":"downloadAndCacheImage","decl":{"start":{"line":102,"column":22},"end":{"line":102,"column":43}},"loc":{"start":{"line":103,"column":18},"end":{"line":199,"column":1}}},"6":{"name":"(anonymous_6)","decl":{"start":{"line":129,"column":33},"end":{"line":129,"column":36}},"loc":{"start":{"line":129,"column":39},"end":{"line":129,"column":57}}},"7":{"name":"downloadAndCacheImages","decl":{"start":{"line":205,"column":22},"end":{"line":205,"column":44}},"loc":{"start":{"line":210,"column":3},"end":{"line":248,"column":1}}},"8":{"name":"(anonymous_8)","decl":{"start":{"line":225,"column":16},"end":{"line":225,"column":17}},"loc":{"start":{"line":225,"column":25},"end":{"line":225,"column":51}}},"9":{"name":"(anonymous_9)","decl":{"start":{"line":245,"column":33},"end":{"line":245,"column":34}},"loc":{"start":{"line":245,"column":40},"end":{"line":245,"column":49}}},"10":{"name":"(anonymous_10)","decl":{"start":{"line":246,"column":30},"end":{"line":246,"column":31}},"loc":{"start":{"line":246,"column":37},"end":{"line":246,"column":47}}},"11":{"name":"(anonymous_11)","decl":{"start":{"line":276,"column":34},"end":{"line":276,"column":35}},"loc":{"start":{"line":276,"column":52},"end":{"line":276,"column":64}}},"12":{"name":"normalizeLocation","decl":{"start":{"line":282,"column":16},"end":{"line":282,"column":33}},"loc":{"start":{"line":282,"column":53},"end":{"line":344,"column":1}}},"13":{"name":"(anonymous_13)","decl":{"start":{"line":307,"column":32},"end":{"line":307,"column":33}},"loc":{"start":{"line":307,"column":37},"end":{"line":307,"column":75}}},"14":{"name":"(anonymous_14)","decl":{"start":{"line":308,"column":38},"end":{"line":308,"column":39}},"loc":{"start":{"line":308,"column":43},"end":{"line":308,"column":81}}},"15":{"name":"(anonymous_15)","decl":{"start":{"line":325,"column":32},"end":{"line":325,"column":33}},"loc":{"start":{"line":325,"column":37},"end":{"line":325,"column":75}}},"16":{"name":"(anonymous_16)","decl":{"start":{"line":326,"column":38},"end":{"line":326,"column":39}},"loc":{"start":{"line":326,"column":43},"end":{"line":326,"column":81}}},"17":{"name":"(anonymous_17)","decl":{"start":{"line":338,"column":37},"end":{"line":338,"column":38}},"loc":{"start":{"line":338,"column":42},"end":{"line":338,"column":80}}},"18":{"name":"buildProxyUrl","decl":{"start":{"line":350,"column":16},"end":{"line":350,"column":29}},"loc":{"start":{"line":350,"column":68},"end":{"line":353,"column":1}}},"19":{"name":"getBestImageUrl","decl":{"start":{"line":359,"column":22},"end":{"line":359,"column":37}},"loc":{"start":{"line":364,"column":3},"end":{"line":378,"column":1}}}},"branchMap":{"0":{"loc":{"start":{"line":49,"column":9},"end":{"line":49,"column":31}},"type":"binary-expr","locations":[{"start":{"line":49,"column":9},"end":{"line":49,"column":22}},{"start":{"line":49,"column":26},"end":{"line":49,"column":31}}]},"1":{"loc":{"start":{"line":59,"column":4},"end":{"line":64,"column":5}},"type":"if","locations":[{"start":{"line":59,"column":4},"end":{"line":64,"column":5}},{"start":{},"end":{}}]},"2":{"loc":{"start":{"line":61,"column":6},"end":{"line":63,"column":7}},"type":"if","locations":[{"start":{"line":61,"column":6},"end":{"line":63,"column":7}},{"start":{},"end":{}}]},"3":{"loc":{"start":{"line":62,"column":15},"end":{"line":62,"column":43}},"type":"cond-expr","locations":[{"start":{"line":62,"column":32},"end":{"line":62,"column":37}},{"start":{"line":62,"column":40},"end":{"line":62,"column":43}}]},"4":{"loc":{"start":{"line":111,"column":4},"end":{"line":122,"column":5}},"type":"if","locations":[{"start":{"line":111,"column":4},"end":{"line":122,"column":5}},{"start":{},"end":{}}]},"5":{"loc":{"start":{"line":142,"column":4},"end":{"line":147,"column":5}},"type":"if","locations":[{"start":{"line":142,"column":4},"end":{"line":147,"column":5}},{"start":{},"end":{}}]},"6":{"loc":{"start":{"line":150,"column":24},"end":{"line":150,"column":76}},"type":"binary-expr","locations":[{"start":{"line":150,"column":24},"end":{"line":150,"column":60}},{"start":{"line":150,"column":64},"end":{"line":150,"column":76}}]},"7":{"loc":{"start":{"line":154,"column":4},"end":{"line":159,"column":5}},"type":"if","locations":[{"start":{"line":154,"column":4},"end":{"line":159,"column":5}},{"start":{},"end":{}}]},"8":{"loc":{"start":{"line":166,"column":4},"end":{"line":171,"column":5}},"type":"if","locations":[{"start":{"line":166,"column":4},"end":{"line":171,"column":5}},{"start":{},"end":{}}]},"9":{"loc":{"start":{"line":174,"column":22},"end":{"line":174,"column":89}},"type":"binary-expr","locations":[{"start":{"line":174,"column":22},"end":{"line":174,"column":56}},{"start":{"line":174,"column":60},"end":{"line":174,"column":89}}]},"10":{"loc":{"start":{"line":193,"column":20},"end":{"line":193,"column":76}},"type":"cond-expr","locations":[{"start":{"line":193,"column":45},"end":{"line":193,"column":58}},{"start":{"line":193,"column":61},"end":{"line":193,"column":76}}]},"11":{"loc":{"start":{"line":194,"column":4},"end":{"line":196,"column":5}},"type":"if","locations":[{"start":{"line":194,"column":4},"end":{"line":196,"column":5}},{"start":{},"end":{}}]},"12":{"loc":{"start":{"line":217,"column":10},"end":{"line":217,"column":27}},"type":"default-arg","locations":[{"start":{"line":217,"column":26},"end":{"line":217,"column":27}}]},"13":{"loc":{"start":{"line":217,"column":29},"end":{"line":217,"column":49}},"type":"default-arg","locations":[{"start":{"line":217,"column":45},"end":{"line":217,"column":49}}]},"14":{"loc":{"start":{"line":217,"column":54},"end":{"line":217,"column":67}},"type":"binary-expr","locations":[{"start":{"line":217,"column":54},"end":{"line":217,"column":61}},{"start":{"line":217,"column":65},"end":{"line":217,"column":67}}]},"15":{"loc":{"start":{"line":233,"column":6},"end":{"line":238,"column":7}},"type":"if","locations":[{"start":{"line":233,"column":6},"end":{"line":238,"column":7}},{"start":{"line":235,"column":13},"end":{"line":238,"column":7}}]},"16":{"loc":{"start":{"line":233,"column":10},"end":{"line":233,"column":46}},"type":"binary-expr","locations":[{"start":{"line":233,"column":10},"end":{"line":233,"column":24}},{"start":{"line":233,"column":28},"end":{"line":233,"column":46}}]},"17":{"loc":{"start":{"line":235,"column":13},"end":{"line":238,"column":7}},"type":"if","locations":[{"start":{"line":235,"column":13},"end":{
[...]
,"/home/ubuntu/.openclaw/workspace/projects/flipper-ai/src/lib/theme-config.ts": {"path":"/home/ubuntu/.openclaw/workspace/projects/flipper-ai/src/lib/theme-config.ts","statementMap":{"0":{"start":{"line":38,"column":13},"end":{"line":159,"column":2}},"1":{"start":{"line":161,"column":13},"end":{"line":161,"column":42}}},"fnMap":{},"branchMap":{},"s":{"0":3,"1":3},"f":{},"b":{}}
,"/home/ubuntu/.openclaw/workspace/projects/flipper-ai/src/lib/value-estimator.ts": {"path":"/home/ubuntu/.openclaw/workspace/projects/flipper-ai/src/lib/value-estimator.ts","statementMap":{"0":{"start":{"line":127,"column":0},"end":{"line":127,"column":16}},"1":{"start":{"line":308,"column":0},"end":{"line":308,"column":16}},"2":{"start":{"line":339,"column":0},"end":{"line":339,"column":16}},"3":{"start":{"line":31,"column":96},"end":{"line":43,"column":2}},"4":{"start":{"line":46,"column":23},"end":{"line":59,"column":2}},"5":{"start":{"line":62,"column":22},"end":{"line":68,"column":2}},"6":{"start":{"line":71,"column":28},"end":{"line":71,"column":121}},"7":{"start":{"line":74,"column":28},"end":{"line":74,"column":111}},"8":{"start":{"line":77,"column":54},"end":{"line":84,"column":2}},"9":{"start":{"line":87,"column":100},"end":{"line":93,"column":2}},"10":{"start":{"line":97,"column":22},"end":{"line":97,"column":183}},"11":{"start":{"line":98,"column":14},"end":{"line":98,"column":73}},"12":{"start":{"line":99,"column":16},"end":{"line":99,"column":72}},"13":{"start":{"line":99,"column":47},"end":{"line":99,"column":59}},"14":{"start":{"line":100,"column":2},"end":{"line":100,"column":25}},"15":{"start":{"line":105,"column":16},"end":{"line":105,"column":62}},"16":{"start":{"line":106,"column":2},"end":{"line":106,"column":89}},"17":{"start":{"line":111,"column":16},"end":{"line":111,"column":62}},"18":{"start":{"line":112,"column":2},"end":{"line":112,"column":65}},"19":{"start":{"line":117,"column":16},"end":{"line":117,"column":62}},"20":{"start":{"line":118,"column":2},"end":{"line":118,"column":71}},"21":{"start":{"line":123,"column":16},"end":{"line":123,"column":62}},"22":{"start":{"line":124,"column":2},"end":{"line":124,"column":60}},"23":{"start":{"line":134,"column":19},"end":{"line":134,"column":64}},"24":{"start":{"line":137,"column":22},"end":{"line":137,"column":58}},"25":{"start":{"line":138,"column":23},"end":{"line":138,"column":88}},"26":{"start":{"line":141,"column":23},"end":{"line":141,"column":57}},"27":{"start":{"line":142,"column":30},"end":{"line":142,"column":73}},"28":{"start":{"line":145,"column":19},"end":{"line":145,"column":22}},"29":{"start":{"line":146,"column":33},"end":{"line":146,"column":35}},"30":{"start":{"line":147,"column":25},"end":{"line":147,"column":38}},"31":{"start":{"line":149,"column":2},"end":{"line":155,"column":3}},"32":{"start":{"line":150,"column":4},"end":{"line":154,"column":5}},"33":{"start":{"line":151,"column":6},"end":{"line":151,"column":26}},"34":{"start":{"line":152,"column":6},"end":{"line":152,"column":31}},"35":{"start":{"line":153,"column":6},"end":{"line":153,"column":21}},"36":{"start":{"line":158,"column":20},"end":{"line":158,"column":23}},"37":{"start":{"line":159,"column":32},"end":{"line":159,"column":34}},"38":{"start":{"line":160,"column":25},"end":{"line":160,"column":26}},"39":{"start":{"line":162,"column":2},"end":{"line":169,"column":3}},"40":{"start":{"line":163,"column":4},"end":{"line":168,"column":5}},"41":{"start":{"line":164,"column":6},"end":{"line":164,"column":29}},"42":{"start":{"line":165,"column":6},"end":{"line":165,"column":30}},"43":{"start":{"line":166,"column":6},"end":{"line":166,"column":21}},"44":{"start":{"line":167,"column":6},"end":{"line":167,"column":28}},"45":{"start":{"line":172,"column":21},"end":{"line":172,"column":55}},"46":{"start":{"line":173,"column":2},"end":{"line":173,"column":42}},"47":{"start":{"line":173,"column":18},"end":{"line":173,"column":42}},"48":{"start":{"line":176,"column":20},"end":{"line":176,"column":55}},"49":{"start":{"line":177,"column":2},"end":{"line":180,"column":3}},"50":{"start":{"line":178,"column":4},"end":{"line":178,"column":28}},"51":{"start":{"line":179,"column":4},"end":{"line":179,"column":26}},"52":{"start":{"line":183,"column":18},"end":{"line":183,"column":97}},"53":{"start":{"line":184,"column":19},"end":{"line":184,"column":99}},"54":{"start":{"line":186,"column":23},"end":{"line":186,"column":42}},"55":{"start":{"line":187,"column":24},"end":{"line":187,"column":44}},"56":{"start":{"line":188,"column":25},"end":{"line":188,"column":61}},"57":{"start":{"line":191,"column":26},"end":{"line":191,"column":93}},"58":{"start":{"line":194,"column":18},"end":{"line":194,"column":22}},"59":{"start":{"line":195,"column":20},"end":{"line":195,"column":74}},"60":{"start":{"line":196,"column":21},"end":{"line":196,"column":76}},"61":{"start":{"line":197,"column":26},"end":{"line":197,"column":66}},"62":{"start":{"line":200,"column":23},"end":{"line":200,"column":52}},"63":{"start":{"line":201,"column":19},"end":{"line":201,"column":82}},"64":{"start":{"line":204,"column":2},"end":{"line":204,"column":66}},"65":{"start":{"line":204,"column":28},"end":{"line":204,"column":66}},"66":{"start":{"line":205,"column":2},"end":{"line":205,"column":65}},"67":{"start":{"line":205,"column":27},"end":{"line":205,"column":65}},"68":{"start":{"line":206,"column":2},"end":{"line":206,"column":73}},"69":{"start":{"line":206,"column":29},"end":{"line":206,"column":73}},"70":{"start":{"line":207,"column":2},"end":{"line":207,"column":73}},"71":{"start":{"line":207,"column":29},"end":{"line":207,"column":73}},"72":{"start":{"line":210,"column":24},"end":{"line":210,"column":66}},"73":{"start":{"line":211,"column":2},"end":{"line":211,"column":52}},"74":{"start":{"line":211,"column":31},"end":{"line":211,"column":52}},"75":{"start":{"line":212,"column":2},"end":{"line":212,"column":62}},"76":{"start":{"line":213,"column":27},"end":{"line":213,"column":61}},"77":{"start":{"line":216,"column":46},"end":{"line":216,"column":54}},"78":{"start":{"line":217,"column":2},"end":{"line":221,"column":3}},"79":{"start":{"line":218,"column":4},"end":{"line":218,"column":24}},"80":{"start":{"line":219,"column":9},"end":{"line":221,"column":3}},"81":{"start":{"line":220,"column":4},"end":{"line":220,"column":23}},"82":{"start":{"line":224,"column":28},"end":{"line":224,"column":30}},"83":{"start":{"line":225,"column":2},"end":{"line":225,"column":112}},"84":{"start":{"line":226,"column":2},"end":{"line":226,"column":97}},"85":{"start":{"line":227,"column":2},"end":{"line":227,"column":60}},"86":{"start":{"line":228,"column":2},"end":{"line":230,"column":3}},"87":{"start":{"line":229,"column":4},"end":{"line":229,"column":65}},"88":{"start":{"line":231,"column":2},"end":{"line":233,"column":3}},"89":{"start":{"line":232,"column":4},"end":{"line":232,"column":60}},"90":{"start":{"line":234,"column":2},"end":{"line":234,"column":49}},"91":{"start":{"line":237,"column":26},"end":{"line":237,"column":28}},"92":{"start":{"line":238,"column":2},"end":{"line":240,"column":3}},"93":{"start":{"line":239,"column":4},"end":{"line":239,"column":87}},"94":{"start":{"line":241,"column":2},"end":{"line":245,"column":3}},"95":{"start":{"line":242,"column":4},"end":{"line":242,"column":102}},"96":{"start":{"line":243,"column":9},"end":{"line":245,"column":3}},"97":{"start":{"line":244,"column":4},"end":{"line":244,"column":71}},"98":{"start":{"line":246,"column":2},"end":{"line":248,"column":3}},"99":{"start":{"line":247,"column":4},"end":{"line":247,"column":68}},"100":{"start":{"line":249,"column":2},"end":{"line":251,"column":3}},"101":{"start":{"line":250,"column":4},"end":{"line":250,"column":80}},"102":{"start":{"line":252,"column":2},"end":{"line":254,"column":3}},"103":{"start":{"line":253,"column":4},"end":{"line":253,"column":81}},"104":{"start":{"line":255,"column":2},"end":{"line":257,"column":3}},"105":{"start":{"line":256,"column":4},"end":{"line":256,"column":64}},"106":{"start":{"line":260,"column":42},"end":{"line":285,"column":4}},"107":{"start":{"line":287,"column":2},"end":{"line":304,"column":4}},"108":{"start":{"line":314,"column":19},"end":{"line":314,"column":59}},"109":{"start":{"line":315,"column":18},"end":{"line":315,"column":76}},"110":{"start":{"line":317,"column":2},"end":{"line":335,"column":3}},"111":{"start":{"line":319,"column":23},"end":{"line":319,"column":53}},"112":{"start":{"line":320,"column":4},"end":{"line":326,"column":9}},"113":{"start":{"line":328,"column":4},"end":{"line":334,"column":9}},"114":{"start":{"line":340,"column":19},"end":{"line":340,"column":64}},"115":{"start":{"line":342,"column":47},"end":{"line":356,"column":4}},"116":{"start":{"line":358,"column":2},"end":{"line":362,"column":3}},"117":{"start":{"line":359,"column":4},"end":{"line":361,"column":5}},"118":{"start":{"line":360,"column":6},"end":{"line":360,"column":22}},"119":{"start":{"line":364,"column":2},"end":{"line":364,"column":17}}},"fnMap":{"0":{"name":"generateSearchQuery","decl":{"start":{"line":96,"column":9},"end":{"line":96,"column":28}},"loc":{"start":{"line":96,"column":42},"end":{"line":101,"column":1}}},"1":{"name":"(anonymous_1)","decl":{"start":{"line":99,"column":40},"end":{"line":99,"column":41}},"loc":{"start":{"line":99,"column":47},"end":{"line":99,"column":59}}},"2":{"name":"getEbaySoldUrl","decl":{"start":{"line":104,"column":9},"end":{"line":104,"column":23}},"loc":{"start":{"line":104,"column":37},"end":{"line":107,"column":1}}},"3":{"name":"getEbayActiveUrl","decl":{"start":{"line":110,"column":9},"end":{"line":110,"column":25}},"loc":{"start":{"line":110,"column":39},"end":{"line":113,"column":1}}},"4":{"name":"getFacebookMarketplaceUrl","decl":{"start":{"line":116,"column":9},"end":{"line":116,"column":34}},"loc":{"start":{"line":116,"column":48},"end":{"line":119,"column":1}}},"5":{"name":"getMercariUrl","decl":{"start":{"line":122,"column":9},"end":{"line":122,"column":22}},"loc":{"start":{"line":122,"column":36},"end":{"line":125,"column":1}}},"6":{"name":"estimateValue","decl":{"start":{"line":127,"column":16},"end":{"line":127,"column":29}},"loc":{"start":{"line":132,"column":25},"end":{"line":305,"column":1}}},"7":{"name":"generatePurchaseMessage","decl":{"start":{"line":308,"column":16},"end":{"line":308,"column":39}},"loc":{"start":{"line":312,"column":28},"end":{"line":336,"column":1}}},"8":{"name":"detectCategory","decl":{"start":{"line":339,"column":16},"end":{"line":339,"column":30}},"loc":{"start":{"line":339,"column":72},"end":{"line":365,"column":1}}}},"branchMap":{"0":{"loc":{"start":{"line":134,"column":31},"end":{"line":134,"column":48}},"type":"binary-expr","locations":[{"start":{"line":134,"column":31},"end":{"line":134,"column":42}},{"start":{"line":134,"column":46},"end":{"line":134,"column":48}}]},"1":{"loc":{"start":{"line":137,"column":22},"end":{"line":137,"column":58}},"type":"binary-expr","locations":[{"start":{"line":137,"column":22},"end":{"line":137,"column":45}},{"start":{"line":137,"column":49},"end":{"line":137,"column":58}}]},"2":{"loc":{"start":{"line":137,"column":22},"end":{"line":137,"column":45}},"type":"cond-expr","locations":[{"start":{"line":137,"column":30},"end":{"line":137,"column":32}},{"start":{"line":137,"column":22},"end":{"line":137,"column":45}}]},"3":{"loc":{"start":{"line":137,"column":22},"end":{"line":137,"column":32}},"type":"binary-expr","locations":[{"start":{"line":137,"column":22},"end":{"line":137,"column":32}},{"start":{"line":137,"column":22},"end":{"line":137,"column":32}}]},"4":{"loc":{"start":{"line":138,"column":23},"end":{"line":138,"column":88}},"type":"binary-expr","locations":[{"start":{"line":138,"column":23},"end":{"line":138,"column":56}},{"start":{"line":138,"column":60},"end":{"line":138,"column":88}}]},"5":{"loc":{"start":{"line":141,"column":23},"end":{"line":141,"column":57}},"type":"binary-expr","locations":[{"start":{"line":141,"column":23},"end":{"line":141,"column":47}},{"start":{"line":141,"column":51},"end":{"line":141,"column":57}}]},"6":{"loc":{"start":{"line":141,"column":23},"end":{"line":141,"column":47}},"type":"cond-expr","locations":[{"start":{"line":141,"column":32},"end":{"line":141,"column":34}},{"start":{"line":141,"column":23},"end":{"line":141,"column":47}}]},"7":{"loc":{"start":{"line":141,"column":23},"end":{"line":141,"column":34}},"type":"binary-expr","locations":[{"start":{"line":141,"column":23},"end":{"line":141,"column":34}},{"start":{"line":141,"column":23},"end":{"line":141,"column":34}}]},"8":{"loc":{"start":{"line":142,"column":30},"end":{"line":142,"column":73}},"type":"binary-expr","locations":[{"start":{"line":142,"column":30},"end":{"line":142,"column":65}},{"start":{"line":142,"column":69},"end":{"line":142,"column":73}}]},"9":{"loc":{"start":{"line":150,"column":4},"end":{"line":154,"column":5}},"type":"if","locations":[{"start":{"line":150,"column":4},"end":{"line":154,"column":5}},{"start":{},"end":{}}]},"10":{"loc":{"start":{"line":163,"column":4},"end":{"line":168,"column":5}},"type":"if","locations":[{"start":{"line":163,"column":4},"end":{"line":168,"column":5}},{"start":{},"end":{}}]},"11":{"loc":{"start":{"line":173,"column":2},"end":{"line":173,"column":42}},"type":"if","locations":[{"start":{"line":173,"column":2},"end":{"line":173,"column":42}},{"start":{},"end":{}}]},"12":{"loc":{"start":{"line":177,"column":2},"end":{"line":180,"column":3}},"type":"if","locations":[{"start":{"line":177,"column":2},"end":{"line":180,"column":3}},{"start":{},"end":{}}]},"13":{"loc":{"start":{"line":204,"column":2},"end":{"line":204,"column":66}},"type":"if","locations":[{"start":{"line":204,"column":2},"end":{"line":204,"column":66}},{"start":{},"end":{}}]},"14":{"loc":{"start":{"line":205,"column":2},"end":{"line":205,"column":65}},"type":"if","locations":[{"start":{"line":205,"column":2},"end":{"line":205,"column":65}},{"start":{},"end":{}}]},"15":{"loc":{"start":{"line":206,"column":2},"end":{"line":206,"column":73}},"type":"if","locations":[{"start":{"line":206,"column":2},"end":{"line":206,"column":73}},{"start":{},"end":{}}]},"16":{"loc":{"start":{"line":207,"column":2},"end":{"line":207,"column":73}},"type":"if","locations":[{"start":{"line":207,"column":2},"end":{"line":207,"column":73}},{"start":{},"end":{}}]},"17":{"loc":{"start":{"line":211,"column":2},"end":{"line":211,"column":52}},"type":"if","locations":[{"start":{"line":211,"column":2},"end":{"line":211,"column":52}},{"start":{},"end":{}}]},"18":{"loc":{"start":{"line":217,"column":2},"end":{"line":221,"column":3}},"type":"if","locations":[{"start":{"line":217,"column":2},"end":{"line":221,"column":3}},{"start":{"line":219,"column":9},"end":{"line":221,"column":3}}]},"19":{"loc":{"start":{"line":217,"column":6},"end":{"line":217,"column":57}},"type":"binary-expr","locations":[{"start":{"line":217,"column":6},"end":{"line":217,"column":29}},{"start":{"line":217,"column":33},"end":{"line":217,"column":57}}]},"20":{"loc":{"start":{"line":219,"column":9},"end":{"line":221,"column":3}},"type":"if","locations":[{"start":{"line":219,"column":9},"end":{"line":221,"column":3}},{"start":{},"end":{}}]},"21":{"loc":{"start":{"line":228,"column":2},"end":{"line":230,"column":3}},"type":"if","locations":[{"start":{"line":228,"column":2},"end":{"line":230,"column":3}},{"start":{},"end":{}}]},"22":{"loc":{"start":{"line":231,"column":2},"end":{"line":233,"column":3}},"type":"if","locations":[{"start":{"line":231,"column":2},"end":{"line":233,"column":3}},{"start":{},"end":{}}]},"23":{"loc":{"start":{"line":238,"column":2},"end":{"line":240,"column":3}},"type":"if","locations":[{"start":{"line":238,"column":2},"end":{"line":240,"column":3}},{"start":{},"end":{}}]},"24":{"loc":{"start":{"line":241,"column":2},"end":{"line":245,"column":3}},"type":"if","locations":[{"start":{"line":241,"column":2},"end":{"line":245,"column":3}},{"start":{"line":243,"column":9},"end":{"line":245,"column":3}}]},"25":{"loc":{"start":{"line":243,"column":9},"end":{"line":245,"column":3}},"type":"if","locations":[{"start":{"line":243,"column":9},"end":{"line":245,"column":3}},{"start":{},"end":{}}]},"26":{"loc":{"start":{"line":246,"column":2},"end":{"line":248,"column":3}},"type":"if","locations":[{"start":{"line":246,"column":2},"end":{"line":248,"column":3}},{"start":{},"end":{}}]},"27":{"loc":{"start":{"line":249,"column":2},"end":{"line":251,"column":3}},"type":"if","locations":[{"start":{"line":249,"column":2},"end":{"line":251,"column":3}},{"start":{},"end":{}}]},"28":{"loc":{"start":{"line":252,"column":2},"end":{"line":254,"column":3}},"type":"if","locations":[{"start":{"line":252,"column":2},"end":{"line":254,"column":3}},{"start":{},"end":{}}]},"29":{"loc":{"start":{"line":255,"column":2},"end":{"line":257,"column":3}},"type":"if","locations":[{"start":{"line":255,"column":2},"end":{"line":257,"column":3}},{"start":{},"end":{}}]},"30":{"loc":{"start":{"line":314,"column":19},"end":{"line":314,"column":59}},"type":"cond-expr","locations":[{"start":{"line":314,"column":32},"end":{"line":314,"column":51}},{"start":{"line":314,"column":54},"end":{"line":314,"column":59}}]},"31":{"loc":{"start":{"line":315,"column":18},"end":{"line":315,"column":76}},"type":"cond-expr","locations":[{"start":{"line":315,"column":38},"end":{"line":315,"column":68}},{"start":{"line":315,"column":71},"end":{"line":315,"column":76}}]},"32":{"loc":{"start":{"line":317,"column":2},"end":{"line":335,"column":3}},"type":"if","locations":[{"start":{"line":317,"column":2},"end":{"line":335,"column":3}},{"start":{"line":327,"column":9},"end":{"line":335,"column":3}}]},"33":{"loc":{"start":{"line":340,"column":31},"end":{"line":340,"column":48}},"type":"binary-expr","locations":[{"start":{"line":340,"column":31},"end":{"line":340,"column":42}},{"start":{"line":340,"column":46},"end":{"line":340,"column":48}}]},"34":{"loc":{"start":{"line":359,"column":4},"end":{"line":361,"column":5}},"type":"if","locations":[{"start":{"line":359,"column":4},"end":{"line":361,"column":5}},{"start":{},"end":{}}]}},"s":{"0":4,"1":4,"2":4,"3":4,"4":4,"5":4,"6":4,"7":4,"8":4,"9":4,"10":500,"11":500,"12":500,"13":1456,"14":500,"15":125,"16":125,"17":125,"18":125,"19":125,"20":125,"21":125,"22":125,"23":125,"24":125,"25":125,"26":125,"27":125,"28":125,"29":125,"30":125,"31":125,"32":1500,"33":72,"34":72,"35":72,"36":125,"37":125,"38":125,"39":125,"40":625,"41":11,"42":11,"43":11,"44":11,"45":125,"46":125,"47":5,"48":125,"49":125,"50":5,"51":5,"52":125,"53":125,"54":125,"55":125,"56":125,"57":125,"58":125,"59":125,"60":125,"61":125,"62":125,"63":125,"64":125,"65":60,"66":125,"67":49,"68":125,"69":8,"70":125,"71":2,"72":125,"73":125,"74":69,"75":125,"76":125,"77":125,"78":125,"79":68,"80":57,"81":9,"82":125,"83":125,"84":125,"85":125,"86":125,"87":69,"88":125,"89":9,"90":125,"91":125,"92":125,"93":69,"94":125,"95":4,"96":121,"97":10,"98":125,"99":5,"100":125,"101":5,"102":125,"103":9,"104":125,"105":38,"106":125,"107":125,"108":60,"109":60,"110":60,"111":5,"112":5,"113":55,"114":64,"115":64,"116":64,"117":331,"118":60,"119":4},"f":{"0":500,"1":1456,"2":125,"3":125,"4":125,"5":125,"6":125,"7":60,"8":64},"b":{"0":[125,47],"1":[125,12],"2":[12,113],"3":[125,113],"4":[125,4],"5":[125,4],"6":[4,121],"7":[125,121],"8":[125,3],"9":[72,1428],"10":[11,614],"11":[5,120],"12":[5,120],"13":[60,65],"14":[49,76],"15":[8,117],"16":[2,123],"17":[69,56],"18":[68,57],"19":[125,69],"20":[9,48],"21":[69,56],"22":[9,116],"23":[69,56],"24":[4,121],"25":[10,111],"26":[5,120],"27":[5,120],"28":[9,116],"29":[38,87],"30":[48,12],"31":[1,59],"32":[5,55],"33":[64,44],"34":[60,271]}}
}
