TN:
SF:src/lib/auth-middleware.ts
FN:18,withAuth
FN:21,(anonymous_10)
FN:44,getAuthUserId
FN:53,getAuthUser
FN:61,isAuthenticated
FN:70,getUserIdOrDefault
FN:79,(anonymous_15)
FN:95,requirePageAuth
FNF:8
FNH:8
FNDA:5,withAuth
FNDA:5,(anonymous_10)
FNDA:40,getAuthUserId
FNDA:3,getAuthUser
FNDA:4,isAuthenticated
FNDA:4,getUserIdOrDefault
FNDA:2,(anonymous_15)
FNDA:3,requirePageAuth
DA:6,4
DA:7,4
DA:18,4
DA:21,5
DA:22,5
DA:24,5
DA:25,3
DA:32,2
DA:33,2
DA:34,2
DA:36,2
DA:44,4
DA:45,40
DA:46,40
DA:53,4
DA:54,3
DA:55,3
DA:61,4
DA:62,4
DA:63,4
DA:70,4
DA:71,4
DA:73,4
DA:74,1
DA:78,3
DA:79,2
DA:80,2
DA:83,2
DA:84,1
DA:88,2
DA:95,4
DA:96,3
DA:98,3
DA:99,2
DA:107,1
LF:35
LH:35
BRDA:24,0,0,3
BRDA:24,0,1,2
BRDA:24,1,0,2
BRDA:24,1,1,3
BRDA:24,2,0,5
BRDA:24,2,1,5
BRDA:24,3,0,1
BRDA:24,3,1,4
BRDA:24,4,0,5
BRDA:24,4,1,4
BRDA:34,5,0,1
BRDA:34,5,1,1
BRDA:34,6,0,2
BRDA:34,6,1,2
BRDA:46,7,0,1
BRDA:46,7,1,39
BRDA:46,8,0,40
BRDA:46,8,1,40
BRDA:46,9,0,38
BRDA:46,9,1,2
BRDA:46,10,0,40
BRDA:46,10,1,40
BRDA:46,11,0,37
BRDA:46,11,1,3
BRDA:46,12,0,40
BRDA:46,12,1,39
BRDA:55,13,0,1
BRDA:55,13,1,2
BRDA:55,14,0,3
BRDA:55,14,1,3
BRDA:55,15,0,1
BRDA:55,15,1,2
BRDA:55,16,0,3
BRDA:55,16,1,2
BRDA:63,17,0,2
BRDA:63,17,1,2
BRDA:63,18,0,4
BRDA:63,18,1,4
BRDA:63,19,0,1
BRDA:63,19,1,3
BRDA:63,20,0,4
BRDA:63,20,1,3
BRDA:73,21,0,1
BRDA:73,21,1,3
BRDA:73,22,0,3
BRDA:73,22,1,1
BRDA:73,23,0,4
BRDA:73,23,1,4
BRDA:73,24,0,3
BRDA:73,24,1,1
BRDA:73,25,0,4
BRDA:73,25,1,1
BRDA:78,26,0,2
BRDA:78,26,1,1
BRDA:83,27,0,1
BRDA:83,27,1,1
BRDA:98,28,0,2
BRDA:98,28,1,1
BRDA:98,29,0,1
BRDA:98,29,1,2
BRDA:98,30,0,3
BRDA:98,30,1,2
BRF:62
BRH:62
end_of_record
TN:
SF:src/lib/auth.ts
FN:41,(anonymous_1)
FN:73,(anonymous_2)
FN:79,(anonymous_3)
FN:87,(anonymous_4)
FN:107,getCurrentUser
FN:119,getCurrentUserId
FN:128,requireAuth
FNF:7
FNH:7
FNDA:23,(anonymous_1)
FNDA:3,(anonymous_2)
FNDA:4,(anonymous_3)
FNDA:2,(anonymous_4)
FNDA:11,getCurrentUser
FNDA:3,getCurrentUserId
FNDA:4,requireAuth
DA:6,5
DA:7,5
DA:8,5
DA:9,5
DA:10,5
DA:11,5
DA:12,5
DA:14,5
DA:42,23
DA:43,3
DA:46,20
DA:47,20
DA:49,20
DA:53,20
DA:54,11
DA:57,9
DA:59,9
DA:60,7
DA:63,2
DA:74,3
DA:75,2
DA:77,3
DA:80,4
DA:81,2
DA:83,4
DA:89,2
DA:90,1
DA:107,5
DA:108,11
DA:109,11
DA:110,8
DA:112,3
DA:119,5
DA:120,3
DA:121,3
DA:128,5
DA:129,4
DA:130,4
DA:131,3
DA:133,1
LF:40
LH:40
BRDA:42,0,0,3
BRDA:42,0,1,20
BRDA:42,1,0,23
BRDA:42,1,1,21
BRDA:42,2,0,0
BRDA:42,2,1,23
BRDA:42,3,0,23
BRDA:42,3,1,23
BRDA:42,4,0,0
BRDA:42,4,1,21
BRDA:42,5,0,21
BRDA:42,5,1,21
BRDA:53,6,0,11
BRDA:53,6,1,9
BRDA:53,7,0,20
BRDA:53,7,1,10
BRDA:59,8,0,7
BRDA:59,8,1,2
BRDA:74,9,0,2
BRDA:74,9,1,1
BRDA:80,10,0,2
BRDA:80,10,1,2
BRDA:80,11,0,4
BRDA:80,11,1,3
BRDA:89,12,0,1
BRDA:89,12,1,1
BRDA:109,13,0,8
BRDA:109,13,1,3
BRDA:109,14,0,5
BRDA:109,14,1,6
BRDA:109,15,0,11
BRDA:109,15,1,11
BRDA:109,16,0,3
BRDA:109,16,1,8
BRDA:109,17,0,11
BRDA:109,17,1,8
BRDA:121,18,0,1
BRDA:121,18,1,2
BRDA:121,19,0,3
BRDA:121,19,1,3
BRDA:121,20,0,2
BRDA:121,20,1,1
BRDA:121,21,0,3
BRDA:121,21,1,1
BRDA:130,22,0,3
BRDA:130,22,1,1
BRF:46
BRH:44
end_of_record
TN:
SF:src/lib/claude-analyzer.ts
FN:43,getCachedAnalysis
FN:72,cacheAnalysis
FN:95,buildAnalysisPrompt
FN:141,parseClaudeResponse
FN:184,callClaudeAPI
FN:205,(anonymous_6)
FN:239,analyzeListing
FN:288,analyzeListingData
FN:303,batchAnalyzeListings
FN:333,(anonymous_10)
FNF:10
FNH:10
FNDA:22,getCachedAnalysis
FNDA:11,cacheAnalysis
FNDA:26,buildAnalysisPrompt
FNDA:23,parseClaudeResponse
FNDA:26,callClaudeAPI
FNDA:23,(anonymous_6)
FNDA:14,analyzeListing
FNDA:15,analyzeListingData
FNDA:3,batchAnalyzeListings
FNDA:3,(anonymous_10)
DA:10,1
DA:11,1
DA:13,1
DA:14,1
DA:15,1
DA:46,22
DA:47,22
DA:59,21
DA:60,2
DA:63,1
DA:66,20
DA:76,11
DA:77,11
DA:79,11
DA:80,11
DA:88,8
DA:101,26
DA:142,23
DA:144,23
DA:145,23
DA:146,1
DA:149,22
DA:152,22
DA:176,1
DA:177,1
DA:185,26
DA:186,0
DA:189,26
DA:193,26
DA:194,26
DA:205,23
DA:206,23
DA:207,0
DA:210,23
DA:213,3
DA:214,2
DA:215,2
DA:216,1
DA:218,1
DA:219,1
DA:224,1
DA:225,1
DA:226,0
DA:228,1
DA:231,0
DA:239,1
DA:243,14
DA:244,14
DA:245,1
DA:249,13
DA:253,13
DA:254,2
DA:258,11
DA:259,11
DA:260,11
DA:261,11
DA:268,11
DA:275,11
DA:276,11
DA:279,11
DA:281,11
DA:288,1
DA:294,15
DA:295,15
DA:296,12
DA:303,1
DA:312,3
DA:313,3
DA:314,3
DA:315,3
DA:317,3
DA:318,8
DA:320,8
DA:322,8
DA:323,8
DA:324,1
DA:325,1
DA:328,7
DA:329,6
DA:332,6
DA:333,3
DA:337,1
DA:338,1
DA:344,8
DA:345,0
DA:349,3
LF:86
LH:81
BRDA:13,0,0,1
BRDA:13,0,1,0
BRDA:14,1,0,1
BRDA:14,1,1,1
BRDA:59,2,0,2
BRDA:59,2,1,19
BRDA:105,3,0,26
BRDA:105,3,1,6
BRDA:109,4,0,2
BRDA:109,4,1,24
BRDA:109,5,0,26
BRDA:109,5,1,13
BRDA:145,6,0,1
BRDA:145,6,1,22
BRDA:153,7,0,22
BRDA:153,7,1,0
BRDA:154,8,0,22
BRDA:154,8,1,21
BRDA:155,9,0,22
BRDA:155,9,1,21
BRDA:156,10,0,22
BRDA:156,10,1,0
BRDA:157,11,0,22
BRDA:157,11,1,21
BRDA:158,12,0,21
BRDA:158,12,1,1
BRDA:161,13,0,21
BRDA:161,13,1,1
BRDA:166,14,0,22
BRDA:166,14,1,0
BRDA:168,15,0,21
BRDA:168,15,1,1
BRDA:171,16,0,22
BRDA:171,16,1,0
BRDA:172,17,0,22
BRDA:172,17,1,21
BRDA:173,18,0,22
BRDA:173,18,1,21
BRDA:185,19,0,0
BRDA:185,19,1,26
BRDA:206,20,0,0
BRDA:206,20,1,23
BRDA:206,21,0,23
BRDA:206,21,1,23
BRDA:213,22,0,2
BRDA:213,22,1,1
BRDA:213,23,0,3
BRDA:213,23,1,3
BRDA:213,23,2,3
BRDA:215,24,0,1
BRDA:215,24,1,1
BRDA:218,25,0,1
BRDA:218,25,1,0
BRDA:224,26,0,1
BRDA:224,26,1,0
BRDA:225,27,0,0
BRDA:225,27,1,1
BRDA:225,28,0,1
BRDA:225,28,1,1
BRDA:244,29,0,1
BRDA:244,29,1,13
BRDA:253,30,0,2
BRDA:253,30,1,11
BRDA:259,31,0,11
BRDA:259,31,1,0
BRDA:323,32,0,1
BRDA:323,32,1,7
BRDA:332,33,0,3
BRDA:332,33,1,3
BRDA:340,34,0,1
BRDA:340,34,1,0
BRDA:344,35,0,0
BRDA:344,35,1,8
BRF:73
BRH:60
end_of_record
TN:
SF:src/lib/crypto.ts
FN:18,getEncryptionSecret
FN:33,deriveKey
FN:41,encrypt
FN:63,decrypt
FN:92,maskApiKey
FN:104,isEncrypted
FNF:6
FNH:6
FNDA:36,getEncryptionSecret
FNDA:35,deriveKey
FNDA:20,encrypt
FNDA:16,decrypt
FNDA:9,maskApiKey
FNDA:8,isEncrypted
DA:6,1
DA:8,1
DA:9,1
DA:10,1
DA:11,1
DA:12,1
DA:19,36
DA:20,36
DA:21,32
DA:22,1
DA:25,31
DA:27,4
DA:34,35
DA:41,1
DA:42,20
DA:43,19
DA:44,19
DA:45,19
DA:47,19
DA:48,19
DA:52,19
DA:55,19
DA:56,19
DA:63,1
DA:64,16
DA:65,16
DA:68,16
DA:69,16
DA:70,16
DA:74,16
DA:76,16
DA:77,16
DA:78,15
DA:80,14
DA:85,12
DA:92,1
DA:93,9
DA:94,4
DA:96,5
DA:97,5
DA:98,5
DA:104,1
DA:105,8
DA:106,5
DA:107,5
DA:109,5
DA:111,0
LF:47
LH:46
BRDA:20,0,0,32
BRDA:20,0,1,4
BRDA:21,1,0,1
BRDA:21,1,1,31
BRDA:93,2,0,4
BRDA:93,2,1,5
BRDA:93,3,0,9
BRDA:93,3,1,8
BRDA:105,4,0,3
BRDA:105,4,1,5
BRF:10
BRH:10
end_of_record
TN:
SF:src/lib/image-service.ts
FN:35,generateImageHash
FN:42,getExtensionFromMimeType
FN:55,getExtensionFromUrl
FN:74,ensureCacheDir
FN:85,isImageCached
FN:102,downloadAndCacheImage
FN:129,(anonymous_6)
FN:205,downloadAndCacheImages
FN:225,(anonymous_8)
FN:245,(anonymous_9)
FN:246,(anonymous_10)
FN:276,(anonymous_11)
FN:282,normalizeLocation
FN:307,(anonymous_13)
FN:308,(anonymous_14)
FN:325,(anonymous_15)
FN:326,(anonymous_16)
FN:338,(anonymous_17)
FN:350,buildProxyUrl
FN:359,getBestImageUrl
FNF:20
FNH:18
FNDA:38,generateImageHash
FNDA:20,getExtensionFromMimeType
FNDA:0,getExtensionFromUrl
FNDA:27,ensureCacheDir
FNDA:35,isImageCached
FNDA:28,downloadAndCacheImage
FNDA:0,(anonymous_6)
FNDA:4,downloadAndCacheImages
FNDA:18,(anonymous_8)
FNDA:18,(anonymous_9)
FNDA:18,(anonymous_10)
FNDA:51,(anonymous_11)
FNDA:25,normalizeLocation
FNDA:26,(anonymous_13)
FNDA:36,(anonymous_14)
FNDA:1,(anonymous_15)
FNDA:1,(anonymous_16)
FNDA:3,(anonymous_17)
FNDA:5,buildProxyUrl
FNDA:4,getBestImageUrl
DA:6,1
DA:7,1
DA:8,1
DA:11,1
DA:12,1
DA:13,1
DA:14,1
DA:35,1
DA:36,38
DA:43,20
DA:49,20
DA:56,0
DA:57,0
DA:58,0
DA:59,0
DA:60,0
DA:61,0
DA:62,0
DA:68,0
DA:75,27
DA:76,27
DA:78,1
DA:85,1
DA:86,35
DA:87,35
DA:88,132
DA:89,132
DA:90,132
DA:91,3
DA:96,32
DA:102,1
DA:105,28
DA:107,28
DA:110,28
DA:111,28
DA:112,1
DA:125,27
DA:128,27
DA:129,27
DA:131,27
DA:140,25
DA:142,25
DA:143,3
DA:150,22
DA:151,22
DA:154,22
DA:155,1
DA:162,21
DA:163,21
DA:166,21
DA:167,1
DA:174,20
DA:175,20
DA:176,20
DA:177,20
DA:180,20
DA:182,20
DA:193,2
DA:194,2
DA:195,1
DA:197,1
DA:205,1
DA:217,4
DA:218,4
DA:219,4
DA:222,4
DA:223,8
DA:224,8
DA:225,18
DA:228,8
DA:229,18
DA:230,18
DA:231,18
DA:233,18
DA:234,16
DA:235,2
DA:237,1
DA:242,4
DA:245,18
DA:246,18
DA:261,1
DA:275,1
DA:276,51
DA:282,1
DA:283,25
DA:284,25
DA:287,25
DA:288,25
DA:290,25
DA:291,23
DA:292,23
DA:296,23
DA:297,7
DA:300,16
DA:303,23
DA:304,23
DA:306,23
DA:307,26
DA:308,36
DA:316,2
DA:317,2
DA:319,2
DA:320,1
DA:321,1
DA:322,1
DA:324,1
DA:325,1
DA:326,1
DA:335,1
DA:337,1
DA:338,3
DA:350,1
DA:351,5
DA:352,5
DA:359,1
DA:366,4
DA:367,4
DA:369,4
DA:370,1
DA:373,3
DA:374,1
DA:377,2
LF:122
LH:114
BRDA:49,0,0,20
BRDA:49,0,1,0
BRDA:59,1,0,0
BRDA:59,1,1,0
BRDA:61,2,0,0
BRDA:61,2,1,0
BRDA:62,3,0,0
BRDA:62,3,1,0
BRDA:111,4,0,1
BRDA:111,4,1,27
BRDA:142,5,0,3
BRDA:142,5,1,22
BRDA:150,6,0,22
BRDA:150,6,1,1
BRDA:154,7,0,1
BRDA:154,7,1,21
BRDA:166,8,0,1
BRDA:166,8,1,20
BRDA:174,9,0,20
BRDA:174,9,1,0
BRDA:193,10,0,2
BRDA:193,10,1,0
BRDA:194,11,0,1
BRDA:194,11,1,1
BRDA:217,12,0,3
BRDA:217,13,0,2
BRDA:217,14,0,4
BRDA:217,14,1,1
BRDA:233,15,0,16
BRDA:233,15,1,2
BRDA:233,16,0,18
BRDA:233,16,1,16
BRDA:235,17,0,1
BRDA:235,17,1,1
BRDA:290,18,0,23
BRDA:290,18,1,2
BRDA:296,19,0,7
BRDA:296,19,1,16
BRDA:300,20,0,16
BRDA:300,20,1,0
BRDA:303,21,0,23
BRDA:303,21,1,0
BRDA:319,22,0,1
BRDA:319,22,1,1
BRDA:322,23,0,1
BRDA:322,23,1,0
BRDA:350,24,0,3
BRDA:369,25,0,1
BRDA:369,25,1,3
BRDA:373,26,0,1
BRDA:373,26,1,2
BRDA:373,27,0,1
BRDA:373,27,1,2
BRDA:373,28,0,3
BRDA:373,28,1,3
BRF:55
BRH:43
end_of_record
TN:
SF:src/lib/llm-analyzer.ts
FN:83,getOpenAI
FN:94,analyzeSellability
FN:112,(anonymous_3)
FN:181,validateDemandLevel
FN:188,validateRisk
FN:193,validateConfidence
FN:199,quickDiscountCheck
FN:221,runFullAnalysis
FNF:8
FNH:8
FNDA:5,getOpenAI
FNDA:7,analyzeSellability
FNDA:10,(anonymous_3)
FNDA:3,validateDemandLevel
FNDA:6,validateRisk
FNDA:3,validateConfidence
FNDA:3,quickDiscountCheck
FNDA:2,runFullAnalysis
DA:4,4
DA:37,4
DA:81,4
DA:84,5
DA:85,4
DA:86,4
DA:87,0
DA:89,4
DA:91,5
DA:94,4
DA:100,7
DA:101,2
DA:102,2
DA:105,5
DA:106,5
DA:109,5
DA:113,10
DA:117,5
DA:131,5
DA:147,4
DA:150,4
DA:151,4
DA:152,1
DA:153,1
DA:156,3
DA:158,3
DA:176,1
DA:177,1
DA:184,3
DA:185,3
DA:189,6
DA:190,6
DA:194,3
DA:195,3
DA:199,4
DA:204,3
DA:205,3
DA:208,3
DA:221,4
DA:230,2
DA:237,2
DA:238,1
DA:241,1
LF:43
LH:42
BRDA:84,0,0,4
BRDA:84,0,1,1
BRDA:86,1,0,0
BRDA:86,1,1,4
BRDA:100,2,0,2
BRDA:100,2,1,5
BRDA:120,3,0,5
BRDA:120,3,1,0
BRDA:121,4,0,5
BRDA:121,4,1,0
BRDA:122,5,0,5
BRDA:122,5,1,0
BRDA:147,6,0,4
BRDA:147,6,1,0
BRDA:147,7,0,0
BRDA:147,7,1,4
BRDA:147,8,0,4
BRDA:147,8,1,4
BRDA:147,9,0,0
BRDA:147,9,1,4
BRDA:147,10,0,4
BRDA:147,10,1,4
BRDA:151,11,0,1
BRDA:151,11,1,3
BRDA:159,12,0,3
BRDA:159,12,1,1
BRDA:160,13,0,3
BRDA:160,13,1,1
BRDA:161,14,0,3
BRDA:161,14,1,0
BRDA:163,15,0,3
BRDA:163,15,1,1
BRDA:166,16,0,3
BRDA:166,16,1,1
BRDA:167,17,0,3
BRDA:167,17,1,1
BRDA:168,18,0,3
BRDA:168,18,1,1
BRDA:169,19,0,3
BRDA:169,19,1,1
BRDA:172,20,0,3
BRDA:172,20,1,1
BRDA:185,21,0,2
BRDA:185,21,1,1
BRDA:190,22,0,4
BRDA:190,22,1,2
BRDA:195,23,0,2
BRDA:195,23,1,1
BRDA:237,24,0,1
BRDA:237,24,1,1
BRF:50
BRH:42
end_of_record
TN:
SF:src/lib/llm-identifier.ts
FN:55,getOpenAI
FN:66,identifyItem
FN:132,validateCondition
FN:143,identifyItemsBatch
FN:158,(anonymous_5)
FN:171,(anonymous_6)
FNF:6
FNH:6
FNDA:23,getOpenAI
FNDA:24,identifyItem
FNDA:20,validateCondition
FNDA:3,identifyItemsBatch
FNDA:9,(anonymous_5)
FNDA:1,(anonymous_6)
DA:4,13
DA:19,13
DA:53,13
DA:56,23
DA:57,13
DA:58,13
DA:59,0
DA:61,13
DA:63,23
DA:66,13
DA:73,24
DA:74,1
DA:75,1
DA:78,23
DA:79,23
DA:81,23
DA:87,23
DA:103,22
DA:106,22
DA:107,22
DA:108,2
DA:109,2
DA:112,20
DA:114,20
DA:127,1
DA:128,1
DA:135,20
DA:136,20
DA:137,20
DA:143,13
DA:152,3
DA:153,3
DA:155,3
DA:156,3
DA:157,3
DA:159,9
DA:167,3
DA:170,3
DA:171,1
DA:175,3
LF:40
LH:39
BRDA:56,0,0,13
BRDA:56,0,1,10
BRDA:58,1,0,0
BRDA:58,1,1,13
BRDA:73,2,0,1
BRDA:73,2,1,23
BRDA:83,3,0,23
BRDA:83,3,1,20
BRDA:85,4,0,23
BRDA:85,4,1,20
BRDA:103,5,0,22
BRDA:103,5,1,1
BRDA:103,6,0,0
BRDA:103,6,1,22
BRDA:103,7,0,22
BRDA:103,7,1,22
BRDA:103,8,0,0
BRDA:103,8,1,22
BRDA:103,9,0,22
BRDA:103,9,1,22
BRDA:107,10,0,2
BRDA:107,10,1,20
BRDA:115,11,0,20
BRDA:115,11,1,1
BRDA:116,12,0,20
BRDA:116,12,1,9
BRDA:117,13,0,20
BRDA:117,13,1,9
BRDA:118,14,0,12
BRDA:118,14,1,8
BRDA:120,15,0,20
BRDA:120,15,1,9
BRDA:121,16,0,20
BRDA:121,16,1,1
BRDA:122,17,0,20
BRDA:122,17,1,4
BRDA:122,17,2,3
BRDA:124,18,0,20
BRDA:124,18,1,9
BRDA:136,19,0,0
BRDA:136,19,1,20
BRDA:136,20,0,20
BRDA:136,20,1,20
BRDA:137,21,0,19
BRDA:137,21,1,1
BRDA:170,22,0,1
BRDA:170,22,1,2
BRF:47
BRH:43
end_of_record
TN:
SF:src/lib/market-price.ts
FN:29,parseEbayPrice
FN:38,median
FN:40,(anonymous_2)
FN:48,buildEbaySoldUrl
FN:80,getBrowser
FN:87,closeBrowser
FN:94,fetchMarketPrice
FN:114,(anonymous_7)
FN:119,(anonymous_8)
FN:167,(anonymous_9)
FN:191,(anonymous_10)
FN:192,(anonymous_11)
FN:204,(anonymous_12)
FN:218,fetchMarketPricesBatch
FN:228,(anonymous_14)
FNF:15
FNH:14
FNDA:33,parseEbayPrice
FNDA:18,median
FNDA:23,(anonymous_2)
FNDA:22,buildEbaySoldUrl
FNDA:22,getBrowser
FNDA:12,closeBrowser
FNDA:22,fetchMarketPrice
FNDA:1,(anonymous_7)
FNDA:0,(anonymous_8)
FNDA:33,(anonymous_9)
FNDA:33,(anonymous_10)
FNDA:33,(anonymous_11)
FNDA:31,(anonymous_12)
FNDA:1,fetchMarketPricesBatch
FNDA:2,(anonymous_14)
DA:4,1
DA:30,33
DA:31,33
DA:32,32
DA:34,1
DA:39,18
DA:40,23
DA:41,18
DA:42,18
DA:49,22
DA:57,22
DA:58,12
DA:70,12
DA:71,11
DA:75,22
DA:78,1
DA:81,22
DA:82,10
DA:84,22
DA:87,1
DA:88,12
DA:89,10
DA:90,10
DA:94,1
DA:98,22
DA:99,22
DA:103,22
DA:105,22
DA:106,22
DA:107,22
DA:109,22
DA:112,21
DA:115,1
DA:119,21
DA:127,0
DA:129,0
DA:131,0
DA:133,0
DA:134,0
DA:135,0
DA:136,0
DA:137,0
DA:138,0
DA:139,0
DA:141,0
DA:142,0
DA:143,0
DA:144,0
DA:145,0
DA:146,0
DA:149,0
DA:150,0
DA:157,0
DA:160,21
DA:162,21
DA:163,1
DA:167,20
DA:168,33
DA:169,33
DA:171,33
DA:172,25
DA:174,8
DA:175,8
DA:176,6
DA:180,33
DA:191,33
DA:192,33
DA:194,20
DA:195,2
DA:198,18
DA:204,31
DA:211,1
DA:212,1
DA:213,1
DA:218,1
DA:221,1
DA:223,1
DA:224,2
DA:225,2
DA:228,2
DA:232,1
DA:234,1
LF:82
LH:63
BRDA:31,0,0,32
BRDA:31,0,1,1
BRDA:39,1,0,0
BRDA:39,1,1,18
BRDA:42,2,0,17
BRDA:42,2,1,1
BRDA:57,3,0,12
BRDA:57,3,1,10
BRDA:70,4,0,11
BRDA:70,4,1,1
BRDA:81,5,0,10
BRDA:81,5,1,12
BRDA:88,6,0,10
BRDA:88,6,1,2
BRDA:141,7,0,0
BRDA:141,7,1,0
BRDA:141,8,0,0
BRDA:141,8,1,0
BRDA:141,9,0,0
BRDA:141,9,1,0
BRDA:141,10,0,0
BRDA:141,10,1,0
BRDA:141,11,0,0
BRDA:141,11,1,0
BRDA:142,12,0,0
BRDA:142,12,1,0
BRDA:142,13,0,0
BRDA:142,13,1,0
BRDA:142,14,0,0
BRDA:142,14,1,0
BRDA:142,15,0,0
BRDA:142,15,1,0
BRDA:142,16,0,0
BRDA:142,16,1,0
BRDA:143,17,0,0
BRDA:143,17,1,0
BRDA:143,18,0,0
BRDA:143,18,1,0
BRDA:143,19,0,0
BRDA:143,19,1,0
BRDA:143,20,0,0
BRDA:143,20,1,0
BRDA:143,21,0,0
BRDA:143,21,1,0
BRDA:144,22,0,0
BRDA:144,22,1,0
BRDA:144,23,0,0
BRDA:144,23,1,0
BRDA:144,24,0,0
BRDA:144,24,1,0
BRDA:144,25,0,0
BRDA:144,25,1,0
BRDA:144,26,0,0
BRDA:144,26,1,0
BRDA:145,27,0,0
BRDA:145,27,1,0
BRDA:145,28,0,0
BRDA:145,28,1,0
BRDA:145,29,0,0
BRDA:145,29,1,0
BRDA:146,30,0,0
BRDA:146,30,1,0
BRDA:146,31,0,0
BRDA:146,31,1,0
BRDA:146,32,0,0
BRDA:146,32,1,0
BRDA:146,33,0,0
BRDA:146,33,1,0
BRDA:146,34,0,0
BRDA:146,34,1,0
BRDA:149,35,0,0
BRDA:149,35,1,0
BRDA:149,36,0,0
BRDA:149,36,1,0
BRDA:149,36,2,0
BRDA:149,36,3,0
BRDA:162,37,0,1
BRDA:162,37,1,20
BRDA:171,38,0,25
BRDA:171,38,1,8
BRDA:175,39,0,6
BRDA:175,39,1,2
BRDA:194,40,0,2
BRDA:194,40,1,18
BRF:84
BRH:21
end_of_record
TN:
SF:src/lib/market-value-calculator.ts
FN:31,calculateVerifiedMarketValue
FN:65,(anonymous_2)
FN:69,(anonymous_3)
FN:79,(anonymous_4)
FN:86,(anonymous_5)
FN:130,calculateTrueDiscount
FN:145,updateListingWithVerifiedValue
FN:194,batchUpdateVerifiedValues
FNF:8
FNH:8
FNDA:12,calculateVerifiedMarketValue
FNDA:57,(anonymous_2)
FNDA:55,(anonymous_3)
FNDA:57,(anonymous_4)
FNDA:55,(anonymous_5)
FNDA:7,calculateTrueDiscount
FNDA:6,updateListingWithVerifiedValue
FNDA:3,batchUpdateVerifiedValues
DA:10,2
DA:31,2
DA:37,12
DA:38,12
DA:40,12
DA:59,12
DA:61,4
DA:65,57
DA:66,8
DA:69,55
DA:70,8
DA:71,8
DA:72,8
DA:73,8
DA:74,8
DA:75,8
DA:76,8
DA:79,57
DA:80,8
DA:83,8
DA:84,8
DA:85,8
DA:86,55
DA:89,8
DA:92,8
DA:93,8
DA:94,8
DA:96,8
DA:97,1
DA:98,7
DA:99,2
DA:102,8
DA:120,8
DA:130,2
DA:134,7
DA:135,6
DA:145,2
DA:148,6
DA:152,5
DA:153,1
DA:157,4
DA:162,4
DA:164,2
DA:168,2
DA:174,2
DA:183,2
DA:194,2
DA:198,3
DA:200,3
DA:206,3
DA:207,3
DA:208,3
DA:210,3
DA:211,3
DA:212,3
DA:213,2
DA:214,1
DA:216,1
DA:219,1
DA:220,1
DA:224,3
LF:61
LH:61
BRDA:33,0,0,0
BRDA:34,1,0,11
BRDA:59,2,0,4
BRDA:59,2,1,8
BRDA:79,3,0,57
BRDA:79,3,1,56
BRDA:96,4,0,1
BRDA:96,4,1,7
BRDA:96,5,0,8
BRDA:96,5,1,1
BRDA:98,6,0,2
BRDA:98,6,1,5
BRDA:98,7,0,7
BRDA:98,7,1,5
BRDA:134,8,0,1
BRDA:134,8,1,6
BRDA:152,9,0,1
BRDA:152,9,1,4
BRDA:162,10,0,2
BRDA:162,10,1,2
BRDA:196,11,0,2
BRDA:198,12,0,1
BRDA:198,12,1,2
BRDA:213,13,0,1
BRDA:213,13,1,1
BRF:25
BRH:24
end_of_record
TN:
SF:src/lib/marketplace-scanner.ts
FN:64,analyzeListing
FN:104,meetsViabilityCriteria
FN:155,processListings
FN:165,(anonymous_3)
FN:168,(anonymous_4)
FN:172,(anonymous_5)
FN:185,sortByOpportunity
FN:186,(anonymous_7)
FN:205,formatForStorage
FN:252,generateScanSummary
FN:268,(anonymous_10)
FN:272,(anonymous_11)
FNF:12
FNH:11
FNDA:36,analyzeListing
FNDA:14,meetsViabilityCriteria
FNDA:7,processListings
FNDA:9,(anonymous_3)
FNDA:9,(anonymous_4)
FNDA:1,(anonymous_5)
FNDA:7,sortByOpportunity
FNDA:3,(anonymous_7)
FNDA:2,formatForStorage
FNDA:3,generateScanSummary
FNDA:4,(anonymous_10)
FNDA:0,(anonymous_11)
DA:4,1
DA:46,1
DA:52,1
DA:64,1
DA:69,36
DA:72,36
DA:81,36
DA:89,36
DA:91,36
DA:104,1
DA:108,14
DA:111,14
DA:112,2
DA:116,12
DA:117,1
DA:121,11
DA:122,2
DA:126,9
DA:127,0
DA:131,9
DA:132,1
DA:136,8
DA:137,1
DA:141,7
DA:142,4
DA:143,4
DA:144,4
DA:145,1
DA:149,6
DA:155,1
DA:165,9
DA:168,9
DA:171,7
DA:172,1
DA:175,7
DA:185,1
DA:186,7
DA:188,3
DA:189,1
DA:192,2
DA:193,1
DA:196,1
DA:197,1
DA:198,1
DA:205,1
DA:206,2
DA:252,1
DA:265,3
DA:267,3
DA:268,4
DA:271,3
DA:272,0
DA:276,3
DA:277,3
DA:279,3
DA:280,3
DA:281,4
DA:284,3
LF:58
LH:56
BRDA:69,0,0,36
BRDA:69,0,1,1
BRDA:69,1,0,1
BRDA:69,1,1,0
BRDA:74,2,0,36
BRDA:74,2,1,0
BRDA:76,3,0,36
BRDA:76,3,1,0
BRDA:106,4,0,1
BRDA:111,5,0,2
BRDA:111,5,1,12
BRDA:111,6,0,14
BRDA:111,6,1,2
BRDA:116,7,0,1
BRDA:116,7,1,11
BRDA:116,8,0,12
BRDA:116,8,1,1
BRDA:121,9,0,2
BRDA:121,9,1,9
BRDA:121,10,0,11
BRDA:121,10,1,3
BRDA:126,11,0,0
BRDA:126,11,1,9
BRDA:126,12,0,9
BRDA:126,12,1,1
BRDA:131,13,0,1
BRDA:131,13,1,8
BRDA:131,14,0,8
BRDA:131,14,1,1
BRDA:131,15,0,9
BRDA:131,15,1,9
BRDA:136,16,0,1
BRDA:136,16,1,7
BRDA:136,17,0,8
BRDA:136,17,1,2
BRDA:141,18,0,4
BRDA:141,18,1,3
BRDA:144,19,0,1
BRDA:144,19,1,3
BRDA:171,20,0,1
BRDA:171,20,1,6
BRDA:188,21,0,1
BRDA:188,21,1,2
BRDA:192,22,0,1
BRDA:192,22,1,1
BRDA:218,23,0,1
BRDA:218,23,1,1
BRDA:245,24,0,0
BRDA:245,24,1,2
BRDA:267,25,0,2
BRDA:267,25,1,1
BRDA:277,26,0,0
BRDA:277,26,1,3
BRDA:281,27,0,4
BRDA:281,27,1,2
BRF:55
BRH:49
end_of_record
TN:
SF:src/lib/price-history-service.ts
FN:22,fetchAndStorePriceHistory
FN:37,(anonymous_1)
FN:65,getPriceHistory
FN:112,(anonymous_3)
FN:113,(anonymous_4)
FN:123,(anonymous_5)
FN:131,(anonymous_6)
FN:142,updateListingWithMarketValue
FN:187,batchUpdateListingsWithMarketValue
FN:206,(anonymous_9)
FNF:10
FNH:10
FNDA:11,fetchAndStorePriceHistory
FNDA:7,(anonymous_1)
FNDA:2,getPriceHistory
FNDA:3,(anonymous_3)
FNDA:4,(anonymous_4)
FNDA:3,(anonymous_5)
FNDA:3,(anonymous_6)
FNDA:13,updateListingWithMarketValue
FNDA:4,batchUpdateListingsWithMarketValue
FNDA:7,(anonymous_9)
DA:4,1
DA:5,1
DA:22,1
DA:26,11
DA:29,11
DA:31,11
DA:32,2
DA:33,2
DA:37,9
DA:46,9
DA:47,9
DA:52,9
DA:56,0
DA:59,9
DA:65,1
DA:84,2
DA:87,2
DA:96,2
DA:97,1
DA:112,3
DA:113,4
DA:114,1
DA:116,1
DA:120,1
DA:123,3
DA:131,3
DA:142,1
DA:145,13
DA:149,10
DA:150,1
DA:154,9
DA:159,9
DA:160,1
DA:161,1
DA:165,8
DA:179,8
DA:187,1
DA:194,4
DA:200,4
DA:201,10
DA:202,10
DA:203,7
DA:206,7
DA:208,3
DA:209,3
DA:216,4
LF:46
LH:45
BRDA:31,0,0,2
BRDA:31,0,1,9
BRDA:39,1,0,7
BRDA:39,1,1,2
BRDA:43,2,0,7
BRDA:43,2,1,0
BRDA:84,3,0,2
BRDA:90,4,0,2
BRDA:90,4,1,1
BRDA:96,5,0,1
BRDA:96,5,1,1
BRDA:116,6,0,1
BRDA:116,6,1,0
BRDA:149,7,0,1
BRDA:149,7,1,9
BRDA:156,8,0,9
BRDA:156,8,1,6
BRDA:159,9,0,1
BRDA:159,9,1,8
BRDA:211,10,0,3
BRDA:211,10,1,0
BRF:21
BRH:18
end_of_record
TN:
SF:src/lib/sleep.ts
FN:4,sleep
FN:5,(anonymous_1)
FNF:2
FNH:2
FNDA:2,sleep
FNDA:2,(anonymous_1)
DA:4,1
DA:5,2
LF:2
LH:2
BRF:0
BRH:0
end_of_record
TN:
SF:src/lib/theme-config.ts
FNF:0
FNH:0
DA:38,1
DA:161,1
LF:2
LH:2
BRF:0
BRH:0
end_of_record
TN:
SF:src/lib/value-estimator.ts
FN:96,generateSearchQuery
FN:99,(anonymous_1)
FN:104,getEbaySoldUrl
FN:110,getEbayActiveUrl
FN:116,getFacebookMarketplaceUrl
FN:122,getMercariUrl
FN:127,estimateValue
FN:308,generatePurchaseMessage
FN:339,detectCategory
FNF:9
FNH:9
FNDA:476,generateSearchQuery
FNDA:1336,(anonymous_1)
FNDA:119,getEbaySoldUrl
FNDA:119,getEbayActiveUrl
FNDA:119,getFacebookMarketplaceUrl
FNDA:119,getMercariUrl
FNDA:119,estimateValue
FNDA:54,generatePurchaseMessage
FNDA:64,detectCategory
DA:31,4
DA:46,4
DA:62,4
DA:71,4
DA:74,4
DA:77,4
DA:87,4
DA:97,476
DA:98,476
DA:99,1336
DA:100,476
DA:105,119
DA:106,119
DA:111,119
DA:112,119
DA:117,119
DA:118,119
DA:123,119
DA:124,119
DA:127,4
DA:134,119
DA:137,119
DA:138,119
DA:141,119
DA:142,119
DA:145,119
DA:146,119
DA:147,119
DA:149,119
DA:150,1428
DA:151,66
DA:152,66
DA:153,66
DA:158,119
DA:159,119
DA:160,119
DA:162,119
DA:163,595
DA:164,11
DA:165,11
DA:166,11
DA:167,11
DA:172,119
DA:173,119
DA:176,119
DA:177,119
DA:178,5
DA:179,5
DA:183,119
DA:184,119
DA:186,119
DA:187,119
DA:188,119
DA:191,119
DA:194,119
DA:195,119
DA:196,119
DA:197,119
DA:200,119
DA:201,119
DA:204,119
DA:205,119
DA:206,119
DA:207,119
DA:210,119
DA:211,119
DA:212,119
DA:213,119
DA:216,119
DA:217,119
DA:218,62
DA:219,57
DA:220,9
DA:224,119
DA:225,119
DA:226,119
DA:227,119
DA:228,119
DA:229,63
DA:231,119
DA:232,9
DA:234,119
DA:237,119
DA:238,119
DA:239,63
DA:241,119
DA:242,4
DA:243,115
DA:244,10
DA:246,119
DA:247,5
DA:249,119
DA:250,5
DA:252,119
DA:253,9
DA:255,119
DA:256,38
DA:260,119
DA:287,119
DA:308,4
DA:314,54
DA:315,54
DA:317,54
DA:319,5
DA:320,5
DA:328,49
DA:339,4
DA:340,64
DA:342,64
DA:358,64
DA:359,331
DA:360,60
DA:364,4
LF:113
LH:113
BRDA:134,0,0,119
BRDA:134,0,1,47
BRDA:137,1,0,119
BRDA:137,1,1,12
BRDA:137,2,0,12
BRDA:137,2,1,107
BRDA:137,3,0,119
BRDA:137,3,1,107
BRDA:138,4,0,119
BRDA:138,4,1,4
BRDA:141,5,0,119
BRDA:141,5,1,4
BRDA:141,6,0,4
BRDA:141,6,1,115
BRDA:141,7,0,119
BRDA:141,7,1,115
BRDA:142,8,0,119
BRDA:142,8,1,3
BRDA:150,9,0,66
BRDA:150,9,1,1362
BRDA:163,10,0,11
BRDA:163,10,1,584
BRDA:173,11,0,5
BRDA:173,11,1,114
BRDA:177,12,0,5
BRDA:177,12,1,114
BRDA:204,13,0,60
BRDA:204,13,1,59
BRDA:205,14,0,49
BRDA:205,14,1,70
BRDA:206,15,0,8
BRDA:206,15,1,111
BRDA:207,16,0,2
BRDA:207,16,1,117
BRDA:211,17,0,63
BRDA:211,17,1,56
BRDA:217,18,0,62
BRDA:217,18,1,57
BRDA:217,19,0,119
BRDA:217,19,1,63
BRDA:219,20,0,9
BRDA:219,20,1,48
BRDA:228,21,0,63
BRDA:228,21,1,56
BRDA:231,22,0,9
BRDA:231,22,1,110
BRDA:238,23,0,63
BRDA:238,23,1,56
BRDA:241,24,0,4
BRDA:241,24,1,115
BRDA:243,25,0,10
BRDA:243,25,1,105
BRDA:246,26,0,5
BRDA:246,26,1,114
BRDA:249,27,0,5
BRDA:249,27,1,114
BRDA:252,28,0,9
BRDA:252,28,1,110
BRDA:255,29,0,38
BRDA:255,29,1,81
BRDA:314,30,0,42
BRDA:314,30,1,12
BRDA:315,31,0,1
BRDA:315,31,1,53
BRDA:317,32,0,5
BRDA:317,32,1,49
BRDA:340,33,0,64
BRDA:340,33,1,44
BRDA:359,34,0,60
BRDA:359,34,1,271
BRF:70
BRH:70
end_of_record
